2026-01-05 15:26:09.129 [info] Reading sessions from keychain...
2026-01-05 15:26:09.129 [info] Getting sessions for all scopes...
2026-01-05 15:26:09.129 [info] Got stored sessions!
2026-01-05 15:26:09.129 [info] Got 2 verified sessions.
2026-01-05 15:26:09.129 [info] Got 2 sessions for ...
2026-01-05 15:26:09.130 [info] Getting sessions for all scopes...
2026-01-05 15:26:09.130 [info] Got 2 sessions for ...
2026-01-05 15:26:09.130 [info] Getting sessions for all scopes...
2026-01-05 15:26:09.130 [info] Got 2 sessions for ...
2026-01-05 15:26:09.130 [info] Getting sessions for all scopes...
2026-01-05 15:26:09.130 [info] Got 2 sessions for ...
2026-01-05 15:26:09.130 [info] Getting sessions for all scopes...
2026-01-05 15:26:09.130 [info] Got 2 sessions for ...
2026-01-05 15:26:09.130 [info] Getting sessions for all scopes...
2026-01-05 15:26:09.130 [info] Got 2 sessions for ...
2026-01-05 15:26:09.130 [info] Getting sessions for all scopes...
2026-01-05 15:26:09.130 [info] Got 2 sessions for ...
2026-01-05 15:26:09.130 [info] Getting sessions for all scopes...
2026-01-05 15:26:09.130 [info] Got 2 sessions for ...
2026-01-05 15:26:09.130 [info] Getting sessions for all scopes...
2026-01-05 15:26:09.130 [info] Got 2 sessions for ...
2026-01-05 15:26:09.130 [info] Getting sessions for all scopes...
2026-01-05 15:26:09.130 [info] Got 2 sessions for ...
2026-01-05 15:26:09.130 [info] Getting sessions for all scopes...
2026-01-05 15:26:09.130 [info] Got 2 sessions for ...
2026-01-05 15:26:09.130 [info] Getting sessions for all scopes...
2026-01-05 15:26:09.130 [info] Got 2 sessions for ...
2026-01-05 15:26:09.130 [info] Getting sessions for all scopes...
2026-01-05 15:26:09.130 [info] Got 2 sessions for ...
2026-01-05 15:26:09.130 [info] Getting sessions for all scopes...
2026-01-05 15:26:09.130 [info] Got 2 sessions for ...
2026-01-05 15:26:09.131 [info] Getting sessions for all scopes...
2026-01-05 15:26:09.132 [info] Got 2 sessions for ...
2026-01-05 15:26:09.132 [info] Getting sessions for all scopes...
2026-01-05 15:26:09.132 [info] Got 2 sessions for ...
2026-01-05 15:26:10.047 [info] FetcherService: Electron fetch failed with error: net::ERR_INTERNET_DISCONNECTED
2026-01-05 15:26:10.100 [info] FetcherService: Node fetch failed with error: fetch failed
2026-01-05 15:26:10.128 [info] FetcherService: Node http/s failed with error: getaddrinfo EAI_AGAIN education.github.com
2026-01-05 15:26:10.684 [info] Getting sessions for all scopes...
2026-01-05 15:26:10.684 [info] Got 2 sessions for ...
2026-01-05 15:28:46.810 [info] Reading sessions from keychain...
2026-01-05 15:28:46.810 [info] Getting sessions for all scopes...
2026-01-05 15:28:47.003 [info] Got stored sessions!
2026-01-05 15:28:47.004 [info] Got 2 verified sessions.
2026-01-05 15:28:47.004 [info] Got 2 sessions for ...
2026-01-05 15:28:47.004 [info] Getting sessions for all scopes...
2026-01-05 15:28:47.004 [info] Got 2 sessions for ...
2026-01-05 15:28:47.004 [info] Getting sessions for all scopes...
2026-01-05 15:28:47.004 [info] Got 2 sessions for ...
2026-01-05 15:28:47.004 [info] Getting sessions for all scopes...
2026-01-05 15:28:47.004 [info] Got 2 sessions for ...
2026-01-05 15:28:47.005 [info] Getting sessions for all scopes...
2026-01-05 15:28:47.005 [info] Got 2 sessions for ...
2026-01-05 15:28:47.005 [info] Getting sessions for all scopes...
2026-01-05 15:28:47.005 [info] Got 2 sessions for ...
2026-01-05 15:28:47.007 [info] Getting sessions for all scopes...
2026-01-05 15:28:47.007 [info] Got 2 sessions for ...
2026-01-05 15:28:47.008 [info] Getting sessions for all scopes...
2026-01-05 15:28:47.008 [info] Got 2 sessions for ...
2026-01-05 15:28:47.009 [info] Getting sessions for all scopes...
2026-01-05 15:28:47.009 [info] Got 2 sessions for ...
2026-01-05 15:28:47.009 [info] Getting sessions for all scopes...
2026-01-05 15:28:47.009 [info] Got 2 sessions for ...
2026-01-05 15:28:47.148 [info] Getting sessions for all scopes...
2026-01-05 15:28:47.148 [info] Got 2 sessions for ...
2026-01-05 15:28:47.157 [info] Getting sessions for all scopes...
2026-01-05 15:28:47.157 [info] Got 2 sessions for ...
2026-01-05 15:28:47.158 [info] Getting sessions for all scopes...
2026-01-05 15:28:47.158 [info] Got 2 sessions for ...
2026-01-05 15:28:47.159 [info] Getting sessions for all scopes...
2026-01-05 15:28:47.159 [info] Got 2 sessions for ...
2026-01-05 15:28:47.160 [info] Getting sessions for all scopes...
2026-01-05 15:28:47.160 [info] Got 2 sessions for ...
2026-01-05 15:28:47.160 [info] Getting sessions for all scopes...
2026-01-05 15:28:47.160 [info] Got 2 sessions for ...
2026-01-05 15:28:48.286 [info] Getting sessions for all scopes...
2026-01-05 15:28:48.286 [info] Got 2 sessions for ...
2026-01-05 15:28:48.791 [info] FetcherService: Electron fetch failed with status: 429 
2026-01-05 15:28:49.451 [info] FetcherService: Node fetch failed with status: 429 Too Many Requests
2026-01-05 15:28:49.935 [info] FetcherService: Node http/s failed with status: 429 Too Many Requests
2026-01-05 15:57:39.347 [info] Reading sessions from keychain...
2026-01-05 15:57:39.347 [info] Getting sessions for all scopes...
2026-01-05 15:57:39.519 [info] Got stored sessions!
2026-01-05 15:57:39.519 [info] Got 2 verified sessions.
2026-01-05 15:57:39.519 [info] Got 2 sessions for ...
2026-01-05 15:57:39.519 [info] Getting sessions for all scopes...
2026-01-05 15:57:39.519 [info] Got 2 sessions for ...
2026-01-05 15:57:39.519 [info] Getting sessions for all scopes...
2026-01-05 15:57:39.519 [info] Got 2 sessions for ...
2026-01-05 15:57:39.519 [info] Getting sessions for all scopes...
2026-01-05 15:57:39.520 [info] Got 2 sessions for ...
2026-01-05 15:57:39.520 [info] Getting sessions for all scopes...
2026-01-05 15:57:39.520 [info] Got 2 sessions for ...
2026-01-05 15:57:39.520 [info] Getting sessions for all scopes...
2026-01-05 15:57:39.520 [info] Got 2 sessions for ...
2026-01-05 15:57:39.520 [info] Getting sessions for all scopes...
2026-01-05 15:57:39.520 [info] Got 2 sessions for ...
2026-01-05 15:57:39.520 [info] Getting sessions for all scopes...
2026-01-05 15:57:39.520 [info] Got 2 sessions for ...
2026-01-05 15:57:39.520 [info] Getting sessions for all scopes...
2026-01-05 15:57:39.520 [info] Got 2 sessions for ...
2026-01-05 15:57:39.598 [info] Getting sessions for all scopes...
2026-01-05 15:57:39.598 [info] Got 2 sessions for ...
2026-01-05 15:57:39.599 [info] Getting sessions for all scopes...
2026-01-05 15:57:39.599 [info] Got 2 sessions for ...
2026-01-05 15:57:39.599 [info] Getting sessions for all scopes...
2026-01-05 15:57:39.599 [info] Got 2 sessions for ...
2026-01-05 15:57:39.599 [info] Getting sessions for all scopes...
2026-01-05 15:57:39.599 [info] Got 2 sessions for ...
2026-01-05 15:57:39.600 [info] Getting sessions for all scopes...
2026-01-05 15:57:39.600 [info] Got 2 sessions for ...
2026-01-05 15:57:39.600 [info] Getting sessions for all scopes...
2026-01-05 15:57:39.600 [info] Got 2 sessions for ...
2026-01-05 15:57:40.451 [info] Getting sessions for all scopes...
2026-01-05 15:57:40.451 [info] Got 2 sessions for ...
2026-01-05 15:57:41.454 [info] FetcherService: Electron fetch failed with status: 429 
2026-01-05 15:57:42.305 [info] FetcherService: Node fetch failed with status: 429 Too Many Requests
2026-01-05 15:57:42.805 [info] FetcherService: Node http/s failed with status: 429 Too Many Requests
2026-01-05 16:07:07.111 [info] Reading sessions from keychain...
2026-01-05 16:07:07.111 [info] Getting sessions for all scopes...
2026-01-05 16:07:07.111 [info] Got stored sessions!
2026-01-05 16:07:07.111 [info] Got 2 verified sessions.
2026-01-05 16:07:07.111 [info] Got 2 sessions for ...
2026-01-05 16:07:07.111 [info] Getting sessions for all scopes...
2026-01-05 16:07:07.111 [info] Got 2 sessions for ...
2026-01-05 16:07:07.111 [info] Getting sessions for all scopes...
2026-01-05 16:07:07.111 [info] Got 2 sessions for ...
2026-01-05 16:07:07.111 [info] Getting sessions for all scopes...
2026-01-05 16:07:07.111 [info] Got 2 sessions for ...
2026-01-05 16:07:07.111 [info] Getting sessions for all scopes...
2026-01-05 16:07:07.111 [info] Got 2 sessions for ...
2026-01-05 16:07:07.111 [info] Getting sessions for all scopes...
2026-01-05 16:07:07.111 [info] Got 2 sessions for ...
2026-01-05 16:07:07.111 [info] Getting sessions for all scopes...
2026-01-05 16:07:07.111 [info] Got 2 sessions for ...
2026-01-05 16:07:07.111 [info] Getting sessions for all scopes...
2026-01-05 16:07:07.111 [info] Got 2 sessions for ...
2026-01-05 16:07:07.111 [info] Getting sessions for all scopes...
2026-01-05 16:07:07.111 [info] Got 2 sessions for ...
2026-01-05 16:07:07.111 [info] Getting sessions for all scopes...
2026-01-05 16:07:07.111 [info] Got 2 sessions for ...
2026-01-05 16:07:07.111 [info] Getting sessions for all scopes...
2026-01-05 16:07:07.111 [info] Got 2 sessions for ...
2026-01-05 16:07:07.111 [info] Getting sessions for all scopes...
2026-01-05 16:07:07.111 [info] Got 2 sessions for ...
2026-01-05 16:07:07.111 [info] Getting sessions for all scopes...
2026-01-05 16:07:07.111 [info] Got 2 sessions for ...
2026-01-05 16:07:07.111 [info] Getting sessions for all scopes...
2026-01-05 16:07:07.111 [info] Got 2 sessions for ...
2026-01-05 16:07:07.111 [info] Getting sessions for all scopes...
2026-01-05 16:07:07.111 [info] Got 2 sessions for ...
2026-01-05 16:07:07.111 [info] Getting sessions for all scopes...
2026-01-05 16:07:07.111 [info] Got 2 sessions for ...
2026-01-05 16:07:08.297 [info] Getting sessions for all scopes...
2026-01-05 16:07:08.297 [info] Got 2 sessions for ...
2026-01-05 16:07:08.408 [info] FetcherService: Electron fetch failed with status: 429 
2026-01-05 16:07:08.951 [info] FetcherService: Node fetch failed with status: 429 Too Many Requests
2026-01-05 16:07:09.514 [info] FetcherService: Node http/s failed with status: 429 Too Many Requests
2026-01-05 16:07:18.522 [info] Getting sessions for read:user,repo,user:email,workflow...
2026-01-05 16:07:18.522 [info] Got 1 sessions for read:user,repo,user:email,workflow...
2026-01-05 16:07:28.711 [info] Getting sessions for read:user,repo,user:email,workflow...
2026-01-05 16:07:28.711 [info] Got 1 sessions for read:user,repo,user:email,workflow...
2026-01-05 16:07:30.083 [info] Getting sessions for read:user,repo,user:email,workflow...
2026-01-05 16:07:30.084 [info] Got 1 sessions for read:user,repo,user:email,workflow...
2026-01-05 16:09:05.457 [info] Reading sessions from keychain...
2026-01-05 16:09:05.457 [info] Getting sessions for all scopes...
2026-01-05 16:09:05.457 [info] Got stored sessions!
2026-01-05 16:09:05.457 [info] Got 2 verified sessions.
2026-01-05 16:09:05.457 [info] Got 2 sessions for ...
2026-01-05 16:09:05.457 [info] Getting sessions for all scopes...
2026-01-05 16:09:05.457 [info] Got 2 sessions for ...
2026-01-05 16:09:05.457 [info] Getting sessions for all scopes...
2026-01-05 16:09:05.457 [info] Got 2 sessions for ...
2026-01-05 16:09:05.457 [info] Getting sessions for all scopes...
2026-01-05 16:09:05.457 [info] Got 2 sessions for ...
2026-01-05 16:09:05.457 [info] Getting sessions for all scopes...
2026-01-05 16:09:05.457 [info] Got 2 sessions for ...
2026-01-05 16:09:05.457 [info] Getting sessions for all scopes...
2026-01-05 16:09:05.457 [info] Got 2 sessions for ...
2026-01-05 16:09:05.457 [info] Getting sessions for all scopes...
2026-01-05 16:09:05.457 [info] Got 2 sessions for ...
2026-01-05 16:09:05.457 [info] Getting sessions for all scopes...
2026-01-05 16:09:05.457 [info] Got 2 sessions for ...
2026-01-05 16:09:05.457 [info] Getting sessions for all scopes...
2026-01-05 16:09:05.457 [info] Got 2 sessions for ...
2026-01-05 16:09:05.457 [info] Getting sessions for all scopes...
2026-01-05 16:09:05.457 [info] Got 2 sessions for ...
2026-01-05 16:09:05.457 [info] Getting sessions for all scopes...
2026-01-05 16:09:05.457 [info] Got 2 sessions for ...
2026-01-05 16:09:05.503 [info] Getting sessions for all scopes...
2026-01-05 16:09:05.503 [info] Got 2 sessions for ...
2026-01-05 16:09:05.508 [info] Getting sessions for all scopes...
2026-01-05 16:09:05.508 [info] Got 2 sessions for ...
2026-01-05 16:09:05.508 [info] Getting sessions for all scopes...
2026-01-05 16:09:05.508 [info] Got 2 sessions for ...
2026-01-05 16:09:05.510 [info] Getting sessions for all scopes...
2026-01-05 16:09:05.510 [info] Got 2 sessions for ...
2026-01-05 16:09:05.511 [info] Getting sessions for all scopes...
2026-01-05 16:09:05.511 [info] Got 2 sessions for ...
2026-01-05 16:09:05.676 [info] Getting sessions for all scopes...
2026-01-05 16:09:05.676 [info] Got 2 sessions for ...
2026-01-05 16:09:07.060 [info] FetcherService: Electron fetch failed with status: 429 
2026-01-05 16:09:08.812 [info] FetcherService: Node fetch failed with status: 429 Too Many Requests
2026-01-05 16:09:09.512 [info] FetcherService: Node http/s failed with status: 429 Too Many Requests
