2026-01-02 04:15:58.514 [info] Native locator: Refresh started
2026-01-02 04:15:58.565 [info] Native locator: Refresh started
2026-01-02 04:15:58.568 [info] Native locator: Refresh started
2026-01-02 04:15:58.892 [info] Native locator: Refresh finished in 493 ms
2026-01-02 04:15:58.904 [info] > pyenv which python
2026-01-02 04:15:58.904 [info] cwd: .
2026-01-02 04:15:58.959 [info] Python interpreter path: /bin/python
2026-01-02 04:16:00.648 [info] Selected workspace /home/josie/Documents/programming/python/puter-vision for creating virtual environment.
2026-01-02 04:16:00.655 [info] Native locator: Refresh started
2026-01-02 04:16:00.955 [info] Native locator: Refresh finished in 300 ms
2026-01-02 04:16:01.763 [info] Selected interpreter /bin/python for creating virtual environment.
2026-01-02 04:16:01.827 [info] Running Env creation script:  [
  '/bin/python',
  '/home/josie/.vscode/extensions/ms-python.python-2025.20.1-linux-x64/python_files/create_venv.py',
  '--git-ignore'
]
2026-01-02 04:16:01.827 [info] > /bin/python ~/.vscode/extensions/ms-python.python-2025.20.1-linux-x64/python_files/create_venv.py --git-ignore
2026-01-02 04:16:01.827 [info] cwd: .
2026-01-02 04:16:02.184 [info] Running: /bin/python -m venv --without-pip .venv
2026-01-02 04:16:02.284 [info] CREATED_VENV:/home/josie/Documents/programming/python/puter-vision/.venv/bin/python
CREATE_VENV.DOWNLOADING_PIP
2026-01-02 04:16:02.853 [info] Starting Pylance language server.
2026-01-02 04:16:04.137 [info] CREATE_VENV.INSTALLING_PIP
Running: /home/josie/Documents/programming/python/puter-vision/.venv/bin/python /home/josie/Documents/programming/python/puter-vision/.venv/pip.pyz install pip
2026-01-02 04:16:06.454 [info] Collecting pip
2026-01-02 04:16:06.456 [info]   Using cached pip-25.3-py3-none-any.whl.metadata (4.7 kB)
2026-01-02 04:16:06.463 [info] Using cached pip-25.3-py3-none-any.whl (1.8 MB)
2026-01-02 04:16:06.488 [info] Installing collected packages: pip
2026-01-02 04:16:07.527 [info] Successfully installed pip-25.3
2026-01-02 04:16:07.874 [info] Active interpreter [/home/josie/Documents/programming/python/puter-vision]:  /home/josie/Documents/programming/python/puter-vision/.venv/bin/python
2026-01-02 04:16:07.980 [info] Python interpreter path: ./.venv/bin/python
2026-01-02 04:17:01.140 [info] Send text to terminal: source /home/josie/Documents/programming/python/puter-vision/.venv/bin/activate
2026-01-02 04:24:01.207 [info] Send text to terminal: source /home/josie/Documents/programming/python/puter-vision/.venv/bin/activate
2026-01-02 04:24:01.514 [info] CreateEnv Trigger - Skipping for /home/josie/Documents/programming/python/puter-vision/main.py
