2025-12-18 11:27:28.792 [info] [main] Log level: Info
2025-12-18 11:27:28.792 [info] [main] Validating found git in: "git"
2025-12-18 11:27:28.792 [info] [main] Using git "2.52.0" from "git"
2025-12-18 11:27:28.792 [info] [Model][doInitialScan] Initial repository scan started
2025-12-18 11:27:28.793 [info] > git rev-parse --show-toplevel [9ms]
2025-12-18 11:27:28.793 [info] > git rev-parse --git-dir --git-common-dir --show-superproject-working-tree [32ms]
2025-12-18 11:27:28.793 [info] [Model][openRepository] Opened repository (path): /home/josie/.lexaloffle/pico-8/carts/games/cells
2025-12-18 11:27:28.793 [info] [Model][openRepository] Opened repository (real path): /home/josie/.lexaloffle/pico-8/carts/games/cells
2025-12-18 11:27:28.793 [info] [Model][openRepository] Opened repository (kind): repository
2025-12-18 11:27:28.793 [info] [Model][doInitialScan] Initial repository scan completed - repositories (1), closed repositories (0), parent repositories (0), unsafe repositories (0)
2025-12-18 11:27:28.793 [info] > git config --get commit.template [206ms]
2025-12-18 11:27:28.915 [info] > git for-each-ref --format=%(refname)%00%(upstream:short)%00%(objectname)%00%(upstream:track)%00%(upstream:remotename)%00%(upstream:remoteref) refs/heads/main refs/remotes/main [127ms]
2025-12-18 11:27:28.941 [info] > git status -z -uall [12ms]
2025-12-18 11:27:28.943 [info] > git for-each-ref --sort -committerdate --format %(refname)%00%(objectname)%00%(*objectname) [7ms]
2025-12-18 11:27:28.986 [info] > git for-each-ref --format=%(refname)%00%(upstream:short)%00%(objectname)%00%(upstream:track)%00%(upstream:remotename)%00%(upstream:remoteref) refs/heads/main refs/remotes/main [12ms]
2025-12-18 11:27:29.076 [info] > git config --get --local branch.main.vscode-merge-base [81ms]
2025-12-18 11:27:29.076 [warning] [Git][config] git config failed: Failed to execute git
2025-12-18 11:27:29.085 [info] > git config --get commit.template [100ms]
2025-12-18 11:27:29.135 [info] > git reflog main --grep-reflog=branch: Created from *. [51ms]
2025-12-18 11:27:29.158 [info] > git for-each-ref --format=%(refname)%00%(upstream:short)%00%(objectname)%00%(upstream:track)%00%(upstream:remotename)%00%(upstream:remoteref) refs/heads/main refs/remotes/main [8ms]
2025-12-18 11:27:29.158 [info] > git symbolic-ref --short refs/remotes/origin/HEAD [16ms]
2025-12-18 11:27:29.158 [info] fatal: ref refs/remotes/origin/HEAD is not a symbolic ref
2025-12-18 11:27:29.158 [warning] [Repository][getDefaultBranch] Failed to get default branch details: Failed to execute git.
2025-12-18 11:27:29.183 [info] > git merge-base refs/heads/main refs/remotes/origin/main [14ms]
2025-12-18 11:27:29.212 [info] > git diff --name-status -z --diff-filter=ADMR --find-renames=50% 619eae61c8a72a701991d0a9dd152f6967fe5464...refs/remotes/origin/main -- [4ms]
2025-12-18 11:27:29.259 [info] > git status -z -uall [16ms]
2025-12-18 11:27:29.321 [info] > git for-each-ref --sort -committerdate --format %(refname)%00%(objectname)%00%(*objectname) [66ms]
2025-12-18 11:27:29.349 [info] > git check-ignore -v -z --stdin [10ms]
2025-12-18 11:27:51.842 [info] > git check-ignore -v -z --stdin [2ms]
2025-12-18 11:27:53.132 [info] > git config --get commit.template [10ms]
2025-12-18 11:27:53.148 [info] > git for-each-ref --format=%(refname)%00%(upstream:short)%00%(objectname)%00%(upstream:track)%00%(upstream:remotename)%00%(upstream:remoteref) refs/heads/main refs/remotes/main [17ms]
2025-12-18 11:27:53.221 [info] > git status -z -uall [38ms]
2025-12-18 11:27:53.225 [info] > git for-each-ref --sort -committerdate --format %(refname)%00%(objectname)%00%(*objectname) [12ms]
2025-12-18 11:27:55.046 [info] > git show --textconv :main.lua [7ms]
2025-12-18 11:27:55.048 [info] > git ls-files --stage -- main.lua [3ms]
2025-12-18 11:27:55.062 [info] > git cat-file -s a56e38631071c3ef0feef87af05c76fc277bde7c [11ms]
2025-12-18 11:27:55.103 [info] > git blame --root --incremental 619eae61c8a72a701991d0a9dd152f6967fe5464 -- main.lua [3ms]
2025-12-18 11:27:55.855 [info] > git show --textconv :cells.p8 [17ms]
2025-12-18 11:27:55.858 [info] > git ls-files --stage -- cells.p8 [5ms]
2025-12-18 11:27:55.869 [info] > git cat-file -s 9b72591e5e06ab020ac1a24b64366883550aaa1d [3ms]
2025-12-18 11:29:03.494 [info] > git config --get commit.template [8ms]
2025-12-18 11:29:03.494 [info] > git for-each-ref --format=%(refname)%00%(upstream:short)%00%(objectname)%00%(upstream:track)%00%(upstream:remotename)%00%(upstream:remoteref) refs/heads/main refs/remotes/main [2ms]
2025-12-18 11:29:03.507 [info] > git status -z -uall [6ms]
2025-12-18 11:29:03.508 [info] > git for-each-ref --sort -committerdate --format %(refname)%00%(objectname)%00%(*objectname) [2ms]
2025-12-18 11:30:28.796 [info] [main] Log level: Info
2025-12-18 11:30:28.796 [info] [main] Validating found git in: "git"
2025-12-18 11:30:28.796 [info] [main] Using git "2.52.0" from "git"
2025-12-18 11:30:28.796 [info] [Model][doInitialScan] Initial repository scan started
2025-12-18 11:30:28.796 [info] > git rev-parse --show-toplevel [19ms]
2025-12-18 11:30:28.818 [info] > git rev-parse --git-dir --git-common-dir --show-superproject-working-tree [9ms]
2025-12-18 11:30:28.845 [info] [Model][openRepository] Opened repository (path): /home/josie/.lexaloffle/pico-8/carts/games/cells
2025-12-18 11:30:28.845 [info] [Model][openRepository] Opened repository (real path): /home/josie/.lexaloffle/pico-8/carts/games/cells
2025-12-18 11:30:28.845 [info] [Model][openRepository] Opened repository (kind): repository
2025-12-18 11:30:28.870 [info] > git config --get commit.template [11ms]
2025-12-18 11:30:28.872 [info] > git rev-parse --show-toplevel [6ms]
2025-12-18 11:30:28.877 [info] [Model][doInitialScan] Initial repository scan completed - repositories (1), closed repositories (0), parent repositories (0), unsafe repositories (0)
2025-12-18 11:30:28.891 [info] > git for-each-ref --format=%(refname)%00%(upstream:short)%00%(objectname)%00%(upstream:track)%00%(upstream:remotename)%00%(upstream:remoteref) refs/heads/main refs/remotes/main [5ms]
2025-12-18 11:30:29.127 [info] > git status -z -uall [45ms]
2025-12-18 11:30:29.127 [info] > git for-each-ref --sort -committerdate --format %(refname)%00%(objectname)%00%(*objectname) [37ms]
2025-12-18 11:30:29.185 [info] > git for-each-ref --format=%(refname)%00%(upstream:short)%00%(objectname)%00%(upstream:track)%00%(upstream:remotename)%00%(upstream:remoteref) refs/heads/main refs/remotes/main [14ms]
2025-12-18 11:30:29.198 [info] > git config --get --local branch.main.vscode-merge-base [7ms]
2025-12-18 11:30:29.198 [warning] [Git][config] git config failed: Failed to execute git
2025-12-18 11:30:29.202 [info] > git config --get commit.template [23ms]
2025-12-18 11:30:29.210 [info] > git reflog main --grep-reflog=branch: Created from *. [8ms]
2025-12-18 11:30:29.216 [info] > git for-each-ref --format=%(refname)%00%(upstream:short)%00%(objectname)%00%(upstream:track)%00%(upstream:remotename)%00%(upstream:remoteref) refs/heads/main refs/remotes/main [7ms]
2025-12-18 11:30:29.217 [info] > git symbolic-ref --short refs/remotes/origin/HEAD [3ms]
2025-12-18 11:30:29.217 [info] fatal: ref refs/remotes/origin/HEAD is not a symbolic ref
2025-12-18 11:30:29.217 [warning] [Repository][getDefaultBranch] Failed to get default branch details: Failed to execute git.
2025-12-18 11:30:29.225 [info] > git merge-base refs/heads/main refs/remotes/origin/main [3ms]
2025-12-18 11:30:29.332 [info] > git status -z -uall [96ms]
2025-12-18 11:30:29.332 [info] > git for-each-ref --sort -committerdate --format %(refname)%00%(objectname)%00%(*objectname) [92ms]
2025-12-18 11:30:29.355 [info] > git diff --name-status -z --diff-filter=ADMR --find-renames=50% 619eae61c8a72a701991d0a9dd152f6967fe5464...refs/remotes/origin/main -- [124ms]
2025-12-18 11:30:29.362 [info] > git merge-base refs/heads/main refs/remotes/origin/main [10ms]
2025-12-18 11:30:29.378 [info] > git diff --name-status -z --diff-filter=ADMR --find-renames=50% 619eae61c8a72a701991d0a9dd152f6967fe5464...refs/remotes/origin/main -- [10ms]
2025-12-18 11:30:29.555 [info] > git check-ignore -v -z --stdin [4ms]
2025-12-18 11:30:50.059 [info] > git config --get commit.template [11ms]
2025-12-18 11:30:50.060 [info] > git for-each-ref --format=%(refname)%00%(upstream:short)%00%(objectname)%00%(upstream:track)%00%(upstream:remotename)%00%(upstream:remoteref) refs/heads/main refs/remotes/main [2ms]
2025-12-18 11:30:50.075 [info] > git status -z -uall [8ms]
2025-12-18 11:30:50.079 [info] > git for-each-ref --sort -committerdate --format %(refname)%00%(objectname)%00%(*objectname) [5ms]
2025-12-18 13:23:10.843 [info] > git config --get commit.template [15ms]
2025-12-18 13:23:10.844 [info] > git for-each-ref --format=%(refname)%00%(upstream:short)%00%(objectname)%00%(upstream:track)%00%(upstream:remotename)%00%(upstream:remoteref) refs/heads/main refs/remotes/main [4ms]
2025-12-18 13:23:10.857 [info] > git status -z -uall [6ms]
2025-12-18 13:23:10.860 [info] > git for-each-ref --sort -committerdate --format %(refname)%00%(objectname)%00%(*objectname) [4ms]
2025-12-18 13:23:17.370 [info] > git log --format=%H%n%aN%n%aE%n%at%n%ct%n%P%n%D%n%B -z --shortstat --diff-merges=first-parent -n50 --skip=0 --topo-order --decorate=full --stdin [3ms]
2025-12-18 13:23:18.138 [info] > git check-ignore -v -z --stdin [2ms]
2025-12-18 13:23:18.261 [info] > git merge-base main origin/main [2ms]
2025-12-18 13:23:33.297 [info] > git add -A -- . [846ms]
2025-12-18 13:23:33.794 [info] > git show --textconv :.git/COMMIT_EDITMSG [10ms]
2025-12-18 13:23:33.803 [info] > git ls-files --stage -- .git/COMMIT_EDITMSG [10ms]
2025-12-18 13:23:33.817 [info] > git hash-object -t tree /dev/null [15ms]
2025-12-18 13:23:33.817 [warning] [GitFileSystemProvider][readFile] File not found - git:/home/josie/.lexaloffle/pico-8/carts/games/cells/.git/COMMIT_EDITMSG.git?%7B%22path%22%3A%22%2Fhome%2Fjosie%2F.lexaloffle%2Fpico-8%2Fcarts%2Fgames%2Fcells%2F.git%2FCOMMIT_EDITMSG%22%2C%22ref%22%3A%22%22%7D
2025-12-18 13:23:33.819 [info] > git hash-object -t tree /dev/null [4ms]
2025-12-18 13:23:33.819 [warning] [GitFileSystemProvider][stat] File not found - git:/home/josie/.lexaloffle/pico-8/carts/games/cells/.git/COMMIT_EDITMSG.git?%7B%22path%22%3A%22%2Fhome%2Fjosie%2F.lexaloffle%2Fpico-8%2Fcarts%2Fgames%2Fcells%2F.git%2FCOMMIT_EDITMSG%22%2C%22ref%22%3A%22%22%7D
2025-12-18 13:23:34.156 [info] > git check-ignore -v -z --stdin [8ms]
2025-12-18 13:23:36.744 [info] > git blame --root --incremental 619eae61c8a72a701991d0a9dd152f6967fe5464 -- .git/COMMIT_EDITMSG [14ms]
2025-12-18 13:23:36.745 [info] fatal: no such path .git/COMMIT_EDITMSG in 619eae61c8a72a701991d0a9dd152f6967fe5464
2025-12-18 13:24:02.254 [info] > git -c user.useConfigOnly=true commit --quiet [28949ms]
2025-12-18 13:24:02.254 [info] /bin/sh: warning: setlocale: LC_ALL: cannot change locale (en_US.UTF-8): No such file or directory
/bin/sh: warning: setlocale: LC_ALL: cannot change locale (en_US.UTF-8): No such file or directory
2025-12-18 13:24:02.276 [info] > git config --get commit.template [10ms]
2025-12-18 13:24:02.278 [info] > git for-each-ref --format=%(refname)%00%(upstream:short)%00%(objectname)%00%(upstream:track)%00%(upstream:remotename)%00%(upstream:remoteref) refs/heads/main refs/remotes/main [4ms]
2025-12-18 13:24:02.297 [info] > git status -z -uall [12ms]
2025-12-18 13:24:02.302 [info] > git for-each-ref --sort -committerdate --format %(refname)%00%(objectname)%00%(*objectname) [5ms]
2025-12-18 13:24:02.346 [info] > git merge-base refs/heads/main refs/remotes/origin/main [25ms]
2025-12-18 13:24:02.368 [info] > git diff --name-status -z --diff-filter=ADMR --find-renames=50% 619eae61c8a72a701991d0a9dd152f6967fe5464...refs/remotes/origin/main -- [8ms]
2025-12-18 13:24:02.737 [info] > git log --format=%H%n%aN%n%aE%n%at%n%ct%n%P%n%D%n%B -z --shortstat --diff-merges=first-parent -n50 --skip=0 --topo-order --decorate=full --stdin [259ms]
2025-12-18 13:24:02.760 [info] > git merge-base main origin/main [5ms]
2025-12-18 13:24:02.795 [info] > git show --textconv :README.md [8ms]
2025-12-18 13:24:02.796 [info] > git ls-files --stage -- README.md [2ms]
2025-12-18 13:24:02.804 [info] > git cat-file -s 2c14e223b4f7c3cd19714ee73c209ac1af44bea0 [2ms]
2025-12-18 13:24:02.902 [info] > git blame --root --incremental 65ccf9ef4d7b60eaae997ab5dd070f3bfd1050a9 -- README.md [5ms]
2025-12-18 13:24:03.638 [info] > git ls-files --stage -- README.md [10ms]
2025-12-18 13:24:03.644 [info] > git cat-file -s 2c14e223b4f7c3cd19714ee73c209ac1af44bea0 [1ms]
2025-12-18 13:24:03.656 [info] > git show --textconv :README.md [2ms]
2025-12-18 13:24:57.819 [info] > git push origin main:main [55482ms]
2025-12-18 13:24:57.819 [info] /bin/sh: warning: setlocale: LC_ALL: cannot change locale (en_US.UTF-8): No such file or directory
/bin/sh: warning: setlocale: LC_ALL: cannot change locale (en_US.UTF-8): No such file or directory
To https://github.com/Josie5734/cells.git
   619eae6..65ccf9e  main -> main
2025-12-18 13:24:57.839 [info] > git config --get commit.template [9ms]
2025-12-18 13:24:57.839 [info] > git for-each-ref --format=%(refname)%00%(upstream:short)%00%(objectname)%00%(upstream:track)%00%(upstream:remotename)%00%(upstream:remoteref) refs/heads/main refs/remotes/main [4ms]
2025-12-18 13:24:57.852 [info] > git status -z -uall [7ms]
2025-12-18 13:24:57.854 [info] > git for-each-ref --sort -committerdate --format %(refname)%00%(objectname)%00%(*objectname) [3ms]
2025-12-18 13:24:57.867 [info] > git merge-base refs/heads/main refs/remotes/origin/main [2ms]
2025-12-18 13:24:57.884 [info] > git diff --name-status -z --diff-filter=ADMR --find-renames=50% 65ccf9ef4d7b60eaae997ab5dd070f3bfd1050a9...refs/remotes/origin/main -- [10ms]
2025-12-18 13:24:57.935 [info] > git config --get commit.template [10ms]
2025-12-18 13:24:57.938 [info] > git for-each-ref --format=%(refname)%00%(upstream:short)%00%(objectname)%00%(upstream:track)%00%(upstream:remotename)%00%(upstream:remoteref) refs/heads/main refs/remotes/main [4ms]
2025-12-18 13:24:57.958 [info] > git status -z -uall [12ms]
2025-12-18 13:24:57.960 [info] > git for-each-ref --sort -committerdate --format %(refname)%00%(objectname)%00%(*objectname) [3ms]
2025-12-18 13:24:58.100 [info] > git log --format=%H%n%aN%n%aE%n%at%n%ct%n%P%n%D%n%B -z --shortstat --diff-merges=first-parent -n50 --skip=0 --topo-order --decorate=full --stdin [217ms]
2025-12-18 13:24:58.111 [info] > git merge-base main origin/main [3ms]
2025-12-18 13:24:59.042 [info] > git ls-files --stage -- README.md [6ms]
2025-12-18 13:24:59.055 [info] > git cat-file -s 2c14e223b4f7c3cd19714ee73c209ac1af44bea0 [3ms]
2025-12-18 13:24:59.065 [info] > git show --textconv :README.md [2ms]
2025-12-18 13:25:49.006 [info] [main] Log level: Info
2025-12-18 13:25:49.006 [info] [main] Validating found git in: "git"
2025-12-18 13:25:49.006 [info] [main] Using git "2.52.0" from "git"
2025-12-18 13:25:49.006 [info] [Model][doInitialScan] Initial repository scan started
2025-12-18 13:25:49.006 [info] > git rev-parse --show-toplevel [5ms]
2025-12-18 13:25:49.016 [info] > git rev-parse --git-dir --git-common-dir --show-superproject-working-tree [4ms]
2025-12-18 13:25:49.035 [info] [Model][openRepository] Opened repository (path): /home/josie/.lexaloffle/pico-8/carts/games/cells
2025-12-18 13:25:49.035 [info] [Model][openRepository] Opened repository (real path): /home/josie/.lexaloffle/pico-8/carts/games/cells
2025-12-18 13:25:49.035 [info] [Model][openRepository] Opened repository (kind): repository
2025-12-18 13:25:49.065 [info] > git config --get commit.template [17ms]
2025-12-18 13:25:49.067 [info] > git rev-parse --show-toplevel [2ms]
2025-12-18 13:25:49.072 [info] [Model][doInitialScan] Initial repository scan completed - repositories (1), closed repositories (0), parent repositories (0), unsafe repositories (0)
2025-12-18 13:25:49.084 [info] > git for-each-ref --format=%(refname)%00%(upstream:short)%00%(objectname)%00%(upstream:track)%00%(upstream:remotename)%00%(upstream:remoteref) refs/heads/main refs/remotes/main [4ms]
2025-12-18 13:25:49.102 [info] > git status -z -uall [9ms]
2025-12-18 13:25:49.104 [info] > git for-each-ref --sort -committerdate --format %(refname)%00%(objectname)%00%(*objectname) [4ms]
2025-12-18 13:25:49.210 [info] > git for-each-ref --format=%(refname)%00%(upstream:short)%00%(objectname)%00%(upstream:track)%00%(upstream:remotename)%00%(upstream:remoteref) refs/heads/main refs/remotes/main [74ms]
2025-12-18 13:25:49.264 [info] > git config --get commit.template [42ms]
2025-12-18 13:25:49.264 [info] > git config --get --local branch.main.vscode-merge-base [49ms]
2025-12-18 13:25:49.264 [warning] [Git][config] git config failed: Failed to execute git
2025-12-18 13:25:49.374 [info] > git reflog main --grep-reflog=branch: Created from *. [101ms]
2025-12-18 13:25:49.443 [info] > git symbolic-ref --short refs/remotes/origin/HEAD [62ms]
2025-12-18 13:25:49.443 [info] fatal: ref refs/remotes/origin/HEAD is not a symbolic ref
2025-12-18 13:25:49.444 [warning] [Repository][getDefaultBranch] Failed to get default branch details: Failed to execute git.
2025-12-18 13:25:49.459 [info] > git merge-base refs/heads/main refs/remotes/origin/main [8ms]
2025-12-18 13:25:49.468 [info] > git for-each-ref --format=%(refname)%00%(upstream:short)%00%(objectname)%00%(upstream:track)%00%(upstream:remotename)%00%(upstream:remoteref) refs/heads/main refs/remotes/main [28ms]
2025-12-18 13:25:49.472 [info] > git diff --name-status -z --diff-filter=ADMR --find-renames=50% 65ccf9ef4d7b60eaae997ab5dd070f3bfd1050a9...refs/remotes/origin/main -- [4ms]
2025-12-18 13:25:49.492 [info] > git status -z -uall [12ms]
2025-12-18 13:25:49.494 [info] > git for-each-ref --sort -committerdate --format %(refname)%00%(objectname)%00%(*objectname) [4ms]
2025-12-18 13:25:49.662 [info] > git show --textconv :README.md [8ms]
2025-12-18 13:25:49.667 [info] > git ls-files --stage -- README.md [6ms]
2025-12-18 13:25:49.690 [info] > git cat-file -s 2c14e223b4f7c3cd19714ee73c209ac1af44bea0 [16ms]
2025-12-18 13:25:49.822 [info] > git check-ignore -v -z --stdin [16ms]
2025-12-18 13:25:49.877 [info] > git blame --root --incremental 65ccf9ef4d7b60eaae997ab5dd070f3bfd1050a9 -- README.md [46ms]
2025-12-18 13:26:05.043 [info] [main] Log level: Info
2025-12-18 13:26:05.045 [info] [main] Validating found git in: "git"
2025-12-18 13:26:05.045 [info] [main] Using git "2.52.0" from "git"
2025-12-18 13:26:05.045 [info] [Model][doInitialScan] Initial repository scan started
2025-12-18 13:26:05.045 [info] > git rev-parse --show-toplevel [8ms]
2025-12-18 13:26:05.045 [info] fatal: not a git repository (or any parent up to mount point /)
Stopping at filesystem boundary (GIT_DISCOVERY_ACROSS_FILESYSTEM not set).
2025-12-18 13:26:05.120 [info] > git rev-parse --show-toplevel [67ms]
2025-12-18 13:26:05.120 [info] fatal: not a git repository (or any parent up to mount point /)
Stopping at filesystem boundary (GIT_DISCOVERY_ACROSS_FILESYSTEM not set).
2025-12-18 13:26:05.395 [info] > git rev-parse --show-toplevel [116ms]
2025-12-18 13:26:05.395 [info] fatal: not a git repository (or any parent up to mount point /)
Stopping at filesystem boundary (GIT_DISCOVERY_ACROSS_FILESYSTEM not set).
2025-12-18 13:26:05.466 [info] > git rev-parse --show-toplevel [28ms]
2025-12-18 13:26:05.466 [info] fatal: not a git repository (or any parent up to mount point /)
Stopping at filesystem boundary (GIT_DISCOVERY_ACROSS_FILESYSTEM not set).
2025-12-18 13:26:05.480 [info] > git rev-parse --show-toplevel [7ms]
2025-12-18 13:26:05.480 [info] fatal: not a git repository (or any parent up to mount point /)
Stopping at filesystem boundary (GIT_DISCOVERY_ACROSS_FILESYSTEM not set).
2025-12-18 13:26:05.492 [info] > git rev-parse --show-toplevel [6ms]
2025-12-18 13:26:05.492 [info] fatal: not a git repository (or any parent up to mount point /)
Stopping at filesystem boundary (GIT_DISCOVERY_ACROSS_FILESYSTEM not set).
2025-12-18 13:26:05.495 [info] [Model][doInitialScan] Initial repository scan completed - repositories (0), closed repositories (0), parent repositories (0), unsafe repositories (0)
