2026-01-06 12:27:32.528 [info] Revived process, old id 99c609b292cda71359492959afa58b4e-12 -> new id 1
2026-01-06 12:27:32.528 [info] Revived process, old id 99c609b292cda71359492959afa58b4e-14 -> new id 2
2026-01-06 12:27:32.855 [info] Expanding terminal instance, old id 99c609b292cda71359492959afa58b4e-12 -> new id 1
2026-01-06 12:27:32.855 [info] Expanding terminal instance, old id 99c609b292cda71359492959afa58b4e-14 -> new id 2
2026-01-06 12:27:33.808 [warning] Persistent process "1": Process had no disconnect runners but was an orphan
2026-01-06 12:27:33.809 [info] Persistent process reconnection "1"
2026-01-06 12:27:33.809 [warning] Persistent process "2": Process had no disconnect runners but was an orphan
2026-01-06 12:27:33.809 [info] Persistent process reconnection "2"
2026-01-06 12:27:33.846 [error] Failed to set sticky bit on /tmp/josie-code-zsh: Error: ENOENT: no such file or directory, chmod '/tmp/josie-code-zsh'
2026-01-06 12:27:33.893 [info] Persistent process "1": Replaying 1840 chars and 1 size events
2026-01-06 12:27:33.955 [info] Persistent process "2": Replaying 5154 chars and 1 size events
2026-01-06 12:28:50.529 [info] Revived process, old id 69a2c3f074d8d62358ae353eb46093bc-9 -> new id 4
2026-01-06 12:28:50.530 [info] Revived process, old id 69a2c3f074d8d62358ae353eb46093bc-10 -> new id 5
2026-01-06 12:28:50.677 [info] Expanding terminal instance, old id 69a2c3f074d8d62358ae353eb46093bc-9 -> new id 4
2026-01-06 12:28:50.677 [info] Expanding terminal instance, old id 69a2c3f074d8d62358ae353eb46093bc-10 -> new id 5
2026-01-06 12:28:52.278 [warning] Persistent process "5": Process had no disconnect runners but was an orphan
2026-01-06 12:28:52.278 [info] Persistent process reconnection "5"
2026-01-06 12:28:52.281 [warning] Persistent process "4": Process had no disconnect runners but was an orphan
2026-01-06 12:28:52.281 [info] Persistent process reconnection "4"
2026-01-06 12:28:52.345 [info] Persistent process "5": Replaying 1903 chars and 1 size events
2026-01-06 12:28:52.405 [info] Persistent process "4": Replaying 1105 chars and 1 size events
