2026-01-05 15:26:09.132 [info] Native locator: Refresh started
2026-01-05 15:26:09.725 [info] Native locator: Refresh started
2026-01-05 15:26:10.041 [info] > pyenv which python
2026-01-05 15:26:10.041 [info] cwd: .
2026-01-05 15:26:10.209 [info] Native locator: Refresh finished in 1588 ms
2026-01-05 15:26:10.215 [info] Python interpreter path: ./.venv/bin/python
2026-01-05 15:26:13.005 [info] Starting Pylance language server.
2026-01-05 15:28:47.325 [info] Native locator: Refresh started
2026-01-05 15:28:47.607 [info] Native locator: Refresh finished in 910 ms
2026-01-05 15:28:47.732 [info] Native locator: Refresh started
2026-01-05 15:28:48.343 [info] > pyenv which python
2026-01-05 15:28:48.343 [info] cwd: .
2026-01-05 15:28:48.379 [info] Python interpreter path: ./.venv/bin/python
2026-01-05 15:28:48.391 [info] Native locator: Refresh finished in 659 ms
2026-01-05 15:28:51.382 [info] Starting Pylance language server.
2026-01-05 15:32:39.663 [info] Send text to terminal: source /home/josie/Documents/programming/python/ppcli/.venv/bin/activate
2026-01-05 15:32:39.678 [info] CreateEnv Trigger - Skipping for /home/josie/Documents/programming/python/ppcli/test.py
2026-01-05 15:57:50.929 [info] Native locator: Refresh started
2026-01-05 15:57:50.992 [info] Native locator: Refresh started
2026-01-05 15:57:50.993 [info] Native locator: Refresh started
2026-01-05 15:57:51.141 [info] Native locator: Refresh finished in 369 ms
2026-01-05 15:57:51.149 [info] > pyenv which python
2026-01-05 15:57:51.149 [info] cwd: .
2026-01-05 15:57:51.208 [info] Python interpreter path: /bin/python
2026-01-05 15:57:51.940 [info] Selected workspace /home/josie/Documents/programming/python/metronome for creating virtual environment.
2026-01-05 15:57:52.075 [info] Native locator: Refresh started
2026-01-05 15:57:52.420 [info] Native locator: Refresh finished in 345 ms
2026-01-05 15:57:52.977 [info] Selected interpreter /bin/python for creating virtual environment.
2026-01-05 15:57:53.020 [info] Running Env creation script:  [
  '/bin/python',
  '/home/josie/.vscode/extensions/ms-python.python-2025.20.1-linux-x64/python_files/create_venv.py',
  '--git-ignore'
]
2026-01-05 15:57:53.020 [info] > /bin/python ~/.vscode/extensions/ms-python.python-2025.20.1-linux-x64/python_files/create_venv.py --git-ignore
2026-01-05 15:57:53.020 [info] cwd: .
2026-01-05 15:57:53.559 [info] Running: /bin/python -m venv --without-pip .venv
2026-01-05 15:57:53.645 [info] CREATED_VENV:/home/josie/Documents/programming/python/metronome/.venv/bin/python
CREATE_VENV.DOWNLOADING_PIP
2026-01-05 15:57:55.001 [info] CREATE_VENV.INSTALLING_PIP
Running: /home/josie/Documents/programming/python/metronome/.venv/bin/python /home/josie/Documents/programming/python/metronome/.venv/pip.pyz install pip
2026-01-05 15:57:55.771 [info] Starting Pylance language server.
2026-01-05 15:57:58.763 [info] Collecting pip
2026-01-05 15:57:58.765 [info]   Using cached pip-25.3-py3-none-any.whl.metadata (4.7 kB)
2026-01-05 15:57:58.771 [info] Using cached pip-25.3-py3-none-any.whl (1.8 MB)
2026-01-05 15:57:58.798 [info] Installing collected packages: pip
2026-01-05 15:57:59.883 [info] Successfully installed pip-25.3
2026-01-05 15:58:00.460 [info] Active interpreter [/home/josie/Documents/programming/python/metronome]:  /home/josie/Documents/programming/python/metronome/.venv/bin/python
2026-01-05 15:58:00.469 [info] Python interpreter path: ./.venv/bin/python
2026-01-05 15:59:41.024 [info] CreateEnv Trigger - Skipping for /home/josie/Documents/programming/python/metronome/main.py
2026-01-05 15:59:41.123 [info] Send text to terminal: source /home/josie/Documents/programming/python/metronome/.venv/bin/activate
2026-01-05 16:07:07.110 [info] Native locator: Refresh started
2026-01-05 16:07:07.491 [info] Native locator: Refresh started
2026-01-05 16:07:07.862 [info] > pyenv which python
2026-01-05 16:07:07.862 [info] cwd: .
2026-01-05 16:07:07.927 [info] Native locator: Refresh finished in 1657 ms
2026-01-05 16:07:07.933 [info] Python interpreter path: ./.venv/bin/python
2026-01-05 16:07:11.156 [info] Starting Pylance language server.
2026-01-05 16:09:05.454 [info] Native locator: Refresh started
2026-01-05 16:09:05.918 [info] Native locator: Refresh finished in 927 ms
2026-01-05 16:09:05.962 [info] Native locator: Refresh started
2026-01-05 16:09:06.301 [info] > pyenv which python
2026-01-05 16:09:06.301 [info] cwd: .
2026-01-05 16:09:06.397 [info] Python interpreter path: ./.venv/bin/python
2026-01-05 16:09:06.476 [info] Native locator: Refresh finished in 514 ms
2026-01-05 16:09:09.345 [info] Starting Pylance language server.
2026-01-05 16:11:03.321 [info] Send text to terminal: source /home/josie/Documents/programming/python/metronome/.venv/bin/activate
2026-01-05 16:11:03.323 [info] CreateEnv Trigger - Skipping for /home/josie/Documents/programming/python/metronome/main.py
