2025-12-18 11:27:27.713 [info] Reading sessions from keychain...
2025-12-18 11:27:27.713 [info] Getting sessions for all scopes...
2025-12-18 11:27:27.713 [info] Got stored sessions!
2025-12-18 11:27:27.714 [info] Got 2 verified sessions.
2025-12-18 11:27:27.714 [info] Got 2 sessions for ...
2025-12-18 11:27:27.714 [info] Getting sessions for all scopes...
2025-12-18 11:27:27.714 [info] Got 2 sessions for ...
2025-12-18 11:27:27.714 [info] Getting sessions for all scopes...
2025-12-18 11:27:27.714 [info] Got 2 sessions for ...
2025-12-18 11:27:27.714 [info] Getting sessions for all scopes...
2025-12-18 11:27:27.714 [info] Got 2 sessions for ...
2025-12-18 11:27:27.714 [info] Getting sessions for all scopes...
2025-12-18 11:27:27.714 [info] Got 2 sessions for ...
2025-12-18 11:27:27.714 [info] Getting sessions for all scopes...
2025-12-18 11:27:27.714 [info] Got 2 sessions for ...
2025-12-18 11:27:27.714 [info] Getting sessions for all scopes...
2025-12-18 11:27:27.714 [info] Got 2 sessions for ...
2025-12-18 11:27:27.714 [info] Getting sessions for all scopes...
2025-12-18 11:27:27.714 [info] Got 2 sessions for ...
2025-12-18 11:27:27.714 [info] Getting sessions for all scopes...
2025-12-18 11:27:27.714 [info] Got 2 sessions for ...
2025-12-18 11:27:27.714 [info] Getting sessions for all scopes...
2025-12-18 11:27:27.714 [info] Got 2 sessions for ...
2025-12-18 11:27:27.714 [info] Getting sessions for all scopes...
2025-12-18 11:27:27.714 [info] Got 2 sessions for ...
2025-12-18 11:27:27.714 [info] Getting sessions for all scopes...
2025-12-18 11:27:27.714 [info] Got 2 sessions for ...
2025-12-18 11:27:27.714 [info] Getting sessions for all scopes...
2025-12-18 11:27:27.714 [info] Got 2 sessions for ...
2025-12-18 11:27:27.714 [info] Getting sessions for all scopes...
2025-12-18 11:27:27.714 [info] Got 2 sessions for ...
2025-12-18 11:27:28.172 [info] Getting sessions for all scopes...
2025-12-18 11:27:28.172 [info] Got 2 sessions for ...
2025-12-18 11:27:29.615 [info] Getting sessions for read:user,repo,user:email,workflow...
2025-12-18 11:27:29.616 [info] Got 1 sessions for read:user,repo,user:email,workflow...
2025-12-18 11:27:30.247 [info] FetcherService: Electron fetch failed with status: 429 
2025-12-18 11:27:30.739 [info] Getting sessions for all scopes...
2025-12-18 11:27:30.740 [info] Got 2 sessions for ...
2025-12-18 11:27:31.282 [info] FetcherService: Node fetch failed with status: 429 Too Many Requests
2025-12-18 11:27:31.721 [info] FetcherService: Node http/s failed with status: 429 Too Many Requests
2025-12-18 11:30:28.028 [info] Reading sessions from keychain...
2025-12-18 11:30:28.028 [info] Getting sessions for all scopes...
2025-12-18 11:30:28.028 [info] Got stored sessions!
2025-12-18 11:30:28.028 [info] Got 2 verified sessions.
2025-12-18 11:30:28.028 [info] Got 2 sessions for ...
2025-12-18 11:30:28.028 [info] Getting sessions for all scopes...
2025-12-18 11:30:28.028 [info] Got 2 sessions for ...
2025-12-18 11:30:28.028 [info] Getting sessions for all scopes...
2025-12-18 11:30:28.028 [info] Got 2 sessions for ...
2025-12-18 11:30:28.028 [info] Getting sessions for all scopes...
2025-12-18 11:30:28.028 [info] Got 2 sessions for ...
2025-12-18 11:30:28.219 [info] Getting sessions for all scopes...
2025-12-18 11:30:28.219 [info] Got 2 sessions for ...
2025-12-18 11:30:29.380 [info] Getting sessions for read:user,repo,user:email,workflow...
2025-12-18 11:30:29.381 [info] Got 1 sessions for read:user,repo,user:email,workflow...
2025-12-18 11:30:29.707 [info] FetcherService: Electron fetch failed with status: 429 
2025-12-18 11:30:30.712 [info] FetcherService: Node fetch failed with status: 429 Too Many Requests
2025-12-18 11:30:31.175 [info] FetcherService: Node http/s failed with status: 429 Too Many Requests
2025-12-18 13:24:02.884 [info] Getting sessions for read:user,repo,user:email,workflow...
2025-12-18 13:24:02.884 [info] Got 1 sessions for read:user,repo,user:email,workflow...
2025-12-18 13:25:48.185 [info] Reading sessions from keychain...
2025-12-18 13:25:48.185 [info] Getting sessions for all scopes...
2025-12-18 13:25:48.185 [info] Got stored sessions!
2025-12-18 13:25:48.185 [info] Got 2 verified sessions.
2025-12-18 13:25:48.185 [info] Got 2 sessions for ...
2025-12-18 13:25:48.185 [info] Getting sessions for all scopes...
2025-12-18 13:25:48.185 [info] Got 2 sessions for ...
2025-12-18 13:25:48.185 [info] Getting sessions for all scopes...
2025-12-18 13:25:48.185 [info] Got 2 sessions for ...
2025-12-18 13:25:48.185 [info] Getting sessions for all scopes...
2025-12-18 13:25:48.185 [info] Got 2 sessions for ...
2025-12-18 13:25:48.185 [info] Getting sessions for all scopes...
2025-12-18 13:25:48.185 [info] Got 2 sessions for ...
2025-12-18 13:25:48.185 [info] Getting sessions for all scopes...
2025-12-18 13:25:48.185 [info] Got 2 sessions for ...
2025-12-18 13:25:48.185 [info] Getting sessions for all scopes...
2025-12-18 13:25:48.185 [info] Got 2 sessions for ...
2025-12-18 13:25:48.200 [info] Getting sessions for all scopes...
2025-12-18 13:25:48.200 [info] Got 2 sessions for ...
2025-12-18 13:25:48.203 [info] Getting sessions for all scopes...
2025-12-18 13:25:48.203 [info] Got 2 sessions for ...
2025-12-18 13:25:48.205 [info] Getting sessions for all scopes...
2025-12-18 13:25:48.206 [info] Got 2 sessions for ...
2025-12-18 13:25:48.206 [info] Getting sessions for all scopes...
2025-12-18 13:25:48.206 [info] Got 2 sessions for ...
2025-12-18 13:25:48.207 [info] Getting sessions for all scopes...
2025-12-18 13:25:48.207 [info] Got 2 sessions for ...
2025-12-18 13:25:48.207 [info] Getting sessions for all scopes...
2025-12-18 13:25:48.207 [info] Got 2 sessions for ...
2025-12-18 13:25:48.320 [info] Getting sessions for all scopes...
2025-12-18 13:25:48.321 [info] Got 2 sessions for ...
2025-12-18 13:25:48.352 [info] Getting sessions for all scopes...
2025-12-18 13:25:48.352 [info] Got 2 sessions for ...
2025-12-18 13:25:49.605 [info] Getting sessions for read:user,repo,user:email,workflow...
2025-12-18 13:25:49.605 [info] Got 1 sessions for read:user,repo,user:email,workflow...
2025-12-18 13:25:49.813 [info] FetcherService: Electron fetch failed with status: 429 
2025-12-18 13:25:50.187 [info] FetcherService: Node fetch failed with status: 429 Too Many Requests
2025-12-18 13:25:50.212 [info] Getting sessions for all scopes...
2025-12-18 13:25:50.212 [info] Got 2 sessions for ...
2025-12-18 13:25:50.524 [info] FetcherService: Node http/s failed with status: 429 Too Many Requests
2025-12-18 13:26:04.915 [info] Reading sessions from keychain...
2025-12-18 13:26:04.915 [info] Getting sessions for all scopes...
2025-12-18 13:26:04.915 [info] Got stored sessions!
2025-12-18 13:26:04.915 [info] Got 2 verified sessions.
2025-12-18 13:26:04.915 [info] Got 2 sessions for ...
2025-12-18 13:26:04.915 [info] Getting sessions for all scopes...
2025-12-18 13:26:04.915 [info] Got 2 sessions for ...
2025-12-18 13:26:04.915 [info] Getting sessions for all scopes...
2025-12-18 13:26:04.915 [info] Got 2 sessions for ...
2025-12-18 13:26:04.915 [info] Getting sessions for all scopes...
2025-12-18 13:26:04.915 [info] Got 2 sessions for ...
2025-12-18 13:26:04.915 [info] Getting sessions for all scopes...
2025-12-18 13:26:04.915 [info] Got 2 sessions for ...
2025-12-18 13:26:04.915 [info] Getting sessions for all scopes...
2025-12-18 13:26:04.915 [info] Got 2 sessions for ...
2025-12-18 13:26:04.915 [info] Getting sessions for all scopes...
2025-12-18 13:26:04.915 [info] Got 2 sessions for ...
2025-12-18 13:26:04.915 [info] Getting sessions for all scopes...
2025-12-18 13:26:04.915 [info] Got 2 sessions for ...
2025-12-18 13:26:04.915 [info] Getting sessions for all scopes...
2025-12-18 13:26:04.915 [info] Got 2 sessions for ...
2025-12-18 13:26:04.915 [info] Getting sessions for all scopes...
2025-12-18 13:26:04.915 [info] Got 2 sessions for ...
2025-12-18 13:26:04.915 [info] Getting sessions for all scopes...
2025-12-18 13:26:04.915 [info] Got 2 sessions for ...
2025-12-18 13:26:04.915 [info] Getting sessions for all scopes...
2025-12-18 13:26:04.915 [info] Got 2 sessions for ...
2025-12-18 13:26:04.915 [info] Getting sessions for all scopes...
2025-12-18 13:26:04.915 [info] Got 2 sessions for ...
2025-12-18 13:26:04.915 [info] Getting sessions for all scopes...
2025-12-18 13:26:04.915 [info] Got 2 sessions for ...
2025-12-18 13:26:04.915 [info] Getting sessions for all scopes...
2025-12-18 13:26:04.915 [info] Got 2 sessions for ...
2025-12-18 13:26:04.915 [info] Getting sessions for all scopes...
2025-12-18 13:26:04.915 [info] Got 2 sessions for ...
2025-12-18 13:26:04.915 [info] Getting sessions for all scopes...
2025-12-18 13:26:04.916 [info] Got 2 sessions for ...
2025-12-18 13:26:05.570 [info] FetcherService: Electron fetch failed with status: 429 
2025-12-18 13:26:05.931 [info] FetcherService: Node fetch failed with status: 429 Too Many Requests
2025-12-18 13:26:06.282 [info] FetcherService: Node http/s failed with status: 429 Too Many Requests
