2026-01-08 16:30:39.033 [info] Native locator: Refresh started
2026-01-08 16:30:39.484 [info] Native locator: Refresh finished in 1038 ms
2026-01-08 16:30:39.528 [info] Native locator: Refresh started
2026-01-08 16:30:40.130 [info] > pyenv which python
2026-01-08 16:30:40.130 [info] cwd: .
2026-01-08 16:30:40.143 [info] Python interpreter path: ./.venv/bin/python
2026-01-08 16:30:40.330 [info] Native locator: Refresh finished in 802 ms
2026-01-08 16:30:47.756 [info] Native locator: Refresh started
2026-01-08 16:30:48.184 [info] Native locator: Refresh started
2026-01-08 16:30:48.531 [info] > pyenv which python
2026-01-08 16:30:48.531 [info] cwd: .
2026-01-08 16:30:48.651 [info] Native locator: Refresh finished in 1475 ms
2026-01-08 16:30:48.659 [info] Python interpreter path: ./.venv/bin/python
2026-01-08 16:30:50.448 [info] Send text to terminal: source /home/josie/Documents/programming/python/ppcli/.venv/bin/activate
2026-01-08 16:30:51.637 [info] Starting Pylance language server.
2026-01-08 16:30:57.848 [info] Send text to terminal: source /home/josie/Documents/programming/python/ppcli/.venv/bin/activate
2026-01-08 16:32:45.224 [info] Native locator: Refresh started
2026-01-08 16:32:45.344 [info] Native locator: Refresh started
2026-01-08 16:32:45.345 [info] Native locator: Refresh started
2026-01-08 16:32:45.385 [info] Native locator: Refresh finished in 309 ms
2026-01-08 16:32:45.393 [info] > pyenv which python
2026-01-08 16:32:45.393 [info] cwd: .
2026-01-08 16:32:45.425 [info] Python interpreter path: /bin/python
2026-01-08 16:32:46.723 [info] Selected workspace /home/josie/Documents/programming/python/new for creating virtual environment.
2026-01-08 16:32:46.735 [info] Native locator: Refresh started
2026-01-08 16:32:46.916 [info] Native locator: Refresh finished in 183 ms
2026-01-08 16:32:47.659 [info] Selected interpreter /bin/python for creating virtual environment.
2026-01-08 16:32:47.710 [info] Running Env creation script:  [
  '/bin/python',
  '/home/josie/.vscode/extensions/ms-python.python-2025.20.1-linux-x64/python_files/create_venv.py',
  '--git-ignore'
]
2026-01-08 16:32:47.710 [info] > /bin/python ~/.vscode/extensions/ms-python.python-2025.20.1-linux-x64/python_files/create_venv.py --git-ignore
2026-01-08 16:32:47.710 [info] cwd: .
2026-01-08 16:32:47.978 [info] Running: /bin/python -m venv --without-pip .venv
2026-01-08 16:32:48.044 [info] CREATED_VENV:/home/josie/Documents/programming/python/new/.venv/bin/python
CREATE_VENV.DOWNLOADING_PIP
2026-01-08 16:32:48.894 [info] CREATE_VENV.INSTALLING_PIP
Running: /home/josie/Documents/programming/python/new/.venv/bin/python /home/josie/Documents/programming/python/new/.venv/pip.pyz install pip
2026-01-08 16:32:49.085 [info] Starting Pylance language server.
2026-01-08 16:32:51.087 [info] Collecting pip
2026-01-08 16:32:51.089 [info]   Using cached pip-25.3-py3-none-any.whl.metadata (4.7 kB)
2026-01-08 16:32:51.096 [info] Using cached pip-25.3-py3-none-any.whl (1.8 MB)
2026-01-08 16:32:51.120 [info] Installing collected packages: pip
2026-01-08 16:32:52.154 [info] Successfully installed pip-25.3
2026-01-08 16:32:52.432 [info] Active interpreter [/home/josie/Documents/programming/python/new]:  /home/josie/Documents/programming/python/new/.venv/bin/python
2026-01-08 16:32:52.441 [info] Python interpreter path: ./.venv/bin/python
2026-01-08 16:33:35.497 [info] Send text to terminal: source /home/josie/Documents/programming/python/new/.venv/bin/activate
2026-01-08 16:38:31.408 [info] CreateEnv Trigger - Skipping for /home/josie/Documents/programming/python/new/main.py
2026-01-08 16:38:31.618 [info] Send text to terminal: source /home/josie/Documents/programming/python/new/.venv/bin/activate
