2026-01-08 16:30:39.033 [info] Starting Python Locator /home/josie/.vscode/extensions/ms-python.python-2025.20.1-linux-x64/python-env-tools/bin/pet server
2026-01-08 16:30:39.463 [info] Discovered env: /home/josie/Documents/programming/python/metronome/.venv/bin/python
2026-01-08 16:30:39.468 [info] Discovered env: /bin/python
2026-01-08 16:30:39.469 [info] Discovered env: /usr/bin/python
2026-01-08 16:30:39.469 [info] Env ("/usr/sbin/python") in Path resolved as ResolvedPythonEnv { executable: "/usr/sbin/python", prefix: "/usr", version: "3.13.7.final.0", is64_bit: true, symlinks: Some(["/usr/sbin/python"]) } and reported as Some(GlobalPaths)
2026-01-08 16:30:39.469 [info] Discovered env: /usr/sbin/python
2026-01-08 16:30:39.471 [info] Env ("/sbin/python") in Path resolved as ResolvedPythonEnv { executable: "/sbin/python", prefix: "/usr", version: "3.13.7.final.0", is64_bit: true, symlinks: Some(["/sbin/python"]) } and reported as Some(GlobalPaths)
2026-01-08 16:30:39.471 [info] Discovered env: /sbin/python
2026-01-08 16:30:39.474 [info] Env ("/sbin/python3") in Path resolved as ResolvedPythonEnv { executable: "/sbin/python3", prefix: "/usr", version: "3.13.7.final.0", is64_bit: true, symlinks: Some(["/sbin/python3"]) } and reported as Some(GlobalPaths)
2026-01-08 16:30:39.476 [info] Discovered env: /sbin/python3
2026-01-08 16:30:39.477 [info] Env ("/usr/sbin/python3") in Path resolved as ResolvedPythonEnv { executable: "/usr/sbin/python3", prefix: "/usr", version: "3.13.7.final.0", is64_bit: true, symlinks: Some(["/usr/sbin/python3"]) } and reported as Some(GlobalPaths)
2026-01-08 16:30:39.477 [info] Discovered env: /usr/sbin/python3
2026-01-08 16:30:39.480 [info] Env ("/usr/sbin/python3.13") in Path resolved as ResolvedPythonEnv { executable: "/usr/sbin/python3.13", prefix: "/usr", version: "3.13.7.final.0", is64_bit: true, symlinks: Some(["/usr/sbin/python3.13"]) } and reported as Some(GlobalPaths)
2026-01-08 16:30:39.480 [info] Discovered env: /usr/sbin/python3.13
2026-01-08 16:30:39.480 [info] Env ("/sbin/python3.13") in Path resolved as ResolvedPythonEnv { executable: "/sbin/python3.13", prefix: "/usr", version: "3.13.7.final.0", is64_bit: true, symlinks: Some(["/sbin/python3.13"]) } and reported as Some(GlobalPaths)
2026-01-08 16:30:39.481 [info] Discovered env: /sbin/python3.13
2026-01-08 16:30:39.481 [info] Locator Conda took 208.715608ms
2026-01-08 16:30:39.481 [info] Locator Homebrew took 432.17µs
2026-01-08 16:30:39.482 [info] Locator LinuxGlobal took 268.00593ms
2026-01-08 16:30:39.482 [info] Locator PipEnv took 24.515µs
2026-01-08 16:30:39.482 [info] Locator Pixi took 17.594µs
2026-01-08 16:30:39.482 [info] Locator Poetry took 220.227µs
2026-01-08 16:30:39.482 [info] Locator PyEnv took 970.4µs
2026-01-08 16:30:39.482 [info] Locator Uv took 63.513µs
2026-01-08 16:30:39.482 [info] Locator Venv took 24.728µs
2026-01-08 16:30:39.482 [info] Locator VirtualEnv took 19.905µs
2026-01-08 16:30:39.483 [info] Locator VirtualEnvWrapper took 23.728µs
2026-01-08 16:30:39.483 [info] Locator GlobalVirtualEnvs took 138.899µs
2026-01-08 16:30:39.483 [info] Locator Locators took 276.513877ms
2026-01-08 16:30:39.483 [info] Locator Path took 406.629039ms
2026-01-08 16:30:39.483 [info] Locator Workspaces took 90.581273ms
2026-01-08 16:30:39.483 [info] Refresh completed in 407ms
2026-01-08 16:30:40.113 [info] Discovered env: /home/josie/Documents/programming/python/metronome/.venv/bin/python
2026-01-08 16:30:40.137 [info] Resolved Python Environment /home/josie/Documents/programming/python/metronome/.venv/bin/python
2026-01-08 16:30:40.199 [info] Discovered env: /bin/python
2026-01-08 16:30:40.203 [info] Discovered env: /usr/bin/python
2026-01-08 16:30:40.204 [info] Env ("/usr/sbin/python") in Path resolved as ResolvedPythonEnv { executable: "/usr/sbin/python", prefix: "/usr", version: "3.13.7.final.0", is64_bit: true, symlinks: Some(["/usr/sbin/python"]) } and reported as Some(GlobalPaths)
2026-01-08 16:30:40.204 [info] Discovered env: /usr/sbin/python
2026-01-08 16:30:40.208 [info] Env ("/sbin/python") in Path resolved as ResolvedPythonEnv { executable: "/sbin/python", prefix: "/usr", version: "3.13.7.final.0", is64_bit: true, symlinks: Some(["/sbin/python"]) } and reported as Some(GlobalPaths)
2026-01-08 16:30:40.208 [info] Discovered env: /sbin/python
2026-01-08 16:30:40.319 [info] Env ("/usr/sbin/python3") in Path resolved as ResolvedPythonEnv { executable: "/usr/sbin/python3", prefix: "/usr", version: "3.13.7.final.0", is64_bit: true, symlinks: Some(["/usr/sbin/python3"]) } and reported as Some(GlobalPaths)
2026-01-08 16:30:40.319 [info] Discovered env: /usr/sbin/python3
2026-01-08 16:30:40.323 [info] Env ("/sbin/python3") in Path resolved as ResolvedPythonEnv { executable: "/sbin/python3", prefix: "/usr", version: "3.13.7.final.0", is64_bit: true, symlinks: Some(["/sbin/python3"]) } and reported as Some(GlobalPaths)
2026-01-08 16:30:40.323 [info] Env ("/usr/sbin/python3.13") in Path resolved as ResolvedPythonEnv { executable: "/usr/sbin/python3.13", prefix: "/usr", version: "3.13.7.final.0", is64_bit: true, symlinks: Some(["/usr/sbin/python3.13"]) } and reported as Some(GlobalPaths)
2026-01-08 16:30:40.323 [info] Discovered env: /usr/sbin/python3.13
2026-01-08 16:30:40.324 [info] Discovered env: /sbin/python3
2026-01-08 16:30:40.325 [info] Env ("/sbin/python3.13") in Path resolved as ResolvedPythonEnv { executable: "/sbin/python3.13", prefix: "/usr", version: "3.13.7.final.0", is64_bit: true, symlinks: Some(["/sbin/python3.13"]) } and reported as Some(GlobalPaths)
2026-01-08 16:30:40.327 [info] Discovered env: /sbin/python3.13
2026-01-08 16:30:40.328 [info] Locator Conda took 152.796152ms
2026-01-08 16:30:40.328 [info] Locator Homebrew took 64.213µs
2026-01-08 16:30:40.328 [info] Locator LinuxGlobal took 201.899618ms
2026-01-08 16:30:40.328 [info] Locator PipEnv took 16.943µs
2026-01-08 16:30:40.328 [info] Locator Pixi took 18.566µs
2026-01-08 16:30:40.328 [info] Locator Poetry took 118.369µs
2026-01-08 16:30:40.328 [info] Locator PyEnv took 205.308µs
2026-01-08 16:30:40.329 [info] Locator Uv took 26.708µs
2026-01-08 16:30:40.329 [info] Locator Venv took 18.445µs
2026-01-08 16:30:40.329 [info] Locator VirtualEnv took 117.414µs
2026-01-08 16:30:40.329 [info] Locator VirtualEnvWrapper took 17.876µs
2026-01-08 16:30:40.329 [info] Locator GlobalVirtualEnvs took 39.738µs
2026-01-08 16:30:40.329 [info] Locator Locators took 206.986397ms
2026-01-08 16:30:40.329 [info] Locator Path took 386.818942ms
2026-01-08 16:30:40.329 [info] Locator Workspaces took 35.352573ms
2026-01-08 16:30:40.329 [info] Refresh completed in 387ms
2026-01-08 16:30:47.764 [info] Starting Python Locator /home/josie/.vscode/extensions/ms-python.python-2025.20.1-linux-x64/python-env-tools/bin/pet server
2026-01-08 16:30:48.075 [info] Discovered env: /home/josie/Documents/programming/python/ppcli/.venv/bin/python
2026-01-08 16:30:48.641 [info] Discovered env: /usr/bin/python
2026-01-08 16:30:48.642 [info] Env ("/sbin/python") in Path resolved as ResolvedPythonEnv { executable: "/sbin/python", prefix: "/usr", version: "3.13.7.final.0", is64_bit: true, symlinks: Some(["/sbin/python"]) } and reported as Some(GlobalPaths)
2026-01-08 16:30:48.642 [info] Discovered env: /sbin/python
2026-01-08 16:30:48.643 [info] Discovered env: /bin/python
2026-01-08 16:30:48.644 [info] Env ("/sbin/python3") in Path resolved as ResolvedPythonEnv { executable: "/sbin/python3", prefix: "/usr", version: "3.13.7.final.0", is64_bit: true, symlinks: Some(["/sbin/python3"]) } and reported as Some(GlobalPaths)
2026-01-08 16:30:48.644 [info] Discovered env: /sbin/python3
2026-01-08 16:30:48.645 [info] Env ("/usr/sbin/python") in Path resolved as ResolvedPythonEnv { executable: "/usr/sbin/python", prefix: "/usr", version: "3.13.7.final.0", is64_bit: true, symlinks: Some(["/usr/sbin/python"]) } and reported as Some(GlobalPaths)
2026-01-08 16:30:48.645 [info] Discovered env: /usr/sbin/python
2026-01-08 16:30:48.646 [info] Env ("/sbin/python3.13") in Path resolved as ResolvedPythonEnv { executable: "/sbin/python3.13", prefix: "/usr", version: "3.13.7.final.0", is64_bit: true, symlinks: Some(["/sbin/python3.13"]) } and reported as Some(GlobalPaths)
2026-01-08 16:30:48.647 [info] Discovered env: /sbin/python3.13
2026-01-08 16:30:48.647 [info] Env ("/usr/sbin/python3") in Path resolved as ResolvedPythonEnv { executable: "/usr/sbin/python3", prefix: "/usr", version: "3.13.7.final.0", is64_bit: true, symlinks: Some(["/usr/sbin/python3"]) } and reported as Some(GlobalPaths)
2026-01-08 16:30:48.648 [info] Discovered env: /usr/sbin/python3
2026-01-08 16:30:48.648 [info] Env ("/usr/sbin/python3.13") in Path resolved as ResolvedPythonEnv { executable: "/usr/sbin/python3.13", prefix: "/usr", version: "3.13.7.final.0", is64_bit: true, symlinks: Some(["/usr/sbin/python3.13"]) } and reported as Some(GlobalPaths)
2026-01-08 16:30:48.648 [info] Discovered env: /usr/sbin/python3.13
2026-01-08 16:30:48.649 [info] Locator Conda took 218.043473ms
2026-01-08 16:30:48.649 [info] Locator Homebrew took 91.822µs
2026-01-08 16:30:48.649 [info] Locator LinuxGlobal took 305.318632ms
2026-01-08 16:30:48.649 [info] Locator PipEnv took 22.524µs
2026-01-08 16:30:48.649 [info] Locator Pixi took 32.208µs
2026-01-08 16:30:48.649 [info] Locator Poetry took 176.313µs
2026-01-08 16:30:48.649 [info] Locator PyEnv took 331.979µs
2026-01-08 16:30:48.649 [info] Locator Uv took 36.341µs
2026-01-08 16:30:48.649 [info] Locator Venv took 24.772µs
2026-01-08 16:30:48.649 [info] Locator VirtualEnv took 22.528µs
2026-01-08 16:30:48.649 [info] Locator VirtualEnvWrapper took 24.604µs
2026-01-08 16:30:48.649 [info] Locator GlobalVirtualEnvs took 277.578µs
2026-01-08 16:30:48.649 [info] Locator Locators took 312.71789ms
2026-01-08 16:30:48.649 [info] Locator Path took 391.227481ms
2026-01-08 16:30:48.649 [info] Locator Workspaces took 53.592756ms
2026-01-08 16:30:48.649 [info] Refresh completed in 391ms
2026-01-08 16:30:48.655 [warning] Inaccurate Python Environment Info for => 
Environment (Venv)
   Executable  : /home/josie/Documents/programming/python/ppcli/.venv/bin/python
   Version     : 3.13.11
   Prefix      : /home/josie/Documents/programming/python/ppcli/.venv
   Symlinks    : "/home/josie/Documents/programming/python/ppcli/.venv/bin/python"
               : "/home/josie/Documents/programming/python/ppcli/.venv/bin/python3"
               : "/home/josie/Documents/programming/python/ppcli/.venv/bin/python3.13"
.
Resolved as => 
Environment (Venv)
   Executable  : /home/josie/Documents/programming/python/ppcli/.venv/bin/python
   Version     : 3.13.7.final.0
   Prefix      : /home/josie/Documents/programming/python/ppcli/.venv
   Architecture: x64
   Symlinks    : "/home/josie/Documents/programming/python/ppcli/.venv/bin/python"
               : "/home/josie/Documents/programming/python/ppcli/.venv/bin/python3"
               : "/home/josie/Documents/programming/python/ppcli/.venv/bin/python3.13"

Incorrect information => 
Environment Some(Venv) incorrectly identified
   Version is incorrect

2026-01-08 16:30:48.656 [info] Resolved Python Environment /home/josie/Documents/programming/python/ppcli/.venv/bin/python
2026-01-08 16:31:49.176 [warning] Inaccurate Python Environment Info for => 
Environment (Venv)
   Executable  : /home/josie/Documents/programming/python/ppcli/.venv/bin/python
   Version     : 3.13.11
   Prefix      : /home/josie/Documents/programming/python/ppcli/.venv
   Symlinks    : "/home/josie/Documents/programming/python/ppcli/.venv/bin/python"
               : "/home/josie/Documents/programming/python/ppcli/.venv/bin/python3"
               : "/home/josie/Documents/programming/python/ppcli/.venv/bin/python3.13"
.
Resolved as => 
Environment (Venv)
   Executable  : /home/josie/Documents/programming/python/ppcli/.venv/bin/python
   Version     : 3.13.7.final.0
   Prefix      : /home/josie/Documents/programming/python/ppcli/.venv
   Architecture: x64
   Symlinks    : "/home/josie/Documents/programming/python/ppcli/.venv/bin/python"
               : "/home/josie/Documents/programming/python/ppcli/.venv/bin/python3"
               : "/home/josie/Documents/programming/python/ppcli/.venv/bin/python3.13"

Incorrect information => 
Environment Some(Venv) incorrectly identified
   Version is incorrect

2026-01-08 16:31:49.177 [info] Resolved Python Environment /home/josie/Documents/programming/python/ppcli/.venv/bin/python
2026-01-08 16:32:45.224 [info] Starting Python Locator /home/josie/.vscode/extensions/ms-python.python-2025.20.1-linux-x64/python-env-tools/bin/pet server
2026-01-08 16:32:45.263 [info] Discovered env: /bin/python
2026-01-08 16:32:45.373 [info] Env ("/sbin/python") in Path resolved as ResolvedPythonEnv { executable: "/sbin/python", prefix: "/usr", version: "3.13.7.final.0", is64_bit: true, symlinks: Some(["/sbin/python"]) } and reported as Some(GlobalPaths)
2026-01-08 16:32:45.373 [info] Discovered env: /sbin/python
2026-01-08 16:32:45.375 [info] Discovered env: /usr/bin/python
2026-01-08 16:32:45.376 [info] Env ("/usr/sbin/python") in Path resolved as ResolvedPythonEnv { executable: "/usr/sbin/python", prefix: "/usr", version: "3.13.7.final.0", is64_bit: true, symlinks: Some(["/usr/sbin/python"]) } and reported as Some(GlobalPaths)
2026-01-08 16:32:45.376 [info] Discovered env: /usr/sbin/python
2026-01-08 16:32:45.379 [info] Env ("/usr/sbin/python3") in Path resolved as ResolvedPythonEnv { executable: "/usr/sbin/python3", prefix: "/usr", version: "3.13.7.final.0", is64_bit: true, symlinks: Some(["/usr/sbin/python3"]) } and reported as Some(GlobalPaths)
2026-01-08 16:32:45.379 [info] Discovered env: /usr/sbin/python3
2026-01-08 16:32:45.380 [info] Env ("/sbin/python3") in Path resolved as ResolvedPythonEnv { executable: "/sbin/python3", prefix: "/usr", version: "3.13.7.final.0", is64_bit: true, symlinks: Some(["/sbin/python3"]) } and reported as Some(GlobalPaths)
2026-01-08 16:32:45.380 [info] Discovered env: /sbin/python3
2026-01-08 16:32:45.382 [info] Env ("/usr/sbin/python3.13") in Path resolved as ResolvedPythonEnv { executable: "/usr/sbin/python3.13", prefix: "/usr", version: "3.13.7.final.0", is64_bit: true, symlinks: Some(["/usr/sbin/python3.13"]) } and reported as Some(GlobalPaths)
2026-01-08 16:32:45.382 [info] Discovered env: /usr/sbin/python3.13
2026-01-08 16:32:45.382 [info] Env ("/sbin/python3.13") in Path resolved as ResolvedPythonEnv { executable: "/sbin/python3.13", prefix: "/usr", version: "3.13.7.final.0", is64_bit: true, symlinks: Some(["/sbin/python3.13"]) } and reported as Some(GlobalPaths)
2026-01-08 16:32:45.382 [info] Discovered env: /sbin/python3.13
2026-01-08 16:32:45.382 [info] Locator Conda took 140.889908ms
2026-01-08 16:32:45.382 [info] Locator Homebrew took 85.607µs
2026-01-08 16:32:45.382 [info] Locator LinuxGlobal took 183.774761ms
2026-01-08 16:32:45.382 [info] Locator PipEnv took 5.087697ms
2026-01-08 16:32:45.382 [info] Locator Pixi took 24.054µs
2026-01-08 16:32:45.383 [info] Locator Poetry took 152.438µs
2026-01-08 16:32:45.383 [info] Locator PyEnv took 112.559µs
2026-01-08 16:32:45.383 [info] Locator Uv took 37.434µs
2026-01-08 16:32:45.383 [info] Locator Venv took 59.632µs
2026-01-08 16:32:45.383 [info] Locator VirtualEnv took 22.943µs
2026-01-08 16:32:45.383 [info] Locator VirtualEnvWrapper took 3.065677ms
2026-01-08 16:32:45.383 [info] Locator GlobalVirtualEnvs took 98.924µs
2026-01-08 16:32:45.383 [info] Locator Locators took 190.932919ms
2026-01-08 16:32:45.383 [info] Locator Path took 246.816699ms
2026-01-08 16:32:45.383 [info] Locator Workspaces took 23.122851ms
2026-01-08 16:32:45.383 [info] Refresh completed in 247ms
2026-01-08 16:32:45.424 [info] Resolved Python Environment /bin/python
2026-01-08 16:32:46.820 [info] Discovered env: /usr/bin/python
2026-01-08 16:32:46.841 [info] Discovered env: /bin/python
2026-01-08 16:32:46.854 [info] Env ("/sbin/python") in Path resolved as ResolvedPythonEnv { executable: "/sbin/python", prefix: "/usr", version: "3.13.7.final.0", is64_bit: true, symlinks: Some(["/sbin/python"]) } and reported as Some(GlobalPaths)
2026-01-08 16:32:46.856 [info] Discovered env: /sbin/python
2026-01-08 16:32:46.857 [info] Env ("/usr/sbin/python") in Path resolved as ResolvedPythonEnv { executable: "/usr/sbin/python", prefix: "/usr", version: "3.13.7.final.0", is64_bit: true, symlinks: Some(["/usr/sbin/python"]) } and reported as Some(GlobalPaths)
2026-01-08 16:32:46.857 [info] Discovered env: /usr/sbin/python
2026-01-08 16:32:46.878 [info] Env ("/usr/sbin/python3") in Path resolved as ResolvedPythonEnv { executable: "/usr/sbin/python3", prefix: "/usr", version: "3.13.7.final.0", is64_bit: true, symlinks: Some(["/usr/sbin/python3"]) } and reported as Some(GlobalPaths)
2026-01-08 16:32:46.881 [info] Discovered env: /usr/sbin/python3
2026-01-08 16:32:46.908 [info] Env ("/sbin/python3") in Path resolved as ResolvedPythonEnv { executable: "/sbin/python3", prefix: "/usr", version: "3.13.7.final.0", is64_bit: true, symlinks: Some(["/sbin/python3"]) } and reported as Some(GlobalPaths)
2026-01-08 16:32:46.911 [info] Discovered env: /sbin/python3
2026-01-08 16:32:46.912 [info] Env ("/usr/sbin/python3.13") in Path resolved as ResolvedPythonEnv { executable: "/usr/sbin/python3.13", prefix: "/usr", version: "3.13.7.final.0", is64_bit: true, symlinks: Some(["/usr/sbin/python3.13"]) } and reported as Some(GlobalPaths)
2026-01-08 16:32:46.912 [info] Discovered env: /usr/sbin/python3.13
2026-01-08 16:32:46.913 [info] Env ("/sbin/python3.13") in Path resolved as ResolvedPythonEnv { executable: "/sbin/python3.13", prefix: "/usr", version: "3.13.7.final.0", is64_bit: true, symlinks: Some(["/sbin/python3.13"]) } and reported as Some(GlobalPaths)
2026-01-08 16:32:46.913 [info] Discovered env: /sbin/python3.13
2026-01-08 16:32:46.915 [info] Locator Conda took 96.445306ms
2026-01-08 16:32:46.915 [info] Locator Homebrew took 69.97µs
2026-01-08 16:32:46.915 [info] Locator LinuxGlobal took 94.924994ms
2026-01-08 16:32:46.915 [info] Locator PipEnv took 45.325µs
2026-01-08 16:32:46.915 [info] Locator Pixi took 32.807µs
2026-01-08 16:32:46.915 [info] Locator Poetry took 161.224µs
2026-01-08 16:32:46.915 [info] Locator PyEnv took 1.149311ms
2026-01-08 16:32:46.915 [info] Locator Uv took 37.585µs
2026-01-08 16:32:46.915 [info] Locator Venv took 15.884µs
2026-01-08 16:32:46.916 [info] Locator VirtualEnv took 22.072µs
2026-01-08 16:32:46.916 [info] Locator VirtualEnvWrapper took 22.482µs
2026-01-08 16:32:46.916 [info] Locator GlobalVirtualEnvs took 61.358µs
2026-01-08 16:32:46.916 [info] Locator Locators took 101.072558ms
2026-01-08 16:32:46.916 [info] Locator Path took 175.823932ms
2026-01-08 16:32:46.916 [info] Locator Workspaces took 1.143745ms
2026-01-08 16:32:46.916 [info] Refresh completed in 175ms
2026-01-08 16:32:48.147 [info] Resolved Python Environment /home/josie/Documents/programming/python/new/.venv/bin/python
2026-01-08 16:32:52.440 [info] Resolved Python Environment /home/josie/Documents/programming/python/new/.venv/bin/python
2026-01-08 16:33:34.817 [info] Resolved Python Environment /home/josie/Documents/programming/python/new/.venv/bin/python
2026-01-08 16:38:31.357 [info] Resolved Python Environment /home/josie/Documents/programming/python/new/.venv/bin/python
2026-01-08 16:39:02.205 [info] Resolved Python Environment /home/josie/Documents/programming/python/new/.venv/bin/python
2026-01-08 16:41:08.798 [info] Resolved Python Environment /home/josie/Documents/programming/python/new/.venv/bin/python
2026-01-08 16:41:53.452 [info] Resolved Python Environment /home/josie/Documents/programming/python/new/.venv/bin/python
