2026-01-08 16:30:35.829 [info] Revived process, old id 99c609b292cda71359492959afa58b4e-7 -> new id 1
2026-01-08 16:30:35.829 [info] Revived process, old id 99c609b292cda71359492959afa58b4e-8 -> new id 2
2026-01-08 16:30:35.829 [info] Revived process, old id 99c609b292cda71359492959afa58b4e-10 -> new id 3
2026-01-08 16:30:36.214 [info] Expanding terminal instance, old id 99c609b292cda71359492959afa58b4e-7 -> new id 1
2026-01-08 16:30:36.214 [info] Expanding terminal instance, old id 99c609b292cda71359492959afa58b4e-8 -> new id 2
2026-01-08 16:30:36.214 [info] Expanding terminal instance, old id 99c609b292cda71359492959afa58b4e-10 -> new id 3
2026-01-08 16:30:37.473 [warning] Persistent process "1": Process had no disconnect runners but was an orphan
2026-01-08 16:30:37.473 [info] Persistent process reconnection "1"
2026-01-08 16:30:37.474 [warning] Persistent process "2": Process had no disconnect runners but was an orphan
2026-01-08 16:30:37.474 [info] Persistent process reconnection "2"
2026-01-08 16:30:37.475 [warning] Persistent process "3": Process had no disconnect runners but was an orphan
2026-01-08 16:30:37.475 [info] Persistent process reconnection "3"
2026-01-08 16:30:37.713 [error] Failed to set sticky bit on /tmp/josie-code-zsh: Error: ENOENT: no such file or directory, chmod '/tmp/josie-code-zsh'
2026-01-08 16:30:37.816 [info] Persistent process "1": Replaying 2202 chars and 1 size events
2026-01-08 16:30:37.881 [info] Persistent process "3": Replaying 7574 chars and 1 size events
2026-01-08 16:30:37.927 [info] Persistent process "2": Replaying 4857 chars and 1 size events
2026-01-08 16:30:45.397 [info] Revived process, old id 69a2c3f074d8d62358ae353eb46093bc-1 -> new id 5
2026-01-08 16:30:45.397 [info] Revived process, old id 69a2c3f074d8d62358ae353eb46093bc-2 -> new id 6
2026-01-08 16:30:45.397 [info] Revived process, old id 69a2c3f074d8d62358ae353eb46093bc-3 -> new id 7
2026-01-08 16:30:45.397 [info] Revived process, old id 69a2c3f074d8d62358ae353eb46093bc-5 -> new id 8
2026-01-08 16:30:45.397 [info] Revived process, old id 69a2c3f074d8d62358ae353eb46093bc-6 -> new id 9
2026-01-08 16:30:45.465 [info] Expanding terminal instance, old id 69a2c3f074d8d62358ae353eb46093bc-1 -> new id 5
2026-01-08 16:30:45.465 [info] Expanding terminal instance, old id 69a2c3f074d8d62358ae353eb46093bc-2 -> new id 6
2026-01-08 16:30:45.465 [info] Expanding terminal instance, old id 69a2c3f074d8d62358ae353eb46093bc-3 -> new id 7
2026-01-08 16:30:45.465 [info] Expanding terminal instance, old id 69a2c3f074d8d62358ae353eb46093bc-5 -> new id 8
2026-01-08 16:30:45.698 [warning] Persistent process "5": Process had no disconnect runners but was an orphan
2026-01-08 16:30:45.698 [info] Persistent process reconnection "5"
2026-01-08 16:30:45.699 [warning] Persistent process "6": Process had no disconnect runners but was an orphan
2026-01-08 16:30:45.699 [info] Persistent process reconnection "6"
2026-01-08 16:30:45.700 [warning] Persistent process "7": Process had no disconnect runners but was an orphan
2026-01-08 16:30:45.700 [info] Persistent process reconnection "7"
2026-01-08 16:30:45.702 [warning] Persistent process "8": Process had no disconnect runners but was an orphan
2026-01-08 16:30:45.702 [info] Persistent process reconnection "8"
2026-01-08 16:30:45.715 [info] Persistent process "5": Replaying 1679 chars and 1 size events
2026-01-08 16:30:45.721 [info] Persistent process "6": Replaying 3070 chars and 1 size events
2026-01-08 16:30:45.736 [info] Persistent process "7": Replaying 626 chars and 1 size events
2026-01-08 16:30:45.751 [info] Persistent process "8": Replaying 376 chars and 1 size events
