2026-01-08 16:30:38.590 [info] Reading sessions from keychain...
2026-01-08 16:30:38.590 [info] Getting sessions for all scopes...
2026-01-08 16:30:38.776 [info] Got stored sessions!
2026-01-08 16:30:38.784 [info] Got 2 verified sessions.
2026-01-08 16:30:38.784 [info] Got 2 sessions for ...
2026-01-08 16:30:38.784 [info] Getting sessions for all scopes...
2026-01-08 16:30:38.784 [info] Got 2 sessions for ...
2026-01-08 16:30:38.784 [info] Getting sessions for all scopes...
2026-01-08 16:30:38.784 [info] Got 2 sessions for ...
2026-01-08 16:30:38.784 [info] Getting sessions for all scopes...
2026-01-08 16:30:38.784 [info] Got 2 sessions for ...
2026-01-08 16:30:38.785 [info] Getting sessions for all scopes...
2026-01-08 16:30:38.785 [info] Got 2 sessions for ...
2026-01-08 16:30:38.785 [info] Getting sessions for all scopes...
2026-01-08 16:30:38.785 [info] Got 2 sessions for ...
2026-01-08 16:30:38.785 [info] Getting sessions for all scopes...
2026-01-08 16:30:38.785 [info] Got 2 sessions for ...
2026-01-08 16:30:38.785 [info] Getting sessions for all scopes...
2026-01-08 16:30:38.785 [info] Got 2 sessions for ...
2026-01-08 16:30:38.958 [info] Getting sessions for all scopes...
2026-01-08 16:30:38.958 [info] Got 2 sessions for ...
2026-01-08 16:30:38.964 [info] Getting sessions for all scopes...
2026-01-08 16:30:38.964 [info] Got 2 sessions for ...
2026-01-08 16:30:38.965 [info] Getting sessions for all scopes...
2026-01-08 16:30:38.965 [info] Got 2 sessions for ...
2026-01-08 16:30:38.966 [info] Getting sessions for all scopes...
2026-01-08 16:30:38.966 [info] Got 2 sessions for ...
2026-01-08 16:30:38.966 [info] Getting sessions for all scopes...
2026-01-08 16:30:38.967 [info] Got 2 sessions for ...
2026-01-08 16:30:38.969 [info] Getting sessions for all scopes...
2026-01-08 16:30:38.969 [info] Got 2 sessions for ...
2026-01-08 16:30:39.022 [info] Getting sessions for all scopes...
2026-01-08 16:30:39.022 [info] Got 2 sessions for ...
2026-01-08 16:30:40.440 [info] FetcherService: Electron fetch failed with status: 429 
2026-01-08 16:30:40.861 [info] FetcherService: Node fetch failed with status: 429 Too Many Requests
2026-01-08 16:30:41.238 [info] FetcherService: Node http/s failed with status: 429 Too Many Requests
2026-01-08 16:30:41.369 [info] Getting sessions for all scopes...
2026-01-08 16:30:41.369 [info] Got 2 sessions for ...
2026-01-08 16:30:47.686 [info] Reading sessions from keychain...
2026-01-08 16:30:47.686 [info] Got stored sessions!
2026-01-08 16:30:47.686 [info] Got 2 verified sessions.
2026-01-08 16:30:47.686 [info] Getting sessions for all scopes...
2026-01-08 16:30:47.686 [info] Got 2 sessions for ...
2026-01-08 16:30:47.686 [info] Getting sessions for all scopes...
2026-01-08 16:30:47.686 [info] Got 2 sessions for ...
2026-01-08 16:30:47.686 [info] Getting sessions for all scopes...
2026-01-08 16:30:47.686 [info] Got 2 sessions for ...
2026-01-08 16:30:47.686 [info] Getting sessions for all scopes...
2026-01-08 16:30:47.686 [info] Got 2 sessions for ...
2026-01-08 16:30:47.686 [info] Getting sessions for all scopes...
2026-01-08 16:30:47.686 [info] Got 2 sessions for ...
2026-01-08 16:30:47.686 [info] Getting sessions for all scopes...
2026-01-08 16:30:47.686 [info] Got 2 sessions for ...
2026-01-08 16:30:47.686 [info] Getting sessions for all scopes...
2026-01-08 16:30:47.686 [info] Got 2 sessions for ...
2026-01-08 16:30:47.686 [info] Getting sessions for all scopes...
2026-01-08 16:30:47.686 [info] Got 2 sessions for ...
2026-01-08 16:30:47.686 [info] Getting sessions for all scopes...
2026-01-08 16:30:47.686 [info] Got 2 sessions for ...
2026-01-08 16:30:47.686 [info] Getting sessions for all scopes...
2026-01-08 16:30:47.686 [info] Got 2 sessions for ...
2026-01-08 16:30:47.686 [info] Getting sessions for all scopes...
2026-01-08 16:30:47.686 [info] Got 2 sessions for ...
2026-01-08 16:30:47.686 [info] Getting sessions for all scopes...
2026-01-08 16:30:47.686 [info] Got 2 sessions for ...
2026-01-08 16:30:47.686 [info] Getting sessions for all scopes...
2026-01-08 16:30:47.686 [info] Got 2 sessions for ...
2026-01-08 16:30:47.686 [info] Getting sessions for all scopes...
2026-01-08 16:30:47.686 [info] Got 2 sessions for ...
2026-01-08 16:30:47.686 [info] Getting sessions for all scopes...
2026-01-08 16:30:47.686 [info] Got 2 sessions for ...
2026-01-08 16:30:47.686 [info] Getting sessions for all scopes...
2026-01-08 16:30:47.686 [info] Got 2 sessions for ...
2026-01-08 16:30:48.229 [info] Getting sessions for read:user,repo,user:email,workflow...
2026-01-08 16:30:48.229 [info] Got 1 sessions for read:user,repo,user:email,workflow...
2026-01-08 16:30:48.538 [info] FetcherService: Electron fetch failed with status: 429 
2026-01-08 16:30:48.906 [info] FetcherService: Node fetch failed with status: 429 Too Many Requests
2026-01-08 16:30:49.266 [info] FetcherService: Node http/s failed with status: 429 Too Many Requests
2026-01-08 16:32:41.580 [info] Reading sessions from keychain...
2026-01-08 16:32:41.581 [info] Got stored sessions!
2026-01-08 16:32:41.581 [info] Got 2 verified sessions.
2026-01-08 16:32:41.581 [info] Getting sessions for all scopes...
2026-01-08 16:32:41.581 [info] Got 2 sessions for ...
2026-01-08 16:32:41.581 [info] Getting sessions for all scopes...
2026-01-08 16:32:41.581 [info] Got 2 sessions for ...
2026-01-08 16:32:41.581 [info] Getting sessions for all scopes...
2026-01-08 16:32:41.581 [info] Got 2 sessions for ...
2026-01-08 16:32:41.584 [info] Getting sessions for all scopes...
2026-01-08 16:32:41.584 [info] Got 2 sessions for ...
2026-01-08 16:32:41.584 [info] Getting sessions for all scopes...
2026-01-08 16:32:41.584 [info] Got 2 sessions for ...
2026-01-08 16:32:41.585 [info] Getting sessions for all scopes...
2026-01-08 16:32:41.585 [info] Got 2 sessions for ...
2026-01-08 16:32:41.585 [info] Getting sessions for all scopes...
2026-01-08 16:32:41.585 [info] Got 2 sessions for ...
2026-01-08 16:32:41.585 [info] Getting sessions for all scopes...
2026-01-08 16:32:41.585 [info] Got 2 sessions for ...
2026-01-08 16:32:41.586 [info] Getting sessions for all scopes...
2026-01-08 16:32:41.586 [info] Got 2 sessions for ...
2026-01-08 16:32:41.591 [info] Getting sessions for all scopes...
2026-01-08 16:32:41.591 [info] Got 2 sessions for ...
2026-01-08 16:32:41.610 [info] Getting sessions for all scopes...
2026-01-08 16:32:41.611 [info] Got 2 sessions for ...
2026-01-08 16:32:41.611 [info] Getting sessions for all scopes...
2026-01-08 16:32:41.611 [info] Got 2 sessions for ...
2026-01-08 16:32:41.611 [info] Getting sessions for all scopes...
2026-01-08 16:32:41.611 [info] Got 2 sessions for ...
2026-01-08 16:32:41.612 [info] Getting sessions for all scopes...
2026-01-08 16:32:41.613 [info] Got 2 sessions for ...
2026-01-08 16:32:41.613 [info] Getting sessions for all scopes...
2026-01-08 16:32:41.613 [info] Got 2 sessions for ...
2026-01-08 16:32:42.727 [info] FetcherService: Electron fetch failed with status: 429 
2026-01-08 16:32:42.970 [info] Getting sessions for all scopes...
2026-01-08 16:32:42.970 [info] Got 2 sessions for ...
2026-01-08 16:32:43.131 [info] FetcherService: Node fetch failed with status: 429 Too Many Requests
2026-01-08 16:32:43.481 [info] FetcherService: Node http/s failed with status: 429 Too Many Requests
