2025-12-18 11:27:26.467 [warning] [debugpy]: Couldn't find message for key debugpy.command.debugInTerminal.title.
2025-12-18 11:27:26.471 [warning] [debugpy]: Couldn't find message for key debugpy.command.debugUsingLaunchConfig.title.
2025-12-18 11:27:26.471 [warning] [debugpy]: Couldn't find message for key debugpy.command.clearCacheAndReload.title.
2025-12-18 11:27:26.472 [warning] [debugpy]: Couldn't find message for key debugpy.command.viewOutput.title.
2025-12-18 11:27:26.472 [warning] [debugpy]: Couldn't find message for key debugpy.command.reportIssue.title.
2025-12-18 11:27:26.472 [warning] [debugpy]: Couldn't find message for key debugpy.command.clearCacheAndReload.title.
2025-12-18 11:27:26.472 [warning] [debugpy]: Couldn't find message for key debugpy.command.debugInTerminal.title.
2025-12-18 11:27:26.473 [warning] [debugpy]: Couldn't find message for key debugpy.command.debugUsingLaunchConfig.title.
2025-12-18 11:27:26.474 [warning] [debugpy]: Couldn't find message for key debugpy.command.viewOutput.title.
2025-12-18 11:27:26.474 [warning] [debugpy]: Couldn't find message for key debugpy.command.reportIssue.title.
2025-12-18 11:27:26.475 [warning] [debugpy]: Couldn't find message for key debugpy.command.debugInTerminal.title.
2025-12-18 11:27:26.476 [warning] [debugpy]: Couldn't find message for key debugpy.command.debugUsingLaunchConfig.title.
2025-12-18 11:27:26.477 [warning] [debugpy]: Couldn't find message for key debugpy.debugJustMyCode.description.
2025-12-18 11:27:26.477 [warning] [debugpy]: Couldn't find message for key debugpy.showPythonInlineValues.description.
2025-12-18 11:27:26.478 [warning] [python]: Couldn't find message for key walkthrough.pythonWelcome.title.
2025-12-18 11:27:26.479 [warning] [python]: Couldn't find message for key walkthrough.pythonWelcome.description.
2025-12-18 11:27:26.479 [warning] [python]: Couldn't find message for key walkthrough.step.python.createPythonFolder.title.
2025-12-18 11:27:26.479 [warning] [python]: Couldn't find message for key walkthrough.step.python.createPythonFolder.description.
2025-12-18 11:27:26.480 [warning] [python]: Couldn't find message for key walkthrough.step.python.createPythonFile.altText.
2025-12-18 11:27:26.480 [warning] [python]: Couldn't find message for key walkthrough.step.python.createPythonFile.title.
2025-12-18 11:27:26.481 [warning] [python]: Couldn't find message for key walkthrough.step.python.createPythonFile.description.
2025-12-18 11:27:26.482 [warning] [python]: Couldn't find message for key walkthrough.step.python.createPythonFile.altText.
2025-12-18 11:27:26.482 [warning] [python]: Couldn't find message for key walkthrough.step.python.installPythonWin8.title.
2025-12-18 11:27:26.482 [warning] [python]: Couldn't find message for key walkthrough.step.python.installPythonWin8.description.
2025-12-18 11:27:26.482 [warning] [python]: Couldn't find message for key walkthrough.step.python.installPythonMac.title.
2025-12-18 11:27:26.482 [warning] [python]: Couldn't find message for key walkthrough.step.python.installPythonMac.description.
2025-12-18 11:27:26.483 [warning] [python]: Couldn't find message for key walkthrough.step.python.installPythonLinux.title.
2025-12-18 11:27:26.483 [warning] [python]: Couldn't find message for key walkthrough.step.python.installPythonLinux.description.
2025-12-18 11:27:26.483 [warning] [python]: Couldn't find message for key walkthrough.step.python.createEnvironment.title.
2025-12-18 11:27:26.483 [warning] [python]: Couldn't find message for key walkthrough.step.python.createEnvironment.description.
2025-12-18 11:27:26.483 [warning] [python]: Couldn't find message for key walkthrough.step.python.createEnvironment.altText.
2025-12-18 11:27:26.484 [warning] [python]: Couldn't find message for key walkthrough.step.python.runAndDebug.title.
2025-12-18 11:27:26.484 [warning] [python]: Couldn't find message for key walkthrough.step.python.runAndDebug.description.
2025-12-18 11:27:26.484 [warning] [python]: Couldn't find message for key walkthrough.step.python.runAndDebug.altText.
2025-12-18 11:27:26.484 [warning] [python]: Couldn't find message for key walkthrough.step.python.learnMoreWithDS.title.
2025-12-18 11:27:26.485 [warning] [python]: Couldn't find message for key walkthrough.step.python.learnMoreWithDS.description.
2025-12-18 11:27:26.485 [warning] [python]: Couldn't find message for key walkthrough.step.python.learnMoreWithDS.altText.
2025-12-18 11:27:26.485 [warning] [python]: Couldn't find message for key walkthrough.pythonDataScienceWelcome.title.
2025-12-18 11:27:26.485 [warning] [python]: Couldn't find message for key walkthrough.pythonDataScienceWelcome.description.
2025-12-18 11:27:26.486 [warning] [python]: Couldn't find message for key walkthrough.step.python.installJupyterExt.title.
2025-12-18 11:27:26.486 [warning] [python]: Couldn't find message for key walkthrough.step.python.installJupyterExt.description.
2025-12-18 11:27:26.486 [warning] [python]: Couldn't find message for key walkthrough.step.python.installJupyterExt.altText.
2025-12-18 11:27:26.486 [warning] [python]: Couldn't find message for key walkthrough.step.python.createNewNotebook.title.
2025-12-18 11:27:26.486 [warning] [python]: Couldn't find message for key walkthrough.step.python.createNewNotebook.description.
2025-12-18 11:27:26.487 [warning] [python]: Couldn't find message for key walkthrough.step.python.createNewNotebook.altText.
2025-12-18 11:27:26.487 [warning] [python]: Couldn't find message for key walkthrough.step.python.openInteractiveWindow.title.
2025-12-18 11:27:26.487 [warning] [python]: Couldn't find message for key walkthrough.step.python.openInteractiveWindow.description.
2025-12-18 11:27:26.487 [warning] [python]: Couldn't find message for key walkthrough.step.python.openInteractiveWindow.altText.
2025-12-18 11:27:26.487 [warning] [python]: Couldn't find message for key walkthrough.step.python.dataScienceLearnMore.title.
2025-12-18 11:27:26.488 [warning] [python]: Couldn't find message for key walkthrough.step.python.dataScienceLearnMore.description.
2025-12-18 11:27:26.488 [warning] [python]: Couldn't find message for key walkthrough.step.python.dataScienceLearnMore.altText.
2025-12-18 11:27:26.488 [warning] [python]: Couldn't find message for key python.command.python.createNewFile.title.
2025-12-18 11:27:26.488 [warning] [python]: Couldn't find message for key python.menu.createNewFile.title.
2025-12-18 11:27:26.488 [warning] [python]: Couldn't find message for key python.command.python.testing.copyTestId.title.
2025-12-18 11:27:26.488 [warning] [python]: Couldn't find message for key python.command.python.analysis.restartLanguageServer.title.
2025-12-18 11:27:26.489 [warning] [python]: Couldn't find message for key python.command.python.clearCacheAndReload.title.
2025-12-18 11:27:26.489 [warning] [python]: Couldn't find message for key python.command.python.clearWorkspaceInterpreter.title.
2025-12-18 11:27:26.489 [warning] [python]: Couldn't find message for key python.command.python.configureTests.title.
2025-12-18 11:27:26.489 [warning] [python]: Couldn't find message for key python.command.python.createTerminal.title.
2025-12-18 11:27:26.490 [warning] [python]: Couldn't find message for key python.command.python.createEnvironment.title.
2025-12-18 11:27:26.491 [warning] [python]: Couldn't find message for key python.command.python.createEnvironment.title.
2025-12-18 11:27:26.492 [warning] [python]: Couldn't find message for key python.command.python.execInTerminal.title.
2025-12-18 11:27:26.492 [warning] [python]: Couldn't find message for key python.command.python.execInTerminalIcon.title.
2025-12-18 11:27:26.493 [warning] [python]: Couldn't find message for key python.command.python.execInDedicatedTerminal.title.
2025-12-18 11:27:26.493 [warning] [python]: Couldn't find message for key python.command.python.execSelectionInDjangoShell.title.
2025-12-18 11:27:26.493 [warning] [python]: Couldn't find message for key python.command.python.execSelectionInTerminal.title.
2025-12-18 11:27:26.493 [warning] [python]: Couldn't find message for key python.command.python.execSelectionInTerminal.shortTitle.
2025-12-18 11:27:26.494 [warning] [python]: Couldn't find message for key python.command.python.execInREPL.title.
2025-12-18 11:27:26.494 [warning] [python]: Couldn't find message for key python.command.python.reportIssue.title.
2025-12-18 11:27:26.494 [warning] [python]: Couldn't find message for key python.command.testing.rerunFailedTests.title.
2025-12-18 11:27:26.494 [warning] [python]: Couldn't find message for key python.command.python.setInterpreter.title.
2025-12-18 11:27:26.494 [warning] [python]: Couldn't find message for key python.command.python.startTerminalREPL.title.
2025-12-18 11:27:26.495 [warning] [python]: Couldn't find message for key python.command.python.startNativeREPL.title.
2025-12-18 11:27:26.495 [warning] [python]: Couldn't find message for key python.command.python.viewLanguageServerOutput.title.
2025-12-18 11:27:26.495 [warning] [python]: Couldn't find message for key python.command.python.viewOutput.title.
2025-12-18 11:27:26.495 [warning] [python]: Couldn't find message for key python.command.python.installJupyter.title.
2025-12-18 11:27:26.496 [warning] [python]: Couldn't find message for key python.activeStateToolPath.description.
2025-12-18 11:27:26.496 [warning] [python]: Couldn't find message for key python.autoComplete.extraPaths.description.
2025-12-18 11:27:26.496 [warning] [python]: Couldn't find message for key python.createEnvironment.contentButton.description.
2025-12-18 11:27:26.496 [warning] [python]: Couldn't find message for key python.createEnvironment.trigger.description.
2025-12-18 11:27:26.496 [warning] [python]: Couldn't find message for key python.condaPath.description.
2025-12-18 11:27:26.497 [warning] [python]: Couldn't find message for key python.defaultInterpreterPath.description.
2025-12-18 11:27:26.497 [warning] [python]: Couldn't find message for key python.envFile.description.
2025-12-18 11:27:26.497 [warning] [python]: Couldn't find message for key python.useEnvironmentsExtension.description.
2025-12-18 11:27:26.497 [warning] [python]: Couldn't find message for key python.experiments.enabled.description.
2025-12-18 11:27:26.498 [warning] [python]: Couldn't find message for key python.experiments.optInto.description.
2025-12-18 11:27:26.498 [warning] [python]: Couldn't find message for key python.experiments.All.description.
2025-12-18 11:27:26.498 [warning] [python]: Couldn't find message for key python.experiments.pythonSurveyNotification.description.
2025-12-18 11:27:26.498 [warning] [python]: Couldn't find message for key python.experiments.pythonPromptNewToolsExt.description.
2025-12-18 11:27:26.499 [warning] [python]: Couldn't find message for key python.experiments.pythonTerminalEnvVarActivation.description.
2025-12-18 11:27:26.499 [warning] [python]: Couldn't find message for key python.experiments.pythonDiscoveryUsingWorkers.description.
2025-12-18 11:27:26.499 [warning] [python]: Couldn't find message for key python.experiments.pythonTestAdapter.description.
2025-12-18 11:27:26.499 [warning] [python]: Couldn't find message for key python.experiments.optOutFrom.description.
2025-12-18 11:27:26.499 [warning] [python]: Couldn't find message for key python.experiments.All.description.
2025-12-18 11:27:26.500 [warning] [python]: Couldn't find message for key python.experiments.pythonSurveyNotification.description.
2025-12-18 11:27:26.500 [warning] [python]: Couldn't find message for key python.experiments.pythonPromptNewToolsExt.description.
2025-12-18 11:27:26.500 [warning] [python]: Couldn't find message for key python.experiments.pythonTerminalEnvVarActivation.description.
2025-12-18 11:27:26.500 [warning] [python]: Couldn't find message for key python.experiments.pythonDiscoveryUsingWorkers.description.
2025-12-18 11:27:26.501 [warning] [python]: Couldn't find message for key python.experiments.pythonTestAdapter.description.
2025-12-18 11:27:26.501 [warning] [python]: Couldn't find message for key python.globalModuleInstallation.description.
2025-12-18 11:27:26.501 [warning] [python]: Couldn't find message for key python.languageServer.description.
2025-12-18 11:27:26.509 [warning] [python]: Couldn't find message for key python.languageServer.defaultDescription.
2025-12-18 11:27:26.510 [warning] [python]: Couldn't find message for key python.languageServer.jediDescription.
2025-12-18 11:27:26.510 [warning] [python]: Couldn't find message for key python.languageServer.pylanceDescription.
2025-12-18 11:27:26.511 [warning] [python]: Couldn't find message for key python.languageServer.noneDescription.
2025-12-18 11:27:26.511 [warning] [python]: Couldn't find message for key python.interpreter.infoVisibility.description.
2025-12-18 11:27:26.511 [warning] [python]: Couldn't find message for key python.interpreter.infoVisibility.never.description.
2025-12-18 11:27:26.511 [warning] [python]: Couldn't find message for key python.interpreter.infoVisibility.onPythonRelated.description.
2025-12-18 11:27:26.513 [warning] [python]: Couldn't find message for key python.interpreter.infoVisibility.always.description.
2025-12-18 11:27:26.513 [warning] [python]: Couldn't find message for key python.logging.level.deprecation.
2025-12-18 11:27:26.513 [warning] [python]: Couldn't find message for key python.logging.level.description.
2025-12-18 11:27:26.514 [warning] [python]: Couldn't find message for key python.missingPackage.severity.description.
2025-12-18 11:27:26.515 [warning] [python]: Couldn't find message for key python.locator.description.
2025-12-18 11:27:26.515 [warning] [python]: Couldn't find message for key python.pipenvPath.description.
2025-12-18 11:27:26.515 [warning] [python]: Couldn't find message for key python.poetryPath.description.
2025-12-18 11:27:26.515 [warning] [python]: Couldn't find message for key python.pixiToolPath.description.
2025-12-18 11:27:26.516 [warning] [python]: Couldn't find message for key python.terminal.activateEnvInCurrentTerminal.description.
2025-12-18 11:27:26.516 [warning] [python]: Couldn't find message for key python.terminal.activateEnvironment.description.
2025-12-18 11:27:26.516 [warning] [python]: Couldn't find message for key python.terminal.executeInFileDir.description.
2025-12-18 11:27:26.516 [warning] [python]: Couldn't find message for key python.terminal.focusAfterLaunch.description.
2025-12-18 11:27:26.517 [warning] [python]: Couldn't find message for key python.terminal.launchArgs.description.
2025-12-18 11:27:26.517 [warning] [python]: Couldn't find message for key python.terminal.shellIntegration.enabled.description.
2025-12-18 11:27:26.517 [warning] [python]: Couldn't find message for key python.EnableREPLSmartSend.description.
2025-12-18 11:27:26.517 [warning] [python]: Couldn't find message for key python.REPL.sendToNativeREPL.description.
2025-12-18 11:27:26.517 [warning] [python]: Couldn't find message for key python.REPL.provideVariables.description.
2025-12-18 11:27:26.518 [warning] [python]: Couldn't find message for key python.testing.autoTestDiscoverOnSaveEnabled.description.
2025-12-18 11:27:26.518 [warning] [python]: Couldn't find message for key python.testing.autoTestDiscoverOnSavePattern.description.
2025-12-18 11:27:26.518 [warning] [python]: Couldn't find message for key python.testing.cwd.description.
2025-12-18 11:27:26.518 [warning] [python]: Couldn't find message for key python.testing.debugPort.description.
2025-12-18 11:27:26.518 [warning] [python]: Couldn't find message for key python.testing.promptToConfigure.description.
2025-12-18 11:27:26.519 [warning] [python]: Couldn't find message for key python.testing.pytestArgs.description.
2025-12-18 11:27:26.519 [warning] [python]: Couldn't find message for key python.testing.pytestEnabled.description.
2025-12-18 11:27:26.519 [warning] [python]: Couldn't find message for key python.testing.pytestPath.description.
2025-12-18 11:27:26.519 [warning] [python]: Couldn't find message for key python.testing.unittestArgs.description.
2025-12-18 11:27:26.520 [warning] [python]: Couldn't find message for key python.testing.unittestEnabled.description.
2025-12-18 11:27:26.520 [warning] [python]: Couldn't find message for key python.venvFolders.description.
2025-12-18 11:27:26.529 [warning] [python]: Couldn't find message for key python.venvPath.description.
2025-12-18 11:27:26.532 [warning] [python]: Couldn't find message for key python.debugger.deprecatedMessage.
2025-12-18 11:27:26.533 [warning] [python]: Couldn't find message for key python.command.python.analysis.restartLanguageServer.title.
2025-12-18 11:27:26.533 [warning] [python]: Couldn't find message for key python.command.python.clearCacheAndReload.title.
2025-12-18 11:27:26.536 [warning] [python]: Couldn't find message for key python.command.python.clearWorkspaceInterpreter.title.
2025-12-18 11:27:26.538 [warning] [python]: Couldn't find message for key python.command.python.configureTests.title.
2025-12-18 11:27:26.538 [warning] [python]: Couldn't find message for key python.command.python.createEnvironment.title.
2025-12-18 11:27:26.543 [warning] [python]: Couldn't find message for key python.command.python.createEnvironment.title.
2025-12-18 11:27:26.544 [warning] [python]: Couldn't find message for key python.command.python.createTerminal.title.
2025-12-18 11:27:26.546 [warning] [python]: Couldn't find message for key python.command.python.execInTerminal.title.
2025-12-18 11:27:26.548 [warning] [python]: Couldn't find message for key python.command.python.execInTerminalIcon.title.
2025-12-18 11:27:26.549 [warning] [python]: Couldn't find message for key python.command.python.execInDedicatedTerminal.title.
2025-12-18 11:27:26.550 [warning] [python]: Couldn't find message for key python.command.python.execSelectionInDjangoShell.title.
2025-12-18 11:27:26.551 [warning] [python]: Couldn't find message for key python.command.python.execSelectionInTerminal.title.
2025-12-18 11:27:26.552 [warning] [python]: Couldn't find message for key python.command.python.testing.copyTestId.title.
2025-12-18 11:27:26.553 [warning] [python]: Couldn't find message for key python.command.python.execInREPL.title.
2025-12-18 11:27:26.553 [warning] [python]: Couldn't find message for key python.command.python.reportIssue.title.
2025-12-18 11:27:26.554 [warning] [python]: Couldn't find message for key python.command.testing.rerunFailedTests.title.
2025-12-18 11:27:26.555 [warning] [python]: Couldn't find message for key python.command.python.setInterpreter.title.
2025-12-18 11:27:26.555 [warning] [python]: Couldn't find message for key python.command.python.startTerminalREPL.title.
2025-12-18 11:27:26.556 [warning] [python]: Couldn't find message for key python.command.python.startNativeREPL.title.
2025-12-18 11:27:26.561 [warning] [python]: Couldn't find message for key python.command.python.viewLanguageServerOutput.title.
2025-12-18 11:27:26.561 [warning] [python]: Couldn't find message for key python.command.python.viewOutput.title.
2025-12-18 11:27:26.561 [warning] [python]: Couldn't find message for key python.command.python.execInTerminalIcon.title.
2025-12-18 11:27:26.561 [warning] [python]: Couldn't find message for key python.command.python.execInDedicatedTerminal.title.
2025-12-18 11:27:26.562 [warning] [python]: Couldn't find message for key python.editor.context.submenu.runPython.
2025-12-18 11:27:26.562 [warning] [python]: Couldn't find message for key python.editor.context.submenu.runPythonInteractive.
2025-12-18 11:27:26.562 [warning] [python]: Couldn't find message for key python.languageModelTools.get_python_environment_details.userDescription.
2025-12-18 11:27:26.562 [warning] [python]: Couldn't find message for key python.languageModelTools.get_python_executable_details.userDescription.
2025-12-18 11:27:26.563 [warning] [python]: Couldn't find message for key python.languageModelTools.install_python_packages.userDescription.
2025-12-18 11:27:26.563 [warning] [python]: Couldn't find message for key python.languageModelTools.configure_python_environment.userDescription.
2025-12-18 11:27:27.146 [info] Deleted marked for removal extension from disk ms-python.debugpy /home/josie/.vscode/extensions/ms-python.debugpy-2025.16.0-linux-x64
2025-12-18 11:27:27.150 [info] Deleted marked for removal extension from disk ms-python.python /home/josie/.vscode/extensions/ms-python.python-2025.20.0-linux-x64
