2026-01-21 12:54:29 Loading main app package /usr/lib/obsidian/obsidian.asar
2026-01-21 12:54:29 Checking for update using Github
2026-01-21 12:54:29 Success.
2026-01-21 12:54:29 Latest version is 1.11.5
2026-01-21 12:54:29 Downloading update from https://github.com/obsidianmd/obsidian-releases/releases/download/v1.11.5/obsidian-1.11.5.asar.gz
2026-01-21 12:54:32 Verifying hash & signature. Size= 8771203
2026-01-21 12:54:32 Saving file
2026-01-21 12:54:32 Update complete.
2026-01-21 13:54:29 Checking for update using Github
2026-01-21 13:54:29 Success.
2026-01-21 13:54:29 Latest version is 1.11.5
2026-01-21 13:54:29 An update is already downloaded.
2026-01-21 14:54:29 Checking for update using Github
2026-01-21 14:54:29 Success.
2026-01-21 14:54:29 Latest version is 1.11.5
2026-01-21 14:54:29 An update is already downloaded.
2026-01-21 15:54:29 Checking for update using Github
2026-01-21 15:54:29 Success.
2026-01-21 15:54:29 Latest version is 1.11.5
2026-01-21 15:54:29 An update is already downloaded.
2026-01-21 16:54:29 Checking for update using Github
2026-01-21 16:54:40 Success.
2026-01-21 16:54:40 Latest version is 1.11.5
2026-01-21 16:54:40 An update is already downloaded.
2026-01-29 11:13:32 Loading updated app package /home/josie/.config/obsidian/obsidian-1.11.5.asar
2026-01-29 11:13:33 Checking for update using Github
2026-01-29 11:13:33 Success.
2026-01-29 11:13:33 Latest version is 1.11.5
2026-01-29 11:13:33 App is up to date.
2026-01-29 12:13:33 Checking for update using Github
2026-01-29 12:13:33 Success.
2026-01-29 12:13:33 Latest version is 1.11.5
2026-01-29 12:13:33 App is up to date.
2026-01-30 23:04:40 Loading updated app package /home/josie/.config/obsidian/obsidian-1.11.5.asar
2026-01-30 23:04:40 Checking for update using Github
2026-01-30 23:04:40 Success.
2026-01-30 23:04:40 Latest version is 1.11.5
2026-01-30 23:04:40 App is up to date.
2026-01-31 18:47:40 Loading updated app package /home/josie/.config/obsidian/obsidian-1.11.5.asar
2026-01-31 18:47:41 Checking for update using Github
2026-01-31 18:47:41 Success.
2026-01-31 18:47:41 Latest version is 1.11.5
2026-01-31 18:47:41 App is up to date.
