2026-01-05 15:26:09.686 [info] [main] Log level: Info
2026-01-05 15:26:09.686 [info] [main] Validating found git in: "git"
2026-01-05 15:26:09.686 [info] [main] Using git "2.52.0" from "git"
2026-01-05 15:26:09.686 [info] [Model][doInitialScan] Initial repository scan started
2026-01-05 15:26:09.686 [info] > git rev-parse --show-toplevel [15ms]
2026-01-05 15:26:09.686 [info] fatal: not a git repository (or any parent up to mount point /)
Stopping at filesystem boundary (GIT_DISCOVERY_ACROSS_FILESYSTEM not set).
2026-01-05 15:26:09.686 [info] > git rev-parse --show-toplevel [45ms]
2026-01-05 15:26:09.686 [info] fatal: not a git repository (or any parent up to mount point /)
Stopping at filesystem boundary (GIT_DISCOVERY_ACROSS_FILESYSTEM not set).
2026-01-05 15:26:09.692 [info] > git rev-parse --show-toplevel [15ms]
2026-01-05 15:26:09.692 [info] fatal: not a git repository (or any parent up to mount point /)
Stopping at filesystem boundary (GIT_DISCOVERY_ACROSS_FILESYSTEM not set).
2026-01-05 15:26:09.695 [info] [Model][doInitialScan] Initial repository scan completed - repositories (0), closed repositories (0), parent repositories (0), unsafe repositories (0)
2026-01-05 15:26:10.043 [info] > git rev-parse --show-toplevel [59ms]
2026-01-05 15:26:10.043 [info] fatal: not a git repository (or any parent up to mount point /)
Stopping at filesystem boundary (GIT_DISCOVERY_ACROSS_FILESYSTEM not set).
2026-01-05 15:26:10.184 [info] > git rev-parse --show-toplevel [3ms]
2026-01-05 15:26:10.184 [info] fatal: not a git repository (or any parent up to mount point /)
Stopping at filesystem boundary (GIT_DISCOVERY_ACROSS_FILESYSTEM not set).
2026-01-05 15:26:10.439 [info] > git rev-parse --show-toplevel [5ms]
2026-01-05 15:26:10.440 [info] fatal: not a git repository (or any parent up to mount point /)
Stopping at filesystem boundary (GIT_DISCOVERY_ACROSS_FILESYSTEM not set).
2026-01-05 15:26:10.564 [info] > git rev-parse --show-toplevel [2ms]
2026-01-05 15:26:10.564 [info] fatal: not a git repository (or any parent up to mount point /)
Stopping at filesystem boundary (GIT_DISCOVERY_ACROSS_FILESYSTEM not set).
2026-01-05 15:28:47.456 [info] [main] Log level: Info
2026-01-05 15:28:47.456 [info] [main] Validating found git in: "git"
2026-01-05 15:28:47.456 [info] [main] Using git "2.52.0" from "git"
2026-01-05 15:28:47.456 [info] [Model][doInitialScan] Initial repository scan started
2026-01-05 15:28:47.456 [info] > git rev-parse --show-toplevel [20ms]
2026-01-05 15:28:47.456 [info] fatal: not a git repository (or any parent up to mount point /)
Stopping at filesystem boundary (GIT_DISCOVERY_ACROSS_FILESYSTEM not set).
2026-01-05 15:28:47.459 [info] > git rev-parse --show-toplevel [4ms]
2026-01-05 15:28:47.459 [info] fatal: not a git repository (or any parent up to mount point /)
Stopping at filesystem boundary (GIT_DISCOVERY_ACROSS_FILESYSTEM not set).
2026-01-05 15:28:47.480 [info] > git rev-parse --show-toplevel [8ms]
2026-01-05 15:28:47.480 [info] fatal: not a git repository (or any parent up to mount point /)
Stopping at filesystem boundary (GIT_DISCOVERY_ACROSS_FILESYSTEM not set).
2026-01-05 15:28:47.488 [info] > git rev-parse --show-toplevel [1ms]
2026-01-05 15:28:47.488 [info] fatal: not a git repository (or any parent up to mount point /)
Stopping at filesystem boundary (GIT_DISCOVERY_ACROSS_FILESYSTEM not set).
2026-01-05 15:28:47.499 [info] > git rev-parse --show-toplevel [5ms]
2026-01-05 15:28:47.499 [info] fatal: not a git repository (or any parent up to mount point /)
Stopping at filesystem boundary (GIT_DISCOVERY_ACROSS_FILESYSTEM not set).
2026-01-05 15:28:47.510 [info] > git rev-parse --show-toplevel [3ms]
2026-01-05 15:28:47.510 [info] fatal: not a git repository (or any parent up to mount point /)
Stopping at filesystem boundary (GIT_DISCOVERY_ACROSS_FILESYSTEM not set).
2026-01-05 15:28:47.515 [info] [Model][doInitialScan] Initial repository scan completed - repositories (0), closed repositories (0), parent repositories (0), unsafe repositories (0)
2026-01-05 15:28:48.052 [info] > git rev-parse --show-toplevel [280ms]
2026-01-05 15:28:48.068 [info] fatal: not a git repository (or any parent up to mount point /)
Stopping at filesystem boundary (GIT_DISCOVERY_ACROSS_FILESYSTEM not set).
2026-01-05 15:28:49.001 [info] > git rev-parse --show-toplevel [1ms]
2026-01-05 15:28:49.001 [info] fatal: not a git repository (or any parent up to mount point /)
Stopping at filesystem boundary (GIT_DISCOVERY_ACROSS_FILESYSTEM not set).
2026-01-05 15:28:49.224 [info] > git rev-parse --show-toplevel [5ms]
2026-01-05 15:28:49.224 [info] fatal: not a git repository (or any parent up to mount point /)
Stopping at filesystem boundary (GIT_DISCOVERY_ACROSS_FILESYSTEM not set).
2026-01-05 15:28:50.208 [info] > git rev-parse --show-toplevel [4ms]
2026-01-05 15:28:50.208 [info] fatal: not a git repository (or any parent up to mount point /)
Stopping at filesystem boundary (GIT_DISCOVERY_ACROSS_FILESYSTEM not set).
2026-01-05 15:28:51.481 [info] > git rev-parse --show-toplevel [13ms]
2026-01-05 15:28:51.481 [info] fatal: not a git repository (or any parent up to mount point /)
Stopping at filesystem boundary (GIT_DISCOVERY_ACROSS_FILESYSTEM not set).
2026-01-05 15:30:51.269 [info] > git rev-parse --show-toplevel [2ms]
2026-01-05 15:30:51.269 [info] fatal: not a git repository (or any parent up to mount point /)
Stopping at filesystem boundary (GIT_DISCOVERY_ACROSS_FILESYSTEM not set).
2026-01-05 15:32:40.584 [info] > git rev-parse --show-toplevel [5ms]
2026-01-05 15:32:40.586 [info] fatal: not a git repository (or any parent up to mount point /)
Stopping at filesystem boundary (GIT_DISCOVERY_ACROSS_FILESYSTEM not set).
2026-01-05 15:32:52.833 [info] > git rev-parse --show-toplevel [1ms]
2026-01-05 15:32:52.834 [info] fatal: not a git repository (or any parent up to mount point /)
Stopping at filesystem boundary (GIT_DISCOVERY_ACROSS_FILESYSTEM not set).
2026-01-05 15:33:49.056 [info] > git rev-parse --show-toplevel [3ms]
2026-01-05 15:33:49.056 [info] fatal: not a git repository (or any parent up to mount point /)
Stopping at filesystem boundary (GIT_DISCOVERY_ACROSS_FILESYSTEM not set).
2026-01-05 15:34:34.132 [info] > git rev-parse --show-toplevel [2ms]
2026-01-05 15:34:34.132 [info] fatal: not a git repository (or any parent up to mount point /)
Stopping at filesystem boundary (GIT_DISCOVERY_ACROSS_FILESYSTEM not set).
2026-01-05 15:35:48.321 [info] > git rev-parse --show-toplevel [2ms]
2026-01-05 15:35:48.321 [info] fatal: not a git repository (or any parent up to mount point /)
Stopping at filesystem boundary (GIT_DISCOVERY_ACROSS_FILESYSTEM not set).
2026-01-05 15:39:46.142 [info] > git rev-parse --show-toplevel [4ms]
2026-01-05 15:39:46.142 [info] fatal: not a git repository (or any parent up to mount point /)
Stopping at filesystem boundary (GIT_DISCOVERY_ACROSS_FILESYSTEM not set).
2026-01-05 15:39:48.767 [info] > git rev-parse --show-toplevel [2ms]
2026-01-05 15:39:48.767 [info] fatal: not a git repository (or any parent up to mount point /)
Stopping at filesystem boundary (GIT_DISCOVERY_ACROSS_FILESYSTEM not set).
2026-01-05 15:43:32.905 [info] > git rev-parse --show-toplevel [6ms]
2026-01-05 15:43:32.905 [info] fatal: not a git repository (or any parent up to mount point /)
Stopping at filesystem boundary (GIT_DISCOVERY_ACROSS_FILESYSTEM not set).
2026-01-05 15:57:36.500 [info] > git rev-parse --show-toplevel [24ms]
2026-01-05 15:57:36.501 [info] fatal: not a git repository (or any parent up to mount point /)
Stopping at filesystem boundary (GIT_DISCOVERY_ACROSS_FILESYSTEM not set).
2026-01-05 15:57:36.520 [info] > git rev-parse --show-toplevel [13ms]
2026-01-05 15:57:36.520 [info] fatal: not a git repository (or any parent up to mount point /)
Stopping at filesystem boundary (GIT_DISCOVERY_ACROSS_FILESYSTEM not set).
2026-01-05 15:57:36.546 [info] > git rev-parse --show-toplevel [9ms]
2026-01-05 15:57:36.546 [info] fatal: not a git repository (or any parent up to mount point /)
Stopping at filesystem boundary (GIT_DISCOVERY_ACROSS_FILESYSTEM not set).
2026-01-05 15:57:39.678 [info] [main] Log level: Info
2026-01-05 15:57:39.678 [info] [main] Validating found git in: "git"
2026-01-05 15:57:39.678 [info] [main] Using git "2.52.0" from "git"
2026-01-05 15:57:39.678 [info] [Model][doInitialScan] Initial repository scan started
2026-01-05 15:57:39.678 [info] > git rev-parse --show-toplevel [11ms]
2026-01-05 15:57:39.679 [info] fatal: not a git repository (or any parent up to mount point /)
Stopping at filesystem boundary (GIT_DISCOVERY_ACROSS_FILESYSTEM not set).
2026-01-05 15:57:39.679 [info] [Model][doInitialScan] Initial repository scan completed - repositories (0), closed repositories (0), parent repositories (0), unsafe repositories (0)
2026-01-05 15:57:40.308 [info] > git rev-parse --show-toplevel [3ms]
2026-01-05 15:57:40.308 [info] fatal: not a git repository (or any parent up to mount point /)
Stopping at filesystem boundary (GIT_DISCOVERY_ACROSS_FILESYSTEM not set).
2026-01-05 15:57:51.062 [info] > git rev-parse --show-toplevel [5ms]
2026-01-05 15:57:51.062 [info] fatal: not a git repository (or any parent up to mount point /)
Stopping at filesystem boundary (GIT_DISCOVERY_ACROSS_FILESYSTEM not set).
2026-01-05 15:57:52.405 [info] > git rev-parse --show-toplevel [6ms]
2026-01-05 15:57:52.405 [info] fatal: not a git repository (or any parent up to mount point /)
Stopping at filesystem boundary (GIT_DISCOVERY_ACROSS_FILESYSTEM not set).
2026-01-05 15:57:54.215 [info] > git rev-parse --show-toplevel [1ms]
2026-01-05 15:57:54.215 [info] fatal: not a git repository (or any parent up to mount point /)
Stopping at filesystem boundary (GIT_DISCOVERY_ACROSS_FILESYSTEM not set).
2026-01-05 15:58:45.829 [info] > git rev-parse --show-toplevel [25ms]
2026-01-05 15:58:45.830 [info] fatal: not a git repository (or any parent up to mount point /)
Stopping at filesystem boundary (GIT_DISCOVERY_ACROSS_FILESYSTEM not set).
2026-01-05 16:00:00.839 [info] > git rev-parse --show-toplevel [2ms]
2026-01-05 16:00:00.839 [info] fatal: not a git repository (or any parent up to mount point /)
Stopping at filesystem boundary (GIT_DISCOVERY_ACROSS_FILESYSTEM not set).
2026-01-05 16:01:20.262 [info] > git rev-parse --show-toplevel [23ms]
2026-01-05 16:01:20.265 [info] fatal: not a git repository (or any parent up to mount point /)
Stopping at filesystem boundary (GIT_DISCOVERY_ACROSS_FILESYSTEM not set).
2026-01-05 16:04:53.455 [info] > git rev-parse --show-toplevel [11ms]
2026-01-05 16:04:53.457 [info] fatal: not a git repository (or any parent up to mount point /)
Stopping at filesystem boundary (GIT_DISCOVERY_ACROSS_FILESYSTEM not set).
2026-01-05 16:07:00.546 [info] > git rev-parse --show-toplevel [39ms]
2026-01-05 16:07:00.551 [info] fatal: not a git repository (or any parent up to mount point /)
Stopping at filesystem boundary (GIT_DISCOVERY_ACROSS_FILESYSTEM not set).
2026-01-05 16:07:07.421 [info] [main] Log level: Info
2026-01-05 16:07:07.421 [info] [main] Validating found git in: "git"
2026-01-05 16:07:07.421 [info] [main] Using git "2.52.0" from "git"
2026-01-05 16:07:07.421 [info] [Model][doInitialScan] Initial repository scan started
2026-01-05 16:07:07.421 [info] > git rev-parse --show-toplevel [32ms]
2026-01-05 16:07:07.421 [info] fatal: not a git repository (or any parent up to mount point /)
Stopping at filesystem boundary (GIT_DISCOVERY_ACROSS_FILESYSTEM not set).
2026-01-05 16:07:07.421 [info] > git rev-parse --show-toplevel [12ms]
2026-01-05 16:07:07.421 [info] fatal: not a git repository (or any parent up to mount point /)
Stopping at filesystem boundary (GIT_DISCOVERY_ACROSS_FILESYSTEM not set).
2026-01-05 16:07:07.421 [info] > git rev-parse --show-toplevel [3ms]
2026-01-05 16:07:07.421 [info] fatal: not a git repository (or any parent up to mount point /)
Stopping at filesystem boundary (GIT_DISCOVERY_ACROSS_FILESYSTEM not set).
2026-01-05 16:07:07.421 [info] > git rev-parse --show-toplevel [9ms]
2026-01-05 16:07:07.421 [info] fatal: not a git repository (or any parent up to mount point /)
Stopping at filesystem boundary (GIT_DISCOVERY_ACROSS_FILESYSTEM not set).
2026-01-05 16:07:07.421 [info] > git rev-parse --show-toplevel [9ms]
2026-01-05 16:07:07.421 [info] fatal: not a git repository (or any parent up to mount point /)
Stopping at filesystem boundary (GIT_DISCOVERY_ACROSS_FILESYSTEM not set).
2026-01-05 16:07:07.421 [info] > git rev-parse --show-toplevel [6ms]
2026-01-05 16:07:07.421 [info] fatal: not a git repository (or any parent up to mount point /)
Stopping at filesystem boundary (GIT_DISCOVERY_ACROSS_FILESYSTEM not set).
2026-01-05 16:07:07.421 [info] > git rev-parse --show-toplevel [8ms]
2026-01-05 16:07:07.421 [info] fatal: not a git repository (or any parent up to mount point /)
Stopping at filesystem boundary (GIT_DISCOVERY_ACROSS_FILESYSTEM not set).
2026-01-05 16:07:07.421 [info] [Model][doInitialScan] Initial repository scan completed - repositories (0), closed repositories (0), parent repositories (0), unsafe repositories (0)
2026-01-05 16:07:07.890 [info] > git rev-parse --show-toplevel [20ms]
2026-01-05 16:07:07.890 [info] fatal: not a git repository (or any parent up to mount point /)
Stopping at filesystem boundary (GIT_DISCOVERY_ACROSS_FILESYSTEM not set).
2026-01-05 16:07:08.126 [info] > git rev-parse --show-toplevel [9ms]
2026-01-05 16:07:08.126 [info] fatal: not a git repository (or any parent up to mount point /)
Stopping at filesystem boundary (GIT_DISCOVERY_ACROSS_FILESYSTEM not set).
2026-01-05 16:07:27.438 [info] > git init -b main [25ms]
2026-01-05 16:07:27.445 [info] > git rev-parse --show-toplevel [1ms]
2026-01-05 16:07:27.456 [info] > git rev-parse --git-dir --git-common-dir --show-superproject-working-tree [3ms]
2026-01-05 16:07:27.482 [info] [Model][openRepository] Opened repository (path): /home/josie/Documents/programming/python/ppcli
2026-01-05 16:07:27.482 [info] [Model][openRepository] Opened repository (real path): /home/josie/Documents/programming/python/ppcli
2026-01-05 16:07:27.482 [info] [Model][openRepository] Opened repository (kind): repository
2026-01-05 16:07:27.505 [info] > git config --get commit.template [4ms]
2026-01-05 16:07:27.506 [info] > git add -A -- . [14ms]
2026-01-05 16:07:27.525 [info] [Git][getRemotes] No remotes found in the git config file
2026-01-05 16:07:27.526 [info] > git for-each-ref --format=%(refname)%00%(upstream:short)%00%(objectname)%00%(upstream:track)%00%(upstream:remotename)%00%(upstream:remoteref) refs/heads/main refs/remotes/main [2ms]
2026-01-05 16:07:27.543 [info] > git status -z -uall [10ms]
2026-01-05 16:07:27.544 [info] > git -c user.useConfigOnly=true commit --quiet --allow-empty-message --file - --allow-empty-message [29ms]
2026-01-05 16:07:27.553 [info] > git for-each-ref --sort -committerdate --format %(refname)%00%(objectname)%00%(*objectname) [11ms]
2026-01-05 16:07:27.576 [info] > git for-each-ref --format=%(refname)%00%(upstream:short)%00%(objectname)%00%(upstream:track)%00%(upstream:remotename)%00%(upstream:remoteref) refs/heads/main refs/remotes/main [11ms]
2026-01-05 16:07:27.584 [info] > git config --get commit.template [33ms]
2026-01-05 16:07:27.610 [info] > git config --get --local branch.main.vscode-merge-base [26ms]
2026-01-05 16:07:27.610 [warning] [Git][config] git config failed: Failed to execute git
2026-01-05 16:07:27.617 [info] > git config --get commit.template [42ms]
2026-01-05 16:07:27.622 [info] > git reflog main --grep-reflog=branch: Created from *. [6ms]
2026-01-05 16:07:27.623 [info] > git config --get commit.template [18ms]
2026-01-05 16:07:27.631 [info] [Git][getRemotes] No remotes found in the git config file
2026-01-05 16:07:27.647 [info] [Git][getRemotes] No remotes found in the git config file
2026-01-05 16:07:27.649 [info] > git for-each-ref --format=%(refname)%00%(upstream:short)%00%(objectname)%00%(upstream:track)%00%(upstream:remotename)%00%(upstream:remoteref) refs/heads/main refs/remotes/main [19ms]
2026-01-05 16:07:27.689 [info] > git for-each-ref --format=%(refname)%00%(upstream:short)%00%(objectname)%00%(upstream:track)%00%(upstream:remotename)%00%(upstream:remoteref) refs/heads/main refs/remotes/main [42ms]
2026-01-05 16:07:27.711 [info] > git status -z -uall [13ms]
2026-01-05 16:07:27.712 [info] > git for-each-ref --sort -committerdate --format %(refname)%00%(objectname)%00%(*objectname) [8ms]
2026-01-05 16:07:27.738 [info] > git log --format=%H%n%aN%n%aE%n%at%n%ct%n%P%n%D%n%B -z --shortstat --diff-merges=first-parent -n50 --skip=0 --topo-order --decorate=full --stdin [9ms]
2026-01-05 16:07:27.799 [info] [Git][getRemotes] No remotes found in the git config file
2026-01-05 16:07:27.801 [info] > git config --get commit.template [9ms]
2026-01-05 16:07:27.804 [info] > git for-each-ref --format=%(refname)%00%(upstream:short)%00%(objectname)%00%(upstream:track)%00%(upstream:remotename)%00%(upstream:remoteref) refs/heads/main refs/remotes/main [5ms]
2026-01-05 16:07:27.822 [info] > git status -z -uall [11ms]
2026-01-05 16:07:27.867 [info] > git for-each-ref --sort -committerdate --format %(refname)%00%(objectname)%00%(*objectname) [46ms]
2026-01-05 16:07:27.889 [info] > git remote add origin https://github.com/Josie5734/ppcli.git [6ms]
2026-01-05 16:07:27.912 [info] > git config --get commit.template [10ms]
2026-01-05 16:07:27.915 [info] > git for-each-ref --format=%(refname)%00%(upstream:short)%00%(objectname)%00%(upstream:track)%00%(upstream:remotename)%00%(upstream:remoteref) refs/heads/main refs/remotes/main [4ms]
2026-01-05 16:07:27.936 [info] > git status -z -uall [14ms]
2026-01-05 16:07:27.936 [info] > git for-each-ref --sort -committerdate --format %(refname)%00%(objectname)%00%(*objectname) [4ms]
2026-01-05 16:07:28.045 [info] > git show --textconv :main.py [12ms]
2026-01-05 16:07:28.047 [info] > git ls-files --stage -- main.py [3ms]
2026-01-05 16:07:28.056 [info] > git cat-file -s a8d9d2e48b5e3f898ded2e6b07f97075b5136e9c [2ms]
2026-01-05 16:07:28.139 [info] > git blame --root --incremental b28ed62617516d3a5aa2420d7fc8cbb3bf406164 -- main.py [1ms]
2026-01-05 16:07:28.227 [info] > git check-ignore -v -z --stdin [2ms]
2026-01-05 16:07:28.846 [info] > git ls-files --stage -- main.py [1ms]
2026-01-05 16:07:28.854 [info] > git cat-file -s a8d9d2e48b5e3f898ded2e6b07f97075b5136e9c [2ms]
2026-01-05 16:07:28.868 [info] > git show --textconv :main.py [3ms]
2026-01-05 16:07:29.921 [info] > git push -u origin main [1973ms]
2026-01-05 16:07:29.922 [info] /bin/sh: warning: setlocale: LC_ALL: cannot change locale (en_US.UTF-8): No such file or directory
/bin/sh: warning: setlocale: LC_ALL: cannot change locale (en_US.UTF-8): No such file or directory
To https://github.com/Josie5734/ppcli.git
 * [new branch]      main -> main
2026-01-05 16:07:29.957 [info] > git config --get commit.template [18ms]
2026-01-05 16:07:29.961 [info] > git for-each-ref --format=%(refname)%00%(upstream:short)%00%(objectname)%00%(upstream:track)%00%(upstream:remotename)%00%(upstream:remoteref) refs/heads/main refs/remotes/main [5ms]
2026-01-05 16:07:29.991 [info] > git status -z -uall [16ms]
2026-01-05 16:07:29.992 [info] > git for-each-ref --sort -committerdate --format %(refname)%00%(objectname)%00%(*objectname) [3ms]
2026-01-05 16:07:30.011 [info] > git merge-base refs/heads/main refs/remotes/origin/main [3ms]
2026-01-05 16:07:30.020 [info] > git diff --name-status -z --diff-filter=ADMR --find-renames=50% b28ed62617516d3a5aa2420d7fc8cbb3bf406164...refs/remotes/origin/main -- [2ms]
2026-01-05 16:07:30.038 [info] > git log --format=%H%n%aN%n%aE%n%at%n%ct%n%P%n%D%n%B -z --shortstat --diff-merges=first-parent -n50 --skip=0 --topo-order --decorate=full --stdin [5ms]
2026-01-05 16:07:31.147 [info] > git merge-base main origin/main [14ms]
2026-01-05 16:07:31.150 [info] > git ls-files --stage -- main.py [4ms]
2026-01-05 16:07:31.160 [info] > git cat-file -s a8d9d2e48b5e3f898ded2e6b07f97075b5136e9c [3ms]
2026-01-05 16:07:31.235 [info] > git show --textconv :main.py [4ms]
2026-01-05 16:07:56.634 [info] > git check-ignore -v -z --stdin [6ms]
2026-01-05 16:09:05.872 [info] [main] Log level: Info
2026-01-05 16:09:05.872 [info] [main] Validating found git in: "git"
2026-01-05 16:09:05.872 [info] [main] Using git "2.52.0" from "git"
2026-01-05 16:09:05.872 [info] [Model][doInitialScan] Initial repository scan started
2026-01-05 16:09:05.872 [info] > git rev-parse --show-toplevel [24ms]
2026-01-05 16:09:05.872 [info] fatal: not a git repository (or any parent up to mount point /)
Stopping at filesystem boundary (GIT_DISCOVERY_ACROSS_FILESYSTEM not set).
2026-01-05 16:09:05.874 [info] > git rev-parse --show-toplevel [4ms]
2026-01-05 16:09:05.874 [info] fatal: not a git repository (or any parent up to mount point /)
Stopping at filesystem boundary (GIT_DISCOVERY_ACROSS_FILESYSTEM not set).
2026-01-05 16:09:05.884 [info] > git rev-parse --show-toplevel [4ms]
2026-01-05 16:09:05.884 [info] fatal: not a git repository (or any parent up to mount point /)
Stopping at filesystem boundary (GIT_DISCOVERY_ACROSS_FILESYSTEM not set).
2026-01-05 16:09:05.895 [info] > git rev-parse --show-toplevel [4ms]
2026-01-05 16:09:05.895 [info] fatal: not a git repository (or any parent up to mount point /)
Stopping at filesystem boundary (GIT_DISCOVERY_ACROSS_FILESYSTEM not set).
2026-01-05 16:09:05.899 [info] [Model][doInitialScan] Initial repository scan completed - repositories (0), closed repositories (0), parent repositories (0), unsafe repositories (0)
2026-01-05 16:11:04.611 [info] > git rev-parse --show-toplevel [3ms]
2026-01-05 16:11:04.611 [info] fatal: not a git repository (or any parent up to mount point /)
Stopping at filesystem boundary (GIT_DISCOVERY_ACROSS_FILESYSTEM not set).
2026-01-05 16:12:56.322 [info] > git rev-parse --show-toplevel [2ms]
2026-01-05 16:12:56.322 [info] fatal: not a git repository (or any parent up to mount point /)
Stopping at filesystem boundary (GIT_DISCOVERY_ACROSS_FILESYSTEM not set).
2026-01-05 16:18:24.295 [info] > git rev-parse --show-toplevel [2ms]
2026-01-05 16:18:24.295 [info] fatal: not a git repository (or any parent up to mount point /)
Stopping at filesystem boundary (GIT_DISCOVERY_ACROSS_FILESYSTEM not set).
2026-01-05 16:18:48.751 [info] > git rev-parse --show-toplevel [3ms]
2026-01-05 16:18:48.751 [info] fatal: not a git repository (or any parent up to mount point /)
Stopping at filesystem boundary (GIT_DISCOVERY_ACROSS_FILESYSTEM not set).
2026-01-05 16:18:49.352 [info] > git rev-parse --show-toplevel [5ms]
2026-01-05 16:18:49.352 [info] fatal: not a git repository (or any parent up to mount point /)
Stopping at filesystem boundary (GIT_DISCOVERY_ACROSS_FILESYSTEM not set).
2026-01-05 16:18:57.363 [info] > git rev-parse --show-toplevel [2ms]
2026-01-05 16:18:57.363 [info] fatal: not a git repository (or any parent up to mount point /)
Stopping at filesystem boundary (GIT_DISCOVERY_ACROSS_FILESYSTEM not set).
2026-01-05 16:19:04.390 [info] > git rev-parse --show-toplevel [3ms]
2026-01-05 16:19:04.390 [info] fatal: not a git repository (or any parent up to mount point /)
Stopping at filesystem boundary (GIT_DISCOVERY_ACROSS_FILESYSTEM not set).
2026-01-05 16:19:36.756 [info] > git rev-parse --show-toplevel [13ms]
2026-01-05 16:19:36.757 [info] fatal: not a git repository (or any parent up to mount point /)
Stopping at filesystem boundary (GIT_DISCOVERY_ACROSS_FILESYSTEM not set).
2026-01-05 16:19:59.888 [info] > git rev-parse --show-toplevel [8ms]
2026-01-05 16:19:59.888 [info] fatal: not a git repository (or any parent up to mount point /)
Stopping at filesystem boundary (GIT_DISCOVERY_ACROSS_FILESYSTEM not set).
2026-01-05 16:19:59.903 [info] > git rev-parse --show-toplevel [9ms]
2026-01-05 16:19:59.903 [info] fatal: not a git repository (or any parent up to mount point /)
Stopping at filesystem boundary (GIT_DISCOVERY_ACROSS_FILESYSTEM not set).
2026-01-05 16:19:59.920 [info] > git rev-parse --show-toplevel [9ms]
2026-01-05 16:19:59.920 [info] fatal: not a git repository (or any parent up to mount point /)
Stopping at filesystem boundary (GIT_DISCOVERY_ACROSS_FILESYSTEM not set).
2026-01-05 16:19:59.951 [info] > git rev-parse --show-toplevel [13ms]
2026-01-05 16:19:59.951 [info] fatal: not a git repository (or any parent up to mount point /)
Stopping at filesystem boundary (GIT_DISCOVERY_ACROSS_FILESYSTEM not set).
2026-01-05 16:19:59.997 [info] > git rev-parse --show-toplevel [20ms]
2026-01-05 16:19:59.997 [info] fatal: not a git repository (or any parent up to mount point /)
Stopping at filesystem boundary (GIT_DISCOVERY_ACROSS_FILESYSTEM not set).
