2026-01-02 14:39:24.130 [info] [main] Log level: Info
2026-01-02 14:39:24.130 [info] [main] Validating found git in: "git"
2026-01-02 14:39:24.130 [info] [main] Using git "2.52.0" from "git"
2026-01-02 14:39:24.130 [info] [Model][doInitialScan] Initial repository scan started
2026-01-02 14:39:24.130 [info] > git rev-parse --show-toplevel [29ms]
2026-01-02 14:39:24.130 [info] fatal: not a git repository (or any parent up to mount point /)
Stopping at filesystem boundary (GIT_DISCOVERY_ACROSS_FILESYSTEM not set).
2026-01-02 14:39:24.130 [info] > git rev-parse --show-toplevel [11ms]
2026-01-02 14:39:24.130 [info] fatal: not a git repository (or any parent up to mount point /)
Stopping at filesystem boundary (GIT_DISCOVERY_ACROSS_FILESYSTEM not set).
2026-01-02 14:39:24.130 [info] > git rev-parse --show-toplevel [1ms]
2026-01-02 14:39:24.130 [info] fatal: not a git repository (or any parent up to mount point /)
Stopping at filesystem boundary (GIT_DISCOVERY_ACROSS_FILESYSTEM not set).
2026-01-02 14:39:24.130 [info] [Model][doInitialScan] Initial repository scan completed - repositories (0), closed repositories (0), parent repositories (0), unsafe repositories (0)
2026-01-02 14:39:24.553 [info] > git rev-parse --show-toplevel [55ms]
2026-01-02 14:39:24.553 [info] fatal: not a git repository (or any parent up to mount point /)
Stopping at filesystem boundary (GIT_DISCOVERY_ACROSS_FILESYSTEM not set).
2026-01-02 14:39:25.162 [info] > git rev-parse --show-toplevel [4ms]
2026-01-02 14:39:25.162 [info] fatal: not a git repository (or any parent up to mount point /)
Stopping at filesystem boundary (GIT_DISCOVERY_ACROSS_FILESYSTEM not set).
2026-01-02 14:39:25.268 [info] > git rev-parse --show-toplevel [2ms]
2026-01-02 14:39:25.268 [info] fatal: not a git repository (or any parent up to mount point /)
Stopping at filesystem boundary (GIT_DISCOVERY_ACROSS_FILESYSTEM not set).
2026-01-02 14:39:26.166 [info] > git rev-parse --show-toplevel [5ms]
2026-01-02 14:39:26.166 [info] fatal: not a git repository (or any parent up to mount point /)
Stopping at filesystem boundary (GIT_DISCOVERY_ACROSS_FILESYSTEM not set).
2026-01-02 14:53:42.437 [info] > git rev-parse --show-toplevel [8ms]
2026-01-02 14:53:42.437 [info] fatal: not a git repository (or any parent up to mount point /)
Stopping at filesystem boundary (GIT_DISCOVERY_ACROSS_FILESYSTEM not set).
2026-01-02 15:00:35.765 [info] > git rev-parse --show-toplevel [2ms]
2026-01-02 15:00:35.765 [info] fatal: not a git repository (or any parent up to mount point /)
Stopping at filesystem boundary (GIT_DISCOVERY_ACROSS_FILESYSTEM not set).
