2025-12-21 12:39:18.078 [info] Extension host with pid 2491 started
2025-12-21 12:39:18.080 [info] Skipping acquiring lock for /home/josie/.config/Code/User/workspaceStorage/69a2c3f074d8d62358ae353eb46093bc.
2025-12-21 12:39:18.501 [info] ExtensionService#_doActivateExtension vscode.github-authentication, startup: false, activationEvent: 'onAuthenticationRequest:github'
2025-12-21 12:39:18.572 [info] ExtensionService#_doActivateExtension vscode.emmet, startup: false, activationEvent: 'onLanguage'
2025-12-21 12:39:18.604 [info] ExtensionService#_doActivateExtension ms-python.python, startup: false, activationEvent: 'onLanguage:python', root cause: ms-python.debugpy
2025-12-21 12:39:19.029 [info] ExtensionService#_doActivateExtension ms-python.vscode-pylance, startup: false, activationEvent: 'onLanguage:python'
2025-12-21 12:39:19.915 [info] ExtensionService#_doActivateExtension ms-python.vscode-python-envs, startup: false, activationEvent: 'onLanguage:python'
2025-12-21 12:39:20.307 [info] ExtensionService#_doActivateExtension vscode.git-base, startup: true, activationEvent: '*', root cause: vscode.git
2025-12-21 12:39:20.445 [info] ExtensionService#_doActivateExtension vscode.terminal-suggest, startup: false, activationEvent: 'onTerminalShellIntegration:*'
2025-12-21 12:39:20.763 [info] ExtensionService#_doActivateExtension vscode.git, startup: true, activationEvent: '*'
2025-12-21 12:39:20.888 [info] ExtensionService#_doActivateExtension vscode.github, startup: true, activationEvent: '*'
2025-12-21 12:39:21.380 [info] Eager extensions activated
2025-12-21 12:39:21.450 [info] ExtensionService#_doActivateExtension ms-python.debugpy, startup: false, activationEvent: 'onLanguage:python'
2025-12-21 12:39:21.562 [info] ExtensionService#_doActivateExtension vscode.debug-auto-launch, startup: false, activationEvent: 'onStartupFinished'
2025-12-21 12:39:21.566 [info] ExtensionService#_doActivateExtension vscode.merge-conflict, startup: false, activationEvent: 'onStartupFinished'
2025-12-21 12:39:21.604 [info] ExtensionService#_doActivateExtension Catppuccin.catppuccin-vsc, startup: false, activationEvent: 'onStartupFinished'
2025-12-21 12:39:25.047 [warning] DiagnosticCollection with name 'Pylance' does already exist.
2025-12-21 12:39:25.073 [warning] DiagnosticCollection with name 'Pylance' does already exist.
2025-12-21 12:39:38.764 [info] Extension host terminating: renderer closed the MessagePort
2025-12-21 12:39:38.796 [error] TypeError: Cannot read properties of undefined (reading 'subscriptions')
	at Object.G [as deactivate] (/home/josie/.vscode/extensions/ms-python.vscode-python-envs-1.14.0-linux-x64/dist/extension.js:2:684166)
	at HX.eb (file:///opt/visual-studio-code/resources/app/out/vs/workbench/api/node/extensionHostProcess.js:120:11850)
	at file:///opt/visual-studio-code/resources/app/out/vs/workbench/api/node/extensionHostProcess.js:120:10000
	at Array.map (<anonymous>)
	at HX.$ (file:///opt/visual-studio-code/resources/app/out/vs/workbench/api/node/extensionHostProcess.js:120:9988)
	at HX.terminate (file:///opt/visual-studio-code/resources/app/out/vs/workbench/api/node/extensionHostProcess.js:120:10231)
	at yN.terminate (file:///opt/visual-studio-code/resources/app/out/vs/workbench/api/node/extensionHostProcess.js:122:914)
	at Us (file:///opt/visual-studio-code/resources/app/out/vs/workbench/api/node/extensionHostProcess.js:404:11129)
	at MessagePortMain.<anonymous> (file:///opt/visual-studio-code/resources/app/out/vs/workbench/api/node/extensionHostProcess.js:404:7604)
	at MessagePortMain.emit (node:events:519:28)
	at MessagePortMain._internalPort.emit (node:electron/js2c/utility_init:2:2949)
2025-12-21 12:39:38.797 [info] Extension host with pid 2491 exiting with code 0
2025-12-21 12:39:40.717 [info] Extension host with pid 3354 started
2025-12-21 12:39:40.717 [info] Skipping acquiring lock for /home/josie/.config/Code/User/workspaceStorage/7a56e79319516cf37b872f21aeef0096.
2025-12-21 12:39:40.764 [info] ExtensionService#_doActivateExtension vscode.github-authentication, startup: false, activationEvent: 'onAuthenticationRequest:github'
2025-12-21 12:39:40.899 [info] ExtensionService#_doActivateExtension vscode.git-base, startup: true, activationEvent: '*', root cause: vscode.git
2025-12-21 12:39:40.949 [info] ExtensionService#_doActivateExtension vscode.git, startup: true, activationEvent: '*'
2025-12-21 12:39:41.038 [info] ExtensionService#_doActivateExtension vscode.github, startup: true, activationEvent: '*'
2025-12-21 12:39:41.257 [info] Eager extensions activated
2025-12-21 12:39:41.274 [info] ExtensionService#_doActivateExtension vscode.debug-auto-launch, startup: false, activationEvent: 'onStartupFinished'
2025-12-21 12:39:41.279 [info] ExtensionService#_doActivateExtension vscode.merge-conflict, startup: false, activationEvent: 'onStartupFinished'
2025-12-21 12:39:41.311 [info] ExtensionService#_doActivateExtension Catppuccin.catppuccin-vsc, startup: false, activationEvent: 'onStartupFinished'
2025-12-21 12:40:27.009 [info] ExtensionService#_doActivateExtension vscode.emmet, startup: false, activationEvent: 'onLanguage'
2025-12-21 12:41:00.858 [info] Extension host terminating: renderer closed the MessagePort
2025-12-21 12:41:00.883 [info] Extension host with pid 3354 exiting with code 0
2025-12-21 12:41:02.069 [info] Extension host with pid 3427 started
2025-12-21 12:41:02.069 [info] Skipping acquiring lock for /home/josie/.config/Code/User/workspaceStorage/7a56e79319516cf37b872f21aeef0096.
2025-12-21 12:41:02.082 [info] ExtensionService#_doActivateExtension vscode.github-authentication, startup: false, activationEvent: 'onAuthenticationRequest:github'
2025-12-21 12:41:02.118 [info] ExtensionService#_doActivateExtension vscode.emmet, startup: false, activationEvent: 'onLanguage'
2025-12-21 12:41:02.141 [info] ExtensionService#_doActivateExtension Mesgegra.pico-8-toolkit, startup: false, activationEvent: 'onLanguage:pico-8-lua'
2025-12-21 12:41:02.195 [info] ExtensionService#_doActivateExtension PollywogGames.pico8-ls, startup: false, activationEvent: 'onLanguage:pico-8-lua'
2025-12-21 12:41:02.535 [info] ExtensionService#_doActivateExtension vscode.git-base, startup: true, activationEvent: '*', root cause: vscode.git
2025-12-21 12:41:02.586 [info] ExtensionService#_doActivateExtension vscode.git, startup: true, activationEvent: '*'
2025-12-21 12:41:02.652 [info] ExtensionService#_doActivateExtension vscode.github, startup: true, activationEvent: '*'
2025-12-21 12:41:02.864 [info] Eager extensions activated
2025-12-21 12:41:02.868 [info] ExtensionService#_doActivateExtension vscode.debug-auto-launch, startup: false, activationEvent: 'onStartupFinished'
2025-12-21 12:41:02.871 [info] ExtensionService#_doActivateExtension vscode.merge-conflict, startup: false, activationEvent: 'onStartupFinished'
2025-12-21 12:41:42.164 [error] [PollywogGames.pico8-ls] provider FAILED
2025-12-21 12:41:42.166 [error] Error: selectionRange must be contained in fullRange
	at bp.validate (file:///opt/visual-studio-code/resources/app/out/vs/workbench/api/node/extensionHostProcess.js:112:27027)
	at new bp (file:///opt/visual-studio-code/resources/app/out/vs/workbench/api/node/extensionHostProcess.js:112:27235)
	at st (/home/josie/.vscode/extensions/pollywoggames.pico8-ls-0.6.1/client/out-min/main.js:33:50124)
	at Array.map (<anonymous>)
	at Object.ln [as asDocumentSymbols] (/home/josie/.vscode/extensions/pollywoggames.pico8-ls-0.6.1/client/out-min/main.js:33:50095)
	at /home/josie/.vscode/extensions/pollywoggames.pico8-ls-0.6.1/client/out-min/main.js:34:30962
	at async RN.provideDocumentSymbols (file:///opt/visual-studio-code/resources/app/out/vs/workbench/api/node/extensionHostProcess.js:144:140571)
2025-12-21 12:41:42.168 [error] [PollywogGames.pico8-ls] provider FAILED
2025-12-21 12:41:42.168 [error] Error: selectionRange must be contained in fullRange
	at bp.validate (file:///opt/visual-studio-code/resources/app/out/vs/workbench/api/node/extensionHostProcess.js:112:27027)
	at new bp (file:///opt/visual-studio-code/resources/app/out/vs/workbench/api/node/extensionHostProcess.js:112:27235)
	at st (/home/josie/.vscode/extensions/pollywoggames.pico8-ls-0.6.1/client/out-min/main.js:33:50124)
	at Array.map (<anonymous>)
	at Object.ln [as asDocumentSymbols] (/home/josie/.vscode/extensions/pollywoggames.pico8-ls-0.6.1/client/out-min/main.js:33:50095)
	at /home/josie/.vscode/extensions/pollywoggames.pico8-ls-0.6.1/client/out-min/main.js:34:30962
	at async RN.provideDocumentSymbols (file:///opt/visual-studio-code/resources/app/out/vs/workbench/api/node/extensionHostProcess.js:144:140571)
2025-12-21 12:41:43.293 [error] [PollywogGames.pico8-ls] provider FAILED
2025-12-21 12:41:43.294 [error] Error: selectionRange must be contained in fullRange
	at bp.validate (file:///opt/visual-studio-code/resources/app/out/vs/workbench/api/node/extensionHostProcess.js:112:27027)
	at new bp (file:///opt/visual-studio-code/resources/app/out/vs/workbench/api/node/extensionHostProcess.js:112:27235)
	at st (/home/josie/.vscode/extensions/pollywoggames.pico8-ls-0.6.1/client/out-min/main.js:33:50124)
	at Array.map (<anonymous>)
	at Object.ln [as asDocumentSymbols] (/home/josie/.vscode/extensions/pollywoggames.pico8-ls-0.6.1/client/out-min/main.js:33:50095)
	at /home/josie/.vscode/extensions/pollywoggames.pico8-ls-0.6.1/client/out-min/main.js:34:30962
	at async RN.provideDocumentSymbols (file:///opt/visual-studio-code/resources/app/out/vs/workbench/api/node/extensionHostProcess.js:144:140571)
2025-12-21 12:41:43.296 [error] [PollywogGames.pico8-ls] provider FAILED
2025-12-21 12:41:43.297 [error] Error: selectionRange must be contained in fullRange
	at bp.validate (file:///opt/visual-studio-code/resources/app/out/vs/workbench/api/node/extensionHostProcess.js:112:27027)
	at new bp (file:///opt/visual-studio-code/resources/app/out/vs/workbench/api/node/extensionHostProcess.js:112:27235)
	at st (/home/josie/.vscode/extensions/pollywoggames.pico8-ls-0.6.1/client/out-min/main.js:33:50124)
	at Array.map (<anonymous>)
	at Object.ln [as asDocumentSymbols] (/home/josie/.vscode/extensions/pollywoggames.pico8-ls-0.6.1/client/out-min/main.js:33:50095)
	at /home/josie/.vscode/extensions/pollywoggames.pico8-ls-0.6.1/client/out-min/main.js:34:30962
	at async RN.provideDocumentSymbols (file:///opt/visual-studio-code/resources/app/out/vs/workbench/api/node/extensionHostProcess.js:144:140571)
2025-12-21 12:41:44.519 [error] [PollywogGames.pico8-ls] provider FAILED
2025-12-21 12:41:44.520 [error] Error: selectionRange must be contained in fullRange
	at bp.validate (file:///opt/visual-studio-code/resources/app/out/vs/workbench/api/node/extensionHostProcess.js:112:27027)
	at new bp (file:///opt/visual-studio-code/resources/app/out/vs/workbench/api/node/extensionHostProcess.js:112:27235)
	at st (/home/josie/.vscode/extensions/pollywoggames.pico8-ls-0.6.1/client/out-min/main.js:33:50124)
	at Array.map (<anonymous>)
	at Object.ln [as asDocumentSymbols] (/home/josie/.vscode/extensions/pollywoggames.pico8-ls-0.6.1/client/out-min/main.js:33:50095)
	at /home/josie/.vscode/extensions/pollywoggames.pico8-ls-0.6.1/client/out-min/main.js:34:30962
	at async RN.provideDocumentSymbols (file:///opt/visual-studio-code/resources/app/out/vs/workbench/api/node/extensionHostProcess.js:144:140571)
2025-12-21 12:41:44.522 [error] [PollywogGames.pico8-ls] provider FAILED
2025-12-21 12:41:44.522 [error] Error: selectionRange must be contained in fullRange
	at bp.validate (file:///opt/visual-studio-code/resources/app/out/vs/workbench/api/node/extensionHostProcess.js:112:27027)
	at new bp (file:///opt/visual-studio-code/resources/app/out/vs/workbench/api/node/extensionHostProcess.js:112:27235)
	at st (/home/josie/.vscode/extensions/pollywoggames.pico8-ls-0.6.1/client/out-min/main.js:33:50124)
	at Array.map (<anonymous>)
	at Object.ln [as asDocumentSymbols] (/home/josie/.vscode/extensions/pollywoggames.pico8-ls-0.6.1/client/out-min/main.js:33:50095)
	at /home/josie/.vscode/extensions/pollywoggames.pico8-ls-0.6.1/client/out-min/main.js:34:30962
	at async RN.provideDocumentSymbols (file:///opt/visual-studio-code/resources/app/out/vs/workbench/api/node/extensionHostProcess.js:144:140571)
2025-12-21 12:47:14.919 [error] [PollywogGames.pico8-ls] provider FAILED
2025-12-21 12:47:14.928 [error] Error: selectionRange must be contained in fullRange
	at bp.validate (file:///opt/visual-studio-code/resources/app/out/vs/workbench/api/node/extensionHostProcess.js:112:27027)
	at new bp (file:///opt/visual-studio-code/resources/app/out/vs/workbench/api/node/extensionHostProcess.js:112:27235)
	at st (/home/josie/.vscode/extensions/pollywoggames.pico8-ls-0.6.1/client/out-min/main.js:33:50124)
	at Array.map (<anonymous>)
	at Object.ln [as asDocumentSymbols] (/home/josie/.vscode/extensions/pollywoggames.pico8-ls-0.6.1/client/out-min/main.js:33:50095)
	at /home/josie/.vscode/extensions/pollywoggames.pico8-ls-0.6.1/client/out-min/main.js:34:30962
	at async RN.provideDocumentSymbols (file:///opt/visual-studio-code/resources/app/out/vs/workbench/api/node/extensionHostProcess.js:144:140571)
2025-12-21 12:47:14.929 [error] [PollywogGames.pico8-ls] provider FAILED
2025-12-21 12:47:14.929 [error] Error: selectionRange must be contained in fullRange
	at bp.validate (file:///opt/visual-studio-code/resources/app/out/vs/workbench/api/node/extensionHostProcess.js:112:27027)
	at new bp (file:///opt/visual-studio-code/resources/app/out/vs/workbench/api/node/extensionHostProcess.js:112:27235)
	at st (/home/josie/.vscode/extensions/pollywoggames.pico8-ls-0.6.1/client/out-min/main.js:33:50124)
	at Array.map (<anonymous>)
	at Object.ln [as asDocumentSymbols] (/home/josie/.vscode/extensions/pollywoggames.pico8-ls-0.6.1/client/out-min/main.js:33:50095)
	at /home/josie/.vscode/extensions/pollywoggames.pico8-ls-0.6.1/client/out-min/main.js:34:30962
	at async RN.provideDocumentSymbols (file:///opt/visual-studio-code/resources/app/out/vs/workbench/api/node/extensionHostProcess.js:144:140571)
2025-12-21 12:47:15.907 [error] [PollywogGames.pico8-ls] provider FAILED
2025-12-21 12:47:15.907 [error] Error: selectionRange must be contained in fullRange
	at bp.validate (file:///opt/visual-studio-code/resources/app/out/vs/workbench/api/node/extensionHostProcess.js:112:27027)
	at new bp (file:///opt/visual-studio-code/resources/app/out/vs/workbench/api/node/extensionHostProcess.js:112:27235)
	at st (/home/josie/.vscode/extensions/pollywoggames.pico8-ls-0.6.1/client/out-min/main.js:33:50124)
	at Array.map (<anonymous>)
	at Object.ln [as asDocumentSymbols] (/home/josie/.vscode/extensions/pollywoggames.pico8-ls-0.6.1/client/out-min/main.js:33:50095)
	at /home/josie/.vscode/extensions/pollywoggames.pico8-ls-0.6.1/client/out-min/main.js:34:30962
	at async RN.provideDocumentSymbols (file:///opt/visual-studio-code/resources/app/out/vs/workbench/api/node/extensionHostProcess.js:144:140571)
2025-12-21 12:47:15.908 [error] [PollywogGames.pico8-ls] provider FAILED
2025-12-21 12:47:15.909 [error] Error: selectionRange must be contained in fullRange
	at bp.validate (file:///opt/visual-studio-code/resources/app/out/vs/workbench/api/node/extensionHostProcess.js:112:27027)
	at new bp (file:///opt/visual-studio-code/resources/app/out/vs/workbench/api/node/extensionHostProcess.js:112:27235)
	at st (/home/josie/.vscode/extensions/pollywoggames.pico8-ls-0.6.1/client/out-min/main.js:33:50124)
	at Array.map (<anonymous>)
	at Object.ln [as asDocumentSymbols] (/home/josie/.vscode/extensions/pollywoggames.pico8-ls-0.6.1/client/out-min/main.js:33:50095)
	at /home/josie/.vscode/extensions/pollywoggames.pico8-ls-0.6.1/client/out-min/main.js:34:30962
	at async RN.provideDocumentSymbols (file:///opt/visual-studio-code/resources/app/out/vs/workbench/api/node/extensionHostProcess.js:144:140571)
2025-12-21 12:47:20.109 [error] [PollywogGames.pico8-ls] provider FAILED
2025-12-21 12:47:20.110 [error] Error: selectionRange must be contained in fullRange
	at bp.validate (file:///opt/visual-studio-code/resources/app/out/vs/workbench/api/node/extensionHostProcess.js:112:27027)
	at new bp (file:///opt/visual-studio-code/resources/app/out/vs/workbench/api/node/extensionHostProcess.js:112:27235)
	at st (/home/josie/.vscode/extensions/pollywoggames.pico8-ls-0.6.1/client/out-min/main.js:33:50124)
	at Array.map (<anonymous>)
	at Object.ln [as asDocumentSymbols] (/home/josie/.vscode/extensions/pollywoggames.pico8-ls-0.6.1/client/out-min/main.js:33:50095)
	at /home/josie/.vscode/extensions/pollywoggames.pico8-ls-0.6.1/client/out-min/main.js:34:30962
	at async RN.provideDocumentSymbols (file:///opt/visual-studio-code/resources/app/out/vs/workbench/api/node/extensionHostProcess.js:144:140571)
2025-12-21 12:47:20.111 [error] [PollywogGames.pico8-ls] provider FAILED
2025-12-21 12:47:20.112 [error] Error: selectionRange must be contained in fullRange
	at bp.validate (file:///opt/visual-studio-code/resources/app/out/vs/workbench/api/node/extensionHostProcess.js:112:27027)
	at new bp (file:///opt/visual-studio-code/resources/app/out/vs/workbench/api/node/extensionHostProcess.js:112:27235)
	at st (/home/josie/.vscode/extensions/pollywoggames.pico8-ls-0.6.1/client/out-min/main.js:33:50124)
	at Array.map (<anonymous>)
	at Object.ln [as asDocumentSymbols] (/home/josie/.vscode/extensions/pollywoggames.pico8-ls-0.6.1/client/out-min/main.js:33:50095)
	at /home/josie/.vscode/extensions/pollywoggames.pico8-ls-0.6.1/client/out-min/main.js:34:30962
	at async RN.provideDocumentSymbols (file:///opt/visual-studio-code/resources/app/out/vs/workbench/api/node/extensionHostProcess.js:144:140571)
2025-12-21 12:47:21.190 [error] [PollywogGames.pico8-ls] provider FAILED
2025-12-21 12:47:21.190 [error] Error: selectionRange must be contained in fullRange
	at bp.validate (file:///opt/visual-studio-code/resources/app/out/vs/workbench/api/node/extensionHostProcess.js:112:27027)
	at new bp (file:///opt/visual-studio-code/resources/app/out/vs/workbench/api/node/extensionHostProcess.js:112:27235)
	at st (/home/josie/.vscode/extensions/pollywoggames.pico8-ls-0.6.1/client/out-min/main.js:33:50124)
	at Array.map (<anonymous>)
	at Object.ln [as asDocumentSymbols] (/home/josie/.vscode/extensions/pollywoggames.pico8-ls-0.6.1/client/out-min/main.js:33:50095)
	at /home/josie/.vscode/extensions/pollywoggames.pico8-ls-0.6.1/client/out-min/main.js:34:30962
	at async RN.provideDocumentSymbols (file:///opt/visual-studio-code/resources/app/out/vs/workbench/api/node/extensionHostProcess.js:144:140571)
2025-12-21 12:47:21.191 [error] [PollywogGames.pico8-ls] provider FAILED
2025-12-21 12:47:21.191 [error] Error: selectionRange must be contained in fullRange
	at bp.validate (file:///opt/visual-studio-code/resources/app/out/vs/workbench/api/node/extensionHostProcess.js:112:27027)
	at new bp (file:///opt/visual-studio-code/resources/app/out/vs/workbench/api/node/extensionHostProcess.js:112:27235)
	at st (/home/josie/.vscode/extensions/pollywoggames.pico8-ls-0.6.1/client/out-min/main.js:33:50124)
	at Array.map (<anonymous>)
	at Object.ln [as asDocumentSymbols] (/home/josie/.vscode/extensions/pollywoggames.pico8-ls-0.6.1/client/out-min/main.js:33:50095)
	at /home/josie/.vscode/extensions/pollywoggames.pico8-ls-0.6.1/client/out-min/main.js:34:30962
	at async RN.provideDocumentSymbols (file:///opt/visual-studio-code/resources/app/out/vs/workbench/api/node/extensionHostProcess.js:144:140571)
2025-12-21 12:48:14.399 [error] [PollywogGames.pico8-ls] provider FAILED
2025-12-21 12:48:14.399 [error] Error: selectionRange must be contained in fullRange
	at bp.validate (file:///opt/visual-studio-code/resources/app/out/vs/workbench/api/node/extensionHostProcess.js:112:27027)
	at new bp (file:///opt/visual-studio-code/resources/app/out/vs/workbench/api/node/extensionHostProcess.js:112:27235)
	at st (/home/josie/.vscode/extensions/pollywoggames.pico8-ls-0.6.1/client/out-min/main.js:33:50124)
	at Array.map (<anonymous>)
	at Object.ln [as asDocumentSymbols] (/home/josie/.vscode/extensions/pollywoggames.pico8-ls-0.6.1/client/out-min/main.js:33:50095)
	at /home/josie/.vscode/extensions/pollywoggames.pico8-ls-0.6.1/client/out-min/main.js:34:30962
	at async RN.provideDocumentSymbols (file:///opt/visual-studio-code/resources/app/out/vs/workbench/api/node/extensionHostProcess.js:144:140571)
2025-12-21 12:48:14.400 [error] [PollywogGames.pico8-ls] provider FAILED
2025-12-21 12:48:14.401 [error] Error: selectionRange must be contained in fullRange
	at bp.validate (file:///opt/visual-studio-code/resources/app/out/vs/workbench/api/node/extensionHostProcess.js:112:27027)
	at new bp (file:///opt/visual-studio-code/resources/app/out/vs/workbench/api/node/extensionHostProcess.js:112:27235)
	at st (/home/josie/.vscode/extensions/pollywoggames.pico8-ls-0.6.1/client/out-min/main.js:33:50124)
	at Array.map (<anonymous>)
	at Object.ln [as asDocumentSymbols] (/home/josie/.vscode/extensions/pollywoggames.pico8-ls-0.6.1/client/out-min/main.js:33:50095)
	at /home/josie/.vscode/extensions/pollywoggames.pico8-ls-0.6.1/client/out-min/main.js:34:30962
	at async RN.provideDocumentSymbols (file:///opt/visual-studio-code/resources/app/out/vs/workbench/api/node/extensionHostProcess.js:144:140571)
2025-12-21 12:48:15.837 [error] [PollywogGames.pico8-ls] provider FAILED
2025-12-21 12:48:15.837 [error] Error: selectionRange must be contained in fullRange
	at bp.validate (file:///opt/visual-studio-code/resources/app/out/vs/workbench/api/node/extensionHostProcess.js:112:27027)
	at new bp (file:///opt/visual-studio-code/resources/app/out/vs/workbench/api/node/extensionHostProcess.js:112:27235)
	at st (/home/josie/.vscode/extensions/pollywoggames.pico8-ls-0.6.1/client/out-min/main.js:33:50124)
	at Array.map (<anonymous>)
	at Object.ln [as asDocumentSymbols] (/home/josie/.vscode/extensions/pollywoggames.pico8-ls-0.6.1/client/out-min/main.js:33:50095)
	at /home/josie/.vscode/extensions/pollywoggames.pico8-ls-0.6.1/client/out-min/main.js:34:30962
	at async RN.provideDocumentSymbols (file:///opt/visual-studio-code/resources/app/out/vs/workbench/api/node/extensionHostProcess.js:144:140571)
2025-12-21 12:48:15.838 [error] [PollywogGames.pico8-ls] provider FAILED
2025-12-21 12:48:15.839 [error] Error: selectionRange must be contained in fullRange
	at bp.validate (file:///opt/visual-studio-code/resources/app/out/vs/workbench/api/node/extensionHostProcess.js:112:27027)
	at new bp (file:///opt/visual-studio-code/resources/app/out/vs/workbench/api/node/extensionHostProcess.js:112:27235)
	at st (/home/josie/.vscode/extensions/pollywoggames.pico8-ls-0.6.1/client/out-min/main.js:33:50124)
	at Array.map (<anonymous>)
	at Object.ln [as asDocumentSymbols] (/home/josie/.vscode/extensions/pollywoggames.pico8-ls-0.6.1/client/out-min/main.js:33:50095)
	at /home/josie/.vscode/extensions/pollywoggames.pico8-ls-0.6.1/client/out-min/main.js:34:30962
	at async RN.provideDocumentSymbols (file:///opt/visual-studio-code/resources/app/out/vs/workbench/api/node/extensionHostProcess.js:144:140571)
2025-12-21 12:48:18.156 [error] [PollywogGames.pico8-ls] provider FAILED
2025-12-21 12:48:18.157 [error] Error: selectionRange must be contained in fullRange
	at bp.validate (file:///opt/visual-studio-code/resources/app/out/vs/workbench/api/node/extensionHostProcess.js:112:27027)
	at new bp (file:///opt/visual-studio-code/resources/app/out/vs/workbench/api/node/extensionHostProcess.js:112:27235)
	at st (/home/josie/.vscode/extensions/pollywoggames.pico8-ls-0.6.1/client/out-min/main.js:33:50124)
	at Array.map (<anonymous>)
	at Object.ln [as asDocumentSymbols] (/home/josie/.vscode/extensions/pollywoggames.pico8-ls-0.6.1/client/out-min/main.js:33:50095)
	at /home/josie/.vscode/extensions/pollywoggames.pico8-ls-0.6.1/client/out-min/main.js:34:30962
	at async RN.provideDocumentSymbols (file:///opt/visual-studio-code/resources/app/out/vs/workbench/api/node/extensionHostProcess.js:144:140571)
2025-12-21 12:48:18.157 [error] [PollywogGames.pico8-ls] provider FAILED
2025-12-21 12:48:18.158 [error] Error: selectionRange must be contained in fullRange
	at bp.validate (file:///opt/visual-studio-code/resources/app/out/vs/workbench/api/node/extensionHostProcess.js:112:27027)
	at new bp (file:///opt/visual-studio-code/resources/app/out/vs/workbench/api/node/extensionHostProcess.js:112:27235)
	at st (/home/josie/.vscode/extensions/pollywoggames.pico8-ls-0.6.1/client/out-min/main.js:33:50124)
	at Array.map (<anonymous>)
	at Object.ln [as asDocumentSymbols] (/home/josie/.vscode/extensions/pollywoggames.pico8-ls-0.6.1/client/out-min/main.js:33:50095)
	at /home/josie/.vscode/extensions/pollywoggames.pico8-ls-0.6.1/client/out-min/main.js:34:30962
	at async RN.provideDocumentSymbols (file:///opt/visual-studio-code/resources/app/out/vs/workbench/api/node/extensionHostProcess.js:144:140571)
2025-12-21 12:48:19.702 [error] [PollywogGames.pico8-ls] provider FAILED
2025-12-21 12:48:19.703 [error] Error: selectionRange must be contained in fullRange
	at bp.validate (file:///opt/visual-studio-code/resources/app/out/vs/workbench/api/node/extensionHostProcess.js:112:27027)
	at new bp (file:///opt/visual-studio-code/resources/app/out/vs/workbench/api/node/extensionHostProcess.js:112:27235)
	at st (/home/josie/.vscode/extensions/pollywoggames.pico8-ls-0.6.1/client/out-min/main.js:33:50124)
	at Array.map (<anonymous>)
	at Object.ln [as asDocumentSymbols] (/home/josie/.vscode/extensions/pollywoggames.pico8-ls-0.6.1/client/out-min/main.js:33:50095)
	at /home/josie/.vscode/extensions/pollywoggames.pico8-ls-0.6.1/client/out-min/main.js:34:30962
	at async RN.provideDocumentSymbols (file:///opt/visual-studio-code/resources/app/out/vs/workbench/api/node/extensionHostProcess.js:144:140571)
2025-12-21 12:48:19.704 [error] [PollywogGames.pico8-ls] provider FAILED
2025-12-21 12:48:19.704 [error] Error: selectionRange must be contained in fullRange
	at bp.validate (file:///opt/visual-studio-code/resources/app/out/vs/workbench/api/node/extensionHostProcess.js:112:27027)
	at new bp (file:///opt/visual-studio-code/resources/app/out/vs/workbench/api/node/extensionHostProcess.js:112:27235)
	at st (/home/josie/.vscode/extensions/pollywoggames.pico8-ls-0.6.1/client/out-min/main.js:33:50124)
	at Array.map (<anonymous>)
	at Object.ln [as asDocumentSymbols] (/home/josie/.vscode/extensions/pollywoggames.pico8-ls-0.6.1/client/out-min/main.js:33:50095)
	at /home/josie/.vscode/extensions/pollywoggames.pico8-ls-0.6.1/client/out-min/main.js:34:30962
	at async RN.provideDocumentSymbols (file:///opt/visual-studio-code/resources/app/out/vs/workbench/api/node/extensionHostProcess.js:144:140571)
2025-12-21 12:48:49.933 [error] [PollywogGames.pico8-ls] provider FAILED
2025-12-21 12:48:49.933 [error] Error: selectionRange must be contained in fullRange
	at bp.validate (file:///opt/visual-studio-code/resources/app/out/vs/workbench/api/node/extensionHostProcess.js:112:27027)
	at new bp (file:///opt/visual-studio-code/resources/app/out/vs/workbench/api/node/extensionHostProcess.js:112:27235)
	at st (/home/josie/.vscode/extensions/pollywoggames.pico8-ls-0.6.1/client/out-min/main.js:33:50124)
	at Array.map (<anonymous>)
	at Object.ln [as asDocumentSymbols] (/home/josie/.vscode/extensions/pollywoggames.pico8-ls-0.6.1/client/out-min/main.js:33:50095)
	at /home/josie/.vscode/extensions/pollywoggames.pico8-ls-0.6.1/client/out-min/main.js:34:30962
	at async RN.provideDocumentSymbols (file:///opt/visual-studio-code/resources/app/out/vs/workbench/api/node/extensionHostProcess.js:144:140571)
2025-12-21 12:48:49.935 [error] [PollywogGames.pico8-ls] provider FAILED
2025-12-21 12:48:49.935 [error] Error: selectionRange must be contained in fullRange
	at bp.validate (file:///opt/visual-studio-code/resources/app/out/vs/workbench/api/node/extensionHostProcess.js:112:27027)
	at new bp (file:///opt/visual-studio-code/resources/app/out/vs/workbench/api/node/extensionHostProcess.js:112:27235)
	at st (/home/josie/.vscode/extensions/pollywoggames.pico8-ls-0.6.1/client/out-min/main.js:33:50124)
	at Array.map (<anonymous>)
	at Object.ln [as asDocumentSymbols] (/home/josie/.vscode/extensions/pollywoggames.pico8-ls-0.6.1/client/out-min/main.js:33:50095)
	at /home/josie/.vscode/extensions/pollywoggames.pico8-ls-0.6.1/client/out-min/main.js:34:30962
	at async RN.provideDocumentSymbols (file:///opt/visual-studio-code/resources/app/out/vs/workbench/api/node/extensionHostProcess.js:144:140571)
2025-12-21 12:48:54.797 [error] [PollywogGames.pico8-ls] provider FAILED
2025-12-21 12:48:54.797 [error] Error: selectionRange must be contained in fullRange
	at bp.validate (file:///opt/visual-studio-code/resources/app/out/vs/workbench/api/node/extensionHostProcess.js:112:27027)
	at new bp (file:///opt/visual-studio-code/resources/app/out/vs/workbench/api/node/extensionHostProcess.js:112:27235)
	at st (/home/josie/.vscode/extensions/pollywoggames.pico8-ls-0.6.1/client/out-min/main.js:33:50124)
	at Array.map (<anonymous>)
	at Object.ln [as asDocumentSymbols] (/home/josie/.vscode/extensions/pollywoggames.pico8-ls-0.6.1/client/out-min/main.js:33:50095)
	at /home/josie/.vscode/extensions/pollywoggames.pico8-ls-0.6.1/client/out-min/main.js:34:30962
	at async RN.provideDocumentSymbols (file:///opt/visual-studio-code/resources/app/out/vs/workbench/api/node/extensionHostProcess.js:144:140571)
2025-12-21 12:48:54.799 [error] [PollywogGames.pico8-ls] provider FAILED
2025-12-21 12:48:54.799 [error] Error: selectionRange must be contained in fullRange
	at bp.validate (file:///opt/visual-studio-code/resources/app/out/vs/workbench/api/node/extensionHostProcess.js:112:27027)
	at new bp (file:///opt/visual-studio-code/resources/app/out/vs/workbench/api/node/extensionHostProcess.js:112:27235)
	at st (/home/josie/.vscode/extensions/pollywoggames.pico8-ls-0.6.1/client/out-min/main.js:33:50124)
	at Array.map (<anonymous>)
	at Object.ln [as asDocumentSymbols] (/home/josie/.vscode/extensions/pollywoggames.pico8-ls-0.6.1/client/out-min/main.js:33:50095)
	at /home/josie/.vscode/extensions/pollywoggames.pico8-ls-0.6.1/client/out-min/main.js:34:30962
	at async RN.provideDocumentSymbols (file:///opt/visual-studio-code/resources/app/out/vs/workbench/api/node/extensionHostProcess.js:144:140571)
2025-12-21 12:49:01.849 [error] [PollywogGames.pico8-ls] provider FAILED
2025-12-21 12:49:01.849 [error] Error: selectionRange must be contained in fullRange
	at bp.validate (file:///opt/visual-studio-code/resources/app/out/vs/workbench/api/node/extensionHostProcess.js:112:27027)
	at new bp (file:///opt/visual-studio-code/resources/app/out/vs/workbench/api/node/extensionHostProcess.js:112:27235)
	at st (/home/josie/.vscode/extensions/pollywoggames.pico8-ls-0.6.1/client/out-min/main.js:33:50124)
	at Array.map (<anonymous>)
	at Object.ln [as asDocumentSymbols] (/home/josie/.vscode/extensions/pollywoggames.pico8-ls-0.6.1/client/out-min/main.js:33:50095)
	at /home/josie/.vscode/extensions/pollywoggames.pico8-ls-0.6.1/client/out-min/main.js:34:30962
	at async RN.provideDocumentSymbols (file:///opt/visual-studio-code/resources/app/out/vs/workbench/api/node/extensionHostProcess.js:144:140571)
2025-12-21 12:49:01.850 [error] [PollywogGames.pico8-ls] provider FAILED
2025-12-21 12:49:01.850 [error] Error: selectionRange must be contained in fullRange
	at bp.validate (file:///opt/visual-studio-code/resources/app/out/vs/workbench/api/node/extensionHostProcess.js:112:27027)
	at new bp (file:///opt/visual-studio-code/resources/app/out/vs/workbench/api/node/extensionHostProcess.js:112:27235)
	at st (/home/josie/.vscode/extensions/pollywoggames.pico8-ls-0.6.1/client/out-min/main.js:33:50124)
	at Array.map (<anonymous>)
	at Object.ln [as asDocumentSymbols] (/home/josie/.vscode/extensions/pollywoggames.pico8-ls-0.6.1/client/out-min/main.js:33:50095)
	at /home/josie/.vscode/extensions/pollywoggames.pico8-ls-0.6.1/client/out-min/main.js:34:30962
	at async RN.provideDocumentSymbols (file:///opt/visual-studio-code/resources/app/out/vs/workbench/api/node/extensionHostProcess.js:144:140571)
2025-12-21 12:49:30.252 [error] [PollywogGames.pico8-ls] provider FAILED
2025-12-21 12:49:30.253 [error] Error: selectionRange must be contained in fullRange
	at bp.validate (file:///opt/visual-studio-code/resources/app/out/vs/workbench/api/node/extensionHostProcess.js:112:27027)
	at new bp (file:///opt/visual-studio-code/resources/app/out/vs/workbench/api/node/extensionHostProcess.js:112:27235)
	at st (/home/josie/.vscode/extensions/pollywoggames.pico8-ls-0.6.1/client/out-min/main.js:33:50124)
	at Array.map (<anonymous>)
	at Object.ln [as asDocumentSymbols] (/home/josie/.vscode/extensions/pollywoggames.pico8-ls-0.6.1/client/out-min/main.js:33:50095)
	at /home/josie/.vscode/extensions/pollywoggames.pico8-ls-0.6.1/client/out-min/main.js:34:30962
	at async RN.provideDocumentSymbols (file:///opt/visual-studio-code/resources/app/out/vs/workbench/api/node/extensionHostProcess.js:144:140571)
2025-12-21 12:49:30.254 [error] [PollywogGames.pico8-ls] provider FAILED
2025-12-21 12:49:30.254 [error] Error: selectionRange must be contained in fullRange
	at bp.validate (file:///opt/visual-studio-code/resources/app/out/vs/workbench/api/node/extensionHostProcess.js:112:27027)
	at new bp (file:///opt/visual-studio-code/resources/app/out/vs/workbench/api/node/extensionHostProcess.js:112:27235)
	at st (/home/josie/.vscode/extensions/pollywoggames.pico8-ls-0.6.1/client/out-min/main.js:33:50124)
	at Array.map (<anonymous>)
	at Object.ln [as asDocumentSymbols] (/home/josie/.vscode/extensions/pollywoggames.pico8-ls-0.6.1/client/out-min/main.js:33:50095)
	at /home/josie/.vscode/extensions/pollywoggames.pico8-ls-0.6.1/client/out-min/main.js:34:30962
	at async RN.provideDocumentSymbols (file:///opt/visual-studio-code/resources/app/out/vs/workbench/api/node/extensionHostProcess.js:144:140571)
2025-12-21 12:49:46.125 [error] [PollywogGames.pico8-ls] provider FAILED
2025-12-21 12:49:46.125 [error] Error: selectionRange must be contained in fullRange
	at bp.validate (file:///opt/visual-studio-code/resources/app/out/vs/workbench/api/node/extensionHostProcess.js:112:27027)
	at new bp (file:///opt/visual-studio-code/resources/app/out/vs/workbench/api/node/extensionHostProcess.js:112:27235)
	at st (/home/josie/.vscode/extensions/pollywoggames.pico8-ls-0.6.1/client/out-min/main.js:33:50124)
	at Array.map (<anonymous>)
	at Object.ln [as asDocumentSymbols] (/home/josie/.vscode/extensions/pollywoggames.pico8-ls-0.6.1/client/out-min/main.js:33:50095)
	at /home/josie/.vscode/extensions/pollywoggames.pico8-ls-0.6.1/client/out-min/main.js:34:30962
	at async RN.provideDocumentSymbols (file:///opt/visual-studio-code/resources/app/out/vs/workbench/api/node/extensionHostProcess.js:144:140571)
2025-12-21 12:49:46.126 [error] [PollywogGames.pico8-ls] provider FAILED
2025-12-21 12:49:46.126 [error] Error: selectionRange must be contained in fullRange
	at bp.validate (file:///opt/visual-studio-code/resources/app/out/vs/workbench/api/node/extensionHostProcess.js:112:27027)
	at new bp (file:///opt/visual-studio-code/resources/app/out/vs/workbench/api/node/extensionHostProcess.js:112:27235)
	at st (/home/josie/.vscode/extensions/pollywoggames.pico8-ls-0.6.1/client/out-min/main.js:33:50124)
	at Array.map (<anonymous>)
	at Object.ln [as asDocumentSymbols] (/home/josie/.vscode/extensions/pollywoggames.pico8-ls-0.6.1/client/out-min/main.js:33:50095)
	at /home/josie/.vscode/extensions/pollywoggames.pico8-ls-0.6.1/client/out-min/main.js:34:30962
	at async RN.provideDocumentSymbols (file:///opt/visual-studio-code/resources/app/out/vs/workbench/api/node/extensionHostProcess.js:144:140571)
2025-12-21 12:50:07.929 [error] [PollywogGames.pico8-ls] provider FAILED
2025-12-21 12:50:07.929 [error] Error: selectionRange must be contained in fullRange
	at bp.validate (file:///opt/visual-studio-code/resources/app/out/vs/workbench/api/node/extensionHostProcess.js:112:27027)
	at new bp (file:///opt/visual-studio-code/resources/app/out/vs/workbench/api/node/extensionHostProcess.js:112:27235)
	at st (/home/josie/.vscode/extensions/pollywoggames.pico8-ls-0.6.1/client/out-min/main.js:33:50124)
	at Array.map (<anonymous>)
	at Object.ln [as asDocumentSymbols] (/home/josie/.vscode/extensions/pollywoggames.pico8-ls-0.6.1/client/out-min/main.js:33:50095)
	at /home/josie/.vscode/extensions/pollywoggames.pico8-ls-0.6.1/client/out-min/main.js:34:30962
	at async RN.provideDocumentSymbols (file:///opt/visual-studio-code/resources/app/out/vs/workbench/api/node/extensionHostProcess.js:144:140571)
2025-12-21 12:50:08.263 [error] [PollywogGames.pico8-ls] provider FAILED
2025-12-21 12:50:08.264 [error] Error: selectionRange must be contained in fullRange
	at bp.validate (file:///opt/visual-studio-code/resources/app/out/vs/workbench/api/node/extensionHostProcess.js:112:27027)
	at new bp (file:///opt/visual-studio-code/resources/app/out/vs/workbench/api/node/extensionHostProcess.js:112:27235)
	at st (/home/josie/.vscode/extensions/pollywoggames.pico8-ls-0.6.1/client/out-min/main.js:33:50124)
	at Array.map (<anonymous>)
	at Object.ln [as asDocumentSymbols] (/home/josie/.vscode/extensions/pollywoggames.pico8-ls-0.6.1/client/out-min/main.js:33:50095)
	at /home/josie/.vscode/extensions/pollywoggames.pico8-ls-0.6.1/client/out-min/main.js:34:30962
	at async RN.provideDocumentSymbols (file:///opt/visual-studio-code/resources/app/out/vs/workbench/api/node/extensionHostProcess.js:144:140571)
2025-12-21 12:50:08.265 [error] [PollywogGames.pico8-ls] provider FAILED
2025-12-21 12:50:08.265 [error] Error: selectionRange must be contained in fullRange
	at bp.validate (file:///opt/visual-studio-code/resources/app/out/vs/workbench/api/node/extensionHostProcess.js:112:27027)
	at new bp (file:///opt/visual-studio-code/resources/app/out/vs/workbench/api/node/extensionHostProcess.js:112:27235)
	at st (/home/josie/.vscode/extensions/pollywoggames.pico8-ls-0.6.1/client/out-min/main.js:33:50124)
	at Array.map (<anonymous>)
	at Object.ln [as asDocumentSymbols] (/home/josie/.vscode/extensions/pollywoggames.pico8-ls-0.6.1/client/out-min/main.js:33:50095)
	at /home/josie/.vscode/extensions/pollywoggames.pico8-ls-0.6.1/client/out-min/main.js:34:30962
	at async RN.provideDocumentSymbols (file:///opt/visual-studio-code/resources/app/out/vs/workbench/api/node/extensionHostProcess.js:144:140571)
2025-12-21 12:53:17.435 [error] [PollywogGames.pico8-ls] provider FAILED
2025-12-21 12:53:17.436 [error] Error: selectionRange must be contained in fullRange
	at bp.validate (file:///opt/visual-studio-code/resources/app/out/vs/workbench/api/node/extensionHostProcess.js:112:27027)
	at new bp (file:///opt/visual-studio-code/resources/app/out/vs/workbench/api/node/extensionHostProcess.js:112:27235)
	at st (/home/josie/.vscode/extensions/pollywoggames.pico8-ls-0.6.1/client/out-min/main.js:33:50124)
	at Array.map (<anonymous>)
	at Object.ln [as asDocumentSymbols] (/home/josie/.vscode/extensions/pollywoggames.pico8-ls-0.6.1/client/out-min/main.js:33:50095)
	at /home/josie/.vscode/extensions/pollywoggames.pico8-ls-0.6.1/client/out-min/main.js:34:30962
	at async RN.provideDocumentSymbols (file:///opt/visual-studio-code/resources/app/out/vs/workbench/api/node/extensionHostProcess.js:144:140571)
2025-12-21 12:53:17.436 [error] [PollywogGames.pico8-ls] provider FAILED
2025-12-21 12:53:17.437 [error] Error: selectionRange must be contained in fullRange
	at bp.validate (file:///opt/visual-studio-code/resources/app/out/vs/workbench/api/node/extensionHostProcess.js:112:27027)
	at new bp (file:///opt/visual-studio-code/resources/app/out/vs/workbench/api/node/extensionHostProcess.js:112:27235)
	at st (/home/josie/.vscode/extensions/pollywoggames.pico8-ls-0.6.1/client/out-min/main.js:33:50124)
	at Array.map (<anonymous>)
	at Object.ln [as asDocumentSymbols] (/home/josie/.vscode/extensions/pollywoggames.pico8-ls-0.6.1/client/out-min/main.js:33:50095)
	at /home/josie/.vscode/extensions/pollywoggames.pico8-ls-0.6.1/client/out-min/main.js:34:30962
	at async RN.provideDocumentSymbols (file:///opt/visual-studio-code/resources/app/out/vs/workbench/api/node/extensionHostProcess.js:144:140571)
2025-12-21 12:53:19.742 [error] [PollywogGames.pico8-ls] provider FAILED
2025-12-21 12:53:19.742 [error] Error: selectionRange must be contained in fullRange
	at bp.validate (file:///opt/visual-studio-code/resources/app/out/vs/workbench/api/node/extensionHostProcess.js:112:27027)
	at new bp (file:///opt/visual-studio-code/resources/app/out/vs/workbench/api/node/extensionHostProcess.js:112:27235)
	at st (/home/josie/.vscode/extensions/pollywoggames.pico8-ls-0.6.1/client/out-min/main.js:33:50124)
	at Array.map (<anonymous>)
	at Object.ln [as asDocumentSymbols] (/home/josie/.vscode/extensions/pollywoggames.pico8-ls-0.6.1/client/out-min/main.js:33:50095)
	at /home/josie/.vscode/extensions/pollywoggames.pico8-ls-0.6.1/client/out-min/main.js:34:30962
	at async RN.provideDocumentSymbols (file:///opt/visual-studio-code/resources/app/out/vs/workbench/api/node/extensionHostProcess.js:144:140571)
2025-12-21 12:53:19.743 [error] [PollywogGames.pico8-ls] provider FAILED
2025-12-21 12:53:19.743 [error] Error: selectionRange must be contained in fullRange
	at bp.validate (file:///opt/visual-studio-code/resources/app/out/vs/workbench/api/node/extensionHostProcess.js:112:27027)
	at new bp (file:///opt/visual-studio-code/resources/app/out/vs/workbench/api/node/extensionHostProcess.js:112:27235)
	at st (/home/josie/.vscode/extensions/pollywoggames.pico8-ls-0.6.1/client/out-min/main.js:33:50124)
	at Array.map (<anonymous>)
	at Object.ln [as asDocumentSymbols] (/home/josie/.vscode/extensions/pollywoggames.pico8-ls-0.6.1/client/out-min/main.js:33:50095)
	at /home/josie/.vscode/extensions/pollywoggames.pico8-ls-0.6.1/client/out-min/main.js:34:30962
	at async RN.provideDocumentSymbols (file:///opt/visual-studio-code/resources/app/out/vs/workbench/api/node/extensionHostProcess.js:144:140571)
2025-12-21 12:53:23.255 [error] [PollywogGames.pico8-ls] provider FAILED
2025-12-21 12:53:23.255 [error] Error: selectionRange must be contained in fullRange
	at bp.validate (file:///opt/visual-studio-code/resources/app/out/vs/workbench/api/node/extensionHostProcess.js:112:27027)
	at new bp (file:///opt/visual-studio-code/resources/app/out/vs/workbench/api/node/extensionHostProcess.js:112:27235)
	at st (/home/josie/.vscode/extensions/pollywoggames.pico8-ls-0.6.1/client/out-min/main.js:33:50124)
	at Array.map (<anonymous>)
	at Object.ln [as asDocumentSymbols] (/home/josie/.vscode/extensions/pollywoggames.pico8-ls-0.6.1/client/out-min/main.js:33:50095)
	at /home/josie/.vscode/extensions/pollywoggames.pico8-ls-0.6.1/client/out-min/main.js:34:30962
	at async RN.provideDocumentSymbols (file:///opt/visual-studio-code/resources/app/out/vs/workbench/api/node/extensionHostProcess.js:144:140571)
2025-12-21 12:53:23.256 [error] [PollywogGames.pico8-ls] provider FAILED
2025-12-21 12:53:23.256 [error] Error: selectionRange must be contained in fullRange
	at bp.validate (file:///opt/visual-studio-code/resources/app/out/vs/workbench/api/node/extensionHostProcess.js:112:27027)
	at new bp (file:///opt/visual-studio-code/resources/app/out/vs/workbench/api/node/extensionHostProcess.js:112:27235)
	at st (/home/josie/.vscode/extensions/pollywoggames.pico8-ls-0.6.1/client/out-min/main.js:33:50124)
	at Array.map (<anonymous>)
	at Object.ln [as asDocumentSymbols] (/home/josie/.vscode/extensions/pollywoggames.pico8-ls-0.6.1/client/out-min/main.js:33:50095)
	at /home/josie/.vscode/extensions/pollywoggames.pico8-ls-0.6.1/client/out-min/main.js:34:30962
	at async RN.provideDocumentSymbols (file:///opt/visual-studio-code/resources/app/out/vs/workbench/api/node/extensionHostProcess.js:144:140571)
2025-12-21 12:56:31.725 [info] Extension host terminating: renderer closed the MessagePort
2025-12-21 12:56:31.749 [info] Extension host with pid 3427 exiting with code 0
