2026-01-02 14:39:23.959 [info] Reading sessions from keychain...
2026-01-02 14:39:23.959 [info] Getting sessions for all scopes...
2026-01-02 14:39:23.959 [info] Got stored sessions!
2026-01-02 14:39:23.959 [info] Got 2 verified sessions.
2026-01-02 14:39:23.959 [info] Got 2 sessions for ...
2026-01-02 14:39:23.959 [info] Getting sessions for all scopes...
2026-01-02 14:39:23.959 [info] Got 2 sessions for ...
2026-01-02 14:39:23.959 [info] Getting sessions for all scopes...
2026-01-02 14:39:23.959 [info] Got 2 sessions for ...
2026-01-02 14:39:23.959 [info] Getting sessions for all scopes...
2026-01-02 14:39:23.959 [info] Got 2 sessions for ...
2026-01-02 14:39:23.959 [info] Getting sessions for all scopes...
2026-01-02 14:39:23.959 [info] Got 2 sessions for ...
2026-01-02 14:39:23.959 [info] Getting sessions for all scopes...
2026-01-02 14:39:23.959 [info] Got 2 sessions for ...
2026-01-02 14:39:23.959 [info] Getting sessions for all scopes...
2026-01-02 14:39:23.959 [info] Got 2 sessions for ...
2026-01-02 14:39:23.959 [info] Getting sessions for all scopes...
2026-01-02 14:39:23.959 [info] Got 2 sessions for ...
2026-01-02 14:39:23.959 [info] Getting sessions for all scopes...
2026-01-02 14:39:23.959 [info] Got 2 sessions for ...
2026-01-02 14:39:23.959 [info] Getting sessions for all scopes...
2026-01-02 14:39:23.959 [info] Got 2 sessions for ...
2026-01-02 14:39:23.959 [info] Getting sessions for all scopes...
2026-01-02 14:39:23.959 [info] Got 2 sessions for ...
2026-01-02 14:39:23.959 [info] Getting sessions for all scopes...
2026-01-02 14:39:23.959 [info] Got 2 sessions for ...
2026-01-02 14:39:23.959 [info] Getting sessions for all scopes...
2026-01-02 14:39:23.959 [info] Got 2 sessions for ...
2026-01-02 14:39:23.959 [info] Getting sessions for all scopes...
2026-01-02 14:39:23.959 [info] Got 2 sessions for ...
2026-01-02 14:39:23.959 [info] Getting sessions for all scopes...
2026-01-02 14:39:23.959 [info] Got 2 sessions for ...
2026-01-02 14:39:23.959 [info] Getting sessions for all scopes...
2026-01-02 14:39:23.959 [info] Got 2 sessions for ...
2026-01-02 14:39:25.207 [info] FetcherService: Electron fetch failed with status: 429 
2026-01-02 14:39:25.425 [info] Getting sessions for all scopes...
2026-01-02 14:39:25.425 [info] Got 2 sessions for ...
2026-01-02 14:39:25.570 [info] FetcherService: Node fetch failed with status: 429 Too Many Requests
2026-01-02 14:39:26.068 [info] FetcherService: Node http/s failed with status: 429 Too Many Requests
