2026-01-06 12:27:35.935 [info] Reading sessions from keychain...
2026-01-06 12:27:35.935 [info] Getting sessions for all scopes...
2026-01-06 12:27:35.935 [info] Got stored sessions!
2026-01-06 12:27:35.935 [info] Got 2 verified sessions.
2026-01-06 12:27:35.935 [info] Got 2 sessions for ...
2026-01-06 12:27:35.935 [info] Getting sessions for all scopes...
2026-01-06 12:27:35.935 [info] Got 2 sessions for ...
2026-01-06 12:27:35.935 [info] Getting sessions for all scopes...
2026-01-06 12:27:35.935 [info] Got 2 sessions for ...
2026-01-06 12:27:35.935 [info] Getting sessions for all scopes...
2026-01-06 12:27:35.935 [info] Got 2 sessions for ...
2026-01-06 12:27:35.935 [info] Getting sessions for all scopes...
2026-01-06 12:27:35.935 [info] Got 2 sessions for ...
2026-01-06 12:27:35.935 [info] Getting sessions for all scopes...
2026-01-06 12:27:35.935 [info] Got 2 sessions for ...
2026-01-06 12:27:35.935 [info] Getting sessions for all scopes...
2026-01-06 12:27:35.935 [info] Got 2 sessions for ...
2026-01-06 12:27:35.935 [info] Getting sessions for all scopes...
2026-01-06 12:27:35.935 [info] Got 2 sessions for ...
2026-01-06 12:27:35.935 [info] Getting sessions for all scopes...
2026-01-06 12:27:35.935 [info] Got 2 sessions for ...
2026-01-06 12:27:35.935 [info] Getting sessions for all scopes...
2026-01-06 12:27:35.935 [info] Got 2 sessions for ...
2026-01-06 12:27:35.935 [info] Getting sessions for all scopes...
2026-01-06 12:27:35.935 [info] Got 2 sessions for ...
2026-01-06 12:27:35.935 [info] Getting sessions for all scopes...
2026-01-06 12:27:35.935 [info] Got 2 sessions for ...
2026-01-06 12:27:35.935 [info] Getting sessions for all scopes...
2026-01-06 12:27:35.936 [info] Got 2 sessions for ...
2026-01-06 12:27:35.936 [info] Getting sessions for all scopes...
2026-01-06 12:27:35.936 [info] Got 2 sessions for ...
2026-01-06 12:27:35.936 [info] Getting sessions for all scopes...
2026-01-06 12:27:35.936 [info] Got 2 sessions for ...
2026-01-06 12:27:35.936 [info] Getting sessions for all scopes...
2026-01-06 12:27:35.936 [info] Got 2 sessions for ...
2026-01-06 12:27:37.432 [info] Getting sessions for all scopes...
2026-01-06 12:27:37.432 [info] Got 2 sessions for ...
2026-01-06 12:27:40.079 [info] FetcherService: Electron fetch failed with status: 429 
2026-01-06 12:27:41.709 [info] FetcherService: Node fetch failed with status: 429 Too Many Requests
2026-01-06 12:27:42.240 [info] FetcherService: Node http/s failed with status: 429 Too Many Requests
2026-01-06 12:28:54.733 [info] Reading sessions from keychain...
2026-01-06 12:28:54.734 [info] Getting sessions for all scopes...
2026-01-06 12:28:54.734 [info] Got stored sessions!
2026-01-06 12:28:54.734 [info] Got 2 verified sessions.
2026-01-06 12:28:54.734 [info] Got 2 sessions for ...
2026-01-06 12:28:54.734 [info] Getting sessions for all scopes...
2026-01-06 12:28:54.734 [info] Got 2 sessions for ...
2026-01-06 12:28:54.734 [info] Getting sessions for all scopes...
2026-01-06 12:28:54.734 [info] Got 2 sessions for ...
2026-01-06 12:28:54.734 [info] Getting sessions for all scopes...
2026-01-06 12:28:54.734 [info] Got 2 sessions for ...
2026-01-06 12:28:54.734 [info] Getting sessions for all scopes...
2026-01-06 12:28:54.734 [info] Got 2 sessions for ...
2026-01-06 12:28:54.734 [info] Getting sessions for all scopes...
2026-01-06 12:28:54.734 [info] Got 2 sessions for ...
2026-01-06 12:28:54.734 [info] Getting sessions for all scopes...
2026-01-06 12:28:54.734 [info] Got 2 sessions for ...
2026-01-06 12:28:54.734 [info] Getting sessions for all scopes...
2026-01-06 12:28:54.734 [info] Got 2 sessions for ...
2026-01-06 12:28:54.734 [info] Getting sessions for all scopes...
2026-01-06 12:28:54.734 [info] Got 2 sessions for ...
2026-01-06 12:28:54.734 [info] Getting sessions for all scopes...
2026-01-06 12:28:54.734 [info] Got 2 sessions for ...
2026-01-06 12:28:54.734 [info] Getting sessions for all scopes...
2026-01-06 12:28:54.734 [info] Got 2 sessions for ...
2026-01-06 12:28:54.734 [info] Getting sessions for all scopes...
2026-01-06 12:28:54.734 [info] Got 2 sessions for ...
2026-01-06 12:28:54.734 [info] Getting sessions for all scopes...
2026-01-06 12:28:54.734 [info] Got 2 sessions for ...
2026-01-06 12:28:54.734 [info] Getting sessions for all scopes...
2026-01-06 12:28:54.734 [info] Got 2 sessions for ...
2026-01-06 12:28:54.734 [info] Getting sessions for all scopes...
2026-01-06 12:28:54.734 [info] Got 2 sessions for ...
2026-01-06 12:28:54.734 [info] Getting sessions for all scopes...
2026-01-06 12:28:54.734 [info] Got 2 sessions for ...
2026-01-06 12:28:55.634 [info] Getting sessions for read:user,repo,user:email,workflow...
2026-01-06 12:28:55.635 [info] Got 1 sessions for read:user,repo,user:email,workflow...
2026-01-06 12:28:55.721 [info] Getting sessions for all scopes...
2026-01-06 12:28:55.721 [info] Got 2 sessions for ...
2026-01-06 12:28:57.788 [info] FetcherService: Electron fetch failed with status: 429 
2026-01-06 12:29:00.109 [info] FetcherService: Node fetch failed with status: 429 Too Many Requests
2026-01-06 12:29:01.300 [info] FetcherService: Node http/s failed with status: 429 Too Many Requests
2026-01-06 12:34:35.340 [info] Getting sessions for read:user,repo,user:email,workflow...
2026-01-06 12:34:35.341 [info] Got 1 sessions for read:user,repo,user:email,workflow...
2026-01-06 12:35:09.623 [info] Getting sessions for read:user,repo,user:email,workflow...
2026-01-06 12:35:09.623 [info] Got 1 sessions for read:user,repo,user:email,workflow...
2026-01-06 12:48:03.561 [info] Getting sessions for read:user,repo,user:email,workflow...
2026-01-06 12:48:03.569 [info] Got 1 sessions for read:user,repo,user:email,workflow...
2026-01-06 12:54:04.052 [info] Getting sessions for read:user,repo,user:email,workflow...
2026-01-06 12:54:04.060 [info] Got 1 sessions for read:user,repo,user:email,workflow...
2026-01-06 13:06:32.547 [info] Getting sessions for read:user,repo,user:email,workflow...
2026-01-06 13:06:32.548 [info] Got 1 sessions for read:user,repo,user:email,workflow...
2026-01-06 13:28:01.990 [info] Getting sessions for read:user,repo,user:email,workflow...
2026-01-06 13:28:01.998 [info] Got 1 sessions for read:user,repo,user:email,workflow...
