2026-01-08 09:05:25.030 [info] Revived process, old id 69a2c3f074d8d62358ae353eb46093bc-4 -> new id 1
2026-01-08 09:05:25.031 [info] Revived process, old id 69a2c3f074d8d62358ae353eb46093bc-5 -> new id 2
2026-01-08 09:05:25.031 [info] Revived process, old id 69a2c3f074d8d62358ae353eb46093bc-7 -> new id 3
2026-01-08 09:05:25.099 [info] Expanding terminal instance, old id 69a2c3f074d8d62358ae353eb46093bc-4 -> new id 1
2026-01-08 09:05:25.099 [info] Expanding terminal instance, old id 69a2c3f074d8d62358ae353eb46093bc-5 -> new id 2
2026-01-08 09:05:25.099 [info] Expanding terminal instance, old id 69a2c3f074d8d62358ae353eb46093bc-7 -> new id 3
2026-01-08 09:05:25.392 [warning] Persistent process "1": Process had no disconnect runners but was an orphan
2026-01-08 09:05:25.393 [info] Persistent process reconnection "1"
2026-01-08 09:05:25.408 [error] Failed to set sticky bit on /tmp/josie-code-zsh: Error: ENOENT: no such file or directory, chmod '/tmp/josie-code-zsh'
2026-01-08 09:05:25.431 [warning] Persistent process "2": Process had no disconnect runners but was an orphan
2026-01-08 09:05:25.431 [info] Persistent process reconnection "2"
2026-01-08 09:05:25.437 [warning] Persistent process "3": Process had no disconnect runners but was an orphan
2026-01-08 09:05:25.437 [info] Persistent process reconnection "3"
2026-01-08 09:05:25.460 [info] Persistent process "1": Replaying 1458 chars and 1 size events
2026-01-08 09:05:25.556 [info] Persistent process "3": Replaying 463 chars and 1 size events
2026-01-08 09:05:25.582 [info] Persistent process "2": Replaying 2925 chars and 1 size events
2026-01-08 10:48:01.388 [info] Revived process, old id 99c609b292cda71359492959afa58b4e-1 -> new id 7
2026-01-08 10:48:01.389 [info] Revived process, old id 99c609b292cda71359492959afa58b4e-2 -> new id 8
2026-01-08 10:48:01.787 [info] Expanding terminal instance, old id 99c609b292cda71359492959afa58b4e-1 -> new id 7
2026-01-08 10:48:01.787 [info] Expanding terminal instance, old id 99c609b292cda71359492959afa58b4e-2 -> new id 8
2026-01-08 10:48:03.169 [warning] Persistent process "8": Process had no disconnect runners but was an orphan
2026-01-08 10:48:03.170 [info] Persistent process reconnection "8"
2026-01-08 10:48:03.171 [warning] Persistent process "7": Process had no disconnect runners but was an orphan
2026-01-08 10:48:03.171 [info] Persistent process reconnection "7"
2026-01-08 10:48:03.292 [info] Persistent process "8": Replaying 4892 chars and 1 size events
2026-01-08 10:48:03.312 [info] Persistent process "7": Replaying 2046 chars and 1 size events
