2026-01-05 15:26:06.716 [info] Extension host with pid 892 started
2026-01-05 15:26:06.716 [info] Skipping acquiring lock for /home/josie/.config/Code/User/workspaceStorage/45ac6a147485a009a849c1c818a7c44e.
2026-01-05 15:26:06.965 [info] ExtensionService#_doActivateExtension vscode.github-authentication, startup: false, activationEvent: 'onAuthenticationRequest:github'
2026-01-05 15:26:07.015 [info] ExtensionService#_doActivateExtension vscode.emmet, startup: false, activationEvent: 'onLanguage'
2026-01-05 15:26:07.089 [info] ExtensionService#_doActivateExtension ms-python.python, startup: false, activationEvent: 'onLanguage:python', root cause: ms-python.debugpy
2026-01-05 15:26:07.435 [info] ExtensionService#_doActivateExtension ms-python.vscode-pylance, startup: false, activationEvent: 'onLanguage:python'
2026-01-05 15:26:08.315 [info] ExtensionService#_doActivateExtension ms-python.vscode-python-envs, startup: false, activationEvent: 'onLanguage:python'
2026-01-05 15:26:08.686 [info] ExtensionService#_doActivateExtension vscode.git-base, startup: true, activationEvent: '*', root cause: vscode.git
2026-01-05 15:26:08.793 [info] ExtensionService#_doActivateExtension vscode.terminal-suggest, startup: false, activationEvent: 'onTerminalShellIntegration:*'
2026-01-05 15:26:09.165 [info] ExtensionService#_doActivateExtension vscode.git, startup: true, activationEvent: '*'
2026-01-05 15:26:09.308 [info] ExtensionService#_doActivateExtension vscode.github, startup: true, activationEvent: '*'
2026-01-05 15:26:09.739 [info] Eager extensions activated
2026-01-05 15:26:09.762 [info] ExtensionService#_doActivateExtension ms-python.debugpy, startup: false, activationEvent: 'onLanguage:python'
2026-01-05 15:26:09.840 [info] ExtensionService#_doActivateExtension vscode.debug-auto-launch, startup: false, activationEvent: 'onStartupFinished'
2026-01-05 15:26:09.844 [info] ExtensionService#_doActivateExtension vscode.merge-conflict, startup: false, activationEvent: 'onStartupFinished'
2026-01-05 15:26:09.877 [info] ExtensionService#_doActivateExtension Catppuccin.catppuccin-vsc, startup: false, activationEvent: 'onStartupFinished'
2026-01-05 15:26:13.272 [warning] DiagnosticCollection with name 'Pylance' does already exist.
2026-01-05 15:26:13.291 [warning] DiagnosticCollection with name 'Pylance' does already exist.
2026-01-05 15:28:42.577 [info] Extension host terminating: renderer closed the MessagePort
2026-01-05 15:28:42.611 [error] TypeError: Cannot read properties of undefined (reading 'subscriptions')
	at Object.G [as deactivate] (/home/josie/.vscode/extensions/ms-python.vscode-python-envs-1.14.0-linux-x64/dist/extension.js:2:684166)
	at HX.eb (file:///opt/visual-studio-code/resources/app/out/vs/workbench/api/node/extensionHostProcess.js:120:11850)
	at file:///opt/visual-studio-code/resources/app/out/vs/workbench/api/node/extensionHostProcess.js:120:10000
	at Array.map (<anonymous>)
	at HX.$ (file:///opt/visual-studio-code/resources/app/out/vs/workbench/api/node/extensionHostProcess.js:120:9988)
	at HX.terminate (file:///opt/visual-studio-code/resources/app/out/vs/workbench/api/node/extensionHostProcess.js:120:10231)
	at yN.terminate (file:///opt/visual-studio-code/resources/app/out/vs/workbench/api/node/extensionHostProcess.js:122:914)
	at Us (file:///opt/visual-studio-code/resources/app/out/vs/workbench/api/node/extensionHostProcess.js:404:11129)
	at MessagePortMain.<anonymous> (file:///opt/visual-studio-code/resources/app/out/vs/workbench/api/node/extensionHostProcess.js:404:7604)
	at MessagePortMain.emit (node:events:519:28)
	at MessagePortMain._internalPort.emit (node:electron/js2c/utility_init:2:2949)
2026-01-05 15:28:42.648 [info] Extension host with pid 892 exiting with code 0
2026-01-05 15:28:44.679 [info] Extension host with pid 1502 started
2026-01-05 15:28:44.679 [info] Skipping acquiring lock for /home/josie/.config/Code/User/workspaceStorage/69a2c3f074d8d62358ae353eb46093bc.
2026-01-05 15:28:45.173 [info] ExtensionService#_doActivateExtension vscode.github-authentication, startup: false, activationEvent: 'onAuthenticationRequest:github'
2026-01-05 15:28:45.221 [info] ExtensionService#_doActivateExtension vscode.emmet, startup: false, activationEvent: 'onLanguage'
2026-01-05 15:28:45.253 [info] ExtensionService#_doActivateExtension ms-python.python, startup: false, activationEvent: 'onLanguage:python', root cause: ms-python.debugpy
2026-01-05 15:28:45.644 [info] ExtensionService#_doActivateExtension ms-python.vscode-pylance, startup: false, activationEvent: 'onLanguage:python'
2026-01-05 15:28:46.469 [info] ExtensionService#_doActivateExtension ms-python.vscode-python-envs, startup: false, activationEvent: 'onLanguage:python'
2026-01-05 15:28:46.764 [info] ExtensionService#_doActivateExtension vscode.git-base, startup: true, activationEvent: '*', root cause: vscode.git
2026-01-05 15:28:46.821 [info] ExtensionService#_doActivateExtension vscode.terminal-suggest, startup: false, activationEvent: 'onTerminalShellIntegration:*'
2026-01-05 15:28:47.054 [info] ExtensionService#_doActivateExtension vscode.git, startup: true, activationEvent: '*'
2026-01-05 15:28:47.144 [info] ExtensionService#_doActivateExtension vscode.github, startup: true, activationEvent: '*'
2026-01-05 15:28:47.748 [info] Eager extensions activated
2026-01-05 15:28:47.784 [info] ExtensionService#_doActivateExtension ms-python.debugpy, startup: false, activationEvent: 'onLanguage:python'
2026-01-05 15:28:47.893 [info] ExtensionService#_doActivateExtension vscode.debug-auto-launch, startup: false, activationEvent: 'onStartupFinished'
2026-01-05 15:28:47.897 [info] ExtensionService#_doActivateExtension vscode.merge-conflict, startup: false, activationEvent: 'onStartupFinished'
2026-01-05 15:28:47.935 [info] ExtensionService#_doActivateExtension Catppuccin.catppuccin-vsc, startup: false, activationEvent: 'onStartupFinished'
2026-01-05 15:28:51.721 [warning] DiagnosticCollection with name 'Pylance' does already exist.
2026-01-05 15:28:51.745 [warning] DiagnosticCollection with name 'Pylance' does already exist.
2026-01-05 15:34:36.001 [info] ExtensionService#_doActivateExtension vscode.npm, startup: false, activationEvent: 'onTerminalQuickFixRequest:ms-vscode.npm-command'
2026-01-05 15:57:36.547 [info] Extension host terminating: renderer closed the MessagePort
2026-01-05 15:57:36.678 [error] TypeError: Cannot read properties of undefined (reading 'subscriptions')
	at Object.G [as deactivate] (/home/josie/.vscode/extensions/ms-python.vscode-python-envs-1.14.0-linux-x64/dist/extension.js:2:684166)
	at HX.eb (file:///opt/visual-studio-code/resources/app/out/vs/workbench/api/node/extensionHostProcess.js:120:11850)
	at file:///opt/visual-studio-code/resources/app/out/vs/workbench/api/node/extensionHostProcess.js:120:10000
	at Array.map (<anonymous>)
	at HX.$ (file:///opt/visual-studio-code/resources/app/out/vs/workbench/api/node/extensionHostProcess.js:120:9988)
	at HX.terminate (file:///opt/visual-studio-code/resources/app/out/vs/workbench/api/node/extensionHostProcess.js:120:10231)
	at yN.terminate (file:///opt/visual-studio-code/resources/app/out/vs/workbench/api/node/extensionHostProcess.js:122:914)
	at Us (file:///opt/visual-studio-code/resources/app/out/vs/workbench/api/node/extensionHostProcess.js:404:11129)
	at MessagePortMain.<anonymous> (file:///opt/visual-studio-code/resources/app/out/vs/workbench/api/node/extensionHostProcess.js:404:7604)
	at MessagePortMain.emit (node:events:519:28)
	at MessagePortMain._internalPort.emit (node:electron/js2c/utility_init:2:2949)
2026-01-05 15:57:36.679 [info] Extension host with pid 1502 exiting with code 0
2026-01-05 15:57:39.114 [info] Extension host with pid 5323 started
2026-01-05 15:57:39.114 [info] Skipping acquiring lock for /home/josie/.config/Code/User/workspaceStorage/99c609b292cda71359492959afa58b4e.
2026-01-05 15:57:39.166 [info] ExtensionService#_doActivateExtension vscode.github-authentication, startup: false, activationEvent: 'onAuthenticationRequest:github'
2026-01-05 15:57:39.350 [info] ExtensionService#_doActivateExtension vscode.git-base, startup: true, activationEvent: '*', root cause: vscode.git
2026-01-05 15:57:39.434 [info] ExtensionService#_doActivateExtension vscode.git, startup: true, activationEvent: '*'
2026-01-05 15:57:39.518 [info] ExtensionService#_doActivateExtension vscode.github, startup: true, activationEvent: '*'
2026-01-05 15:57:39.782 [info] Eager extensions activated
2026-01-05 15:57:39.797 [info] ExtensionService#_doActivateExtension vscode.debug-auto-launch, startup: false, activationEvent: 'onStartupFinished'
2026-01-05 15:57:39.802 [info] ExtensionService#_doActivateExtension vscode.merge-conflict, startup: false, activationEvent: 'onStartupFinished'
2026-01-05 15:57:39.836 [info] ExtensionService#_doActivateExtension Catppuccin.catppuccin-vsc, startup: false, activationEvent: 'onStartupFinished'
2026-01-05 15:57:50.428 [info] ExtensionService#_doActivateExtension ms-python.python, startup: false, activationEvent: 'onCommand:python.createEnvironment'
2026-01-05 15:57:51.249 [info] ExtensionService#_doActivateExtension ms-python.vscode-pylance, startup: false, activationEvent: 'api', root cause: ms-python.python
2026-01-05 15:57:51.944 [info] ExtensionService#_doActivateExtension vscode.terminal-suggest, startup: false, activationEvent: 'onTerminalShellIntegration:*'
2026-01-05 15:57:52.243 [info] ExtensionService#_doActivateExtension ms-python.vscode-python-envs, startup: false, activationEvent: 'api', root cause: ms-python.vscode-pylance
2026-01-05 15:57:56.428 [warning] DiagnosticCollection with name 'Pylance' does already exist.
2026-01-05 15:57:56.571 [warning] DiagnosticCollection with name 'Pylance' does already exist.
2026-01-05 15:58:45.694 [info] ExtensionService#_doActivateExtension vscode.emmet, startup: false, activationEvent: 'onLanguage'
2026-01-05 15:58:45.886 [info] ExtensionService#_doActivateExtension ms-python.debugpy, startup: false, activationEvent: 'onLanguage:python'
2026-01-05 15:59:46.752 [info] ExtensionService#_doActivateExtension vscode.npm, startup: false, activationEvent: 'onTerminalQuickFixRequest:ms-vscode.npm-command'
2026-01-05 16:07:00.553 [info] Extension host terminating: renderer closed the MessagePort
2026-01-05 16:07:00.728 [error] TypeError: Cannot read properties of undefined (reading 'subscriptions')
	at Object.G [as deactivate] (/home/josie/.vscode/extensions/ms-python.vscode-python-envs-1.14.0-linux-x64/dist/extension.js:2:684166)
	at HX.eb (file:///opt/visual-studio-code/resources/app/out/vs/workbench/api/node/extensionHostProcess.js:120:11850)
	at file:///opt/visual-studio-code/resources/app/out/vs/workbench/api/node/extensionHostProcess.js:120:10000
	at Array.map (<anonymous>)
	at HX.$ (file:///opt/visual-studio-code/resources/app/out/vs/workbench/api/node/extensionHostProcess.js:120:9988)
	at HX.terminate (file:///opt/visual-studio-code/resources/app/out/vs/workbench/api/node/extensionHostProcess.js:120:10231)
	at yN.terminate (file:///opt/visual-studio-code/resources/app/out/vs/workbench/api/node/extensionHostProcess.js:122:914)
	at Us (file:///opt/visual-studio-code/resources/app/out/vs/workbench/api/node/extensionHostProcess.js:404:11129)
	at MessagePortMain.<anonymous> (file:///opt/visual-studio-code/resources/app/out/vs/workbench/api/node/extensionHostProcess.js:404:7604)
	at MessagePortMain.emit (node:events:519:28)
	at MessagePortMain._internalPort.emit (node:electron/js2c/utility_init:2:2949)
2026-01-05 16:07:00.742 [info] Extension host with pid 5323 exiting with code 0
2026-01-05 16:07:03.506 [info] Extension host with pid 7372 started
2026-01-05 16:07:03.506 [info] Skipping acquiring lock for /home/josie/.config/Code/User/workspaceStorage/69a2c3f074d8d62358ae353eb46093bc.
2026-01-05 16:07:04.235 [info] ExtensionService#_doActivateExtension vscode.github-authentication, startup: false, activationEvent: 'onAuthenticationRequest:github'
2026-01-05 16:07:04.319 [info] ExtensionService#_doActivateExtension vscode.emmet, startup: false, activationEvent: 'onLanguage'
2026-01-05 16:07:04.353 [info] ExtensionService#_doActivateExtension ms-python.python, startup: false, activationEvent: 'onLanguage:python', root cause: ms-python.debugpy
2026-01-05 16:07:05.013 [info] ExtensionService#_doActivateExtension ms-python.vscode-pylance, startup: false, activationEvent: 'onLanguage:python'
2026-01-05 16:07:06.000 [info] ExtensionService#_doActivateExtension ms-python.vscode-python-envs, startup: false, activationEvent: 'onLanguage:python'
2026-01-05 16:07:06.332 [info] ExtensionService#_doActivateExtension vscode.git-base, startup: true, activationEvent: '*', root cause: vscode.git
2026-01-05 16:07:06.380 [info] ExtensionService#_doActivateExtension vscode.terminal-suggest, startup: false, activationEvent: 'onTerminalShellIntegration:*'
2026-01-05 16:07:06.959 [info] ExtensionService#_doActivateExtension vscode.git, startup: true, activationEvent: '*'
2026-01-05 16:07:07.058 [info] ExtensionService#_doActivateExtension vscode.github, startup: true, activationEvent: '*'
2026-01-05 16:07:07.508 [info] Eager extensions activated
2026-01-05 16:07:07.541 [info] ExtensionService#_doActivateExtension ms-python.debugpy, startup: false, activationEvent: 'onLanguage:python'
2026-01-05 16:07:07.628 [info] ExtensionService#_doActivateExtension vscode.debug-auto-launch, startup: false, activationEvent: 'onStartupFinished'
2026-01-05 16:07:07.631 [info] ExtensionService#_doActivateExtension vscode.merge-conflict, startup: false, activationEvent: 'onStartupFinished'
2026-01-05 16:07:07.666 [info] ExtensionService#_doActivateExtension Catppuccin.catppuccin-vsc, startup: false, activationEvent: 'onStartupFinished'
2026-01-05 16:07:11.705 [warning] DiagnosticCollection with name 'Pylance' does already exist.
2026-01-05 16:07:11.843 [warning] DiagnosticCollection with name 'Pylance' does already exist.
2026-01-05 16:09:00.616 [info] Extension host terminating: renderer closed the MessagePort
2026-01-05 16:09:00.685 [error] TypeError: Cannot read properties of undefined (reading 'subscriptions')
	at Object.G [as deactivate] (/home/josie/.vscode/extensions/ms-python.vscode-python-envs-1.14.0-linux-x64/dist/extension.js:2:684166)
	at HX.eb (file:///opt/visual-studio-code/resources/app/out/vs/workbench/api/node/extensionHostProcess.js:120:11850)
	at file:///opt/visual-studio-code/resources/app/out/vs/workbench/api/node/extensionHostProcess.js:120:10000
	at Array.map (<anonymous>)
	at HX.$ (file:///opt/visual-studio-code/resources/app/out/vs/workbench/api/node/extensionHostProcess.js:120:9988)
	at HX.terminate (file:///opt/visual-studio-code/resources/app/out/vs/workbench/api/node/extensionHostProcess.js:120:10231)
	at yN.terminate (file:///opt/visual-studio-code/resources/app/out/vs/workbench/api/node/extensionHostProcess.js:122:914)
	at Us (file:///opt/visual-studio-code/resources/app/out/vs/workbench/api/node/extensionHostProcess.js:404:11129)
	at MessagePortMain.<anonymous> (file:///opt/visual-studio-code/resources/app/out/vs/workbench/api/node/extensionHostProcess.js:404:7604)
	at MessagePortMain.emit (node:events:519:28)
	at MessagePortMain._internalPort.emit (node:electron/js2c/utility_init:2:2949)
2026-01-05 16:09:00.686 [info] Extension host with pid 7372 exiting with code 0
2026-01-05 16:09:03.016 [info] Extension host with pid 8242 started
2026-01-05 16:09:03.016 [info] Skipping acquiring lock for /home/josie/.config/Code/User/workspaceStorage/99c609b292cda71359492959afa58b4e.
2026-01-05 16:09:03.239 [info] ExtensionService#_doActivateExtension vscode.github-authentication, startup: false, activationEvent: 'onAuthenticationRequest:github'
2026-01-05 16:09:03.299 [info] ExtensionService#_doActivateExtension vscode.emmet, startup: false, activationEvent: 'onLanguage'
2026-01-05 16:09:03.370 [info] ExtensionService#_doActivateExtension ms-python.python, startup: false, activationEvent: 'onLanguage:python', root cause: ms-python.debugpy
2026-01-05 16:09:03.804 [info] ExtensionService#_doActivateExtension ms-python.vscode-pylance, startup: false, activationEvent: 'onLanguage:python'
2026-01-05 16:09:04.777 [info] ExtensionService#_doActivateExtension ms-python.vscode-python-envs, startup: false, activationEvent: 'onLanguage:python'
2026-01-05 16:09:05.067 [info] ExtensionService#_doActivateExtension vscode.git-base, startup: true, activationEvent: '*', root cause: vscode.git
2026-01-05 16:09:05.152 [info] ExtensionService#_doActivateExtension vscode.terminal-suggest, startup: false, activationEvent: 'onTerminalShellIntegration:*'
2026-01-05 16:09:05.549 [info] ExtensionService#_doActivateExtension vscode.git, startup: true, activationEvent: '*'
2026-01-05 16:09:05.671 [info] ExtensionService#_doActivateExtension vscode.github, startup: true, activationEvent: '*'
2026-01-05 16:09:06.038 [info] Eager extensions activated
2026-01-05 16:09:06.044 [info] ExtensionService#_doActivateExtension ms-python.debugpy, startup: false, activationEvent: 'onLanguage:python'
2026-01-05 16:09:06.169 [info] ExtensionService#_doActivateExtension vscode.debug-auto-launch, startup: false, activationEvent: 'onStartupFinished'
2026-01-05 16:09:06.174 [info] ExtensionService#_doActivateExtension vscode.merge-conflict, startup: false, activationEvent: 'onStartupFinished'
2026-01-05 16:09:06.209 [info] ExtensionService#_doActivateExtension Catppuccin.catppuccin-vsc, startup: false, activationEvent: 'onStartupFinished'
2026-01-05 16:09:09.663 [warning] DiagnosticCollection with name 'Pylance' does already exist.
2026-01-05 16:09:09.686 [warning] DiagnosticCollection with name 'Pylance' does already exist.
2026-01-05 16:11:03.932 [info] ExtensionService#_doActivateExtension vscode.npm, startup: false, activationEvent: 'onTerminalQuickFixRequest:ms-vscode.npm-command'
2026-01-05 16:19:59.998 [info] Extension host terminating: renderer closed the MessagePort
2026-01-05 16:20:00.113 [error] TypeError: Cannot read properties of undefined (reading 'subscriptions')
	at Object.G [as deactivate] (/home/josie/.vscode/extensions/ms-python.vscode-python-envs-1.14.0-linux-x64/dist/extension.js:2:684166)
	at HX.eb (file:///opt/visual-studio-code/resources/app/out/vs/workbench/api/node/extensionHostProcess.js:120:11850)
	at file:///opt/visual-studio-code/resources/app/out/vs/workbench/api/node/extensionHostProcess.js:120:10000
	at Array.map (<anonymous>)
	at HX.$ (file:///opt/visual-studio-code/resources/app/out/vs/workbench/api/node/extensionHostProcess.js:120:9988)
	at HX.terminate (file:///opt/visual-studio-code/resources/app/out/vs/workbench/api/node/extensionHostProcess.js:120:10231)
	at yN.terminate (file:///opt/visual-studio-code/resources/app/out/vs/workbench/api/node/extensionHostProcess.js:122:914)
	at Us (file:///opt/visual-studio-code/resources/app/out/vs/workbench/api/node/extensionHostProcess.js:404:11129)
	at MessagePortMain.<anonymous> (file:///opt/visual-studio-code/resources/app/out/vs/workbench/api/node/extensionHostProcess.js:404:7604)
	at MessagePortMain.emit (node:events:519:28)
	at MessagePortMain._internalPort.emit (node:electron/js2c/utility_init:2:2949)
2026-01-05 16:20:00.119 [info] Extension host with pid 8242 exiting with code 0
