2026-01-12 12:12:54.317 [info] Starting Python Locator /home/josie/.vscode/extensions/ms-python.python-2025.20.1-linux-x64/python-env-tools/bin/pet server
2026-01-12 12:12:54.353 [info] Discovered env: /home/josie/Documents/programming/python/new/.venv/bin/python
2026-01-12 12:12:54.359 [info] Discovered env: /bin/python
2026-01-12 12:12:54.361 [info] Discovered env: /usr/bin/python
2026-01-12 12:12:54.361 [info] Env ("/usr/sbin/python") in Path resolved as ResolvedPythonEnv { executable: "/usr/sbin/python", prefix: "/usr", version: "3.13.7.final.0", is64_bit: true, symlinks: Some(["/usr/sbin/python"]) } and reported as Some(GlobalPaths)
2026-01-12 12:12:54.361 [info] Discovered env: /usr/sbin/python
2026-01-12 12:12:54.362 [info] Env ("/sbin/python") in Path resolved as ResolvedPythonEnv { executable: "/sbin/python", prefix: "/usr", version: "3.13.7.final.0", is64_bit: true, symlinks: Some(["/sbin/python"]) } and reported as Some(GlobalPaths)
2026-01-12 12:12:54.362 [info] Discovered env: /sbin/python
2026-01-12 12:12:54.363 [info] Env ("/usr/sbin/python3") in Path resolved as ResolvedPythonEnv { executable: "/usr/sbin/python3", prefix: "/usr", version: "3.13.7.final.0", is64_bit: true, symlinks: Some(["/usr/sbin/python3"]) } and reported as Some(GlobalPaths)
2026-01-12 12:12:54.363 [info] Discovered env: /usr/sbin/python3
2026-01-12 12:12:54.364 [info] Env ("/sbin/python3") in Path resolved as ResolvedPythonEnv { executable: "/sbin/python3", prefix: "/usr", version: "3.13.7.final.0", is64_bit: true, symlinks: Some(["/sbin/python3"]) } and reported as Some(GlobalPaths)
2026-01-12 12:12:54.364 [info] Discovered env: /sbin/python3
2026-01-12 12:12:54.367 [info] Env ("/sbin/python3.14") in Path resolved as ResolvedPythonEnv { executable: "/sbin/python3.14", prefix: "/usr", version: "3.14.2.final.0", is64_bit: true, symlinks: Some(["/sbin/python3.14"]) } and reported as Some(GlobalPaths)
2026-01-12 12:12:54.367 [info] Discovered env: /sbin/python3.14
2026-01-12 12:12:54.367 [info] Env ("/usr/sbin/python3.14") in Path resolved as ResolvedPythonEnv { executable: "/usr/sbin/python3.14", prefix: "/usr", version: "3.14.2.final.0", is64_bit: true, symlinks: Some(["/usr/sbin/python3.14"]) } and reported as Some(GlobalPaths)
2026-01-12 12:12:54.367 [info] Discovered env: /usr/sbin/python3.14
2026-01-12 12:12:54.368 [info] Locator Conda took 310.467104ms
2026-01-12 12:12:54.368 [info] Locator Homebrew took 518.515µs
2026-01-12 12:12:54.368 [info] Locator LinuxGlobal took 378.389284ms
2026-01-12 12:12:54.368 [info] Locator PipEnv took 29.689µs
2026-01-12 12:12:54.368 [info] Locator Pixi took 21.975µs
2026-01-12 12:12:54.368 [info] Locator Poetry took 216.311µs
2026-01-12 12:12:54.368 [info] Locator PyEnv took 4.942511ms
2026-01-12 12:12:54.368 [info] Locator Uv took 46.249µs
2026-01-12 12:12:54.368 [info] Locator Venv took 40.188µs
2026-01-12 12:12:54.368 [info] Locator VirtualEnv took 22.106µs
2026-01-12 12:12:54.368 [info] Locator VirtualEnvWrapper took 42.29µs
2026-01-12 12:12:54.368 [info] Locator GlobalVirtualEnvs took 81.576µs
2026-01-12 12:12:54.368 [info] Locator Locators took 399.847913ms
2026-01-12 12:12:54.368 [info] Locator Path took 656.94603ms
2026-01-12 12:12:54.368 [info] Locator Workspaces took 131.546253ms
2026-01-12 12:12:54.368 [info] Refresh completed in 657ms
2026-01-12 12:12:54.370 [info] Resolved /home/josie/Documents/programming/python/new/.venv/bin/python
2026-01-12 12:12:55.468 [info] Resolved Python Environment /home/josie/Documents/programming/python/new/.venv/bin/python
2026-01-12 12:12:55.565 [info] Discovered env: /home/josie/Documents/programming/python/new/.venv/bin/python
2026-01-12 12:12:55.599 [info] Discovered env: /bin/python
2026-01-12 12:12:55.599 [info] Env ("/usr/sbin/python") in Path resolved as ResolvedPythonEnv { executable: "/usr/sbin/python", prefix: "/usr", version: "3.13.7.final.0", is64_bit: true, symlinks: Some(["/usr/sbin/python"]) } and reported as Some(GlobalPaths)
2026-01-12 12:12:55.599 [info] Discovered env: /usr/sbin/python
2026-01-12 12:12:55.600 [info] Discovered env: /usr/bin/python
2026-01-12 12:12:55.600 [info] Env ("/usr/sbin/python3") in Path resolved as ResolvedPythonEnv { executable: "/usr/sbin/python3", prefix: "/usr", version: "3.13.7.final.0", is64_bit: true, symlinks: Some(["/usr/sbin/python3"]) } and reported as Some(GlobalPaths)
2026-01-12 12:12:55.600 [info] Discovered env: /usr/sbin/python3
2026-01-12 12:12:55.600 [info] Env ("/usr/sbin/python3.14") in Path resolved as ResolvedPythonEnv { executable: "/usr/sbin/python3.14", prefix: "/usr", version: "3.14.2.final.0", is64_bit: true, symlinks: Some(["/usr/sbin/python3.14"]) } and reported as Some(GlobalPaths)
2026-01-12 12:12:55.600 [info] Discovered env: /usr/sbin/python3.14
2026-01-12 12:12:55.600 [info] Env ("/sbin/python") in Path resolved as ResolvedPythonEnv { executable: "/sbin/python", prefix: "/usr", version: "3.13.7.final.0", is64_bit: true, symlinks: Some(["/sbin/python"]) } and reported as Some(GlobalPaths)
2026-01-12 12:12:55.600 [info] Discovered env: /sbin/python
2026-01-12 12:12:55.601 [info] Env ("/sbin/python3") in Path resolved as ResolvedPythonEnv { executable: "/sbin/python3", prefix: "/usr", version: "3.13.7.final.0", is64_bit: true, symlinks: Some(["/sbin/python3"]) } and reported as Some(GlobalPaths)
2026-01-12 12:12:55.601 [info] Discovered env: /sbin/python3
2026-01-12 12:12:55.601 [info] Env ("/sbin/python3.14") in Path resolved as ResolvedPythonEnv { executable: "/sbin/python3.14", prefix: "/usr", version: "3.14.2.final.0", is64_bit: true, symlinks: Some(["/sbin/python3.14"]) } and reported as Some(GlobalPaths)
2026-01-12 12:12:55.601 [info] Discovered env: /sbin/python3.14
2026-01-12 12:12:55.602 [info] Locator Conda took 209.27663ms
2026-01-12 12:12:55.602 [info] Locator Homebrew took 73.407µs
2026-01-12 12:12:55.602 [info] Locator LinuxGlobal took 323.865121ms
2026-01-12 12:12:55.602 [info] Locator PipEnv took 20.977µs
2026-01-12 12:12:55.602 [info] Locator Pixi took 21.156µs
2026-01-12 12:12:55.602 [info] Locator Poetry took 5.58885ms
2026-01-12 12:12:55.602 [info] Locator PyEnv took 116.004µs
2026-01-12 12:12:55.602 [info] Locator Uv took 38.417µs
2026-01-12 12:12:55.602 [info] Locator Venv took 23.048µs
2026-01-12 12:12:55.602 [info] Locator VirtualEnv took 22.07µs
2026-01-12 12:12:55.602 [info] Locator VirtualEnvWrapper took 23.092µs
2026-01-12 12:12:55.602 [info] Locator GlobalVirtualEnvs took 48.033µs
2026-01-12 12:12:55.602 [info] Locator Locators took 330.102664ms
2026-01-12 12:12:55.602 [info] Locator Path took 406.976687ms
2026-01-12 12:12:55.602 [info] Locator Workspaces took 20.164509ms
2026-01-12 12:12:55.602 [info] Refresh completed in 407ms
2026-01-12 12:12:55.603 [info] Resolved /home/josie/Documents/programming/python/new/.venv/bin/python
2026-01-12 12:13:05.725 [info] Starting Python Locator /home/josie/.vscode/extensions/ms-python.python-2025.20.1-linux-x64/python-env-tools/bin/pet server
2026-01-12 12:13:06.906 [info] Discovered env: /home/josie/Documents/programming/python/ppcli/.venv/bin/python
2026-01-12 12:13:06.911 [info] Discovered env: /bin/python
2026-01-12 12:13:06.916 [info] Discovered env: /usr/bin/python
2026-01-12 12:13:06.918 [info] Env ("/usr/sbin/python") in Path resolved as ResolvedPythonEnv { executable: "/usr/sbin/python", prefix: "/usr", version: "3.13.7.final.0", is64_bit: true, symlinks: Some(["/usr/sbin/python"]) } and reported as Some(GlobalPaths)
2026-01-12 12:13:06.918 [info] Discovered env: /usr/sbin/python
2026-01-12 12:13:06.919 [info] Env ("/sbin/python") in Path resolved as ResolvedPythonEnv { executable: "/sbin/python", prefix: "/usr", version: "3.13.7.final.0", is64_bit: true, symlinks: Some(["/sbin/python"]) } and reported as Some(GlobalPaths)
2026-01-12 12:13:06.923 [info] Discovered env: /sbin/python
2026-01-12 12:13:06.924 [info] Env ("/usr/sbin/python3") in Path resolved as ResolvedPythonEnv { executable: "/usr/sbin/python3", prefix: "/usr", version: "3.13.7.final.0", is64_bit: true, symlinks: Some(["/usr/sbin/python3"]) } and reported as Some(GlobalPaths)
2026-01-12 12:13:06.925 [info] Discovered env: /usr/sbin/python3
2026-01-12 12:13:06.926 [info] Env ("/sbin/python3") in Path resolved as ResolvedPythonEnv { executable: "/sbin/python3", prefix: "/usr", version: "3.13.7.final.0", is64_bit: true, symlinks: Some(["/sbin/python3"]) } and reported as Some(GlobalPaths)
2026-01-12 12:13:06.926 [info] Discovered env: /sbin/python3
2026-01-12 12:13:06.928 [info] Env ("/sbin/python3.14") in Path resolved as ResolvedPythonEnv { executable: "/sbin/python3.14", prefix: "/usr", version: "3.14.2.final.0", is64_bit: true, symlinks: Some(["/sbin/python3.14"]) } and reported as Some(GlobalPaths)
2026-01-12 12:13:06.929 [info] Discovered env: /sbin/python3.14
2026-01-12 12:13:06.929 [info] Env ("/usr/sbin/python3.14") in Path resolved as ResolvedPythonEnv { executable: "/usr/sbin/python3.14", prefix: "/usr", version: "3.14.2.final.0", is64_bit: true, symlinks: Some(["/usr/sbin/python3.14"]) } and reported as Some(GlobalPaths)
2026-01-12 12:13:06.929 [info] Discovered env: /usr/sbin/python3.14
2026-01-12 12:13:06.929 [info] Locator Conda took 199.328064ms
2026-01-12 12:13:06.929 [info] Locator Homebrew took 2.620822ms
2026-01-12 12:13:06.930 [info] Locator LinuxGlobal took 197.436272ms
2026-01-12 12:13:06.930 [info] Locator PipEnv took 17.233µs
2026-01-12 12:13:06.930 [info] Locator Pixi took 20.868µs
2026-01-12 12:13:06.930 [info] Locator Poetry took 1.584293ms
2026-01-12 12:13:06.930 [info] Locator PyEnv took 402.64µs
2026-01-12 12:13:06.931 [info] Locator Uv took 46.493µs
2026-01-12 12:13:06.931 [info] Locator Venv took 31.795µs
2026-01-12 12:13:06.931 [info] Locator VirtualEnv took 29.056µs
2026-01-12 12:13:06.931 [info] Locator VirtualEnvWrapper took 25.265µs
2026-01-12 12:13:06.931 [info] Locator GlobalVirtualEnvs took 171.438µs
2026-01-12 12:13:06.931 [info] Locator Locators took 200.445873ms
2026-01-12 12:13:06.931 [info] Locator Path took 348.583528ms
2026-01-12 12:13:06.931 [info] Locator Workspaces took 130.976473ms
2026-01-12 12:13:06.931 [info] Refresh completed in 348ms
2026-01-12 12:13:06.934 [info] Resolved Python Environment /home/josie/Documents/programming/python/ppcli/.venv/bin/python
2026-01-12 12:13:07.043 [info] Resolved /home/josie/Documents/programming/python/ppcli/.venv/bin/python
