2026-01-08 16:30:49.703 [info] Debugging using the editor button 'Debug in terminal'
2026-01-08 16:30:49.707 [info] legacyGetInterpreterDetails: executable='/home/josie/Documents/programming/python/ppcli/.venv/bin/python' resource='/home/josie/Documents/programming/python/ppcli/main.py'
2026-01-08 16:30:49.707 [info] Getting configurations for workspace
2026-01-08 16:30:49.708 [info] No configurations found in settings.json or launch.json.
2026-01-08 16:30:49.865 [info] Using the only workspaceFolder found:  /home/josie/Documents/programming/python/ppcli
2026-01-08 16:30:49.866 [info] legacyGetInterpreterDetails: executable='/home/josie/Documents/programming/python/ppcli/.venv/bin/python' resource='/home/josie/Documents/programming/python/ppcli/main.py'
2026-01-08 16:30:49.866 [info] resolveAndUpdatePythonPath - Initial state: pythonPath='undefined', python='undefined', debugAdapterPython='undefined', debugLauncherPython='undefined', workspaceFolder='/home/josie/Documents/programming/python/ppcli'resolvedInterpreterPath='/home/josie/Documents/programming/python/ppcli/.venv/bin/python'
2026-01-08 16:30:49.872 [info] Resolving launch configuration with substituted variables
2026-01-08 16:30:49.872 [info] Using the only workspaceFolder found:  /home/josie/Documents/programming/python/ppcli
2026-01-08 16:30:49.908 [info] createDebugAdapterDescriptor: request='launch' name='Debug main.py'
2026-01-08 16:30:49.909 [info] legacyResolveEnvironment: Resolving environment '/home/josie/Documents/programming/python/ppcli/.venv/bin/python'
2026-01-08 16:30:49.909 [info] legacyResolveEnvironment: Resolved executable='/home/josie/Documents/programming/python/ppcli/.venv/bin/python'
2026-01-08 16:30:49.909 [info] resolveEnvironment: legacy resolved executable='/home/josie/Documents/programming/python/ppcli/.venv/bin/python' version='3.13.7'
2026-01-08 16:30:49.909 [info] getExecutableCommand: executable='/home/josie/Documents/programming/python/ppcli/.venv/bin/python' version='3.13.7'
2026-01-08 16:30:49.910 [info] createDebugAdapterDescriptor: python command parts='/home/josie/Documents/programming/python/ppcli/.venv/bin/python'
2026-01-08 16:30:49.910 [info] DAP Server launched with command: /home/josie/Documents/programming/python/ppcli/.venv/bin/python /home/josie/.vscode/extensions/ms-python.debugpy-2025.18.0-linux-x64/bundled/libs/debugpy/adapter
2026-01-08 16:30:50.110 [info] Received 'debugpySockets' event from debugpy.
2026-01-08 16:30:50.114 [info] Received 'debugpySockets' event from debugpy.
2026-01-08 16:30:50.115 [info] Received 'debugpySockets' event from debugpy.
2026-01-08 16:30:56.268 [info] Received 'debugpySockets' event from debugpy.
2026-01-08 16:30:57.379 [info] resolveDebugConfigurationWithSubstitutedVariables: resolving interpreter for program='/home/josie/Documents/programming/python/ppcli/password/password.py'
2026-01-08 16:30:57.381 [info] legacyGetInterpreterDetails: executable='/home/josie/Documents/programming/python/ppcli/.venv/bin/python' resource='/home/josie/Documents/programming/python/ppcli/password/password.py'
2026-01-08 16:30:57.382 [info] resolveDebugConfigurationWithSubstitutedVariables: setting debugConfiguration.python='/home/josie/Documents/programming/python/ppcli/.venv/bin/python'
2026-01-08 16:30:57.382 [info] Resolving launch configuration with substituted variables
2026-01-08 16:30:57.463 [info] createDebugAdapterDescriptor: request='launch' name='Python Debugger: Current File'
2026-01-08 16:30:57.464 [info] legacyGetInterpreterDetails: executable='/home/josie/Documents/programming/python/ppcli/.venv/bin/python' resource='/home/josie/Documents/programming/python/ppcli'
2026-01-08 16:30:57.465 [info] legacyResolveEnvironment: Resolving environment '/home/josie/Documents/programming/python/ppcli/.venv/bin/python'
2026-01-08 16:30:57.465 [info] legacyResolveEnvironment: Resolved executable='/home/josie/Documents/programming/python/ppcli/.venv/bin/python'
2026-01-08 16:30:57.465 [info] resolveEnvironment: legacy resolved executable='/home/josie/Documents/programming/python/ppcli/.venv/bin/python' version='3.13.7'
2026-01-08 16:30:57.465 [info] getExecutableCommand: executable='/home/josie/Documents/programming/python/ppcli/.venv/bin/python' version='3.13.7'
2026-01-08 16:30:57.466 [info] createDebugAdapterDescriptor: python command parts='/home/josie/Documents/programming/python/ppcli/.venv/bin/python'
2026-01-08 16:30:57.466 [info] DAP Server launched with command: /home/josie/Documents/programming/python/ppcli/.venv/bin/python /home/josie/.vscode/extensions/ms-python.debugpy-2025.18.0-linux-x64/bundled/libs/debugpy/adapter
2026-01-08 16:30:57.661 [info] Received 'debugpySockets' event from debugpy.
2026-01-08 16:30:57.667 [info] Received 'debugpySockets' event from debugpy.
2026-01-08 16:30:57.668 [info] Received 'debugpySockets' event from debugpy.
2026-01-08 16:31:03.531 [info] Received 'debugpySockets' event from debugpy.
2026-01-08 16:31:37.584 [info] Received 'debugpySockets' event from debugpy.
2026-01-08 16:31:37.588 [info] Received 'debugpySockets' event from debugpy.
2026-01-08 16:31:43.990 [info] Received 'debugpySockets' event from debugpy.
2026-01-08 16:31:43.994 [info] Received 'debugpySockets' event from debugpy.
2026-01-08 16:32:17.233 [info] resolveDebugConfigurationWithSubstitutedVariables: resolving interpreter for program='/home/josie/Documents/programming/python/ppcli/db_functions.py'
2026-01-08 16:32:17.234 [info] legacyGetInterpreterDetails: executable='/home/josie/Documents/programming/python/ppcli/.venv/bin/python' resource='/home/josie/Documents/programming/python/ppcli/db_functions.py'
2026-01-08 16:32:17.235 [info] resolveDebugConfigurationWithSubstitutedVariables: setting debugConfiguration.python='/home/josie/Documents/programming/python/ppcli/.venv/bin/python'
2026-01-08 16:32:17.235 [info] Resolving launch configuration with substituted variables
2026-01-08 16:32:17.243 [info] createDebugAdapterDescriptor: request='launch' name='Python Debugger: Current File'
2026-01-08 16:32:17.244 [info] legacyGetInterpreterDetails: executable='/home/josie/Documents/programming/python/ppcli/.venv/bin/python' resource='/home/josie/Documents/programming/python/ppcli'
2026-01-08 16:32:17.245 [info] legacyResolveEnvironment: Resolving environment '/home/josie/Documents/programming/python/ppcli/.venv/bin/python'
2026-01-08 16:32:17.245 [info] legacyResolveEnvironment: Resolved executable='/home/josie/Documents/programming/python/ppcli/.venv/bin/python'
2026-01-08 16:32:17.245 [info] resolveEnvironment: legacy resolved executable='/home/josie/Documents/programming/python/ppcli/.venv/bin/python' version='3.13.7'
2026-01-08 16:32:17.245 [info] getExecutableCommand: executable='/home/josie/Documents/programming/python/ppcli/.venv/bin/python' version='3.13.7'
2026-01-08 16:32:17.245 [info] createDebugAdapterDescriptor: python command parts='/home/josie/Documents/programming/python/ppcli/.venv/bin/python'
2026-01-08 16:32:17.245 [info] DAP Server launched with command: /home/josie/Documents/programming/python/ppcli/.venv/bin/python /home/josie/.vscode/extensions/ms-python.debugpy-2025.18.0-linux-x64/bundled/libs/debugpy/adapter
2026-01-08 16:32:17.358 [info] Received 'debugpySockets' event from debugpy.
2026-01-08 16:32:17.361 [info] Received 'debugpySockets' event from debugpy.
2026-01-08 16:32:17.362 [info] Received 'debugpySockets' event from debugpy.
2026-01-08 16:32:17.982 [info] Received 'debugpySockets' event from debugpy.
2026-01-08 16:32:21.839 [info] Received 'debugpySockets' event from debugpy.
2026-01-08 16:32:21.847 [info] Received 'debugpySockets' event from debugpy.
2026-01-08 16:33:34.807 [info] Debugging using the editor button 'Debug in terminal'
2026-01-08 16:33:34.818 [info] legacyGetInterpreterDetails: executable='/home/josie/Documents/programming/python/new/.venv/bin/python' resource='/home/josie/Documents/programming/python/new/main.py'
2026-01-08 16:33:34.818 [info] Getting configurations for workspace
2026-01-08 16:33:34.818 [info] No configurations found in settings.json or launch.json.
2026-01-08 16:33:35.039 [info] Using the only workspaceFolder found:  /home/josie/Documents/programming/python/new
2026-01-08 16:33:35.042 [info] legacyGetInterpreterDetails: executable='/home/josie/Documents/programming/python/new/.venv/bin/python' resource='/home/josie/Documents/programming/python/new/main.py'
2026-01-08 16:33:35.042 [info] resolveAndUpdatePythonPath - Initial state: pythonPath='undefined', python='undefined', debugAdapterPython='undefined', debugLauncherPython='undefined', workspaceFolder='/home/josie/Documents/programming/python/new'resolvedInterpreterPath='/home/josie/Documents/programming/python/new/.venv/bin/python'
2026-01-08 16:33:35.048 [info] Resolving launch configuration with substituted variables
2026-01-08 16:33:35.048 [info] Using the only workspaceFolder found:  /home/josie/Documents/programming/python/new
2026-01-08 16:33:35.092 [info] createDebugAdapterDescriptor: request='launch' name='Debug main.py'
2026-01-08 16:33:35.092 [info] legacyResolveEnvironment: Resolving environment '/home/josie/Documents/programming/python/new/.venv/bin/python'
2026-01-08 16:33:35.092 [info] legacyResolveEnvironment: Resolved executable='/home/josie/Documents/programming/python/new/.venv/bin/python'
2026-01-08 16:33:35.092 [info] resolveEnvironment: legacy resolved executable='/home/josie/Documents/programming/python/new/.venv/bin/python' version='3.13.11'
2026-01-08 16:33:35.093 [info] getExecutableCommand: executable='/home/josie/Documents/programming/python/new/.venv/bin/python' version='3.13.11'
2026-01-08 16:33:35.093 [info] createDebugAdapterDescriptor: python command parts='/home/josie/Documents/programming/python/new/.venv/bin/python'
2026-01-08 16:33:35.093 [info] DAP Server launched with command: /home/josie/Documents/programming/python/new/.venv/bin/python /home/josie/.vscode/extensions/ms-python.debugpy-2025.18.0-linux-x64/bundled/libs/debugpy/adapter
2026-01-08 16:33:35.233 [info] Received 'debugpySockets' event from debugpy.
2026-01-08 16:33:35.244 [info] Received 'debugpySockets' event from debugpy.
2026-01-08 16:33:35.246 [info] Received 'debugpySockets' event from debugpy.
2026-01-08 16:33:39.477 [info] resolveDebugConfigurationWithSubstitutedVariables: resolving interpreter for program='/home/josie/Documents/programming/python/new/main.py'
2026-01-08 16:33:39.478 [info] legacyGetInterpreterDetails: executable='/home/josie/Documents/programming/python/new/.venv/bin/python' resource='/home/josie/Documents/programming/python/new/main.py'
2026-01-08 16:33:39.479 [info] resolveDebugConfigurationWithSubstitutedVariables: setting debugConfiguration.python='/home/josie/Documents/programming/python/new/.venv/bin/python'
2026-01-08 16:33:39.479 [info] Resolving launch configuration with substituted variables
2026-01-08 16:33:39.488 [info] createDebugAdapterDescriptor: request='launch' name='Python Debugger: Current File'
2026-01-08 16:33:39.488 [info] legacyGetInterpreterDetails: executable='/home/josie/Documents/programming/python/new/.venv/bin/python' resource='/home/josie/Documents/programming/python/new'
2026-01-08 16:33:39.489 [info] legacyResolveEnvironment: Resolving environment '/home/josie/Documents/programming/python/new/.venv/bin/python'
2026-01-08 16:33:39.489 [info] legacyResolveEnvironment: Resolved executable='/home/josie/Documents/programming/python/new/.venv/bin/python'
2026-01-08 16:33:39.489 [info] resolveEnvironment: legacy resolved executable='/home/josie/Documents/programming/python/new/.venv/bin/python' version='3.13.11'
2026-01-08 16:33:39.489 [info] getExecutableCommand: executable='/home/josie/Documents/programming/python/new/.venv/bin/python' version='3.13.11'
2026-01-08 16:33:39.489 [info] createDebugAdapterDescriptor: python command parts='/home/josie/Documents/programming/python/new/.venv/bin/python'
2026-01-08 16:33:39.489 [info] DAP Server launched with command: /home/josie/Documents/programming/python/new/.venv/bin/python /home/josie/.vscode/extensions/ms-python.debugpy-2025.18.0-linux-x64/bundled/libs/debugpy/adapter
2026-01-08 16:33:39.595 [info] Received 'debugpySockets' event from debugpy.
2026-01-08 16:33:39.598 [info] Received 'debugpySockets' event from debugpy.
2026-01-08 16:33:39.598 [info] Received 'debugpySockets' event from debugpy.
2026-01-08 16:33:40.361 [info] Received 'debugpySockets' event from debugpy.
2026-01-08 16:33:41.124 [info] Received 'debugpySockets' event from debugpy.
2026-01-08 16:33:41.261 [info] Received 'debugpySockets' event from debugpy.
2026-01-08 16:33:42.105 [info] Received 'debugpySockets' event from debugpy.
2026-01-08 16:34:21.421 [info] Received 'debugpySockets' event from debugpy.
2026-01-08 16:34:21.435 [info] Received 'debugpySockets' event from debugpy.
2026-01-08 16:42:08.704 [info] resolveDebugConfigurationWithSubstitutedVariables: resolving interpreter for program='/home/josie/Documents/programming/python/new/main.py'
2026-01-08 16:42:08.706 [info] legacyGetInterpreterDetails: executable='/home/josie/Documents/programming/python/new/.venv/bin/python' resource='/home/josie/Documents/programming/python/new/main.py'
2026-01-08 16:42:08.706 [info] resolveDebugConfigurationWithSubstitutedVariables: setting debugConfiguration.python='/home/josie/Documents/programming/python/new/.venv/bin/python'
2026-01-08 16:42:08.706 [info] Resolving launch configuration with substituted variables
2026-01-08 16:42:08.720 [info] createDebugAdapterDescriptor: request='launch' name='Python Debugger: Current File'
2026-01-08 16:42:08.721 [info] legacyGetInterpreterDetails: executable='/home/josie/Documents/programming/python/new/.venv/bin/python' resource='/home/josie/Documents/programming/python/new'
2026-01-08 16:42:08.722 [info] legacyResolveEnvironment: Resolving environment '/home/josie/Documents/programming/python/new/.venv/bin/python'
2026-01-08 16:42:08.722 [info] legacyResolveEnvironment: Resolved executable='/home/josie/Documents/programming/python/new/.venv/bin/python'
2026-01-08 16:42:08.722 [info] resolveEnvironment: legacy resolved executable='/home/josie/Documents/programming/python/new/.venv/bin/python' version='3.13.11'
2026-01-08 16:42:08.722 [info] getExecutableCommand: executable='/home/josie/Documents/programming/python/new/.venv/bin/python' version='3.13.11'
2026-01-08 16:42:08.722 [info] createDebugAdapterDescriptor: python command parts='/home/josie/Documents/programming/python/new/.venv/bin/python'
2026-01-08 16:42:08.722 [info] DAP Server launched with command: /home/josie/Documents/programming/python/new/.venv/bin/python /home/josie/.vscode/extensions/ms-python.debugpy-2025.18.0-linux-x64/bundled/libs/debugpy/adapter
2026-01-08 16:42:08.926 [info] Received 'debugpySockets' event from debugpy.
2026-01-08 16:42:08.929 [info] Received 'debugpySockets' event from debugpy.
2026-01-08 16:42:08.930 [info] Received 'debugpySockets' event from debugpy.
2026-01-08 16:42:09.690 [info] Received 'debugpySockets' event from debugpy.
2026-01-08 16:42:16.236 [info] Received 'debugpySockets' event from debugpy.
2026-01-08 16:42:16.245 [info] Received 'debugpySockets' event from debugpy.
