2026-01-12 12:12:50.580 [info] Revived process, old id f18859d1b21549c605b2c10a0484052b-14 -> new id 1
2026-01-12 12:12:50.580 [info] Revived process, old id f18859d1b21549c605b2c10a0484052b-15 -> new id 2
2026-01-12 12:12:50.775 [info] Expanding terminal instance, old id f18859d1b21549c605b2c10a0484052b-15 -> new id 2
2026-01-12 12:12:51.307 [warning] Persistent process "2": Process had no disconnect runners but was an orphan
2026-01-12 12:12:51.307 [info] Persistent process reconnection "2"
2026-01-12 12:12:51.471 [error] Failed to set sticky bit on /tmp/josie-code-zsh: Error: ENOENT: no such file or directory, chmod '/tmp/josie-code-zsh'
2026-01-12 12:12:51.509 [info] Persistent process "2": Replaying 3481 chars and 1 size events
2026-01-12 12:13:01.130 [info] Revived process, old id 69a2c3f074d8d62358ae353eb46093bc-5 -> new id 4
2026-01-12 12:13:01.130 [info] Revived process, old id 69a2c3f074d8d62358ae353eb46093bc-6 -> new id 5
2026-01-12 12:13:01.130 [info] Revived process, old id 69a2c3f074d8d62358ae353eb46093bc-7 -> new id 6
2026-01-12 12:13:01.130 [info] Revived process, old id 69a2c3f074d8d62358ae353eb46093bc-8 -> new id 7
2026-01-12 12:13:01.130 [info] Revived process, old id 69a2c3f074d8d62358ae353eb46093bc-11 -> new id 8
2026-01-12 12:13:01.130 [info] Revived process, old id 69a2c3f074d8d62358ae353eb46093bc-12 -> new id 9
2026-01-12 12:13:01.231 [info] Expanding terminal instance, old id 69a2c3f074d8d62358ae353eb46093bc-5 -> new id 4
2026-01-12 12:13:01.231 [info] Expanding terminal instance, old id 69a2c3f074d8d62358ae353eb46093bc-6 -> new id 5
2026-01-12 12:13:01.231 [info] Expanding terminal instance, old id 69a2c3f074d8d62358ae353eb46093bc-7 -> new id 6
2026-01-12 12:13:01.231 [info] Expanding terminal instance, old id 69a2c3f074d8d62358ae353eb46093bc-8 -> new id 7
2026-01-12 12:13:02.132 [warning] Persistent process "4": Process had no disconnect runners but was an orphan
2026-01-12 12:13:02.133 [info] Persistent process reconnection "4"
2026-01-12 12:13:02.134 [warning] Persistent process "5": Process had no disconnect runners but was an orphan
2026-01-12 12:13:02.134 [info] Persistent process reconnection "5"
2026-01-12 12:13:02.138 [warning] Persistent process "6": Process had no disconnect runners but was an orphan
2026-01-12 12:13:02.138 [info] Persistent process reconnection "6"
2026-01-12 12:13:02.138 [warning] Persistent process "7": Process had no disconnect runners but was an orphan
2026-01-12 12:13:02.138 [info] Persistent process reconnection "7"
2026-01-12 12:13:02.177 [info] Persistent process "4": Replaying 1881 chars and 1 size events
2026-01-12 12:13:02.198 [info] Persistent process "5": Replaying 3235 chars and 1 size events
2026-01-12 12:13:02.220 [info] Persistent process "6": Replaying 779 chars and 1 size events
2026-01-12 12:13:02.245 [info] Persistent process "7": Replaying 569 chars and 1 size events
