2026-01-12 12:12:55.106 [info] Getting Manifest... ms-python.python
2026-01-12 12:12:55.166 [info] Getting Manifest... ms-python.vscode-python-envs
2026-01-12 12:12:55.941 [info] Installing extension: ms-python.vscode-python-envs {"productVersion":{"version":"1.108.0","date":"2026-01-08T13:53:10.781Z"},"pinned":false,"operation":3,"isApplicationScoped":false,"profileLocation":{"$mid":1,"external":"vscode-userdata:/home/josie/.config/Code/User/profiles/7e7de447/extensions.json","path":"/home/josie/.config/Code/User/profiles/7e7de447/extensions.json","scheme":"vscode-userdata"}}
2026-01-12 12:12:55.946 [info] Installing extension: ms-python.python {"productVersion":{"version":"1.108.0","date":"2026-01-08T13:53:10.781Z"},"pinned":false,"operation":3,"isApplicationScoped":false,"profileLocation":{"$mid":1,"external":"vscode-userdata:/home/josie/.config/Code/User/profiles/7e7de447/extensions.json","path":"/home/josie/.config/Code/User/profiles/7e7de447/extensions.json","scheme":"vscode-userdata"}}
2026-01-12 12:12:56.029 [info] Installing extension: ms-python.vscode-python-envs {"productVersion":{"version":"1.108.0","date":"2026-01-08T13:53:10.781Z"},"pinned":false,"operation":3,"isApplicationScoped":false,"profileLocation":{"$mid":1,"external":"vscode-userdata:/home/josie/.vscode/extensions/extensions.json","path":"/home/josie/.vscode/extensions/extensions.json","scheme":"vscode-userdata"}}
2026-01-12 12:12:56.030 [info] Installing extension: ms-python.python {"productVersion":{"version":"1.108.0","date":"2026-01-08T13:53:10.781Z"},"pinned":false,"operation":3,"isApplicationScoped":false,"profileLocation":{"$mid":1,"external":"vscode-userdata:/home/josie/.vscode/extensions/extensions.json","path":"/home/josie/.vscode/extensions/extensions.json","scheme":"vscode-userdata"}}
2026-01-12 12:13:05.426 [info] Getting Manifest... ms-python.python
2026-01-12 12:13:05.448 [info] Getting Manifest... ms-python.vscode-python-envs
2026-01-12 12:13:06.886 [info] Extension is already requested to install ms-python.python vscode-userdata:/home/josie/.config/Code/User/profiles/7e7de447/extensions.json
2026-01-12 12:13:07.067 [info] Extension is already requested to install ms-python.vscode-python-envs vscode-userdata:/home/josie/.config/Code/User/profiles/7e7de447/extensions.json
2026-01-12 12:13:10.084 [info] Extension signature verification result for ms-python.vscode-python-envs: Success. Internal Code: 0. Executed: true. Duration: 4535ms.
2026-01-12 12:13:10.726 [info] Extracted extension to file:///home/josie/.vscode/extensions/ms-python.vscode-python-envs-1.16.0-linux-x64: ms-python.vscode-python-envs
2026-01-12 12:13:10.747 [info] Renamed to /home/josie/.vscode/extensions/ms-python.vscode-python-envs-1.16.0-linux-x64
2026-01-12 12:13:10.833 [info] Marked extension as removed ms-python.vscode-python-envs-1.14.0-linux-x64
2026-01-12 12:13:10.917 [info] Marked extension as removed ms-python.vscode-python-envs-1.14.0-linux-x64
2026-01-12 12:13:10.946 [info] Extension installed successfully: ms-python.vscode-python-envs vscode-userdata:/home/josie/.config/Code/User/profiles/7e7de447/extensions.json
2026-01-12 12:13:10.947 [info] Extension installed successfully: ms-python.vscode-python-envs vscode-userdata:/home/josie/.vscode/extensions/extensions.json
2026-01-12 12:13:11.492 [info] Extension signature verification result for ms-python.python: Success. Internal Code: 0. Executed: true. Duration: 2661ms.
2026-01-12 12:13:14.817 [info] Extracted extension to file:///home/josie/.vscode/extensions/ms-python.python-2026.0.0-linux-x64: ms-python.python
2026-01-12 12:13:14.984 [info] Renamed to /home/josie/.vscode/extensions/ms-python.python-2026.0.0-linux-x64
2026-01-12 12:13:15.037 [info] Marked extension as removed ms-python.python-2025.20.1-linux-x64
2026-01-12 12:13:15.047 [info] Extension installed successfully: ms-python.python vscode-userdata:/home/josie/.vscode/extensions/extensions.json
2026-01-12 12:13:15.047 [info] Extension installed successfully: ms-python.python vscode-userdata:/home/josie/.config/Code/User/profiles/7e7de447/extensions.json
2026-01-12 12:13:15.051 [info] Marked extension as removed ms-python.python-2025.20.1-linux-x64
