2026-01-08 09:05:26.849 [info] Native locator: Refresh started
2026-01-08 09:05:26.916 [info] Native locator: Refresh finished in 556 ms
2026-01-08 09:05:27.392 [info] Native locator: Refresh started
2026-01-08 09:05:27.897 [info] > pyenv which python
2026-01-08 09:05:27.897 [info] cwd: .
2026-01-08 09:05:28.275 [info] Python interpreter path: ./.venv/bin/python
2026-01-08 09:05:28.371 [info] Native locator: Refresh finished in 980 ms
2026-01-08 09:05:31.337 [info] Starting Pylance language server.
2026-01-08 09:50:15.356 [info] CreateEnv Trigger - Skipping for /home/josie/Documents/programming/python/ppcli/main.py
2026-01-08 09:50:15.437 [info] Send text to terminal: source /home/josie/Documents/programming/python/ppcli/.venv/bin/activate
2026-01-08 10:01:23.356 [info] Send text to terminal: source /home/josie/Documents/programming/python/ppcli/.venv/bin/activate
2026-01-08 10:48:05.772 [info] Native locator: Refresh started
2026-01-08 10:48:06.027 [info] Native locator: Refresh started
2026-01-08 10:48:06.084 [info] Native locator: Refresh finished in 975 ms
2026-01-08 10:48:06.087 [info] Python interpreter path: ./.venv/bin/python
2026-01-08 10:48:06.125 [info] > pyenv which python
2026-01-08 10:48:06.125 [info] cwd: .
2026-01-08 10:48:09.555 [info] Starting Pylance language server.
2026-01-08 10:48:10.514 [info] CreateEnv Trigger - Skipping for /home/josie/Documents/programming/python/metronome/main.py
2026-01-08 10:48:10.529 [info] Send text to terminal: source /home/josie/Documents/programming/python/metronome/.venv/bin/activate
