2026-01-12 12:12:54.317 [info] Reading sessions from keychain...
2026-01-12 12:12:54.317 [info] Getting sessions for all scopes...
2026-01-12 12:12:54.317 [info] Got stored sessions!
2026-01-12 12:12:54.317 [info] Got 2 verified sessions.
2026-01-12 12:12:54.317 [info] Got 2 sessions for ...
2026-01-12 12:12:54.317 [info] Getting sessions for all scopes...
2026-01-12 12:12:54.317 [info] Got 2 sessions for ...
2026-01-12 12:12:54.317 [info] Getting sessions for all scopes...
2026-01-12 12:12:54.317 [info] Got 2 sessions for ...
2026-01-12 12:12:54.317 [info] Getting sessions for all scopes...
2026-01-12 12:12:54.317 [info] Got 2 sessions for ...
2026-01-12 12:12:54.317 [info] Getting sessions for all scopes...
2026-01-12 12:12:54.317 [info] Got 2 sessions for ...
2026-01-12 12:12:54.317 [info] Getting sessions for all scopes...
2026-01-12 12:12:54.317 [info] Got 2 sessions for ...
2026-01-12 12:12:54.317 [info] Getting sessions for all scopes...
2026-01-12 12:12:54.317 [info] Got 2 sessions for ...
2026-01-12 12:12:54.317 [info] Getting sessions for all scopes...
2026-01-12 12:12:54.317 [info] Got 2 sessions for ...
2026-01-12 12:12:54.317 [info] Getting sessions for all scopes...
2026-01-12 12:12:54.317 [info] Got 2 sessions for ...
2026-01-12 12:12:54.317 [info] Getting sessions for all scopes...
2026-01-12 12:12:54.317 [info] Got 2 sessions for ...
2026-01-12 12:12:54.317 [info] Getting sessions for all scopes...
2026-01-12 12:12:54.317 [info] Got 2 sessions for ...
2026-01-12 12:12:54.317 [info] Getting sessions for all scopes...
2026-01-12 12:12:54.317 [info] Got 2 sessions for ...
2026-01-12 12:12:54.317 [info] Getting sessions for all scopes...
2026-01-12 12:12:54.317 [info] Got 2 sessions for ...
2026-01-12 12:12:54.317 [info] Getting sessions for all scopes...
2026-01-12 12:12:54.317 [info] Got 2 sessions for ...
2026-01-12 12:12:54.317 [info] Getting sessions for all scopes...
2026-01-12 12:12:54.317 [info] Got 2 sessions for ...
2026-01-12 12:12:54.317 [info] Getting sessions for all scopes...
2026-01-12 12:12:54.317 [info] Got 2 sessions for ...
2026-01-12 12:12:55.320 [info] Getting sessions for all scopes...
2026-01-12 12:12:55.320 [info] Got 2 sessions for ...
2026-01-12 12:12:57.406 [info] FetcherService: Electron fetch failed with status: 429 
2026-01-12 12:12:57.410 [info] Unable to resolve optional EDU details. Status: 429 
2026-01-12 12:13:05.724 [info] Reading sessions from keychain...
2026-01-12 12:13:05.724 [info] Getting sessions for all scopes...
2026-01-12 12:13:05.724 [info] Got stored sessions!
2026-01-12 12:13:05.724 [info] Got 2 verified sessions.
2026-01-12 12:13:05.724 [info] Got 2 sessions for ...
2026-01-12 12:13:05.724 [info] Getting sessions for all scopes...
2026-01-12 12:13:05.724 [info] Got 2 sessions for ...
2026-01-12 12:13:05.724 [info] Getting sessions for all scopes...
2026-01-12 12:13:05.724 [info] Got 2 sessions for ...
2026-01-12 12:13:05.724 [info] Getting sessions for all scopes...
2026-01-12 12:13:05.724 [info] Got 2 sessions for ...
2026-01-12 12:13:05.724 [info] Getting sessions for all scopes...
2026-01-12 12:13:05.724 [info] Got 2 sessions for ...
2026-01-12 12:13:05.724 [info] Getting sessions for all scopes...
2026-01-12 12:13:05.724 [info] Got 2 sessions for ...
2026-01-12 12:13:05.724 [info] Getting sessions for all scopes...
2026-01-12 12:13:05.724 [info] Got 2 sessions for ...
2026-01-12 12:13:05.724 [info] Getting sessions for all scopes...
2026-01-12 12:13:05.724 [info] Got 2 sessions for ...
2026-01-12 12:13:05.724 [info] Getting sessions for all scopes...
2026-01-12 12:13:05.724 [info] Got 2 sessions for ...
2026-01-12 12:13:05.724 [info] Getting sessions for all scopes...
2026-01-12 12:13:05.724 [info] Got 2 sessions for ...
2026-01-12 12:13:05.724 [info] Getting sessions for all scopes...
2026-01-12 12:13:05.724 [info] Got 2 sessions for ...
2026-01-12 12:13:05.724 [info] Getting sessions for all scopes...
2026-01-12 12:13:05.724 [info] Got 2 sessions for ...
2026-01-12 12:13:05.724 [info] Getting sessions for all scopes...
2026-01-12 12:13:05.724 [info] Got 2 sessions for ...
2026-01-12 12:13:05.724 [info] Getting sessions for all scopes...
2026-01-12 12:13:05.725 [info] Got 2 sessions for ...
2026-01-12 12:13:05.725 [info] Getting sessions for all scopes...
2026-01-12 12:13:05.725 [info] Got 2 sessions for ...
2026-01-12 12:13:05.725 [info] Getting sessions for all scopes...
2026-01-12 12:13:05.725 [info] Got 2 sessions for ...
2026-01-12 12:13:05.725 [info] Getting sessions for all scopes...
2026-01-12 12:13:05.725 [info] Got 2 sessions for ...
2026-01-12 12:13:06.445 [info] Getting sessions for read:user,repo,user:email,workflow...
2026-01-12 12:13:06.445 [info] Got 1 sessions for read:user,repo,user:email,workflow...
2026-01-12 12:13:56.523 [info] Getting sessions for read:user,repo,user:email,workflow...
2026-01-12 12:13:56.531 [info] Got 1 sessions for read:user,repo,user:email,workflow...
2026-01-12 12:13:57.694 [info] Getting sessions for read:user,repo,user:email,workflow...
2026-01-12 12:13:57.694 [info] Got 1 sessions for read:user,repo,user:email,workflow...
2026-01-12 12:13:59.346 [info] Getting sessions for read:user,repo,user:email,workflow...
2026-01-12 12:13:59.346 [info] Got 1 sessions for read:user,repo,user:email,workflow...
