2026-01-08 10:01:22.654 [info] Debugging using the editor button 'Debug in terminal'
2026-01-08 10:01:22.670 [info] legacyGetInterpreterDetails: executable='/home/josie/Documents/programming/python/ppcli/.venv/bin/python' resource='/home/josie/Documents/programming/python/ppcli/main.py'
2026-01-08 10:01:22.670 [info] Getting configurations for workspace
2026-01-08 10:01:22.671 [info] No configurations found in settings.json or launch.json.
2026-01-08 10:01:22.809 [info] Using the only workspaceFolder found:  /home/josie/Documents/programming/python/ppcli
2026-01-08 10:01:22.809 [info] legacyGetInterpreterDetails: executable='/home/josie/Documents/programming/python/ppcli/.venv/bin/python' resource='/home/josie/Documents/programming/python/ppcli/main.py'
2026-01-08 10:01:22.810 [info] resolveAndUpdatePythonPath - Initial state: pythonPath='undefined', python='undefined', debugAdapterPython='undefined', debugLauncherPython='undefined', workspaceFolder='/home/josie/Documents/programming/python/ppcli'resolvedInterpreterPath='/home/josie/Documents/programming/python/ppcli/.venv/bin/python'
2026-01-08 10:01:22.815 [info] Resolving launch configuration with substituted variables
2026-01-08 10:01:22.815 [info] Using the only workspaceFolder found:  /home/josie/Documents/programming/python/ppcli
2026-01-08 10:01:22.853 [info] createDebugAdapterDescriptor: request='launch' name='Debug main.py'
2026-01-08 10:01:22.854 [info] legacyResolveEnvironment: Resolving environment '/home/josie/Documents/programming/python/ppcli/.venv/bin/python'
2026-01-08 10:01:22.854 [info] legacyResolveEnvironment: Resolved executable='/home/josie/Documents/programming/python/ppcli/.venv/bin/python'
2026-01-08 10:01:22.854 [info] resolveEnvironment: legacy resolved executable='/home/josie/Documents/programming/python/ppcli/.venv/bin/python' version='3.13.7'
2026-01-08 10:01:22.855 [info] getExecutableCommand: executable='/home/josie/Documents/programming/python/ppcli/.venv/bin/python' version='3.13.7'
2026-01-08 10:01:22.855 [info] createDebugAdapterDescriptor: python command parts='/home/josie/Documents/programming/python/ppcli/.venv/bin/python'
2026-01-08 10:01:22.855 [info] DAP Server launched with command: /home/josie/Documents/programming/python/ppcli/.venv/bin/python /home/josie/.vscode/extensions/ms-python.debugpy-2025.18.0-linux-x64/bundled/libs/debugpy/adapter
2026-01-08 10:01:23.063 [info] Received 'debugpySockets' event from debugpy.
2026-01-08 10:01:23.066 [info] Received 'debugpySockets' event from debugpy.
2026-01-08 10:01:23.067 [info] Received 'debugpySockets' event from debugpy.
2026-01-08 10:01:29.463 [info] Received 'debugpySockets' event from debugpy.
2026-01-08 10:03:12.544 [info] Received 'debugpySockets' event from debugpy.
2026-01-08 10:03:12.560 [info] Received 'debugpySockets' event from debugpy.
