2026-01-06 12:27:33.426 [info] Extension host with pid 910 started
2026-01-06 12:27:33.427 [info] Skipping acquiring lock for /home/josie/.config/Code/User/workspaceStorage/99c609b292cda71359492959afa58b4e.
2026-01-06 12:27:33.654 [info] ExtensionService#_doActivateExtension vscode.github-authentication, startup: false, activationEvent: 'onAuthenticationRequest:github'
2026-01-06 12:27:33.726 [info] ExtensionService#_doActivateExtension vscode.emmet, startup: false, activationEvent: 'onLanguage'
2026-01-06 12:27:33.765 [info] ExtensionService#_doActivateExtension ms-python.python, startup: false, activationEvent: 'onLanguage:python', root cause: ms-python.debugpy
2026-01-06 12:27:34.232 [info] ExtensionService#_doActivateExtension ms-python.vscode-pylance, startup: false, activationEvent: 'onLanguage:python'
2026-01-06 12:27:35.060 [info] ExtensionService#_doActivateExtension ms-python.vscode-python-envs, startup: false, activationEvent: 'onLanguage:python'
2026-01-06 12:27:35.384 [info] ExtensionService#_doActivateExtension vscode.git-base, startup: true, activationEvent: '*', root cause: vscode.git
2026-01-06 12:27:35.487 [info] ExtensionService#_doActivateExtension vscode.terminal-suggest, startup: false, activationEvent: 'onTerminalShellIntegration:*'
2026-01-06 12:27:35.694 [info] ExtensionService#_doActivateExtension vscode.git, startup: true, activationEvent: '*'
2026-01-06 12:27:35.774 [info] ExtensionService#_doActivateExtension vscode.github, startup: true, activationEvent: '*'
2026-01-06 12:27:36.442 [info] Eager extensions activated
2026-01-06 12:27:36.475 [info] ExtensionService#_doActivateExtension ms-python.debugpy, startup: false, activationEvent: 'onLanguage:python'
2026-01-06 12:27:36.581 [info] ExtensionService#_doActivateExtension vscode.debug-auto-launch, startup: false, activationEvent: 'onStartupFinished'
2026-01-06 12:27:36.585 [info] ExtensionService#_doActivateExtension vscode.merge-conflict, startup: false, activationEvent: 'onStartupFinished'
2026-01-06 12:27:36.622 [info] ExtensionService#_doActivateExtension Catppuccin.catppuccin-vsc, startup: false, activationEvent: 'onStartupFinished'
2026-01-06 12:27:39.800 [warning] DiagnosticCollection with name 'Pylance' does already exist.
2026-01-06 12:27:39.817 [warning] DiagnosticCollection with name 'Pylance' does already exist.
2026-01-06 12:28:49.248 [info] Extension host terminating: renderer closed the MessagePort
2026-01-06 12:28:49.288 [error] TypeError: Cannot read properties of undefined (reading 'subscriptions')
	at Object.G [as deactivate] (/home/josie/.vscode/extensions/ms-python.vscode-python-envs-1.14.0-linux-x64/dist/extension.js:2:684166)
	at HX.eb (file:///opt/visual-studio-code/resources/app/out/vs/workbench/api/node/extensionHostProcess.js:120:11850)
	at file:///opt/visual-studio-code/resources/app/out/vs/workbench/api/node/extensionHostProcess.js:120:10000
	at Array.map (<anonymous>)
	at HX.$ (file:///opt/visual-studio-code/resources/app/out/vs/workbench/api/node/extensionHostProcess.js:120:9988)
	at HX.terminate (file:///opt/visual-studio-code/resources/app/out/vs/workbench/api/node/extensionHostProcess.js:120:10231)
	at yN.terminate (file:///opt/visual-studio-code/resources/app/out/vs/workbench/api/node/extensionHostProcess.js:122:914)
	at Us (file:///opt/visual-studio-code/resources/app/out/vs/workbench/api/node/extensionHostProcess.js:404:11129)
	at MessagePortMain.<anonymous> (file:///opt/visual-studio-code/resources/app/out/vs/workbench/api/node/extensionHostProcess.js:404:7604)
	at MessagePortMain.emit (node:events:519:28)
	at MessagePortMain._internalPort.emit (node:electron/js2c/utility_init:2:2949)
2026-01-06 12:28:49.289 [info] Extension host with pid 910 exiting with code 0
2026-01-06 12:28:51.766 [info] Extension host with pid 2354 started
2026-01-06 12:28:51.766 [info] Skipping acquiring lock for /home/josie/.config/Code/User/workspaceStorage/69a2c3f074d8d62358ae353eb46093bc.
2026-01-06 12:28:52.164 [info] ExtensionService#_doActivateExtension vscode.github-authentication, startup: false, activationEvent: 'onAuthenticationRequest:github'
2026-01-06 12:28:52.216 [info] ExtensionService#_doActivateExtension vscode.emmet, startup: false, activationEvent: 'onLanguage'
2026-01-06 12:28:52.242 [info] ExtensionService#_doActivateExtension ms-python.python, startup: false, activationEvent: 'onLanguage:python', root cause: ms-python.debugpy
2026-01-06 12:28:52.808 [info] ExtensionService#_doActivateExtension ms-python.vscode-pylance, startup: false, activationEvent: 'onLanguage:python'
2026-01-06 12:28:53.710 [info] ExtensionService#_doActivateExtension ms-python.vscode-python-envs, startup: false, activationEvent: 'onLanguage:python'
2026-01-06 12:28:54.106 [info] ExtensionService#_doActivateExtension vscode.git-base, startup: true, activationEvent: '*', root cause: vscode.git
2026-01-06 12:28:54.234 [info] ExtensionService#_doActivateExtension vscode.terminal-suggest, startup: false, activationEvent: 'onTerminalShellIntegration:*'
2026-01-06 12:28:54.527 [info] ExtensionService#_doActivateExtension vscode.git, startup: true, activationEvent: '*'
2026-01-06 12:28:54.624 [info] ExtensionService#_doActivateExtension vscode.github, startup: true, activationEvent: '*'
2026-01-06 12:28:55.137 [info] Eager extensions activated
2026-01-06 12:28:55.186 [info] ExtensionService#_doActivateExtension ms-python.debugpy, startup: false, activationEvent: 'onLanguage:python'
2026-01-06 12:28:55.281 [info] ExtensionService#_doActivateExtension vscode.debug-auto-launch, startup: false, activationEvent: 'onStartupFinished'
2026-01-06 12:28:55.290 [info] ExtensionService#_doActivateExtension vscode.merge-conflict, startup: false, activationEvent: 'onStartupFinished'
2026-01-06 12:28:55.328 [info] ExtensionService#_doActivateExtension Catppuccin.catppuccin-vsc, startup: false, activationEvent: 'onStartupFinished'
2026-01-06 12:28:59.096 [warning] DiagnosticCollection with name 'Pylance' does already exist.
2026-01-06 12:28:59.112 [warning] DiagnosticCollection with name 'Pylance' does already exist.
2026-01-06 12:53:23.408 [info] ExtensionService#_doActivateExtension vscode.npm, startup: false, activationEvent: 'onTerminalQuickFixRequest:ms-vscode.npm-command'
2026-01-06 13:28:27.772 [info] Extension host terminating: renderer closed the MessagePort
2026-01-06 13:28:27.841 [error] TypeError: Cannot read properties of undefined (reading 'subscriptions')
	at Object.G [as deactivate] (/home/josie/.vscode/extensions/ms-python.vscode-python-envs-1.14.0-linux-x64/dist/extension.js:2:684166)
	at HX.eb (file:///opt/visual-studio-code/resources/app/out/vs/workbench/api/node/extensionHostProcess.js:120:11850)
	at file:///opt/visual-studio-code/resources/app/out/vs/workbench/api/node/extensionHostProcess.js:120:10000
	at Array.map (<anonymous>)
	at HX.$ (file:///opt/visual-studio-code/resources/app/out/vs/workbench/api/node/extensionHostProcess.js:120:9988)
	at HX.terminate (file:///opt/visual-studio-code/resources/app/out/vs/workbench/api/node/extensionHostProcess.js:120:10231)
	at yN.terminate (file:///opt/visual-studio-code/resources/app/out/vs/workbench/api/node/extensionHostProcess.js:122:914)
	at Us (file:///opt/visual-studio-code/resources/app/out/vs/workbench/api/node/extensionHostProcess.js:404:11129)
	at MessagePortMain.<anonymous> (file:///opt/visual-studio-code/resources/app/out/vs/workbench/api/node/extensionHostProcess.js:404:7604)
	at MessagePortMain.emit (node:events:519:28)
	at MessagePortMain._internalPort.emit (node:electron/js2c/utility_init:2:2949)
2026-01-06 13:28:27.842 [info] Extension host with pid 2354 exiting with code 0
