2026-01-02 14:39:24.036 [info] Starting Python Locator /home/josie/.vscode/extensions/ms-python.python-2025.20.1-linux-x64/python-env-tools/bin/pet server
2026-01-02 14:39:24.107 [info] Discovered env: /home/josie/Documents/programming/python/puter-vision/.venv/bin/python
2026-01-02 14:39:24.131 [info] Discovered env: /bin/python
2026-01-02 14:39:24.131 [info] Discovered env: /usr/bin/python
2026-01-02 14:39:24.189 [info] Env ("/usr/sbin/python") in Path resolved as ResolvedPythonEnv { executable: "/usr/sbin/python", prefix: "/usr", version: "3.13.7.final.0", is64_bit: true, symlinks: Some(["/usr/sbin/python"]) } and reported as Some(GlobalPaths)
2026-01-02 14:39:24.189 [info] Discovered env: /usr/sbin/python
2026-01-02 14:39:24.189 [info] Env ("/sbin/python") in Path resolved as ResolvedPythonEnv { executable: "/sbin/python", prefix: "/usr", version: "3.13.7.final.0", is64_bit: true, symlinks: Some(["/sbin/python"]) } and reported as Some(GlobalPaths)
2026-01-02 14:39:24.190 [info] Discovered env: /sbin/python
2026-01-02 14:39:24.192 [info] Env ("/usr/sbin/python3") in Path resolved as ResolvedPythonEnv { executable: "/usr/sbin/python3", prefix: "/usr", version: "3.13.7.final.0", is64_bit: true, symlinks: Some(["/usr/sbin/python3"]) } and reported as Some(GlobalPaths)
2026-01-02 14:39:24.192 [info] Discovered env: /usr/sbin/python3
2026-01-02 14:39:24.193 [info] Env ("/sbin/python3") in Path resolved as ResolvedPythonEnv { executable: "/sbin/python3", prefix: "/usr", version: "3.13.7.final.0", is64_bit: true, symlinks: Some(["/sbin/python3"]) } and reported as Some(GlobalPaths)
2026-01-02 14:39:24.193 [info] Discovered env: /sbin/python3
2026-01-02 14:39:24.195 [info] Env ("/usr/sbin/python3.13") in Path resolved as ResolvedPythonEnv { executable: "/usr/sbin/python3.13", prefix: "/usr", version: "3.13.7.final.0", is64_bit: true, symlinks: Some(["/usr/sbin/python3.13"]) } and reported as Some(GlobalPaths)
2026-01-02 14:39:24.195 [info] Discovered env: /usr/sbin/python3.13
2026-01-02 14:39:24.195 [info] Env ("/sbin/python3.13") in Path resolved as ResolvedPythonEnv { executable: "/sbin/python3.13", prefix: "/usr", version: "3.13.7.final.0", is64_bit: true, symlinks: Some(["/sbin/python3.13"]) } and reported as Some(GlobalPaths)
2026-01-02 14:39:24.195 [info] Discovered env: /sbin/python3.13
2026-01-02 14:39:24.196 [info] Locator Conda took 250.720494ms
2026-01-02 14:39:24.196 [info] Locator Homebrew took 147.922µs
2026-01-02 14:39:24.197 [info] Locator LinuxGlobal took 270.826134ms
2026-01-02 14:39:24.197 [info] Locator PipEnv took 46.229µs
2026-01-02 14:39:24.197 [info] Locator Pixi took 24.654µs
2026-01-02 14:39:24.197 [info] Locator Poetry took 524.033µs
2026-01-02 14:39:24.197 [info] Locator PyEnv took 723.809µs
2026-01-02 14:39:24.197 [info] Locator Uv took 60.753µs
2026-01-02 14:39:24.197 [info] Locator Venv took 70.078µs
2026-01-02 14:39:24.198 [info] Locator VirtualEnv took 65.203µs
2026-01-02 14:39:24.198 [info] Locator VirtualEnvWrapper took 46.188µs
2026-01-02 14:39:24.198 [info] Locator GlobalVirtualEnvs took 181.348µs
2026-01-02 14:39:24.198 [info] Locator Locators took 276.814042ms
2026-01-02 14:39:24.198 [info] Locator Path took 455.590206ms
2026-01-02 14:39:24.198 [info] Locator Workspaces took 85.820299ms
2026-01-02 14:39:24.198 [info] Refresh completed in 456ms
2026-01-02 14:39:24.556 [info] Discovered env: /home/josie/Documents/programming/python/puter-vision/.venv/bin/python
2026-01-02 14:39:24.557 [info] Resolved Python Environment /home/josie/Documents/programming/python/puter-vision/.venv/bin/python
2026-01-02 14:39:25.034 [info] Discovered env: /usr/bin/python
2026-01-02 14:39:25.036 [info] Discovered env: /bin/python
2026-01-02 14:39:25.038 [info] Env ("/sbin/python") in Path resolved as ResolvedPythonEnv { executable: "/sbin/python", prefix: "/usr", version: "3.13.7.final.0", is64_bit: true, symlinks: Some(["/sbin/python"]) } and reported as Some(GlobalPaths)
2026-01-02 14:39:25.038 [info] Discovered env: /sbin/python
2026-01-02 14:39:25.038 [info] Env ("/usr/sbin/python") in Path resolved as ResolvedPythonEnv { executable: "/usr/sbin/python", prefix: "/usr", version: "3.13.7.final.0", is64_bit: true, symlinks: Some(["/usr/sbin/python"]) } and reported as Some(GlobalPaths)
2026-01-02 14:39:25.039 [info] Discovered env: /usr/sbin/python
2026-01-02 14:39:25.040 [info] Env ("/sbin/python3") in Path resolved as ResolvedPythonEnv { executable: "/sbin/python3", prefix: "/usr", version: "3.13.7.final.0", is64_bit: true, symlinks: Some(["/sbin/python3"]) } and reported as Some(GlobalPaths)
2026-01-02 14:39:25.040 [info] Discovered env: /sbin/python3
2026-01-02 14:39:25.041 [info] Env ("/usr/sbin/python3") in Path resolved as ResolvedPythonEnv { executable: "/usr/sbin/python3", prefix: "/usr", version: "3.13.7.final.0", is64_bit: true, symlinks: Some(["/usr/sbin/python3"]) } and reported as Some(GlobalPaths)
2026-01-02 14:39:25.041 [info] Discovered env: /usr/sbin/python3
2026-01-02 14:39:25.041 [info] Env ("/sbin/python3.13") in Path resolved as ResolvedPythonEnv { executable: "/sbin/python3.13", prefix: "/usr", version: "3.13.7.final.0", is64_bit: true, symlinks: Some(["/sbin/python3.13"]) } and reported as Some(GlobalPaths)
2026-01-02 14:39:25.041 [info] Discovered env: /sbin/python3.13
2026-01-02 14:39:25.042 [info] Env ("/usr/sbin/python3.13") in Path resolved as ResolvedPythonEnv { executable: "/usr/sbin/python3.13", prefix: "/usr", version: "3.13.7.final.0", is64_bit: true, symlinks: Some(["/usr/sbin/python3.13"]) } and reported as Some(GlobalPaths)
2026-01-02 14:39:25.042 [info] Discovered env: /usr/sbin/python3.13
2026-01-02 14:39:25.042 [info] Locator Conda took 156.665399ms
2026-01-02 14:39:25.042 [info] Locator Homebrew took 143.563µs
2026-01-02 14:39:25.042 [info] Locator LinuxGlobal took 161.144653ms
2026-01-02 14:39:25.042 [info] Locator PipEnv took 29.761µs
2026-01-02 14:39:25.043 [info] Locator Pixi took 27.664µs
2026-01-02 14:39:25.043 [info] Locator Poetry took 430.12µs
2026-01-02 14:39:25.043 [info] Locator PyEnv took 1.012708ms
2026-01-02 14:39:25.043 [info] Locator Uv took 68.333µs
2026-01-02 14:39:25.044 [info] Locator Venv took 20.154µs
2026-01-02 14:39:25.044 [info] Locator VirtualEnv took 26.906µs
2026-01-02 14:39:25.044 [info] Locator VirtualEnvWrapper took 23.177µs
2026-01-02 14:39:25.044 [info] Locator GlobalVirtualEnvs took 54.823µs
2026-01-02 14:39:25.044 [info] Locator Locators took 164.090363ms
2026-01-02 14:39:25.044 [info] Locator Path took 286.642676ms
2026-01-02 14:39:25.044 [info] Locator Workspaces took 19.43165ms
2026-01-02 14:39:25.044 [info] Refresh completed in 287ms
2026-01-02 14:53:41.333 [info] Resolved Python Environment /home/josie/Documents/programming/python/puter-vision/.venv/bin/python
