2026-01-05 15:26:05.738 [info] Revived process, old id 45ac6a147485a009a849c1c818a7c44e-1 -> new id 1
2026-01-05 15:26:05.738 [info] Revived process, old id 45ac6a147485a009a849c1c818a7c44e-3 -> new id 2
2026-01-05 15:26:06.104 [info] Expanding terminal instance, old id 45ac6a147485a009a849c1c818a7c44e-1 -> new id 1
2026-01-05 15:26:06.104 [info] Expanding terminal instance, old id 45ac6a147485a009a849c1c818a7c44e-3 -> new id 2
2026-01-05 15:26:07.369 [warning] Persistent process "1": Process had no disconnect runners but was an orphan
2026-01-05 15:26:07.369 [info] Persistent process reconnection "1"
2026-01-05 15:26:07.372 [warning] Persistent process "2": Process had no disconnect runners but was an orphan
2026-01-05 15:26:07.372 [info] Persistent process reconnection "2"
2026-01-05 15:26:07.588 [error] Failed to set sticky bit on /tmp/josie-code-zsh: Error: ENOENT: no such file or directory, chmod '/tmp/josie-code-zsh'
2026-01-05 15:26:07.629 [info] Persistent process "1": Replaying 2262 chars and 1 size events
2026-01-05 15:26:07.715 [info] Persistent process "2": Replaying 865 chars and 1 size events
2026-01-05 15:28:43.612 [info] Revived process, old id 69a2c3f074d8d62358ae353eb46093bc-1 -> new id 4
2026-01-05 15:28:43.730 [info] Expanding terminal instance, old id 69a2c3f074d8d62358ae353eb46093bc-1 -> new id 4
2026-01-05 15:28:45.165 [warning] Persistent process "4": Process had no disconnect runners but was an orphan
2026-01-05 15:28:45.165 [info] Persistent process reconnection "4"
2026-01-05 15:28:45.233 [info] Persistent process "4": Replaying 673 chars and 1 size events
2026-01-05 16:07:01.974 [info] Revived process, old id 69a2c3f074d8d62358ae353eb46093bc-4 -> new id 9
2026-01-05 16:07:01.974 [info] Revived process, old id 69a2c3f074d8d62358ae353eb46093bc-6 -> new id 10
2026-01-05 16:07:02.126 [info] Expanding terminal instance, old id 69a2c3f074d8d62358ae353eb46093bc-4 -> new id 9
2026-01-05 16:07:02.126 [info] Expanding terminal instance, old id 69a2c3f074d8d62358ae353eb46093bc-6 -> new id 10
2026-01-05 16:07:04.161 [warning] Persistent process "10": Process had no disconnect runners but was an orphan
2026-01-05 16:07:04.161 [info] Persistent process reconnection "10"
2026-01-05 16:07:04.162 [warning] Persistent process "9": Process had no disconnect runners but was an orphan
2026-01-05 16:07:04.162 [info] Persistent process reconnection "9"
2026-01-05 16:07:04.443 [info] Persistent process "10": Replaying 1746 chars and 1 size events
2026-01-05 16:07:04.497 [info] Persistent process "9": Replaying 820 chars and 1 size events
2026-01-05 16:09:01.685 [info] Revived process, old id 99c609b292cda71359492959afa58b4e-8 -> new id 12
2026-01-05 16:09:01.827 [info] Expanding terminal instance, old id 99c609b292cda71359492959afa58b4e-8 -> new id 12
2026-01-05 16:09:03.106 [warning] Persistent process "12": Process had no disconnect runners but was an orphan
2026-01-05 16:09:03.106 [info] Persistent process reconnection "12"
2026-01-05 16:09:03.252 [info] Persistent process "12": Replaying 1702 chars and 1 size events
