2025-12-21 12:39:21.400 [info] [main] Log level: Info
2025-12-21 12:39:21.400 [info] [main] Validating found git in: "git"
2025-12-21 12:39:21.400 [info] [main] Using git "2.52.0" from "git"
2025-12-21 12:39:21.400 [info] [Model][doInitialScan] Initial repository scan started
2025-12-21 12:39:21.400 [info] > git rev-parse --show-toplevel [134ms]
2025-12-21 12:39:21.400 [info] fatal: not a git repository (or any parent up to mount point /)
Stopping at filesystem boundary (GIT_DISCOVERY_ACROSS_FILESYSTEM not set).
2025-12-21 12:39:21.400 [info] > git rev-parse --show-toplevel [113ms]
2025-12-21 12:39:21.400 [info] fatal: not a git repository (or any parent up to mount point /)
Stopping at filesystem boundary (GIT_DISCOVERY_ACROSS_FILESYSTEM not set).
2025-12-21 12:39:21.400 [info] > git rev-parse --show-toplevel [47ms]
2025-12-21 12:39:21.400 [info] fatal: not a git repository (or any parent up to mount point /)
Stopping at filesystem boundary (GIT_DISCOVERY_ACROSS_FILESYSTEM not set).
2025-12-21 12:39:21.401 [info] > git rev-parse --show-toplevel [10ms]
2025-12-21 12:39:21.401 [info] fatal: not a git repository (or any parent up to mount point /)
Stopping at filesystem boundary (GIT_DISCOVERY_ACROSS_FILESYSTEM not set).
2025-12-21 12:39:21.420 [info] > git rev-parse --show-toplevel [15ms]
2025-12-21 12:39:21.420 [info] fatal: not a git repository (or any parent up to mount point /)
Stopping at filesystem boundary (GIT_DISCOVERY_ACROSS_FILESYSTEM not set).
2025-12-21 12:39:21.428 [info] > git rev-parse --show-toplevel [1ms]
2025-12-21 12:39:21.428 [info] fatal: not a git repository (or any parent up to mount point /)
Stopping at filesystem boundary (GIT_DISCOVERY_ACROSS_FILESYSTEM not set).
2025-12-21 12:39:21.436 [info] > git rev-parse --show-toplevel [2ms]
2025-12-21 12:39:21.436 [info] fatal: not a git repository (or any parent up to mount point /)
Stopping at filesystem boundary (GIT_DISCOVERY_ACROSS_FILESYSTEM not set).
2025-12-21 12:39:21.439 [info] [Model][doInitialScan] Initial repository scan completed - repositories (0), closed repositories (0), parent repositories (0), unsafe repositories (0)
2025-12-21 12:39:21.815 [info] > git rev-parse --show-toplevel [20ms]
2025-12-21 12:39:21.815 [info] fatal: not a git repository (or any parent up to mount point /)
Stopping at filesystem boundary (GIT_DISCOVERY_ACROSS_FILESYSTEM not set).
2025-12-21 12:39:21.828 [info] > git rev-parse --show-toplevel [4ms]
2025-12-21 12:39:21.828 [info] fatal: not a git repository (or any parent up to mount point /)
Stopping at filesystem boundary (GIT_DISCOVERY_ACROSS_FILESYSTEM not set).
2025-12-21 12:39:22.731 [info] > git rev-parse --show-toplevel [1ms]
2025-12-21 12:39:22.731 [info] fatal: not a git repository (or any parent up to mount point /)
Stopping at filesystem boundary (GIT_DISCOVERY_ACROSS_FILESYSTEM not set).
2025-12-21 12:39:41.204 [info] [main] Log level: Info
2025-12-21 12:39:41.204 [info] [main] Validating found git in: "git"
2025-12-21 12:39:41.204 [info] [main] Using git "2.52.0" from "git"
2025-12-21 12:39:41.204 [info] [Model][doInitialScan] Initial repository scan started
2025-12-21 12:39:41.204 [info] > git rev-parse --show-toplevel [12ms]
2025-12-21 12:39:41.204 [info] fatal: not a git repository (or any parent up to mount point /)
Stopping at filesystem boundary (GIT_DISCOVERY_ACROSS_FILESYSTEM not set).
2025-12-21 12:39:41.204 [info] [Model][doInitialScan] Initial repository scan completed - repositories (0), closed repositories (0), parent repositories (0), unsafe repositories (0)
2025-12-21 12:39:41.946 [info] > git rev-parse --show-toplevel [3ms]
2025-12-21 12:39:41.946 [info] fatal: not a git repository (or any parent up to mount point /)
Stopping at filesystem boundary (GIT_DISCOVERY_ACROSS_FILESYSTEM not set).
2025-12-21 12:40:27.110 [info] > git rev-parse --show-toplevel [6ms]
2025-12-21 12:40:27.110 [info] fatal: not a git repository (or any parent up to mount point /)
Stopping at filesystem boundary (GIT_DISCOVERY_ACROSS_FILESYSTEM not set).
2025-12-21 12:41:02.794 [info] [main] Log level: Info
2025-12-21 12:41:02.794 [info] [main] Validating found git in: "git"
2025-12-21 12:41:02.794 [info] [main] Using git "2.52.0" from "git"
2025-12-21 12:41:02.794 [info] [Model][doInitialScan] Initial repository scan started
2025-12-21 12:41:02.794 [info] > git rev-parse --show-toplevel [43ms]
2025-12-21 12:41:02.794 [info] fatal: not a git repository (or any parent up to mount point /)
Stopping at filesystem boundary (GIT_DISCOVERY_ACROSS_FILESYSTEM not set).
2025-12-21 12:41:02.796 [info] > git rev-parse --show-toplevel [3ms]
2025-12-21 12:41:02.796 [info] fatal: not a git repository (or any parent up to mount point /)
Stopping at filesystem boundary (GIT_DISCOVERY_ACROSS_FILESYSTEM not set).
2025-12-21 12:41:02.800 [info] [Model][doInitialScan] Initial repository scan completed - repositories (0), closed repositories (0), parent repositories (0), unsafe repositories (0)
