2026-01-08 09:05:27.723 [info] [main] Log level: Info
2026-01-08 09:05:27.723 [info] [main] Validating found git in: "git"
2026-01-08 09:05:27.723 [info] [main] Using git "2.52.0" from "git"
2026-01-08 09:05:27.723 [info] [Model][doInitialScan] Initial repository scan started
2026-01-08 09:05:27.723 [info] > git rev-parse --show-toplevel [28ms]
2026-01-08 09:05:27.723 [info] > git rev-parse --git-dir --git-common-dir --show-superproject-working-tree [17ms]
2026-01-08 09:05:27.723 [info] [Model][openRepository] Opened repository (path): /home/josie/Documents/programming/python/ppcli
2026-01-08 09:05:27.723 [info] [Model][openRepository] Opened repository (real path): /home/josie/Documents/programming/python/ppcli
2026-01-08 09:05:27.723 [info] [Model][openRepository] Opened repository (kind): repository
2026-01-08 09:05:27.723 [info] > git rev-parse --show-toplevel [72ms]
2026-01-08 09:05:27.723 [info] > git config --get commit.template [78ms]
2026-01-08 09:05:27.723 [info] > git rev-parse --show-toplevel [114ms]
2026-01-08 09:05:27.734 [info] > git for-each-ref --format=%(refname)%00%(upstream:short)%00%(objectname)%00%(upstream:track)%00%(upstream:remotename)%00%(upstream:remoteref) refs/heads/main refs/remotes/main [219ms]
2026-01-08 09:05:27.844 [info] > git rev-parse --show-toplevel [115ms]
2026-01-08 09:05:27.900 [info] > git check-ignore -v -z --stdin [23ms]
2026-01-08 09:05:27.904 [info] > git rev-parse --show-toplevel [40ms]
2026-01-08 09:05:27.909 [info] [Model][doInitialScan] Initial repository scan completed - repositories (1), closed repositories (0), parent repositories (0), unsafe repositories (0)
2026-01-08 09:05:27.978 [info] > git show --textconv :main.py [53ms]
2026-01-08 09:05:27.979 [info] > git status -z -uall [38ms]
2026-01-08 09:05:28.035 [info] > git ls-files --stage -- main.py [13ms]
2026-01-08 09:05:28.042 [info] > git for-each-ref --sort -committerdate --format %(refname)%00%(objectname)%00%(*objectname) [68ms]
2026-01-08 09:05:28.107 [info] > git for-each-ref --format=%(refname)%00%(upstream:short)%00%(objectname)%00%(upstream:track)%00%(upstream:remotename)%00%(upstream:remoteref) refs/heads/main refs/remotes/main [15ms]
2026-01-08 09:05:28.113 [info] > git cat-file -s d23a8e072cdd8cae6a7b033b5a59d569239f3615 [71ms]
2026-01-08 09:05:28.128 [info] > git config --get --local branch.main.vscode-merge-base [16ms]
2026-01-08 09:05:28.128 [warning] [Git][config] git config failed: Failed to execute git
2026-01-08 09:05:28.137 [info] > git config --get commit.template [31ms]
2026-01-08 09:05:28.147 [info] > git reflog main --grep-reflog=branch: Created from *. [11ms]
2026-01-08 09:05:28.155 [info] > git symbolic-ref --short refs/remotes/origin/HEAD [2ms]
2026-01-08 09:05:28.155 [info] fatal: ref refs/remotes/origin/HEAD is not a symbolic ref
2026-01-08 09:05:28.155 [warning] [Repository][getDefaultBranch] Failed to get default branch details: Failed to execute git.
2026-01-08 09:05:28.163 [info] > git for-each-ref --format=%(refname)%00%(upstream:short)%00%(objectname)%00%(upstream:track)%00%(upstream:remotename)%00%(upstream:remoteref) refs/heads/main refs/remotes/main [18ms]
2026-01-08 09:05:28.164 [info] > git merge-base refs/heads/main refs/remotes/origin/main [2ms]
2026-01-08 09:05:28.185 [info] > git status -z -uall [8ms]
2026-01-08 09:05:28.185 [info] > git for-each-ref --sort -committerdate --format %(refname)%00%(objectname)%00%(*objectname) [4ms]
2026-01-08 09:05:28.198 [info] > git diff --name-status -z --diff-filter=ADMR --find-renames=50% a89fa68dec35ef58b23114a3e7772c93f1a54bf7...refs/remotes/origin/main -- [28ms]
2026-01-08 09:05:28.199 [info] > git merge-base refs/heads/main refs/remotes/origin/main [5ms]
2026-01-08 09:05:28.213 [info] > git diff --name-status -z --diff-filter=ADMR --find-renames=50% a89fa68dec35ef58b23114a3e7772c93f1a54bf7...refs/remotes/origin/main -- [9ms]
2026-01-08 09:05:28.234 [info] > git blame --root --incremental a89fa68dec35ef58b23114a3e7772c93f1a54bf7 -- main.py [11ms]
2026-01-08 09:06:52.820 [info] > git show --textconv :db_functions.py [11ms]
2026-01-08 09:06:52.823 [info] > git ls-files --stage -- db_functions.py [4ms]
2026-01-08 09:06:52.830 [info] > git cat-file -s f2a7241cdb9291a2de2a549dbbc725aaf51b7aa1 [3ms]
2026-01-08 09:06:52.889 [info] > git blame --root --incremental a89fa68dec35ef58b23114a3e7772c93f1a54bf7 -- db_functions.py [16ms]
2026-01-08 09:06:58.635 [info] > git show --textconv :main.py [16ms]
2026-01-08 09:06:58.641 [info] > git ls-files --stage -- main.py [8ms]
2026-01-08 09:06:58.656 [info] > git cat-file -s d23a8e072cdd8cae6a7b033b5a59d569239f3615 [5ms]
2026-01-08 09:07:11.640 [info] > git show --textconv :db_functions.py [7ms]
2026-01-08 09:07:11.643 [info] > git ls-files --stage -- db_functions.py [4ms]
2026-01-08 09:07:11.656 [info] > git cat-file -s f2a7241cdb9291a2de2a549dbbc725aaf51b7aa1 [3ms]
2026-01-08 09:07:48.560 [info] > git config --get commit.template [7ms]
2026-01-08 09:07:48.560 [info] > git for-each-ref --format=%(refname)%00%(upstream:short)%00%(objectname)%00%(upstream:track)%00%(upstream:remotename)%00%(upstream:remoteref) refs/heads/main refs/remotes/main [1ms]
2026-01-08 09:07:48.573 [info] > git status -z -uall [7ms]
2026-01-08 09:07:48.574 [info] > git for-each-ref --sort -committerdate --format %(refname)%00%(objectname)%00%(*objectname) [3ms]
2026-01-08 09:07:49.268 [info] > git show --textconv :main.py [6ms]
2026-01-08 09:07:49.269 [info] > git ls-files --stage -- main.py [1ms]
2026-01-08 09:07:49.275 [info] > git cat-file -s d23a8e072cdd8cae6a7b033b5a59d569239f3615 [1ms]
2026-01-08 09:08:12.079 [info] > git config --get commit.template [11ms]
2026-01-08 09:08:12.079 [info] > git for-each-ref --format=%(refname)%00%(upstream:short)%00%(objectname)%00%(upstream:track)%00%(upstream:remotename)%00%(upstream:remoteref) refs/heads/main refs/remotes/main [2ms]
2026-01-08 09:08:12.089 [info] > git status -z -uall [5ms]
2026-01-08 09:08:12.090 [info] > git for-each-ref --sort -committerdate --format %(refname)%00%(objectname)%00%(*objectname) [2ms]
2026-01-08 09:08:16.149 [info] > git show --textconv :db_functions.py [6ms]
2026-01-08 09:08:16.150 [info] > git ls-files --stage -- db_functions.py [2ms]
2026-01-08 09:08:16.157 [info] > git cat-file -s f2a7241cdb9291a2de2a549dbbc725aaf51b7aa1 [2ms]
2026-01-08 09:08:51.045 [info] > git show --textconv :main.py [11ms]
2026-01-08 09:08:51.047 [info] > git ls-files --stage -- main.py [5ms]
2026-01-08 09:08:51.058 [info] > git cat-file -s d23a8e072cdd8cae6a7b033b5a59d569239f3615 [2ms]
2026-01-08 09:09:06.765 [info] > git show --textconv :db_functions.py [9ms]
2026-01-08 09:09:06.767 [info] > git ls-files --stage -- db_functions.py [3ms]
2026-01-08 09:09:06.773 [info] > git cat-file -s f2a7241cdb9291a2de2a549dbbc725aaf51b7aa1 [1ms]
2026-01-08 09:09:14.163 [info] > git config --get commit.template [2ms]
2026-01-08 09:09:14.169 [info] > git for-each-ref --format=%(refname)%00%(upstream:short)%00%(objectname)%00%(upstream:track)%00%(upstream:remotename)%00%(upstream:remoteref) refs/heads/main refs/remotes/main [2ms]
2026-01-08 09:09:14.181 [info] > git status -z -uall [6ms]
2026-01-08 09:09:14.182 [info] > git for-each-ref --sort -committerdate --format %(refname)%00%(objectname)%00%(*objectname) [2ms]
2026-01-08 09:10:12.523 [info] > git config --get commit.template [10ms]
2026-01-08 09:10:12.524 [info] > git for-each-ref --format=%(refname)%00%(upstream:short)%00%(objectname)%00%(upstream:track)%00%(upstream:remotename)%00%(upstream:remoteref) refs/heads/main refs/remotes/main [1ms]
2026-01-08 09:10:12.536 [info] > git status -z -uall [6ms]
2026-01-08 09:10:12.546 [info] > git for-each-ref --sort -committerdate --format %(refname)%00%(objectname)%00%(*objectname) [11ms]
2026-01-08 09:11:11.969 [info] > git config --get commit.template [10ms]
2026-01-08 09:11:11.970 [info] > git for-each-ref --format=%(refname)%00%(upstream:short)%00%(objectname)%00%(upstream:track)%00%(upstream:remotename)%00%(upstream:remoteref) refs/heads/main refs/remotes/main [2ms]
2026-01-08 09:11:11.980 [info] > git status -z -uall [5ms]
2026-01-08 09:11:11.982 [info] > git for-each-ref --sort -committerdate --format %(refname)%00%(objectname)%00%(*objectname) [1ms]
2026-01-08 09:11:28.099 [info] > git show --textconv :main.py [8ms]
2026-01-08 09:11:28.101 [info] > git ls-files --stage -- main.py [3ms]
2026-01-08 09:11:28.107 [info] > git cat-file -s d23a8e072cdd8cae6a7b033b5a59d569239f3615 [1ms]
2026-01-08 09:11:52.062 [info] > git show --textconv :db_functions.py [6ms]
2026-01-08 09:11:52.063 [info] > git ls-files --stage -- db_functions.py [2ms]
2026-01-08 09:11:52.069 [info] > git cat-file -s f2a7241cdb9291a2de2a549dbbc725aaf51b7aa1 [1ms]
2026-01-08 09:15:00.017 [info] > git show --textconv :main.py [8ms]
2026-01-08 09:15:00.018 [info] > git ls-files --stage -- main.py [2ms]
2026-01-08 09:15:00.024 [info] > git cat-file -s d23a8e072cdd8cae6a7b033b5a59d569239f3615 [2ms]
2026-01-08 09:15:08.361 [info] > git show --textconv :db_functions.py [14ms]
2026-01-08 09:15:08.364 [info] > git ls-files --stage -- db_functions.py [4ms]
2026-01-08 09:15:08.378 [info] > git cat-file -s f2a7241cdb9291a2de2a549dbbc725aaf51b7aa1 [4ms]
2026-01-08 09:15:36.483 [info] > git config --get commit.template [14ms]
2026-01-08 09:15:36.485 [info] > git for-each-ref --format=%(refname)%00%(upstream:short)%00%(objectname)%00%(upstream:track)%00%(upstream:remotename)%00%(upstream:remoteref) refs/heads/main refs/remotes/main [4ms]
2026-01-08 09:15:36.496 [info] > git status -z -uall [5ms]
2026-01-08 09:15:36.497 [info] > git for-each-ref --sort -committerdate --format %(refname)%00%(objectname)%00%(*objectname) [2ms]
2026-01-08 09:16:01.608 [info] > git show --textconv :main.py [8ms]
2026-01-08 09:16:01.609 [info] > git ls-files --stage -- main.py [2ms]
2026-01-08 09:16:01.615 [info] > git cat-file -s d23a8e072cdd8cae6a7b033b5a59d569239f3615 [2ms]
2026-01-08 09:16:08.803 [info] > git show --textconv :db_functions.py [17ms]
2026-01-08 09:16:08.806 [info] > git ls-files --stage -- db_functions.py [5ms]
2026-01-08 09:16:08.820 [info] > git cat-file -s f2a7241cdb9291a2de2a549dbbc725aaf51b7aa1 [4ms]
2026-01-08 09:16:17.252 [info] > git config --get commit.template [5ms]
2026-01-08 09:16:17.252 [info] > git for-each-ref --format=%(refname)%00%(upstream:short)%00%(objectname)%00%(upstream:track)%00%(upstream:remotename)%00%(upstream:remoteref) refs/heads/main refs/remotes/main [2ms]
2026-01-08 09:16:17.263 [info] > git status -z -uall [6ms]
2026-01-08 09:16:17.264 [info] > git for-each-ref --sort -committerdate --format %(refname)%00%(objectname)%00%(*objectname) [2ms]
2026-01-08 09:16:23.899 [info] > git config --get commit.template [4ms]
2026-01-08 09:16:23.906 [info] > git for-each-ref --format=%(refname)%00%(upstream:short)%00%(objectname)%00%(upstream:track)%00%(upstream:remotename)%00%(upstream:remoteref) refs/heads/main refs/remotes/main [2ms]
2026-01-08 09:16:23.919 [info] > git status -z -uall [6ms]
2026-01-08 09:16:23.920 [info] > git for-each-ref --sort -committerdate --format %(refname)%00%(objectname)%00%(*objectname) [2ms]
2026-01-08 09:16:24.053 [info] > git show --textconv :main.py [19ms]
2026-01-08 09:16:24.058 [info] > git ls-files --stage -- main.py [7ms]
2026-01-08 09:16:24.067 [info] > git cat-file -s d23a8e072cdd8cae6a7b033b5a59d569239f3615 [2ms]
2026-01-08 09:16:37.054 [info] > git show --textconv :db_functions.py [8ms]
2026-01-08 09:16:37.056 [info] > git ls-files --stage -- db_functions.py [3ms]
2026-01-08 09:16:37.063 [info] > git cat-file -s f2a7241cdb9291a2de2a549dbbc725aaf51b7aa1 [2ms]
2026-01-08 09:16:37.459 [info] > git config --get commit.template [6ms]
2026-01-08 09:16:37.460 [info] > git for-each-ref --format=%(refname)%00%(upstream:short)%00%(objectname)%00%(upstream:track)%00%(upstream:remotename)%00%(upstream:remoteref) refs/heads/main refs/remotes/main [2ms]
2026-01-08 09:16:37.469 [info] > git status -z -uall [5ms]
2026-01-08 09:16:37.470 [info] > git for-each-ref --sort -committerdate --format %(refname)%00%(objectname)%00%(*objectname) [2ms]
2026-01-08 09:16:39.474 [info] > git show --textconv :main.py [18ms]
2026-01-08 09:16:39.479 [info] > git ls-files --stage -- main.py [8ms]
2026-01-08 09:16:39.493 [info] > git cat-file -s d23a8e072cdd8cae6a7b033b5a59d569239f3615 [4ms]
2026-01-08 09:16:51.064 [info] > git show --textconv :db_functions.py [8ms]
2026-01-08 09:16:51.066 [info] > git ls-files --stage -- db_functions.py [3ms]
2026-01-08 09:16:51.073 [info] > git cat-file -s f2a7241cdb9291a2de2a549dbbc725aaf51b7aa1 [1ms]
2026-01-08 09:17:11.106 [info] > git config --get commit.template [6ms]
2026-01-08 09:17:11.107 [info] > git for-each-ref --format=%(refname)%00%(upstream:short)%00%(objectname)%00%(upstream:track)%00%(upstream:remotename)%00%(upstream:remoteref) refs/heads/main refs/remotes/main [2ms]
2026-01-08 09:17:11.118 [info] > git status -z -uall [6ms]
2026-01-08 09:17:11.118 [info] > git for-each-ref --sort -committerdate --format %(refname)%00%(objectname)%00%(*objectname) [1ms]
2026-01-08 09:17:23.530 [info] > git config --get commit.template [1ms]
2026-01-08 09:17:23.535 [info] > git for-each-ref --format=%(refname)%00%(upstream:short)%00%(objectname)%00%(upstream:track)%00%(upstream:remotename)%00%(upstream:remoteref) refs/heads/main refs/remotes/main [1ms]
2026-01-08 09:17:23.545 [info] > git status -z -uall [5ms]
2026-01-08 09:17:23.546 [info] > git for-each-ref --sort -committerdate --format %(refname)%00%(objectname)%00%(*objectname) [2ms]
2026-01-08 09:17:25.775 [info] > git show --textconv :main.py [18ms]
2026-01-08 09:17:25.778 [info] > git ls-files --stage -- main.py [5ms]
2026-01-08 09:17:25.788 [info] > git cat-file -s d23a8e072cdd8cae6a7b033b5a59d569239f3615 [3ms]
2026-01-08 09:18:00.345 [info] > git show --textconv :db_functions.py [7ms]
2026-01-08 09:18:00.346 [info] > git ls-files --stage -- db_functions.py [2ms]
2026-01-08 09:18:00.351 [info] > git cat-file -s f2a7241cdb9291a2de2a549dbbc725aaf51b7aa1 [1ms]
2026-01-08 09:18:58.547 [info] > git config --get commit.template [1ms]
2026-01-08 09:18:58.553 [info] > git for-each-ref --format=%(refname)%00%(upstream:short)%00%(objectname)%00%(upstream:track)%00%(upstream:remotename)%00%(upstream:remoteref) refs/heads/main refs/remotes/main [2ms]
2026-01-08 09:18:58.562 [info] > git status -z -uall [5ms]
2026-01-08 09:18:58.563 [info] > git for-each-ref --sort -committerdate --format %(refname)%00%(objectname)%00%(*objectname) [1ms]
2026-01-08 09:18:59.571 [info] > git show --textconv :main.py [6ms]
2026-01-08 09:18:59.573 [info] > git ls-files --stage -- main.py [3ms]
2026-01-08 09:18:59.579 [info] > git cat-file -s d23a8e072cdd8cae6a7b033b5a59d569239f3615 [1ms]
2026-01-08 09:19:07.830 [info] > git config --get commit.template [8ms]
2026-01-08 09:19:07.831 [info] > git for-each-ref --format=%(refname)%00%(upstream:short)%00%(objectname)%00%(upstream:track)%00%(upstream:remotename)%00%(upstream:remoteref) refs/heads/main refs/remotes/main [2ms]
2026-01-08 09:19:07.841 [info] > git status -z -uall [5ms]
2026-01-08 09:19:07.842 [info] > git for-each-ref --sort -committerdate --format %(refname)%00%(objectname)%00%(*objectname) [2ms]
2026-01-08 09:19:15.937 [info] > git config --get commit.template [5ms]
2026-01-08 09:19:15.938 [info] > git for-each-ref --format=%(refname)%00%(upstream:short)%00%(objectname)%00%(upstream:track)%00%(upstream:remotename)%00%(upstream:remoteref) refs/heads/main refs/remotes/main [2ms]
2026-01-08 09:19:15.949 [info] > git status -z -uall [6ms]
2026-01-08 09:19:15.950 [info] > git for-each-ref --sort -committerdate --format %(refname)%00%(objectname)%00%(*objectname) [2ms]
2026-01-08 09:20:09.066 [info] > git config --get commit.template [13ms]
2026-01-08 09:20:09.068 [info] > git for-each-ref --format=%(refname)%00%(upstream:short)%00%(objectname)%00%(upstream:track)%00%(upstream:remotename)%00%(upstream:remoteref) refs/heads/main refs/remotes/main [4ms]
2026-01-08 09:20:09.082 [info] > git status -z -uall [6ms]
2026-01-08 09:20:09.083 [info] > git for-each-ref --sort -committerdate --format %(refname)%00%(objectname)%00%(*objectname) [2ms]
2026-01-08 09:20:23.605 [info] > git config --get commit.template [8ms]
2026-01-08 09:20:23.605 [info] > git for-each-ref --format=%(refname)%00%(upstream:short)%00%(objectname)%00%(upstream:track)%00%(upstream:remotename)%00%(upstream:remoteref) refs/heads/main refs/remotes/main [2ms]
2026-01-08 09:20:23.618 [info] > git status -z -uall [8ms]
2026-01-08 09:20:23.619 [info] > git for-each-ref --sort -committerdate --format %(refname)%00%(objectname)%00%(*objectname) [3ms]
2026-01-08 09:20:23.797 [info] > git show --textconv :db_functions.py [14ms]
2026-01-08 09:20:23.799 [info] > git ls-files --stage -- db_functions.py [3ms]
2026-01-08 09:20:23.808 [info] > git cat-file -s f2a7241cdb9291a2de2a549dbbc725aaf51b7aa1 [2ms]
2026-01-08 09:20:34.775 [info] > git config --get commit.template [14ms]
2026-01-08 09:20:34.778 [info] > git for-each-ref --format=%(refname)%00%(upstream:short)%00%(objectname)%00%(upstream:track)%00%(upstream:remotename)%00%(upstream:remoteref) refs/heads/main refs/remotes/main [5ms]
2026-01-08 09:20:34.798 [info] > git status -z -uall [9ms]
2026-01-08 09:20:34.799 [info] > git for-each-ref --sort -committerdate --format %(refname)%00%(objectname)%00%(*objectname) [3ms]
2026-01-08 09:21:23.057 [info] > git config --get commit.template [9ms]
2026-01-08 09:21:23.058 [info] > git for-each-ref --format=%(refname)%00%(upstream:short)%00%(objectname)%00%(upstream:track)%00%(upstream:remotename)%00%(upstream:remoteref) refs/heads/main refs/remotes/main [2ms]
2026-01-08 09:21:23.068 [info] > git status -z -uall [5ms]
2026-01-08 09:21:23.069 [info] > git for-each-ref --sort -committerdate --format %(refname)%00%(objectname)%00%(*objectname) [2ms]
2026-01-08 09:21:24.261 [info] > git log --format=%H%n%aN%n%aE%n%at%n%ct%n%P%n%D%n%B -z --shortstat --diff-merges=first-parent -n50 --skip=0 --topo-order --decorate=full --stdin [13ms]
2026-01-08 09:21:25.183 [info] > git merge-base main origin/main [3ms]
2026-01-08 09:21:27.675 [info] > git add -A -- . [4ms]
2026-01-08 09:21:28.150 [info] > git show --textconv :.git/COMMIT_EDITMSG [18ms]
2026-01-08 09:21:28.161 [info] > git ls-files --stage -- .git/COMMIT_EDITMSG [16ms]
2026-01-08 09:21:28.172 [info] > git hash-object -t tree /dev/null [13ms]
2026-01-08 09:21:28.173 [warning] [GitFileSystemProvider][readFile] File not found - git:/home/josie/Documents/programming/python/ppcli/.git/COMMIT_EDITMSG.git?%7B%22path%22%3A%22%2Fhome%2Fjosie%2FDocuments%2Fprogramming%2Fpython%2Fppcli%2F.git%2FCOMMIT_EDITMSG%22%2C%22ref%22%3A%22%22%7D
2026-01-08 09:21:28.176 [info] > git hash-object -t tree /dev/null [6ms]
2026-01-08 09:21:28.176 [warning] [GitFileSystemProvider][stat] File not found - git:/home/josie/Documents/programming/python/ppcli/.git/COMMIT_EDITMSG.git?%7B%22path%22%3A%22%2Fhome%2Fjosie%2FDocuments%2Fprogramming%2Fpython%2Fppcli%2F.git%2FCOMMIT_EDITMSG%22%2C%22ref%22%3A%22%22%7D
2026-01-08 09:21:28.448 [info] > git check-ignore -v -z --stdin [5ms]
2026-01-08 09:21:29.622 [info] > git blame --root --incremental a89fa68dec35ef58b23114a3e7772c93f1a54bf7 -- .git/COMMIT_EDITMSG [6ms]
2026-01-08 09:21:29.622 [info] fatal: no such path .git/COMMIT_EDITMSG in a89fa68dec35ef58b23114a3e7772c93f1a54bf7
2026-01-08 09:21:45.967 [info] > git -c user.useConfigOnly=true commit --quiet [18286ms]
2026-01-08 09:21:45.967 [info] /bin/sh: warning: setlocale: LC_ALL: cannot change locale (en_US.UTF-8): No such file or directory
/bin/sh: warning: setlocale: LC_ALL: cannot change locale (en_US.UTF-8): No such file or directory
2026-01-08 09:21:45.986 [info] > git config --get commit.template [8ms]
2026-01-08 09:21:45.988 [info] > git for-each-ref --format=%(refname)%00%(upstream:short)%00%(objectname)%00%(upstream:track)%00%(upstream:remotename)%00%(upstream:remoteref) refs/heads/main refs/remotes/main [3ms]
2026-01-08 09:21:46.004 [info] > git status -z -uall [11ms]
2026-01-08 09:21:46.006 [info] > git for-each-ref --sort -committerdate --format %(refname)%00%(objectname)%00%(*objectname) [5ms]
2026-01-08 09:21:46.037 [info] > git merge-base refs/heads/main refs/remotes/origin/main [16ms]
2026-01-08 09:21:46.052 [info] > git diff --name-status -z --diff-filter=ADMR --find-renames=50% a89fa68dec35ef58b23114a3e7772c93f1a54bf7...refs/remotes/origin/main -- [5ms]
2026-01-08 09:21:46.131 [info] > git log --format=%H%n%aN%n%aE%n%at%n%ct%n%P%n%D%n%B -z --shortstat --diff-merges=first-parent -n50 --skip=0 --topo-order --decorate=full --stdin [7ms]
2026-01-08 09:21:46.185 [info] > git merge-base main origin/main [3ms]
2026-01-08 09:21:46.371 [info] > git show --textconv :db_functions.py [10ms]
2026-01-08 09:21:46.373 [info] > git ls-files --stage -- db_functions.py [3ms]
2026-01-08 09:21:46.378 [info] > git cat-file -s 2ddebd9542e09f41219b134aa89a407b157a8b26 [2ms]
2026-01-08 09:21:46.402 [info] > git blame --root --incremental 4749790ff8da8fd1d22e9fc101d916cfa5b9056d -- db_functions.py [5ms]
2026-01-08 09:21:47.791 [info] > git push origin main:main [1757ms]
2026-01-08 09:21:47.792 [info] /bin/sh: warning: setlocale: LC_ALL: cannot change locale (en_US.UTF-8): No such file or directory
/bin/sh: warning: setlocale: LC_ALL: cannot change locale (en_US.UTF-8): No such file or directory
To https://github.com/Josie5734/ppcli.git
   a89fa68..4749790  main -> main
2026-01-08 09:21:47.825 [info] > git config --get commit.template [18ms]
2026-01-08 09:21:47.827 [info] > git for-each-ref --format=%(refname)%00%(upstream:short)%00%(objectname)%00%(upstream:track)%00%(upstream:remotename)%00%(upstream:remoteref) refs/heads/main refs/remotes/main [7ms]
2026-01-08 09:21:47.855 [info] > git status -z -uall [14ms]
2026-01-08 09:21:47.858 [info] > git for-each-ref --sort -committerdate --format %(refname)%00%(objectname)%00%(*objectname) [5ms]
2026-01-08 09:21:47.876 [info] > git merge-base refs/heads/main refs/remotes/origin/main [2ms]
2026-01-08 09:21:47.886 [info] > git diff --name-status -z --diff-filter=ADMR --find-renames=50% 4749790ff8da8fd1d22e9fc101d916cfa5b9056d...refs/remotes/origin/main -- [5ms]
2026-01-08 09:21:47.903 [info] > git log --format=%H%n%aN%n%aE%n%at%n%ct%n%P%n%D%n%B -z --shortstat --diff-merges=first-parent -n50 --skip=0 --topo-order --decorate=full --stdin [11ms]
2026-01-08 09:21:47.940 [info] > git config --get commit.template [38ms]
2026-01-08 09:21:47.956 [info] > git for-each-ref --format=%(refname)%00%(upstream:short)%00%(objectname)%00%(upstream:track)%00%(upstream:remotename)%00%(upstream:remoteref) refs/heads/main refs/remotes/main [4ms]
2026-01-08 09:21:47.971 [info] > git status -z -uall [9ms]
2026-01-08 09:21:47.973 [info] > git merge-base main origin/main [27ms]
2026-01-08 09:21:47.976 [info] > git for-each-ref --sort -committerdate --format %(refname)%00%(objectname)%00%(*objectname) [5ms]
2026-01-08 09:21:48.995 [info] > git ls-files --stage -- db_functions.py [1ms]
2026-01-08 09:21:49.003 [info] > git cat-file -s 2ddebd9542e09f41219b134aa89a407b157a8b26 [2ms]
2026-01-08 09:21:49.011 [info] > git show --textconv :db_functions.py [2ms]
2026-01-08 09:21:50.997 [info] > git show --textconv :main.py [18ms]
2026-01-08 09:21:51.000 [info] > git ls-files --stage -- main.py [5ms]
2026-01-08 09:21:51.012 [info] > git cat-file -s 9c6a9dcd68c458bd299056d790377a4a51dc4a2f [3ms]
2026-01-08 09:21:51.055 [info] > git blame --root --incremental 4749790ff8da8fd1d22e9fc101d916cfa5b9056d -- main.py [3ms]
2026-01-08 09:22:44.194 [info] > git config --get commit.template [3ms]
2026-01-08 09:22:44.203 [info] > git for-each-ref --format=%(refname)%00%(upstream:short)%00%(objectname)%00%(upstream:track)%00%(upstream:remotename)%00%(upstream:remoteref) refs/heads/main refs/remotes/main [3ms]
2026-01-08 09:22:44.217 [info] > git status -z -uall [6ms]
2026-01-08 09:22:44.219 [info] > git for-each-ref --sort -committerdate --format %(refname)%00%(objectname)%00%(*objectname) [2ms]
2026-01-08 09:26:25.037 [info] > git config --get commit.template [24ms]
2026-01-08 09:26:25.042 [info] > git for-each-ref --format=%(refname)%00%(upstream:short)%00%(objectname)%00%(upstream:track)%00%(upstream:remotename)%00%(upstream:remoteref) refs/heads/main refs/remotes/main [12ms]
2026-01-08 09:26:25.065 [info] > git status -z -uall [13ms]
2026-01-08 09:26:25.067 [info] > git for-each-ref --sort -committerdate --format %(refname)%00%(objectname)%00%(*objectname) [3ms]
2026-01-08 09:27:12.887 [info] > git config --get commit.template [6ms]
2026-01-08 09:27:12.888 [info] > git for-each-ref --format=%(refname)%00%(upstream:short)%00%(objectname)%00%(upstream:track)%00%(upstream:remotename)%00%(upstream:remoteref) refs/heads/main refs/remotes/main [1ms]
2026-01-08 09:27:12.899 [info] > git status -z -uall [5ms]
2026-01-08 09:27:12.901 [info] > git for-each-ref --sort -committerdate --format %(refname)%00%(objectname)%00%(*objectname) [2ms]
2026-01-08 09:27:20.531 [info] > git config --get commit.template [6ms]
2026-01-08 09:27:20.533 [info] > git for-each-ref --format=%(refname)%00%(upstream:short)%00%(objectname)%00%(upstream:track)%00%(upstream:remotename)%00%(upstream:remoteref) refs/heads/main refs/remotes/main [2ms]
2026-01-08 09:27:20.545 [info] > git status -z -uall [7ms]
2026-01-08 09:27:20.546 [info] > git for-each-ref --sort -committerdate --format %(refname)%00%(objectname)%00%(*objectname) [2ms]
2026-01-08 09:27:25.600 [info] > git config --get commit.template [6ms]
2026-01-08 09:27:25.601 [info] > git for-each-ref --format=%(refname)%00%(upstream:short)%00%(objectname)%00%(upstream:track)%00%(upstream:remotename)%00%(upstream:remoteref) refs/heads/main refs/remotes/main [2ms]
2026-01-08 09:27:25.612 [info] > git status -z -uall [6ms]
2026-01-08 09:27:25.613 [info] > git for-each-ref --sort -committerdate --format %(refname)%00%(objectname)%00%(*objectname) [2ms]
2026-01-08 09:27:33.728 [info] > git config --get commit.template [5ms]
2026-01-08 09:27:33.748 [info] > git for-each-ref --format=%(refname)%00%(upstream:short)%00%(objectname)%00%(upstream:track)%00%(upstream:remotename)%00%(upstream:remoteref) refs/heads/main refs/remotes/main [6ms]
2026-01-08 09:27:33.781 [info] > git status -z -uall [20ms]
2026-01-08 09:27:33.785 [info] > git for-each-ref --sort -committerdate --format %(refname)%00%(objectname)%00%(*objectname) [7ms]
2026-01-08 09:27:44.674 [info] > git config --get commit.template [17ms]
2026-01-08 09:27:44.678 [info] > git for-each-ref --format=%(refname)%00%(upstream:short)%00%(objectname)%00%(upstream:track)%00%(upstream:remotename)%00%(upstream:remoteref) refs/heads/main refs/remotes/main [7ms]
2026-01-08 09:27:44.704 [info] > git status -z -uall [12ms]
2026-01-08 09:27:44.706 [info] > git for-each-ref --sort -committerdate --format %(refname)%00%(objectname)%00%(*objectname) [4ms]
2026-01-08 09:27:54.944 [info] > git config --get commit.template [5ms]
2026-01-08 09:27:54.951 [info] > git for-each-ref --format=%(refname)%00%(upstream:short)%00%(objectname)%00%(upstream:track)%00%(upstream:remotename)%00%(upstream:remoteref) refs/heads/main refs/remotes/main [1ms]
2026-01-08 09:27:54.961 [info] > git status -z -uall [5ms]
2026-01-08 09:27:54.962 [info] > git for-each-ref --sort -committerdate --format %(refname)%00%(objectname)%00%(*objectname) [2ms]
2026-01-08 09:29:35.770 [info] > git config --get commit.template [15ms]
2026-01-08 09:29:35.770 [info] > git for-each-ref --format=%(refname)%00%(upstream:short)%00%(objectname)%00%(upstream:track)%00%(upstream:remotename)%00%(upstream:remoteref) refs/heads/main refs/remotes/main [2ms]
2026-01-08 09:29:35.781 [info] > git status -z -uall [6ms]
2026-01-08 09:29:35.782 [info] > git for-each-ref --sort -committerdate --format %(refname)%00%(objectname)%00%(*objectname) [2ms]
2026-01-08 09:31:11.087 [info] > git config --get commit.template [13ms]
2026-01-08 09:31:11.089 [info] > git for-each-ref --format=%(refname)%00%(upstream:short)%00%(objectname)%00%(upstream:track)%00%(upstream:remotename)%00%(upstream:remoteref) refs/heads/main refs/remotes/main [2ms]
2026-01-08 09:31:11.099 [info] > git status -z -uall [5ms]
2026-01-08 09:31:11.100 [info] > git for-each-ref --sort -committerdate --format %(refname)%00%(objectname)%00%(*objectname) [2ms]
2026-01-08 09:32:31.114 [info] > git config --get commit.template [2ms]
2026-01-08 09:32:31.133 [info] > git for-each-ref --format=%(refname)%00%(upstream:short)%00%(objectname)%00%(upstream:track)%00%(upstream:remotename)%00%(upstream:remoteref) refs/heads/main refs/remotes/main [2ms]
2026-01-08 09:32:31.152 [info] > git status -z -uall [10ms]
2026-01-08 09:32:31.155 [info] > git for-each-ref --sort -committerdate --format %(refname)%00%(objectname)%00%(*objectname) [4ms]
2026-01-08 09:32:50.798 [info] > git config --get commit.template [9ms]
2026-01-08 09:32:50.799 [info] > git for-each-ref --format=%(refname)%00%(upstream:short)%00%(objectname)%00%(upstream:track)%00%(upstream:remotename)%00%(upstream:remoteref) refs/heads/main refs/remotes/main [2ms]
2026-01-08 09:32:50.812 [info] > git status -z -uall [6ms]
2026-01-08 09:32:50.813 [info] > git for-each-ref --sort -committerdate --format %(refname)%00%(objectname)%00%(*objectname) [1ms]
2026-01-08 09:50:04.012 [info] > git config --get commit.template [9ms]
2026-01-08 09:50:04.015 [info] > git for-each-ref --format=%(refname)%00%(upstream:short)%00%(objectname)%00%(upstream:track)%00%(upstream:remotename)%00%(upstream:remoteref) refs/heads/main refs/remotes/main [9ms]
2026-01-08 09:50:04.027 [info] > git status -z -uall [7ms]
2026-01-08 09:50:04.030 [info] > git for-each-ref --sort -committerdate --format %(refname)%00%(objectname)%00%(*objectname) [3ms]
2026-01-08 09:50:21.991 [info] > git config --get commit.template [10ms]
2026-01-08 09:50:21.992 [info] > git for-each-ref --format=%(refname)%00%(upstream:short)%00%(objectname)%00%(upstream:track)%00%(upstream:remotename)%00%(upstream:remoteref) refs/heads/main refs/remotes/main [4ms]
2026-01-08 09:50:22.002 [info] > git status -z -uall [5ms]
2026-01-08 09:50:22.003 [info] > git for-each-ref --sort -committerdate --format %(refname)%00%(objectname)%00%(*objectname) [1ms]
2026-01-08 09:50:22.676 [info] > git check-ignore -v -z --stdin [5ms]
2026-01-08 09:50:56.279 [info] > git for-each-ref --format=%(refname)%00%(upstream:short)%00%(objectname)%00%(upstream:track)%00%(upstream:remotename)%00%(upstream:remoteref) refs/heads/main refs/remotes/main [4ms]
2026-01-08 09:50:56.279 [info] > git config --get commit.template [10ms]
2026-01-08 09:50:56.293 [info] > git status -z -uall [7ms]
2026-01-08 09:50:56.294 [info] > git for-each-ref --sort -committerdate --format %(refname)%00%(objectname)%00%(*objectname) [2ms]
2026-01-08 09:51:36.159 [info] > git config --get commit.template [9ms]
2026-01-08 09:51:36.159 [info] > git for-each-ref --format=%(refname)%00%(upstream:short)%00%(objectname)%00%(upstream:track)%00%(upstream:remotename)%00%(upstream:remoteref) refs/heads/main refs/remotes/main [4ms]
2026-01-08 09:51:36.171 [info] > git status -z -uall [6ms]
2026-01-08 09:51:36.172 [info] > git for-each-ref --sort -committerdate --format %(refname)%00%(objectname)%00%(*objectname) [2ms]
2026-01-08 09:51:41.207 [info] > git config --get commit.template [15ms]
2026-01-08 09:51:41.210 [info] > git for-each-ref --format=%(refname)%00%(upstream:short)%00%(objectname)%00%(upstream:track)%00%(upstream:remotename)%00%(upstream:remoteref) refs/heads/main refs/remotes/main [5ms]
2026-01-08 09:51:41.233 [info] > git status -z -uall [13ms]
2026-01-08 09:51:41.235 [info] > git for-each-ref --sort -committerdate --format %(refname)%00%(objectname)%00%(*objectname) [5ms]
2026-01-08 09:52:08.262 [info] > git show --textconv :db_functions.py [14ms]
2026-01-08 09:52:08.265 [info] > git ls-files --stage -- db_functions.py [4ms]
2026-01-08 09:52:08.273 [info] > git cat-file -s 2ddebd9542e09f41219b134aa89a407b157a8b26 [2ms]
2026-01-08 09:52:31.669 [info] > git config --get commit.template [11ms]
2026-01-08 09:52:31.670 [info] > git for-each-ref --format=%(refname)%00%(upstream:short)%00%(objectname)%00%(upstream:track)%00%(upstream:remotename)%00%(upstream:remoteref) refs/heads/main refs/remotes/main [5ms]
2026-01-08 09:52:31.690 [info] > git status -z -uall [11ms]
2026-01-08 09:52:31.691 [info] > git for-each-ref --sort -committerdate --format %(refname)%00%(objectname)%00%(*objectname) [3ms]
2026-01-08 09:52:32.440 [info] > git show --textconv :main.py [10ms]
2026-01-08 09:52:32.441 [info] > git ls-files --stage -- main.py [4ms]
2026-01-08 09:52:32.447 [info] > git cat-file -s 9c6a9dcd68c458bd299056d790377a4a51dc4a2f [1ms]
2026-01-08 09:52:36.719 [info] > git config --get commit.template [15ms]
2026-01-08 09:52:36.726 [info] > git for-each-ref --format=%(refname)%00%(upstream:short)%00%(objectname)%00%(upstream:track)%00%(upstream:remotename)%00%(upstream:remoteref) refs/heads/main refs/remotes/main [2ms]
2026-01-08 09:52:36.735 [info] > git status -z -uall [5ms]
2026-01-08 09:52:36.737 [info] > git for-each-ref --sort -committerdate --format %(refname)%00%(objectname)%00%(*objectname) [1ms]
2026-01-08 09:52:43.416 [info] > git show --textconv :db_functions.py [14ms]
2026-01-08 09:52:43.420 [info] > git ls-files --stage -- db_functions.py [7ms]
2026-01-08 09:52:43.433 [info] > git cat-file -s 2ddebd9542e09f41219b134aa89a407b157a8b26 [4ms]
2026-01-08 09:52:54.017 [info] > git config --get commit.template [14ms]
2026-01-08 09:52:54.020 [info] > git for-each-ref --format=%(refname)%00%(upstream:short)%00%(objectname)%00%(upstream:track)%00%(upstream:remotename)%00%(upstream:remoteref) refs/heads/main refs/remotes/main [5ms]
2026-01-08 09:52:54.041 [info] > git status -z -uall [10ms]
2026-01-08 09:52:54.042 [info] > git for-each-ref --sort -committerdate --format %(refname)%00%(objectname)%00%(*objectname) [3ms]
2026-01-08 09:52:57.230 [info] > git show --textconv :main.py [8ms]
2026-01-08 09:52:57.232 [info] > git ls-files --stage -- main.py [3ms]
2026-01-08 09:52:57.237 [info] > git cat-file -s 9c6a9dcd68c458bd299056d790377a4a51dc4a2f [1ms]
2026-01-08 09:52:59.057 [info] > git config --get commit.template [5ms]
2026-01-08 09:52:59.058 [info] > git for-each-ref --format=%(refname)%00%(upstream:short)%00%(objectname)%00%(upstream:track)%00%(upstream:remotename)%00%(upstream:remoteref) refs/heads/main refs/remotes/main [1ms]
2026-01-08 09:52:59.069 [info] > git status -z -uall [6ms]
2026-01-08 09:52:59.071 [info] > git for-each-ref --sort -committerdate --format %(refname)%00%(objectname)%00%(*objectname) [2ms]
2026-01-08 09:53:04.100 [info] > git config --get commit.template [12ms]
2026-01-08 09:53:04.102 [info] > git for-each-ref --format=%(refname)%00%(upstream:short)%00%(objectname)%00%(upstream:track)%00%(upstream:remotename)%00%(upstream:remoteref) refs/heads/main refs/remotes/main [3ms]
2026-01-08 09:53:04.112 [info] > git status -z -uall [5ms]
2026-01-08 09:53:04.113 [info] > git for-each-ref --sort -committerdate --format %(refname)%00%(objectname)%00%(*objectname) [2ms]
2026-01-08 09:53:30.356 [info] > git show --textconv :db_functions.py [18ms]
2026-01-08 09:53:30.360 [info] > git ls-files --stage -- db_functions.py [6ms]
2026-01-08 09:53:30.377 [info] > git cat-file -s 2ddebd9542e09f41219b134aa89a407b157a8b26 [6ms]
2026-01-08 09:53:50.843 [info] > git show --textconv :main.py [9ms]
2026-01-08 09:53:50.845 [info] > git ls-files --stage -- main.py [4ms]
2026-01-08 09:53:50.853 [info] > git cat-file -s 9c6a9dcd68c458bd299056d790377a4a51dc4a2f [1ms]
2026-01-08 09:53:56.768 [info] > git config --get commit.template [6ms]
2026-01-08 09:53:56.769 [info] > git for-each-ref --format=%(refname)%00%(upstream:short)%00%(objectname)%00%(upstream:track)%00%(upstream:remotename)%00%(upstream:remoteref) refs/heads/main refs/remotes/main [1ms]
2026-01-08 09:53:56.779 [info] > git status -z -uall [6ms]
2026-01-08 09:53:56.780 [info] > git for-each-ref --sort -committerdate --format %(refname)%00%(objectname)%00%(*objectname) [2ms]
2026-01-08 09:53:59.068 [info] > git show --textconv :db_functions.py [14ms]
2026-01-08 09:53:59.071 [info] > git ls-files --stage -- db_functions.py [4ms]
2026-01-08 09:53:59.082 [info] > git cat-file -s 2ddebd9542e09f41219b134aa89a407b157a8b26 [3ms]
2026-01-08 09:54:35.249 [info] > git config --get commit.template [2ms]
2026-01-08 09:54:35.255 [info] > git for-each-ref --format=%(refname)%00%(upstream:short)%00%(objectname)%00%(upstream:track)%00%(upstream:remotename)%00%(upstream:remoteref) refs/heads/main refs/remotes/main [1ms]
2026-01-08 09:54:35.267 [info] > git status -z -uall [6ms]
2026-01-08 09:54:35.268 [info] > git for-each-ref --sort -committerdate --format %(refname)%00%(objectname)%00%(*objectname) [1ms]
2026-01-08 09:54:35.742 [info] > git show --textconv :main.py [9ms]
2026-01-08 09:54:35.746 [info] > git ls-files --stage -- main.py [6ms]
2026-01-08 09:54:35.756 [info] > git cat-file -s 9c6a9dcd68c458bd299056d790377a4a51dc4a2f [4ms]
2026-01-08 09:54:40.295 [info] > git config --get commit.template [9ms]
2026-01-08 09:54:40.296 [info] > git for-each-ref --format=%(refname)%00%(upstream:short)%00%(objectname)%00%(upstream:track)%00%(upstream:remotename)%00%(upstream:remoteref) refs/heads/main refs/remotes/main [2ms]
2026-01-08 09:54:40.305 [info] > git status -z -uall [5ms]
2026-01-08 09:54:40.306 [info] > git for-each-ref --sort -committerdate --format %(refname)%00%(objectname)%00%(*objectname) [2ms]
2026-01-08 09:54:50.561 [info] > git show --textconv :db_functions.py [6ms]
2026-01-08 09:54:50.563 [info] > git ls-files --stage -- db_functions.py [2ms]
2026-01-08 09:54:50.569 [info] > git cat-file -s 2ddebd9542e09f41219b134aa89a407b157a8b26 [2ms]
2026-01-08 09:55:02.578 [info] > git show --textconv :main.py [5ms]
2026-01-08 09:55:02.580 [info] > git ls-files --stage -- main.py [3ms]
2026-01-08 09:55:02.586 [info] > git cat-file -s 9c6a9dcd68c458bd299056d790377a4a51dc4a2f [2ms]
2026-01-08 09:55:08.041 [info] > git show --textconv :db_functions.py [6ms]
2026-01-08 09:55:08.042 [info] > git ls-files --stage -- db_functions.py [2ms]
2026-01-08 09:55:08.049 [info] > git cat-file -s 2ddebd9542e09f41219b134aa89a407b157a8b26 [2ms]
2026-01-08 09:55:09.395 [info] > git show --textconv :main.py [16ms]
2026-01-08 09:55:09.398 [info] > git ls-files --stage -- main.py [6ms]
2026-01-08 09:55:09.410 [info] > git cat-file -s 9c6a9dcd68c458bd299056d790377a4a51dc4a2f [3ms]
2026-01-08 09:55:11.489 [info] > git show --textconv :db_functions.py [6ms]
2026-01-08 09:55:11.491 [info] > git ls-files --stage -- db_functions.py [2ms]
2026-01-08 09:55:11.498 [info] > git cat-file -s 2ddebd9542e09f41219b134aa89a407b157a8b26 [1ms]
2026-01-08 09:55:45.662 [info] > git config --get commit.template [12ms]
2026-01-08 09:55:45.664 [info] > git for-each-ref --format=%(refname)%00%(upstream:short)%00%(objectname)%00%(upstream:track)%00%(upstream:remotename)%00%(upstream:remoteref) refs/heads/main refs/remotes/main [4ms]
2026-01-08 09:55:45.677 [info] > git status -z -uall [6ms]
2026-01-08 09:55:45.678 [info] > git for-each-ref --sort -committerdate --format %(refname)%00%(objectname)%00%(*objectname) [1ms]
2026-01-08 09:55:48.008 [info] > git show --textconv :main.py [16ms]
2026-01-08 09:55:48.010 [info] > git ls-files --stage -- main.py [4ms]
2026-01-08 09:55:48.022 [info] > git cat-file -s 9c6a9dcd68c458bd299056d790377a4a51dc4a2f [3ms]
2026-01-08 09:55:53.869 [info] > git log --format=%H%n%aN%n%aE%n%at%n%ct%n%P%n%D%n%B -z --shortstat --diff-merges=first-parent -n50 --skip=0 --topo-order --decorate=full --stdin [16ms]
2026-01-08 09:55:53.922 [info] > git merge-base main origin/main [2ms]
2026-01-08 09:56:21.735 [info] > git show --textconv :db_functions.py [13ms]
2026-01-08 09:56:21.737 [info] > git ls-files --stage -- db_functions.py [3ms]
2026-01-08 09:56:21.745 [info] > git cat-file -s 2ddebd9542e09f41219b134aa89a407b157a8b26 [2ms]
2026-01-08 09:56:22.742 [info] > git show --textconv :main.py [7ms]
2026-01-08 09:56:22.744 [info] > git ls-files --stage -- main.py [2ms]
2026-01-08 09:56:22.751 [info] > git cat-file -s 9c6a9dcd68c458bd299056d790377a4a51dc4a2f [2ms]
2026-01-08 09:56:41.997 [info] > git show --textconv :db_functions.py [6ms]
2026-01-08 09:56:41.998 [info] > git ls-files --stage -- db_functions.py [2ms]
2026-01-08 09:56:42.004 [info] > git cat-file -s 2ddebd9542e09f41219b134aa89a407b157a8b26 [1ms]
2026-01-08 09:56:47.480 [info] > git show --textconv :main.py [6ms]
2026-01-08 09:56:47.481 [info] > git ls-files --stage -- main.py [2ms]
2026-01-08 09:56:47.490 [info] > git cat-file -s 9c6a9dcd68c458bd299056d790377a4a51dc4a2f [3ms]
2026-01-08 09:56:49.058 [info] > git show --textconv :db_functions.py [19ms]
2026-01-08 09:56:49.058 [info] > git ls-files --stage -- db_functions.py [5ms]
2026-01-08 09:56:49.067 [info] > git cat-file -s 2ddebd9542e09f41219b134aa89a407b157a8b26 [2ms]
2026-01-08 09:57:04.068 [info] > git show --textconv :main.py [14ms]
2026-01-08 09:57:04.073 [info] > git ls-files --stage -- main.py [5ms]
2026-01-08 09:57:04.083 [info] > git cat-file -s 9c6a9dcd68c458bd299056d790377a4a51dc4a2f [2ms]
2026-01-08 09:57:04.164 [info] > git config --get commit.template [6ms]
2026-01-08 09:57:04.166 [info] > git for-each-ref --format=%(refname)%00%(upstream:short)%00%(objectname)%00%(upstream:track)%00%(upstream:remotename)%00%(upstream:remoteref) refs/heads/main refs/remotes/main [3ms]
2026-01-08 09:57:04.179 [info] > git status -z -uall [7ms]
2026-01-08 09:57:04.180 [info] > git for-each-ref --sort -committerdate --format %(refname)%00%(objectname)%00%(*objectname) [2ms]
2026-01-08 09:57:10.517 [info] > git config --get commit.template [3ms]
2026-01-08 09:57:10.529 [info] > git for-each-ref --format=%(refname)%00%(upstream:short)%00%(objectname)%00%(upstream:track)%00%(upstream:remotename)%00%(upstream:remoteref) refs/heads/main refs/remotes/main [4ms]
2026-01-08 09:57:10.545 [info] > git status -z -uall [8ms]
2026-01-08 09:57:10.547 [info] > git for-each-ref --sort -committerdate --format %(refname)%00%(objectname)%00%(*objectname) [3ms]
2026-01-08 09:57:25.839 [info] > git config --get commit.template [6ms]
2026-01-08 09:57:25.840 [info] > git for-each-ref --format=%(refname)%00%(upstream:short)%00%(objectname)%00%(upstream:track)%00%(upstream:remotename)%00%(upstream:remoteref) refs/heads/main refs/remotes/main [2ms]
2026-01-08 09:57:25.851 [info] > git status -z -uall [6ms]
2026-01-08 09:57:25.853 [info] > git for-each-ref --sort -committerdate --format %(refname)%00%(objectname)%00%(*objectname) [3ms]
2026-01-08 09:57:30.885 [info] > git config --get commit.template [11ms]
2026-01-08 09:57:30.887 [info] > git for-each-ref --format=%(refname)%00%(upstream:short)%00%(objectname)%00%(upstream:track)%00%(upstream:remotename)%00%(upstream:remoteref) refs/heads/main refs/remotes/main [4ms]
2026-01-08 09:57:30.908 [info] > git status -z -uall [12ms]
2026-01-08 09:57:30.910 [info] > git for-each-ref --sort -committerdate --format %(refname)%00%(objectname)%00%(*objectname) [3ms]
2026-01-08 09:58:46.018 [info] > git config --get commit.template [5ms]
2026-01-08 09:58:46.019 [info] > git for-each-ref --format=%(refname)%00%(upstream:short)%00%(objectname)%00%(upstream:track)%00%(upstream:remotename)%00%(upstream:remoteref) refs/heads/main refs/remotes/main [2ms]
2026-01-08 09:58:46.032 [info] > git status -z -uall [7ms]
2026-01-08 09:58:46.034 [info] > git for-each-ref --sort -committerdate --format %(refname)%00%(objectname)%00%(*objectname) [2ms]
2026-01-08 09:59:06.784 [info] > git config --get commit.template [6ms]
2026-01-08 09:59:06.785 [info] > git for-each-ref --format=%(refname)%00%(upstream:short)%00%(objectname)%00%(upstream:track)%00%(upstream:remotename)%00%(upstream:remoteref) refs/heads/main refs/remotes/main [2ms]
2026-01-08 09:59:06.798 [info] > git status -z -uall [7ms]
2026-01-08 09:59:06.799 [info] > git for-each-ref --sort -committerdate --format %(refname)%00%(objectname)%00%(*objectname) [2ms]
2026-01-08 09:59:55.080 [info] > git show --textconv :db_functions.py [10ms]
2026-01-08 09:59:55.083 [info] > git ls-files --stage -- db_functions.py [5ms]
2026-01-08 09:59:55.092 [info] > git cat-file -s 2ddebd9542e09f41219b134aa89a407b157a8b26 [3ms]
2026-01-08 09:59:59.608 [info] > git show --textconv :main.py [10ms]
2026-01-08 09:59:59.610 [info] > git ls-files --stage -- main.py [4ms]
2026-01-08 09:59:59.618 [info] > git cat-file -s 9c6a9dcd68c458bd299056d790377a4a51dc4a2f [2ms]
2026-01-08 10:00:31.270 [info] > git config --get commit.template [6ms]
2026-01-08 10:00:31.270 [info] > git for-each-ref --format=%(refname)%00%(upstream:short)%00%(objectname)%00%(upstream:track)%00%(upstream:remotename)%00%(upstream:remoteref) refs/heads/main refs/remotes/main [1ms]
2026-01-08 10:00:31.283 [info] > git status -z -uall [7ms]
2026-01-08 10:00:31.285 [info] > git for-each-ref --sort -committerdate --format %(refname)%00%(objectname)%00%(*objectname) [3ms]
2026-01-08 10:01:30.496 [info] > git show --textconv :password/password.py [9ms]
2026-01-08 10:01:30.497 [info] > git ls-files --stage -- password/password.py [2ms]
2026-01-08 10:01:30.503 [info] > git cat-file -s e0cb93d121073c07fb78d27e978623ec44d5e77b [2ms]
2026-01-08 10:01:30.526 [info] > git blame --root --incremental 4749790ff8da8fd1d22e9fc101d916cfa5b9056d -- password/password.py [12ms]
2026-01-08 10:01:59.653 [info] > git show --textconv :main.py [15ms]
2026-01-08 10:01:59.656 [info] > git ls-files --stage -- main.py [4ms]
2026-01-08 10:01:59.671 [info] > git cat-file -s 9c6a9dcd68c458bd299056d790377a4a51dc4a2f [6ms]
2026-01-08 10:02:35.914 [info] > git show --textconv :db_functions.py [14ms]
2026-01-08 10:02:35.916 [info] > git ls-files --stage -- db_functions.py [3ms]
2026-01-08 10:02:35.925 [info] > git cat-file -s 2ddebd9542e09f41219b134aa89a407b157a8b26 [3ms]
2026-01-08 10:03:09.412 [info] > git config --get commit.template [16ms]
2026-01-08 10:03:09.416 [info] > git for-each-ref --format=%(refname)%00%(upstream:short)%00%(objectname)%00%(upstream:track)%00%(upstream:remotename)%00%(upstream:remoteref) refs/heads/main refs/remotes/main [6ms]
2026-01-08 10:03:09.434 [info] > git status -z -uall [9ms]
2026-01-08 10:03:09.436 [info] > git for-each-ref --sort -committerdate --format %(refname)%00%(objectname)%00%(*objectname) [3ms]
2026-01-08 10:03:10.829 [info] > git show --textconv :main.py [11ms]
2026-01-08 10:03:10.831 [info] > git ls-files --stage -- main.py [3ms]
2026-01-08 10:03:10.840 [info] > git cat-file -s 9c6a9dcd68c458bd299056d790377a4a51dc4a2f [3ms]
2026-01-08 10:03:15.695 [info] > git config --get commit.template [5ms]
2026-01-08 10:03:15.695 [info] > git for-each-ref --format=%(refname)%00%(upstream:short)%00%(objectname)%00%(upstream:track)%00%(upstream:remotename)%00%(upstream:remoteref) refs/heads/main refs/remotes/main [1ms]
2026-01-08 10:03:15.708 [info] > git status -z -uall [8ms]
2026-01-08 10:03:15.710 [info] > git for-each-ref --sort -committerdate --format %(refname)%00%(objectname)%00%(*objectname) [2ms]
2026-01-08 10:03:28.197 [info] > git config --get commit.template [12ms]
2026-01-08 10:03:28.198 [info] > git for-each-ref --format=%(refname)%00%(upstream:short)%00%(objectname)%00%(upstream:track)%00%(upstream:remotename)%00%(upstream:remoteref) refs/heads/main refs/remotes/main [3ms]
2026-01-08 10:03:28.209 [info] > git status -z -uall [6ms]
2026-01-08 10:03:28.210 [info] > git for-each-ref --sort -committerdate --format %(refname)%00%(objectname)%00%(*objectname) [2ms]
2026-01-08 10:03:30.366 [info] > git show --textconv :db_functions.py [7ms]
2026-01-08 10:03:30.367 [info] > git ls-files --stage -- db_functions.py [2ms]
2026-01-08 10:03:30.374 [info] > git cat-file -s 2ddebd9542e09f41219b134aa89a407b157a8b26 [2ms]
2026-01-08 10:03:47.289 [info] > git config --get commit.template [16ms]
2026-01-08 10:03:47.291 [info] > git for-each-ref --format=%(refname)%00%(upstream:short)%00%(objectname)%00%(upstream:track)%00%(upstream:remotename)%00%(upstream:remoteref) refs/heads/main refs/remotes/main [5ms]
2026-01-08 10:03:47.318 [info] > git status -z -uall [15ms]
2026-01-08 10:03:47.322 [info] > git for-each-ref --sort -committerdate --format %(refname)%00%(objectname)%00%(*objectname) [7ms]
2026-01-08 10:03:47.727 [info] > git show --textconv :main.py [13ms]
2026-01-08 10:03:47.729 [info] > git ls-files --stage -- main.py [3ms]
2026-01-08 10:03:47.737 [info] > git cat-file -s 9c6a9dcd68c458bd299056d790377a4a51dc4a2f [2ms]
2026-01-08 10:04:11.179 [info] > git config --get commit.template [14ms]
2026-01-08 10:04:11.182 [info] > git for-each-ref --format=%(refname)%00%(upstream:short)%00%(objectname)%00%(upstream:track)%00%(upstream:remotename)%00%(upstream:remoteref) refs/heads/main refs/remotes/main [5ms]
2026-01-08 10:04:11.207 [info] > git status -z -uall [12ms]
2026-01-08 10:04:11.208 [info] > git for-each-ref --sort -committerdate --format %(refname)%00%(objectname)%00%(*objectname) [2ms]
2026-01-08 10:04:16.240 [info] > git config --get commit.template [14ms]
2026-01-08 10:04:16.244 [info] > git for-each-ref --format=%(refname)%00%(upstream:short)%00%(objectname)%00%(upstream:track)%00%(upstream:remotename)%00%(upstream:remoteref) refs/heads/main refs/remotes/main [6ms]
2026-01-08 10:04:16.267 [info] > git status -z -uall [11ms]
2026-01-08 10:04:16.270 [info] > git for-each-ref --sort -committerdate --format %(refname)%00%(objectname)%00%(*objectname) [5ms]
2026-01-08 10:04:24.530 [info] > git config --get commit.template [15ms]
2026-01-08 10:04:24.533 [info] > git for-each-ref --format=%(refname)%00%(upstream:short)%00%(objectname)%00%(upstream:track)%00%(upstream:remotename)%00%(upstream:remoteref) refs/heads/main refs/remotes/main [5ms]
2026-01-08 10:04:24.554 [info] > git status -z -uall [10ms]
2026-01-08 10:04:24.556 [info] > git for-each-ref --sort -committerdate --format %(refname)%00%(objectname)%00%(*objectname) [3ms]
2026-01-08 10:04:42.227 [info] > git config --get commit.template [12ms]
2026-01-08 10:04:42.229 [info] > git for-each-ref --format=%(refname)%00%(upstream:short)%00%(objectname)%00%(upstream:track)%00%(upstream:remotename)%00%(upstream:remoteref) refs/heads/main refs/remotes/main [4ms]
2026-01-08 10:04:42.247 [info] > git status -z -uall [9ms]
2026-01-08 10:04:42.249 [info] > git for-each-ref --sort -committerdate --format %(refname)%00%(objectname)%00%(*objectname) [3ms]
2026-01-08 10:05:20.766 [info] > git log --format=%H%n%aN%n%aE%n%at%n%ct%n%P%n%D%n%B -z --shortstat --diff-merges=first-parent -n50 --skip=0 --topo-order --decorate=full --stdin [11ms]
2026-01-08 10:05:20.830 [info] > git merge-base main origin/main [2ms]
2026-01-08 10:05:24.633 [info] > git add -A -- . [13ms]
2026-01-08 10:05:25.247 [info] > git show --textconv :.git/COMMIT_EDITMSG [16ms]
2026-01-08 10:05:25.248 [info] > git ls-files --stage -- .git/COMMIT_EDITMSG [5ms]
2026-01-08 10:05:25.251 [warning] [GitFileSystemProvider][stat] File not found - git:/home/josie/Documents/programming/python/ppcli/.git/COMMIT_EDITMSG.git?%7B%22path%22%3A%22%2Fhome%2Fjosie%2FDocuments%2Fprogramming%2Fpython%2Fppcli%2F.git%2FCOMMIT_EDITMSG%22%2C%22ref%22%3A%22%22%7D
2026-01-08 10:05:25.252 [warning] [GitFileSystemProvider][readFile] File not found - git:/home/josie/Documents/programming/python/ppcli/.git/COMMIT_EDITMSG.git?%7B%22path%22%3A%22%2Fhome%2Fjosie%2FDocuments%2Fprogramming%2Fpython%2Fppcli%2F.git%2FCOMMIT_EDITMSG%22%2C%22ref%22%3A%22%22%7D
2026-01-08 10:05:32.692 [info] > git blame --root --incremental 4749790ff8da8fd1d22e9fc101d916cfa5b9056d -- .git/COMMIT_EDITMSG [20ms]
2026-01-08 10:05:32.693 [info] fatal: no such path .git/COMMIT_EDITMSG in 4749790ff8da8fd1d22e9fc101d916cfa5b9056d
2026-01-08 10:05:53.551 [info] > git -c user.useConfigOnly=true commit --quiet [28913ms]
2026-01-08 10:05:53.551 [info] /bin/sh: warning: setlocale: LC_ALL: cannot change locale (en_US.UTF-8): No such file or directory
/bin/sh: warning: setlocale: LC_ALL: cannot change locale (en_US.UTF-8): No such file or directory
2026-01-08 10:05:53.565 [info] > git config --get commit.template [6ms]
2026-01-08 10:05:53.569 [info] > git for-each-ref --format=%(refname)%00%(upstream:short)%00%(objectname)%00%(upstream:track)%00%(upstream:remotename)%00%(upstream:remoteref) refs/heads/main refs/remotes/main [5ms]
2026-01-08 10:05:53.599 [info] > git status -z -uall [15ms]
2026-01-08 10:05:53.614 [info] > git for-each-ref --sort -committerdate --format %(refname)%00%(objectname)%00%(*objectname) [17ms]
2026-01-08 10:05:53.712 [info] > git merge-base refs/heads/main refs/remotes/origin/main [62ms]
2026-01-08 10:05:53.764 [info] > git diff --name-status -z --diff-filter=ADMR --find-renames=50% 4749790ff8da8fd1d22e9fc101d916cfa5b9056d...refs/remotes/origin/main -- [15ms]
2026-01-08 10:05:53.803 [info] > git log --format=%H%n%aN%n%aE%n%at%n%ct%n%P%n%D%n%B -z --shortstat --diff-merges=first-parent -n50 --skip=0 --topo-order --decorate=full --stdin [30ms]
2026-01-08 10:05:53.870 [info] > git merge-base main origin/main [5ms]
2026-01-08 10:05:54.031 [info] > git show --textconv :main.py [7ms]
2026-01-08 10:05:54.032 [info] > git ls-files --stage -- main.py [2ms]
2026-01-08 10:05:54.041 [info] > git cat-file -s 0d75f51d36f26894aca493b43118cbe344a80092 [3ms]
2026-01-08 10:05:54.086 [info] > git blame --root --incremental 2632cea1202cb3707bac0103128906bc1535a163 -- main.py [6ms]
2026-01-08 10:05:54.883 [info] > git ls-files --stage -- main.py [5ms]
2026-01-08 10:05:54.900 [info] > git cat-file -s 0d75f51d36f26894aca493b43118cbe344a80092 [5ms]
2026-01-08 10:05:54.925 [info] > git show --textconv :main.py [7ms]
2026-01-08 10:05:55.700 [info] > git push origin main:main [2029ms]
2026-01-08 10:05:55.701 [info] /bin/sh: warning: setlocale: LC_ALL: cannot change locale (en_US.UTF-8): No such file or directory
/bin/sh: warning: setlocale: LC_ALL: cannot change locale (en_US.UTF-8): No such file or directory
To https://github.com/Josie5734/ppcli.git
   4749790..2632cea  main -> main
2026-01-08 10:05:55.730 [info] > git config --get commit.template [15ms]
2026-01-08 10:05:55.734 [info] > git for-each-ref --format=%(refname)%00%(upstream:short)%00%(objectname)%00%(upstream:track)%00%(upstream:remotename)%00%(upstream:remoteref) refs/heads/main refs/remotes/main [6ms]
2026-01-08 10:05:55.758 [info] > git status -z -uall [11ms]
2026-01-08 10:05:55.762 [info] > git for-each-ref --sort -committerdate --format %(refname)%00%(objectname)%00%(*objectname) [5ms]
2026-01-08 10:05:55.779 [info] > git merge-base refs/heads/main refs/remotes/origin/main [2ms]
2026-01-08 10:05:55.795 [info] > git diff --name-status -z --diff-filter=ADMR --find-renames=50% 2632cea1202cb3707bac0103128906bc1535a163...refs/remotes/origin/main -- [9ms]
2026-01-08 10:05:55.805 [info] > git log --format=%H%n%aN%n%aE%n%at%n%ct%n%P%n%D%n%B -z --shortstat --diff-merges=first-parent -n50 --skip=0 --topo-order --decorate=full --stdin [11ms]
2026-01-08 10:05:55.819 [info] > git config --get commit.template [15ms]
2026-01-08 10:05:55.834 [info] > git for-each-ref --format=%(refname)%00%(upstream:short)%00%(objectname)%00%(upstream:track)%00%(upstream:remotename)%00%(upstream:remoteref) refs/heads/main refs/remotes/main [8ms]
2026-01-08 10:05:55.835 [info] > git merge-base main origin/main [2ms]
2026-01-08 10:05:55.849 [info] > git status -z -uall [6ms]
2026-01-08 10:05:55.851 [info] > git for-each-ref --sort -committerdate --format %(refname)%00%(objectname)%00%(*objectname) [2ms]
2026-01-08 10:05:56.894 [info] > git ls-files --stage -- main.py [1ms]
2026-01-08 10:05:56.900 [info] > git cat-file -s 0d75f51d36f26894aca493b43118cbe344a80092 [2ms]
2026-01-08 10:05:56.907 [info] > git show --textconv :main.py [2ms]
2026-01-08 10:06:13.443 [info] > git show --textconv :log.txt [17ms]
2026-01-08 10:06:13.447 [info] > git ls-files --stage -- log.txt [6ms]
2026-01-08 10:06:13.467 [info] > git cat-file -s 12c0690263630be3be8f274bb9178e328c305d20 [6ms]
2026-01-08 10:06:18.373 [info] > git show --textconv :main.py [7ms]
2026-01-08 10:06:18.375 [info] > git ls-files --stage -- main.py [2ms]
2026-01-08 10:06:18.383 [info] > git cat-file -s 0d75f51d36f26894aca493b43118cbe344a80092 [2ms]
2026-01-08 10:06:42.738 [info] > git config --get commit.template [14ms]
2026-01-08 10:06:42.740 [info] > git for-each-ref --format=%(refname)%00%(upstream:short)%00%(objectname)%00%(upstream:track)%00%(upstream:remotename)%00%(upstream:remoteref) refs/heads/main refs/remotes/main [3ms]
2026-01-08 10:06:42.751 [info] > git status -z -uall [5ms]
2026-01-08 10:06:42.752 [info] > git for-each-ref --sort -committerdate --format %(refname)%00%(objectname)%00%(*objectname) [2ms]
2026-01-08 10:07:58.473 [info] > git show --textconv :dummydata/dummydata.py [18ms]
2026-01-08 10:07:58.478 [info] > git ls-files --stage -- dummydata/dummydata.py [9ms]
2026-01-08 10:07:58.492 [info] > git cat-file -s 54179055b8d57facdfa7ca2c6b31f34177480b76 [4ms]
2026-01-08 10:07:58.511 [info] > git blame --root --incremental 2632cea1202cb3707bac0103128906bc1535a163 -- dummydata/dummydata.py [2ms]
2026-01-08 10:08:22.750 [info] > git show --textconv :db_functions.py [15ms]
2026-01-08 10:08:22.756 [info] > git ls-files --stage -- db_functions.py [9ms]
2026-01-08 10:08:22.768 [info] > git cat-file -s a7977442d7f70f82985851f2b625521f703b59d8 [3ms]
2026-01-08 10:08:22.797 [info] > git blame --root --incremental 2632cea1202cb3707bac0103128906bc1535a163 -- db_functions.py [4ms]
2026-01-08 10:09:00.750 [info] > git show --textconv :main.py [6ms]
2026-01-08 10:09:00.752 [info] > git ls-files --stage -- main.py [2ms]
2026-01-08 10:09:00.758 [info] > git cat-file -s 0d75f51d36f26894aca493b43118cbe344a80092 [2ms]
2026-01-08 10:13:06.045 [info] > git config --get commit.template [9ms]
2026-01-08 10:13:06.048 [info] > git for-each-ref --format=%(refname)%00%(upstream:short)%00%(objectname)%00%(upstream:track)%00%(upstream:remotename)%00%(upstream:remoteref) refs/heads/main refs/remotes/main [8ms]
2026-01-08 10:13:06.060 [info] > git status -z -uall [5ms]
2026-01-08 10:13:06.062 [info] > git for-each-ref --sort -committerdate --format %(refname)%00%(objectname)%00%(*objectname) [3ms]
2026-01-08 10:13:30.835 [info] > git config --get commit.template [1ms]
2026-01-08 10:13:30.844 [info] > git for-each-ref --format=%(refname)%00%(upstream:short)%00%(objectname)%00%(upstream:track)%00%(upstream:remotename)%00%(upstream:remoteref) refs/heads/main refs/remotes/main [2ms]
2026-01-08 10:13:30.857 [info] > git status -z -uall [7ms]
2026-01-08 10:13:30.859 [info] > git for-each-ref --sort -committerdate --format %(refname)%00%(objectname)%00%(*objectname) [3ms]
2026-01-08 10:16:46.678 [info] > git config --get commit.template [30ms]
2026-01-08 10:16:46.686 [info] > git for-each-ref --format=%(refname)%00%(upstream:short)%00%(objectname)%00%(upstream:track)%00%(upstream:remotename)%00%(upstream:remoteref) refs/heads/main refs/remotes/main [35ms]
2026-01-08 10:16:46.718 [info] > git for-each-ref --sort -committerdate --format %(refname)%00%(objectname)%00%(*objectname) [6ms]
2026-01-08 10:16:46.724 [info] > git status -z -uall [25ms]
2026-01-08 10:16:59.584 [info] > git config --get commit.template [21ms]
2026-01-08 10:16:59.593 [info] > git for-each-ref --format=%(refname)%00%(upstream:short)%00%(objectname)%00%(upstream:track)%00%(upstream:remotename)%00%(upstream:remoteref) refs/heads/main refs/remotes/main [16ms]
2026-01-08 10:16:59.614 [info] > git for-each-ref --sort -committerdate --format %(refname)%00%(objectname)%00%(*objectname) [7ms]
2026-01-08 10:16:59.620 [info] > git status -z -uall [20ms]
2026-01-08 10:17:32.490 [info] > git config --get commit.template [183ms]
2026-01-08 10:17:32.957 [info] > git for-each-ref --format=%(refname)%00%(upstream:short)%00%(objectname)%00%(upstream:track)%00%(upstream:remotename)%00%(upstream:remoteref) refs/heads/main refs/remotes/main [526ms]
2026-01-08 10:17:33.390 [info] > git for-each-ref --sort -committerdate --format %(refname)%00%(objectname)%00%(*objectname) [105ms]
2026-01-08 10:17:33.509 [info] > git status -z -uall [376ms]
2026-01-08 10:18:02.063 [info] > git config --get commit.template [23ms]
2026-01-08 10:18:02.069 [info] > git for-each-ref --format=%(refname)%00%(upstream:short)%00%(objectname)%00%(upstream:track)%00%(upstream:remotename)%00%(upstream:remoteref) refs/heads/main refs/remotes/main [14ms]
2026-01-08 10:18:02.095 [info] > git status -z -uall [14ms]
2026-01-08 10:18:02.098 [info] > git for-each-ref --sort -committerdate --format %(refname)%00%(objectname)%00%(*objectname) [5ms]
2026-01-08 10:18:30.489 [info] > git config --get commit.template [11ms]
2026-01-08 10:18:30.489 [info] > git for-each-ref --format=%(refname)%00%(upstream:short)%00%(objectname)%00%(upstream:track)%00%(upstream:remotename)%00%(upstream:remoteref) refs/heads/main refs/remotes/main [5ms]
2026-01-08 10:18:30.502 [info] > git status -z -uall [8ms]
2026-01-08 10:18:30.503 [info] > git for-each-ref --sort -committerdate --format %(refname)%00%(objectname)%00%(*objectname) [3ms]
2026-01-08 10:20:13.053 [info] > git config --get commit.template [17ms]
2026-01-08 10:20:13.056 [info] > git for-each-ref --format=%(refname)%00%(upstream:short)%00%(objectname)%00%(upstream:track)%00%(upstream:remotename)%00%(upstream:remoteref) refs/heads/main refs/remotes/main [5ms]
2026-01-08 10:20:13.076 [info] > git status -z -uall [9ms]
2026-01-08 10:20:13.077 [info] > git for-each-ref --sort -committerdate --format %(refname)%00%(objectname)%00%(*objectname) [3ms]
2026-01-08 10:20:27.607 [info] > git config --get commit.template [8ms]
2026-01-08 10:20:27.608 [info] > git for-each-ref --format=%(refname)%00%(upstream:short)%00%(objectname)%00%(upstream:track)%00%(upstream:remotename)%00%(upstream:remoteref) refs/heads/main refs/remotes/main [1ms]
2026-01-08 10:20:27.620 [info] > git status -z -uall [6ms]
2026-01-08 10:20:27.621 [info] > git for-each-ref --sort -committerdate --format %(refname)%00%(objectname)%00%(*objectname) [2ms]
2026-01-08 10:20:45.832 [info] > git config --get commit.template [12ms]
2026-01-08 10:20:45.834 [info] > git for-each-ref --format=%(refname)%00%(upstream:short)%00%(objectname)%00%(upstream:track)%00%(upstream:remotename)%00%(upstream:remoteref) refs/heads/main refs/remotes/main [3ms]
2026-01-08 10:20:45.844 [info] > git status -z -uall [5ms]
2026-01-08 10:20:45.845 [info] > git for-each-ref --sort -committerdate --format %(refname)%00%(objectname)%00%(*objectname) [1ms]
2026-01-08 10:21:12.553 [info] > git config --get commit.template [14ms]
2026-01-08 10:21:12.555 [info] > git for-each-ref --format=%(refname)%00%(upstream:short)%00%(objectname)%00%(upstream:track)%00%(upstream:remotename)%00%(upstream:remoteref) refs/heads/main refs/remotes/main [4ms]
2026-01-08 10:21:12.569 [info] > git status -z -uall [7ms]
2026-01-08 10:21:12.570 [info] > git for-each-ref --sort -committerdate --format %(refname)%00%(objectname)%00%(*objectname) [2ms]
2026-01-08 10:21:26.438 [info] > git config --get commit.template [9ms]
2026-01-08 10:21:26.439 [info] > git for-each-ref --format=%(refname)%00%(upstream:short)%00%(objectname)%00%(upstream:track)%00%(upstream:remotename)%00%(upstream:remoteref) refs/heads/main refs/remotes/main [2ms]
2026-01-08 10:21:26.450 [info] > git status -z -uall [5ms]
2026-01-08 10:21:26.451 [info] > git for-each-ref --sort -committerdate --format %(refname)%00%(objectname)%00%(*objectname) [2ms]
2026-01-08 10:21:34.979 [info] > git config --get commit.template [13ms]
2026-01-08 10:21:34.982 [info] > git for-each-ref --format=%(refname)%00%(upstream:short)%00%(objectname)%00%(upstream:track)%00%(upstream:remotename)%00%(upstream:remoteref) refs/heads/main refs/remotes/main [4ms]
2026-01-08 10:21:34.995 [info] > git status -z -uall [6ms]
2026-01-08 10:21:34.996 [info] > git for-each-ref --sort -committerdate --format %(refname)%00%(objectname)%00%(*objectname) [2ms]
2026-01-08 10:22:34.893 [info] > git config --get commit.template [9ms]
2026-01-08 10:22:34.894 [info] > git for-each-ref --format=%(refname)%00%(upstream:short)%00%(objectname)%00%(upstream:track)%00%(upstream:remotename)%00%(upstream:remoteref) refs/heads/main refs/remotes/main [5ms]
2026-01-08 10:22:34.905 [info] > git status -z -uall [6ms]
2026-01-08 10:22:34.907 [info] > git for-each-ref --sort -committerdate --format %(refname)%00%(objectname)%00%(*objectname) [2ms]
2026-01-08 10:23:31.980 [info] > git config --get commit.template [7ms]
2026-01-08 10:23:31.983 [info] > git for-each-ref --format=%(refname)%00%(upstream:short)%00%(objectname)%00%(upstream:track)%00%(upstream:remotename)%00%(upstream:remoteref) refs/heads/main refs/remotes/main [3ms]
2026-01-08 10:23:31.995 [info] > git for-each-ref --sort -committerdate --format %(refname)%00%(objectname)%00%(*objectname) [2ms]
2026-01-08 10:23:31.996 [info] > git status -z -uall [8ms]
2026-01-08 10:24:36.123 [info] > git config --get commit.template [9ms]
2026-01-08 10:24:36.123 [info] > git for-each-ref --format=%(refname)%00%(upstream:short)%00%(objectname)%00%(upstream:track)%00%(upstream:remotename)%00%(upstream:remoteref) refs/heads/main refs/remotes/main [4ms]
2026-01-08 10:24:36.133 [info] > git status -z -uall [6ms]
2026-01-08 10:24:36.135 [info] > git for-each-ref --sort -committerdate --format %(refname)%00%(objectname)%00%(*objectname) [3ms]
2026-01-08 10:24:52.354 [info] > git config --get commit.template [6ms]
2026-01-08 10:24:52.355 [info] > git for-each-ref --format=%(refname)%00%(upstream:short)%00%(objectname)%00%(upstream:track)%00%(upstream:remotename)%00%(upstream:remoteref) refs/heads/main refs/remotes/main [2ms]
2026-01-08 10:24:52.367 [info] > git for-each-ref --sort -committerdate --format %(refname)%00%(objectname)%00%(*objectname) [2ms]
2026-01-08 10:24:52.370 [info] > git status -z -uall [10ms]
2026-01-08 10:25:39.621 [info] > git config --get commit.template [10ms]
2026-01-08 10:25:39.622 [info] > git for-each-ref --format=%(refname)%00%(upstream:short)%00%(objectname)%00%(upstream:track)%00%(upstream:remotename)%00%(upstream:remoteref) refs/heads/main refs/remotes/main [3ms]
2026-01-08 10:25:39.636 [info] > git status -z -uall [7ms]
2026-01-08 10:25:39.638 [info] > git for-each-ref --sort -committerdate --format %(refname)%00%(objectname)%00%(*objectname) [2ms]
2026-01-08 10:26:03.984 [info] > git config --get commit.template [14ms]
2026-01-08 10:26:03.986 [info] > git for-each-ref --format=%(refname)%00%(upstream:short)%00%(objectname)%00%(upstream:track)%00%(upstream:remotename)%00%(upstream:remoteref) refs/heads/main refs/remotes/main [3ms]
2026-01-08 10:26:03.999 [info] > git for-each-ref --sort -committerdate --format %(refname)%00%(objectname)%00%(*objectname) [2ms]
2026-01-08 10:26:04.002 [info] > git status -z -uall [9ms]
2026-01-08 10:26:16.595 [info] > git config --get commit.template [5ms]
2026-01-08 10:26:16.604 [info] > git for-each-ref --format=%(refname)%00%(upstream:short)%00%(objectname)%00%(upstream:track)%00%(upstream:remotename)%00%(upstream:remoteref) refs/heads/main refs/remotes/main [2ms]
2026-01-08 10:26:16.614 [info] > git status -z -uall [5ms]
2026-01-08 10:26:16.615 [info] > git for-each-ref --sort -committerdate --format %(refname)%00%(objectname)%00%(*objectname) [1ms]
2026-01-08 10:26:22.015 [info] > git config --get commit.template [1ms]
2026-01-08 10:26:22.023 [info] > git for-each-ref --format=%(refname)%00%(upstream:short)%00%(objectname)%00%(upstream:track)%00%(upstream:remotename)%00%(upstream:remoteref) refs/heads/main refs/remotes/main [2ms]
2026-01-08 10:26:22.034 [info] > git status -z -uall [6ms]
2026-01-08 10:26:22.035 [info] > git for-each-ref --sort -committerdate --format %(refname)%00%(objectname)%00%(*objectname) [2ms]
2026-01-08 10:26:30.453 [info] > git config --get commit.template [15ms]
2026-01-08 10:26:30.456 [info] > git for-each-ref --format=%(refname)%00%(upstream:short)%00%(objectname)%00%(upstream:track)%00%(upstream:remotename)%00%(upstream:remoteref) refs/heads/main refs/remotes/main [5ms]
2026-01-08 10:26:30.477 [info] > git status -z -uall [9ms]
2026-01-08 10:26:30.479 [info] > git for-each-ref --sort -committerdate --format %(refname)%00%(objectname)%00%(*objectname) [3ms]
2026-01-08 10:27:10.034 [info] > git config --get commit.template [5ms]
2026-01-08 10:27:10.035 [info] > git for-each-ref --format=%(refname)%00%(upstream:short)%00%(objectname)%00%(upstream:track)%00%(upstream:remotename)%00%(upstream:remoteref) refs/heads/main refs/remotes/main [2ms]
2026-01-08 10:27:10.047 [info] > git status -z -uall [7ms]
2026-01-08 10:27:10.048 [info] > git for-each-ref --sort -committerdate --format %(refname)%00%(objectname)%00%(*objectname) [2ms]
2026-01-08 10:27:39.135 [info] > git config --get commit.template [6ms]
2026-01-08 10:27:39.137 [info] > git for-each-ref --format=%(refname)%00%(upstream:short)%00%(objectname)%00%(upstream:track)%00%(upstream:remotename)%00%(upstream:remoteref) refs/heads/main refs/remotes/main [2ms]
2026-01-08 10:27:39.149 [info] > git status -z -uall [6ms]
2026-01-08 10:27:39.151 [info] > git for-each-ref --sort -committerdate --format %(refname)%00%(objectname)%00%(*objectname) [2ms]
2026-01-08 10:27:47.980 [info] > git config --get commit.template [12ms]
2026-01-08 10:27:47.982 [info] > git for-each-ref --format=%(refname)%00%(upstream:short)%00%(objectname)%00%(upstream:track)%00%(upstream:remotename)%00%(upstream:remoteref) refs/heads/main refs/remotes/main [3ms]
2026-01-08 10:27:47.992 [info] > git status -z -uall [6ms]
2026-01-08 10:27:47.993 [info] > git for-each-ref --sort -committerdate --format %(refname)%00%(objectname)%00%(*objectname) [2ms]
2026-01-08 10:27:55.818 [info] > git config --get commit.template [6ms]
2026-01-08 10:27:55.819 [info] > git for-each-ref --format=%(refname)%00%(upstream:short)%00%(objectname)%00%(upstream:track)%00%(upstream:remotename)%00%(upstream:remoteref) refs/heads/main refs/remotes/main [1ms]
2026-01-08 10:27:55.831 [info] > git status -z -uall [6ms]
2026-01-08 10:27:55.832 [info] > git for-each-ref --sort -committerdate --format %(refname)%00%(objectname)%00%(*objectname) [2ms]
2026-01-08 10:28:12.765 [info] > git config --get commit.template [1ms]
2026-01-08 10:28:12.772 [info] > git for-each-ref --format=%(refname)%00%(upstream:short)%00%(objectname)%00%(upstream:track)%00%(upstream:remotename)%00%(upstream:remoteref) refs/heads/main refs/remotes/main [2ms]
2026-01-08 10:28:12.782 [info] > git status -z -uall [6ms]
2026-01-08 10:28:12.783 [info] > git for-each-ref --sort -committerdate --format %(refname)%00%(objectname)%00%(*objectname) [1ms]
2026-01-08 10:28:19.599 [info] > git config --get commit.template [3ms]
2026-01-08 10:28:19.607 [info] > git for-each-ref --format=%(refname)%00%(upstream:short)%00%(objectname)%00%(upstream:track)%00%(upstream:remotename)%00%(upstream:remoteref) refs/heads/main refs/remotes/main [2ms]
2026-01-08 10:28:19.620 [info] > git status -z -uall [8ms]
2026-01-08 10:28:19.621 [info] > git for-each-ref --sort -committerdate --format %(refname)%00%(objectname)%00%(*objectname) [2ms]
2026-01-08 10:28:29.697 [info] > git config --get commit.template [10ms]
2026-01-08 10:28:29.698 [info] > git for-each-ref --format=%(refname)%00%(upstream:short)%00%(objectname)%00%(upstream:track)%00%(upstream:remotename)%00%(upstream:remoteref) refs/heads/main refs/remotes/main [2ms]
2026-01-08 10:28:29.709 [info] > git status -z -uall [6ms]
2026-01-08 10:28:29.710 [info] > git for-each-ref --sort -committerdate --format %(refname)%00%(objectname)%00%(*objectname) [2ms]
2026-01-08 10:28:44.041 [info] > git config --get commit.template [2ms]
2026-01-08 10:28:44.048 [info] > git for-each-ref --format=%(refname)%00%(upstream:short)%00%(objectname)%00%(upstream:track)%00%(upstream:remotename)%00%(upstream:remoteref) refs/heads/main refs/remotes/main [1ms]
2026-01-08 10:28:44.059 [info] > git status -z -uall [5ms]
2026-01-08 10:28:44.062 [info] > git for-each-ref --sort -committerdate --format %(refname)%00%(objectname)%00%(*objectname) [3ms]
2026-01-08 10:28:51.752 [info] > git config --get commit.template [13ms]
2026-01-08 10:28:51.755 [info] > git for-each-ref --format=%(refname)%00%(upstream:short)%00%(objectname)%00%(upstream:track)%00%(upstream:remotename)%00%(upstream:remoteref) refs/heads/main refs/remotes/main [3ms]
2026-01-08 10:28:51.767 [info] > git status -z -uall [6ms]
2026-01-08 10:28:51.768 [info] > git for-each-ref --sort -committerdate --format %(refname)%00%(objectname)%00%(*objectname) [1ms]
2026-01-08 10:29:19.535 [info] > git config --get commit.template [6ms]
2026-01-08 10:29:19.537 [info] > git for-each-ref --format=%(refname)%00%(upstream:short)%00%(objectname)%00%(upstream:track)%00%(upstream:remotename)%00%(upstream:remoteref) refs/heads/main refs/remotes/main [3ms]
2026-01-08 10:29:19.547 [info] > git status -z -uall [6ms]
2026-01-08 10:29:19.548 [info] > git for-each-ref --sort -committerdate --format %(refname)%00%(objectname)%00%(*objectname) [2ms]
2026-01-08 10:30:43.883 [info] > git config --get commit.template [6ms]
2026-01-08 10:30:43.884 [info] > git for-each-ref --format=%(refname)%00%(upstream:short)%00%(objectname)%00%(upstream:track)%00%(upstream:remotename)%00%(upstream:remoteref) refs/heads/main refs/remotes/main [2ms]
2026-01-08 10:30:43.894 [info] > git status -z -uall [6ms]
2026-01-08 10:30:43.896 [info] > git for-each-ref --sort -committerdate --format %(refname)%00%(objectname)%00%(*objectname) [2ms]
2026-01-08 10:30:55.422 [info] > git config --get commit.template [6ms]
2026-01-08 10:30:55.423 [info] > git for-each-ref --format=%(refname)%00%(upstream:short)%00%(objectname)%00%(upstream:track)%00%(upstream:remotename)%00%(upstream:remoteref) refs/heads/main refs/remotes/main [1ms]
2026-01-08 10:30:55.434 [info] > git status -z -uall [6ms]
2026-01-08 10:30:55.436 [info] > git for-each-ref --sort -committerdate --format %(refname)%00%(objectname)%00%(*objectname) [1ms]
2026-01-08 10:31:17.872 [info] > git config --get commit.template [11ms]
2026-01-08 10:31:17.873 [info] > git for-each-ref --format=%(refname)%00%(upstream:short)%00%(objectname)%00%(upstream:track)%00%(upstream:remotename)%00%(upstream:remoteref) refs/heads/main refs/remotes/main [3ms]
2026-01-08 10:31:17.884 [info] > git status -z -uall [6ms]
2026-01-08 10:31:17.885 [info] > git for-each-ref --sort -committerdate --format %(refname)%00%(objectname)%00%(*objectname) [2ms]
2026-01-08 10:31:28.906 [info] > git config --get commit.template [11ms]
2026-01-08 10:31:28.907 [info] > git for-each-ref --format=%(refname)%00%(upstream:short)%00%(objectname)%00%(upstream:track)%00%(upstream:remotename)%00%(upstream:remoteref) refs/heads/main refs/remotes/main [3ms]
2026-01-08 10:31:28.919 [info] > git status -z -uall [6ms]
2026-01-08 10:31:28.920 [info] > git for-each-ref --sort -committerdate --format %(refname)%00%(objectname)%00%(*objectname) [2ms]
2026-01-08 10:31:36.894 [info] > git config --get commit.template [13ms]
2026-01-08 10:31:36.896 [info] > git for-each-ref --format=%(refname)%00%(upstream:short)%00%(objectname)%00%(upstream:track)%00%(upstream:remotename)%00%(upstream:remoteref) refs/heads/main refs/remotes/main [4ms]
2026-01-08 10:31:36.908 [info] > git status -z -uall [6ms]
2026-01-08 10:31:36.909 [info] > git for-each-ref --sort -committerdate --format %(refname)%00%(objectname)%00%(*objectname) [2ms]
2026-01-08 10:33:02.553 [info] > git config --get commit.template [5ms]
2026-01-08 10:33:02.554 [info] > git for-each-ref --format=%(refname)%00%(upstream:short)%00%(objectname)%00%(upstream:track)%00%(upstream:remotename)%00%(upstream:remoteref) refs/heads/main refs/remotes/main [2ms]
2026-01-08 10:33:02.564 [info] > git status -z -uall [6ms]
2026-01-08 10:33:02.565 [info] > git for-each-ref --sort -committerdate --format %(refname)%00%(objectname)%00%(*objectname) [2ms]
2026-01-08 10:34:58.441 [info] > git config --get commit.template [13ms]
2026-01-08 10:34:58.443 [info] > git for-each-ref --format=%(refname)%00%(upstream:short)%00%(objectname)%00%(upstream:track)%00%(upstream:remotename)%00%(upstream:remoteref) refs/heads/main refs/remotes/main [3ms]
2026-01-08 10:34:58.454 [info] > git status -z -uall [5ms]
2026-01-08 10:34:58.455 [info] > git for-each-ref --sort -committerdate --format %(refname)%00%(objectname)%00%(*objectname) [2ms]
2026-01-08 10:35:48.960 [info] > git config --get commit.template [6ms]
2026-01-08 10:35:48.961 [info] > git for-each-ref --format=%(refname)%00%(upstream:short)%00%(objectname)%00%(upstream:track)%00%(upstream:remotename)%00%(upstream:remoteref) refs/heads/main refs/remotes/main [1ms]
2026-01-08 10:35:48.973 [info] > git status -z -uall [5ms]
2026-01-08 10:35:48.974 [info] > git for-each-ref --sort -committerdate --format %(refname)%00%(objectname)%00%(*objectname) [2ms]
2026-01-08 10:36:15.978 [info] > git config --get commit.template [5ms]
2026-01-08 10:36:15.979 [info] > git for-each-ref --format=%(refname)%00%(upstream:short)%00%(objectname)%00%(upstream:track)%00%(upstream:remotename)%00%(upstream:remoteref) refs/heads/main refs/remotes/main [2ms]
2026-01-08 10:36:15.995 [info] > git status -z -uall [9ms]
2026-01-08 10:36:15.996 [info] > git for-each-ref --sort -committerdate --format %(refname)%00%(objectname)%00%(*objectname) [2ms]
2026-01-08 10:36:59.676 [info] > git config --get commit.template [7ms]
2026-01-08 10:36:59.677 [info] > git for-each-ref --format=%(refname)%00%(upstream:short)%00%(objectname)%00%(upstream:track)%00%(upstream:remotename)%00%(upstream:remoteref) refs/heads/main refs/remotes/main [1ms]
2026-01-08 10:36:59.688 [info] > git status -z -uall [6ms]
2026-01-08 10:36:59.689 [info] > git for-each-ref --sort -committerdate --format %(refname)%00%(objectname)%00%(*objectname) [2ms]
2026-01-08 10:37:15.437 [info] > git config --get commit.template [14ms]
2026-01-08 10:37:15.439 [info] > git for-each-ref --format=%(refname)%00%(upstream:short)%00%(objectname)%00%(upstream:track)%00%(upstream:remotename)%00%(upstream:remoteref) refs/heads/main refs/remotes/main [3ms]
2026-01-08 10:37:15.451 [info] > git status -z -uall [6ms]
2026-01-08 10:37:15.452 [info] > git for-each-ref --sort -committerdate --format %(refname)%00%(objectname)%00%(*objectname) [2ms]
2026-01-08 10:37:31.068 [info] > git config --get commit.template [7ms]
2026-01-08 10:37:31.069 [info] > git for-each-ref --format=%(refname)%00%(upstream:short)%00%(objectname)%00%(upstream:track)%00%(upstream:remotename)%00%(upstream:remoteref) refs/heads/main refs/remotes/main [2ms]
2026-01-08 10:37:31.079 [info] > git status -z -uall [5ms]
2026-01-08 10:37:31.080 [info] > git for-each-ref --sort -committerdate --format %(refname)%00%(objectname)%00%(*objectname) [1ms]
2026-01-08 10:37:46.760 [info] > git log --format=%H%n%aN%n%aE%n%at%n%ct%n%P%n%D%n%B -z --shortstat --diff-merges=first-parent -n50 --skip=0 --topo-order --decorate=full --stdin [16ms]
2026-01-08 10:37:46.803 [info] > git merge-base main origin/main [3ms]
2026-01-08 10:37:49.803 [info] > git add -A -- . [5ms]
2026-01-08 10:37:50.400 [info] > git show --textconv :.git/COMMIT_EDITMSG [18ms]
2026-01-08 10:37:50.402 [warning] [GitFileSystemProvider][readFile] File not found - git:/home/josie/Documents/programming/python/ppcli/.git/COMMIT_EDITMSG.git?%7B%22path%22%3A%22%2Fhome%2Fjosie%2FDocuments%2Fprogramming%2Fpython%2Fppcli%2F.git%2FCOMMIT_EDITMSG%22%2C%22ref%22%3A%22%22%7D
2026-01-08 10:37:50.404 [info] > git ls-files --stage -- .git/COMMIT_EDITMSG [6ms]
2026-01-08 10:37:50.405 [warning] [GitFileSystemProvider][stat] File not found - git:/home/josie/Documents/programming/python/ppcli/.git/COMMIT_EDITMSG.git?%7B%22path%22%3A%22%2Fhome%2Fjosie%2FDocuments%2Fprogramming%2Fpython%2Fppcli%2F.git%2FCOMMIT_EDITMSG%22%2C%22ref%22%3A%22%22%7D
2026-01-08 10:37:53.150 [info] > git blame --root --incremental 2632cea1202cb3707bac0103128906bc1535a163 -- .git/COMMIT_EDITMSG [19ms]
2026-01-08 10:37:53.150 [info] fatal: no such path .git/COMMIT_EDITMSG in 2632cea1202cb3707bac0103128906bc1535a163
2026-01-08 10:38:00.074 [info] > git -c user.useConfigOnly=true commit --quiet [10266ms]
2026-01-08 10:38:00.082 [info] /bin/sh: warning: setlocale: LC_ALL: cannot change locale (en_US.UTF-8): No such file or directory
/bin/sh: warning: setlocale: LC_ALL: cannot change locale (en_US.UTF-8): No such file or directory
Aborting commit due to empty commit message.
2026-01-08 10:38:00.097 [info] > git config --get commit.template [8ms]
2026-01-08 10:38:00.098 [info] > git for-each-ref --format=%(refname)%00%(upstream:short)%00%(objectname)%00%(upstream:track)%00%(upstream:remotename)%00%(upstream:remoteref) refs/heads/main refs/remotes/main [4ms]
2026-01-08 10:38:00.113 [info] > git status -z -uall [7ms]
2026-01-08 10:38:00.114 [info] > git for-each-ref --sort -committerdate --format %(refname)%00%(objectname)%00%(*objectname) [2ms]
2026-01-08 10:38:00.493 [info] > git show --textconv :main.py [19ms]
2026-01-08 10:38:00.493 [info] > git show --textconv HEAD:main.py [14ms]
2026-01-08 10:38:00.493 [info] > git ls-files --stage -- main.py [9ms]
2026-01-08 10:38:00.499 [info] > git cat-file -s 1eade49e1077235f15509bcffd0b41afddcb9a87 [2ms]
2026-01-08 10:38:00.499 [info] > git ls-tree -l HEAD -- main.py [7ms]
2026-01-08 10:38:22.852 [info] > git add -A -- main.py [4ms]
2026-01-08 10:38:22.866 [info] > git config --get commit.template [6ms]
2026-01-08 10:38:22.867 [info] > git for-each-ref --format=%(refname)%00%(upstream:short)%00%(objectname)%00%(upstream:track)%00%(upstream:remotename)%00%(upstream:remoteref) refs/heads/main refs/remotes/main [2ms]
2026-01-08 10:38:22.878 [info] > git status -z -uall [6ms]
2026-01-08 10:38:22.880 [info] > git for-each-ref --sort -committerdate --format %(refname)%00%(objectname)%00%(*objectname) [2ms]
2026-01-08 10:38:23.338 [info] > git show --textconv :.git/COMMIT_EDITMSG [12ms]
2026-01-08 10:38:23.339 [warning] [GitFileSystemProvider][readFile] File not found - git:/home/josie/Documents/programming/python/ppcli/.git/COMMIT_EDITMSG.git?%7B%22path%22%3A%22%2Fhome%2Fjosie%2FDocuments%2Fprogramming%2Fpython%2Fppcli%2F.git%2FCOMMIT_EDITMSG%22%2C%22ref%22%3A%22%22%7D
2026-01-08 10:38:23.340 [info] > git ls-files --stage -- .git/COMMIT_EDITMSG [5ms]
2026-01-08 10:38:23.341 [warning] [GitFileSystemProvider][stat] File not found - git:/home/josie/Documents/programming/python/ppcli/.git/COMMIT_EDITMSG.git?%7B%22path%22%3A%22%2Fhome%2Fjosie%2FDocuments%2Fprogramming%2Fpython%2Fppcli%2F.git%2FCOMMIT_EDITMSG%22%2C%22ref%22%3A%22%22%7D
2026-01-08 10:38:58.229 [info] > git -c user.useConfigOnly=true commit --quiet [35340ms]
2026-01-08 10:38:58.229 [info] /bin/sh: warning: setlocale: LC_ALL: cannot change locale (en_US.UTF-8): No such file or directory
/bin/sh: warning: setlocale: LC_ALL: cannot change locale (en_US.UTF-8): No such file or directory
2026-01-08 10:38:58.239 [info] > git config --get commit.template [2ms]
2026-01-08 10:38:58.252 [info] > git for-each-ref --format=%(refname)%00%(upstream:short)%00%(objectname)%00%(upstream:track)%00%(upstream:remotename)%00%(upstream:remoteref) refs/heads/main refs/remotes/main [5ms]
2026-01-08 10:38:58.268 [info] > git status -z -uall [9ms]
2026-01-08 10:38:58.271 [info] > git for-each-ref --sort -committerdate --format %(refname)%00%(objectname)%00%(*objectname) [4ms]
2026-01-08 10:38:58.296 [info] > git merge-base refs/heads/main refs/remotes/origin/main [15ms]
2026-01-08 10:38:58.310 [info] > git diff --name-status -z --diff-filter=ADMR --find-renames=50% 2632cea1202cb3707bac0103128906bc1535a163...refs/remotes/origin/main -- [3ms]
2026-01-08 10:38:58.457 [info] > git log --format=%H%n%aN%n%aE%n%at%n%ct%n%P%n%D%n%B -z --shortstat --diff-merges=first-parent -n50 --skip=0 --topo-order --decorate=full --stdin [10ms]
2026-01-08 10:38:58.561 [info] > git merge-base main origin/main [3ms]
2026-01-08 10:38:58.712 [info] > git show --textconv :main.py [6ms]
2026-01-08 10:38:58.713 [info] > git ls-files --stage -- main.py [2ms]
2026-01-08 10:38:58.721 [info] > git cat-file -s db9f2358c5a4bf902e2f796eefb4c3e6ee513a9b [2ms]
2026-01-08 10:38:58.751 [info] > git blame --root --incremental 4f81a10555494b3aae90177eedec1f4ea553905d -- main.py [5ms]
2026-01-08 10:39:00.125 [info] > git push origin main:main [1830ms]
2026-01-08 10:39:00.125 [info] /bin/sh: warning: setlocale: LC_ALL: cannot change locale (en_US.UTF-8): No such file or directory
/bin/sh: warning: setlocale: LC_ALL: cannot change locale (en_US.UTF-8): No such file or directory
To https://github.com/Josie5734/ppcli.git
   2632cea..4f81a10  main -> main
2026-01-08 10:39:00.156 [info] > git config --get commit.template [16ms]
2026-01-08 10:39:00.159 [info] > git for-each-ref --format=%(refname)%00%(upstream:short)%00%(objectname)%00%(upstream:track)%00%(upstream:remotename)%00%(upstream:remoteref) refs/heads/main refs/remotes/main [5ms]
2026-01-08 10:39:00.182 [info] > git status -z -uall [10ms]
2026-01-08 10:39:00.185 [info] > git for-each-ref --sort -committerdate --format %(refname)%00%(objectname)%00%(*objectname) [4ms]
2026-01-08 10:39:00.216 [info] > git merge-base refs/heads/main refs/remotes/origin/main [17ms]
2026-01-08 10:39:00.231 [info] > git diff --name-status -z --diff-filter=ADMR --find-renames=50% 4f81a10555494b3aae90177eedec1f4ea553905d...refs/remotes/origin/main -- [8ms]
2026-01-08 10:39:00.257 [info] > git config --get commit.template [16ms]
2026-01-08 10:39:00.257 [info] > git log --format=%H%n%aN%n%aE%n%at%n%ct%n%P%n%D%n%B -z --shortstat --diff-merges=first-parent -n50 --skip=0 --topo-order --decorate=full --stdin [27ms]
2026-01-08 10:39:00.278 [info] > git for-each-ref --format=%(refname)%00%(upstream:short)%00%(objectname)%00%(upstream:track)%00%(upstream:remotename)%00%(upstream:remoteref) refs/heads/main refs/remotes/main [7ms]
2026-01-08 10:39:00.291 [info] > git merge-base main origin/main [14ms]
2026-01-08 10:39:00.292 [info] > git status -z -uall [9ms]
2026-01-08 10:39:00.293 [info] > git for-each-ref --sort -committerdate --format %(refname)%00%(objectname)%00%(*objectname) [4ms]
2026-01-08 10:39:01.345 [info] > git ls-files --stage -- main.py [4ms]
2026-01-08 10:39:01.358 [info] > git cat-file -s db9f2358c5a4bf902e2f796eefb4c3e6ee513a9b [3ms]
2026-01-08 10:39:01.368 [info] > git show --textconv :main.py [2ms]
2026-01-08 10:48:05.935 [info] [main] Log level: Info
2026-01-08 10:48:05.935 [info] [main] Validating found git in: "git"
2026-01-08 10:48:05.935 [info] [main] Using git "2.52.0" from "git"
2026-01-08 10:48:05.935 [info] [Model][doInitialScan] Initial repository scan started
2026-01-08 10:48:05.935 [info] > git rev-parse --show-toplevel [35ms]
2026-01-08 10:48:05.935 [info] fatal: not a git repository (or any parent up to mount point /)
Stopping at filesystem boundary (GIT_DISCOVERY_ACROSS_FILESYSTEM not set).
2026-01-08 10:48:05.935 [info] > git rev-parse --show-toplevel [4ms]
2026-01-08 10:48:05.935 [info] fatal: not a git repository (or any parent up to mount point /)
Stopping at filesystem boundary (GIT_DISCOVERY_ACROSS_FILESYSTEM not set).
2026-01-08 10:48:05.935 [info] > git rev-parse --show-toplevel [4ms]
2026-01-08 10:48:05.935 [info] fatal: not a git repository (or any parent up to mount point /)
Stopping at filesystem boundary (GIT_DISCOVERY_ACROSS_FILESYSTEM not set).
2026-01-08 10:48:05.935 [info] > git rev-parse --show-toplevel [7ms]
2026-01-08 10:48:05.935 [info] fatal: not a git repository (or any parent up to mount point /)
Stopping at filesystem boundary (GIT_DISCOVERY_ACROSS_FILESYSTEM not set).
2026-01-08 10:48:05.935 [info] [Model][doInitialScan] Initial repository scan completed - repositories (0), closed repositories (0), parent repositories (0), unsafe repositories (0)
2026-01-08 10:48:06.065 [info] > git rev-parse --show-toplevel [10ms]
2026-01-08 10:48:06.065 [info] fatal: not a git repository (or any parent up to mount point /)
Stopping at filesystem boundary (GIT_DISCOVERY_ACROSS_FILESYSTEM not set).
2026-01-08 10:48:15.939 [info] > git rev-parse --show-toplevel [15ms]
2026-01-08 10:48:15.939 [info] fatal: not a git repository (or any parent up to mount point /)
Stopping at filesystem boundary (GIT_DISCOVERY_ACROSS_FILESYSTEM not set).
2026-01-08 10:49:23.646 [info] > git rev-parse --show-toplevel [2ms]
2026-01-08 10:49:23.646 [info] fatal: not a git repository (or any parent up to mount point /)
Stopping at filesystem boundary (GIT_DISCOVERY_ACROSS_FILESYSTEM not set).
2026-01-08 10:50:27.971 [info] > git rev-parse --show-toplevel [7ms]
2026-01-08 10:50:27.971 [info] fatal: not a git repository (or any parent up to mount point /)
Stopping at filesystem boundary (GIT_DISCOVERY_ACROSS_FILESYSTEM not set).
2026-01-08 10:50:54.600 [info] > git rev-parse --show-toplevel [1ms]
2026-01-08 10:50:54.600 [info] fatal: not a git repository (or any parent up to mount point /)
Stopping at filesystem boundary (GIT_DISCOVERY_ACROSS_FILESYSTEM not set).
2026-01-08 10:57:01.135 [info] > git rev-parse --show-toplevel [6ms]
2026-01-08 10:57:01.135 [info] fatal: not a git repository (or any parent up to mount point /)
Stopping at filesystem boundary (GIT_DISCOVERY_ACROSS_FILESYSTEM not set).
2026-01-08 10:59:26.533 [info] > git rev-parse --show-toplevel [3ms]
2026-01-08 10:59:26.534 [info] fatal: not a git repository (or any parent up to mount point /)
Stopping at filesystem boundary (GIT_DISCOVERY_ACROSS_FILESYSTEM not set).
2026-01-08 11:00:58.174 [info] > git rev-parse --show-toplevel [3ms]
2026-01-08 11:00:58.175 [info] fatal: not a git repository (or any parent up to mount point /)
Stopping at filesystem boundary (GIT_DISCOVERY_ACROSS_FILESYSTEM not set).
2026-01-08 11:03:16.419 [info] > git rev-parse --show-toplevel [7ms]
2026-01-08 11:03:16.419 [info] fatal: not a git repository (or any parent up to mount point /)
Stopping at filesystem boundary (GIT_DISCOVERY_ACROSS_FILESYSTEM not set).
2026-01-08 11:03:53.482 [info] > git rev-parse --show-toplevel [1ms]
2026-01-08 11:03:53.483 [info] fatal: not a git repository (or any parent up to mount point /)
Stopping at filesystem boundary (GIT_DISCOVERY_ACROSS_FILESYSTEM not set).
2026-01-08 11:04:37.650 [info] > git rev-parse --show-toplevel [6ms]
2026-01-08 11:04:37.650 [info] fatal: not a git repository (or any parent up to mount point /)
Stopping at filesystem boundary (GIT_DISCOVERY_ACROSS_FILESYSTEM not set).
2026-01-08 11:04:58.999 [info] > git rev-parse --show-toplevel [2ms]
2026-01-08 11:04:58.999 [info] fatal: not a git repository (or any parent up to mount point /)
Stopping at filesystem boundary (GIT_DISCOVERY_ACROSS_FILESYSTEM not set).
2026-01-08 11:06:49.144 [info] > git rev-parse --show-toplevel [13ms]
2026-01-08 11:06:49.144 [info] fatal: not a git repository (or any parent up to mount point /)
Stopping at filesystem boundary (GIT_DISCOVERY_ACROSS_FILESYSTEM not set).
2026-01-08 11:06:57.504 [info] > git rev-parse --show-toplevel [2ms]
2026-01-08 11:06:57.514 [info] fatal: not a git repository (or any parent up to mount point /)
Stopping at filesystem boundary (GIT_DISCOVERY_ACROSS_FILESYSTEM not set).
2026-01-08 11:08:05.012 [info] > git rev-parse --show-toplevel [4ms]
2026-01-08 11:08:05.012 [info] fatal: not a git repository (or any parent up to mount point /)
Stopping at filesystem boundary (GIT_DISCOVERY_ACROSS_FILESYSTEM not set).
2026-01-08 11:08:11.796 [info] > git rev-parse --show-toplevel [2ms]
2026-01-08 11:08:11.796 [info] fatal: not a git repository (or any parent up to mount point /)
Stopping at filesystem boundary (GIT_DISCOVERY_ACROSS_FILESYSTEM not set).
2026-01-08 11:08:21.805 [info] > git rev-parse --show-toplevel [1ms]
2026-01-08 11:08:21.805 [info] fatal: not a git repository (or any parent up to mount point /)
Stopping at filesystem boundary (GIT_DISCOVERY_ACROSS_FILESYSTEM not set).
2026-01-08 11:08:37.228 [info] > git rev-parse --show-toplevel [1ms]
2026-01-08 11:08:37.228 [info] fatal: not a git repository (or any parent up to mount point /)
Stopping at filesystem boundary (GIT_DISCOVERY_ACROSS_FILESYSTEM not set).
2026-01-08 11:13:01.206 [info] > git rev-parse --show-toplevel [12ms]
2026-01-08 11:13:01.207 [info] fatal: not a git repository (or any parent up to mount point /)
Stopping at filesystem boundary (GIT_DISCOVERY_ACROSS_FILESYSTEM not set).
2026-01-08 11:17:55.702 [info] > git rev-parse --show-toplevel [3ms]
2026-01-08 11:17:55.702 [info] fatal: not a git repository (or any parent up to mount point /)
Stopping at filesystem boundary (GIT_DISCOVERY_ACROSS_FILESYSTEM not set).
2026-01-08 11:18:19.099 [info] > git rev-parse --show-toplevel [2ms]
2026-01-08 11:18:19.099 [info] fatal: not a git repository (or any parent up to mount point /)
Stopping at filesystem boundary (GIT_DISCOVERY_ACROSS_FILESYSTEM not set).
2026-01-08 11:19:25.286 [info] > git rev-parse --show-toplevel [1ms]
2026-01-08 11:19:25.286 [info] fatal: not a git repository (or any parent up to mount point /)
Stopping at filesystem boundary (GIT_DISCOVERY_ACROSS_FILESYSTEM not set).
2026-01-08 11:20:30.214 [info] > git rev-parse --show-toplevel [9ms]
2026-01-08 11:20:30.214 [info] fatal: not a git repository (or any parent up to mount point /)
Stopping at filesystem boundary (GIT_DISCOVERY_ACROSS_FILESYSTEM not set).
2026-01-08 11:20:40.002 [info] > git rev-parse --show-toplevel [2ms]
2026-01-08 11:20:40.002 [info] fatal: not a git repository (or any parent up to mount point /)
Stopping at filesystem boundary (GIT_DISCOVERY_ACROSS_FILESYSTEM not set).
2026-01-08 11:21:14.870 [info] > git rev-parse --show-toplevel [1ms]
2026-01-08 11:21:14.870 [info] fatal: not a git repository (or any parent up to mount point /)
Stopping at filesystem boundary (GIT_DISCOVERY_ACROSS_FILESYSTEM not set).
2026-01-08 11:21:26.891 [info] > git rev-parse --show-toplevel [1ms]
2026-01-08 11:21:26.891 [info] fatal: not a git repository (or any parent up to mount point /)
Stopping at filesystem boundary (GIT_DISCOVERY_ACROSS_FILESYSTEM not set).
2026-01-08 11:27:00.153 [info] > git rev-parse --show-toplevel [19ms]
2026-01-08 11:27:00.153 [info] fatal: not a git repository (or any parent up to mount point /)
Stopping at filesystem boundary (GIT_DISCOVERY_ACROSS_FILESYSTEM not set).
2026-01-08 11:27:12.755 [info] > git rev-parse --show-toplevel [3ms]
2026-01-08 11:27:12.755 [info] fatal: not a git repository (or any parent up to mount point /)
Stopping at filesystem boundary (GIT_DISCOVERY_ACROSS_FILESYSTEM not set).
2026-01-08 11:27:32.556 [info] > git rev-parse --show-toplevel [3ms]
2026-01-08 11:27:32.556 [info] fatal: not a git repository (or any parent up to mount point /)
Stopping at filesystem boundary (GIT_DISCOVERY_ACROSS_FILESYSTEM not set).
2026-01-08 11:28:05.803 [info] > git rev-parse --show-toplevel [1ms]
2026-01-08 11:28:05.803 [info] fatal: not a git repository (or any parent up to mount point /)
Stopping at filesystem boundary (GIT_DISCOVERY_ACROSS_FILESYSTEM not set).
2026-01-08 11:32:29.292 [info] > git rev-parse --show-toplevel [18ms]
2026-01-08 11:32:29.292 [info] fatal: not a git repository (or any parent up to mount point /)
Stopping at filesystem boundary (GIT_DISCOVERY_ACROSS_FILESYSTEM not set).
2026-01-08 11:32:35.064 [info] > git rev-parse --show-toplevel [2ms]
2026-01-08 11:32:35.064 [info] fatal: not a git repository (or any parent up to mount point /)
Stopping at filesystem boundary (GIT_DISCOVERY_ACROSS_FILESYSTEM not set).
2026-01-08 11:32:40.080 [info] > git rev-parse --show-toplevel [4ms]
2026-01-08 11:32:40.080 [info] fatal: not a git repository (or any parent up to mount point /)
Stopping at filesystem boundary (GIT_DISCOVERY_ACROSS_FILESYSTEM not set).
2026-01-08 11:32:54.324 [info] > git rev-parse --show-toplevel [2ms]
2026-01-08 11:32:54.324 [info] fatal: not a git repository (or any parent up to mount point /)
Stopping at filesystem boundary (GIT_DISCOVERY_ACROSS_FILESYSTEM not set).
2026-01-08 11:33:03.114 [info] > git rev-parse --show-toplevel [7ms]
2026-01-08 11:33:03.114 [info] fatal: not a git repository (or any parent up to mount point /)
Stopping at filesystem boundary (GIT_DISCOVERY_ACROSS_FILESYSTEM not set).
2026-01-08 11:37:16.032 [info] > git rev-parse --show-toplevel [17ms]
2026-01-08 11:37:16.033 [info] fatal: not a git repository (or any parent up to mount point /)
Stopping at filesystem boundary (GIT_DISCOVERY_ACROSS_FILESYSTEM not set).
2026-01-08 11:37:22.414 [info] > git rev-parse --show-toplevel [5ms]
2026-01-08 11:37:22.414 [info] fatal: not a git repository (or any parent up to mount point /)
Stopping at filesystem boundary (GIT_DISCOVERY_ACROSS_FILESYSTEM not set).
2026-01-08 11:37:37.482 [info] > git rev-parse --show-toplevel [8ms]
2026-01-08 11:37:37.485 [info] fatal: not a git repository (or any parent up to mount point /)
Stopping at filesystem boundary (GIT_DISCOVERY_ACROSS_FILESYSTEM not set).
2026-01-08 11:37:37.497 [info] > git rev-parse --show-toplevel [7ms]
2026-01-08 11:37:37.497 [info] fatal: not a git repository (or any parent up to mount point /)
Stopping at filesystem boundary (GIT_DISCOVERY_ACROSS_FILESYSTEM not set).
2026-01-08 11:37:37.525 [info] > git rev-parse --show-toplevel [13ms]
2026-01-08 11:37:37.526 [info] fatal: not a git repository (or any parent up to mount point /)
Stopping at filesystem boundary (GIT_DISCOVERY_ACROSS_FILESYSTEM not set).
2026-01-08 11:37:37.567 [info] > git rev-parse --show-toplevel [19ms]
2026-01-08 11:37:37.567 [info] fatal: not a git repository (or any parent up to mount point /)
Stopping at filesystem boundary (GIT_DISCOVERY_ACROSS_FILESYSTEM not set).
2026-01-08 11:37:37.621 [info] > git rev-parse --show-toplevel [25ms]
2026-01-08 11:37:37.621 [info] fatal: not a git repository (or any parent up to mount point /)
Stopping at filesystem boundary (GIT_DISCOVERY_ACROSS_FILESYSTEM not set).
2026-01-08 11:37:37.679 [info] > git rev-parse --show-toplevel [30ms]
2026-01-08 11:37:37.679 [info] fatal: not a git repository (or any parent up to mount point /)
Stopping at filesystem boundary (GIT_DISCOVERY_ACROSS_FILESYSTEM not set).
2026-01-08 11:37:37.768 [info] > git rev-parse --show-toplevel [55ms]
2026-01-08 11:37:37.768 [info] fatal: not a git repository (or any parent up to mount point /)
Stopping at filesystem boundary (GIT_DISCOVERY_ACROSS_FILESYSTEM not set).
2026-01-08 11:37:37.828 [info] > git rev-parse --show-toplevel [26ms]
2026-01-08 11:37:37.828 [info] fatal: not a git repository (or any parent up to mount point /)
Stopping at filesystem boundary (GIT_DISCOVERY_ACROSS_FILESYSTEM not set).
2026-01-08 11:37:37.870 [info] > git rev-parse --show-toplevel [9ms]
2026-01-08 11:37:37.870 [info] fatal: not a git repository (or any parent up to mount point /)
Stopping at filesystem boundary (GIT_DISCOVERY_ACROSS_FILESYSTEM not set).
