2026-01-08 09:05:26.597 [info] Reading sessions from keychain...
2026-01-08 09:05:26.597 [info] Getting sessions for all scopes...
2026-01-08 09:05:26.819 [info] Got stored sessions!
2026-01-08 09:05:26.819 [info] Got 2 verified sessions.
2026-01-08 09:05:26.820 [info] Got 2 sessions for ...
2026-01-08 09:05:26.820 [info] Getting sessions for all scopes...
2026-01-08 09:05:26.820 [info] Got 2 sessions for ...
2026-01-08 09:05:26.821 [info] Getting sessions for all scopes...
2026-01-08 09:05:26.821 [info] Got 2 sessions for ...
2026-01-08 09:05:26.821 [info] Getting sessions for all scopes...
2026-01-08 09:05:26.821 [info] Got 2 sessions for ...
2026-01-08 09:05:26.821 [info] Getting sessions for all scopes...
2026-01-08 09:05:26.821 [info] Got 2 sessions for ...
2026-01-08 09:05:26.821 [info] Getting sessions for all scopes...
2026-01-08 09:05:26.821 [info] Got 2 sessions for ...
2026-01-08 09:05:26.822 [info] Getting sessions for all scopes...
2026-01-08 09:05:26.822 [info] Got 2 sessions for ...
2026-01-08 09:05:26.822 [info] Getting sessions for all scopes...
2026-01-08 09:05:26.822 [info] Got 2 sessions for ...
2026-01-08 09:05:26.823 [info] Getting sessions for all scopes...
2026-01-08 09:05:26.823 [info] Got 2 sessions for ...
2026-01-08 09:05:26.823 [info] Getting sessions for all scopes...
2026-01-08 09:05:26.823 [info] Got 2 sessions for ...
2026-01-08 09:05:26.917 [info] Getting sessions for all scopes...
2026-01-08 09:05:26.917 [info] Got 2 sessions for ...
2026-01-08 09:05:26.921 [info] Getting sessions for all scopes...
2026-01-08 09:05:26.921 [info] Got 2 sessions for ...
2026-01-08 09:05:26.921 [info] Getting sessions for all scopes...
2026-01-08 09:05:26.921 [info] Got 2 sessions for ...
2026-01-08 09:05:26.922 [info] Getting sessions for all scopes...
2026-01-08 09:05:26.922 [info] Got 2 sessions for ...
2026-01-08 09:05:26.923 [info] Getting sessions for all scopes...
2026-01-08 09:05:26.923 [info] Got 2 sessions for ...
2026-01-08 09:05:26.923 [info] Getting sessions for all scopes...
2026-01-08 09:05:26.923 [info] Got 2 sessions for ...
2026-01-08 09:05:27.782 [info] Getting sessions for all scopes...
2026-01-08 09:05:27.782 [info] Got 2 sessions for ...
2026-01-08 09:05:28.214 [info] Getting sessions for read:user,repo,user:email,workflow...
2026-01-08 09:05:28.215 [info] Got 1 sessions for read:user,repo,user:email,workflow...
2026-01-08 09:05:28.697 [info] FetcherService: Electron fetch failed with status: 429 
2026-01-08 09:05:29.200 [info] FetcherService: Node fetch failed with status: 429 Too Many Requests
2026-01-08 09:05:29.713 [info] FetcherService: Node http/s failed with status: 429 Too Many Requests
2026-01-08 09:21:46.861 [info] Getting sessions for read:user,repo,user:email,workflow...
2026-01-08 09:21:46.861 [info] Got 1 sessions for read:user,repo,user:email,workflow...
2026-01-08 10:05:54.558 [info] Getting sessions for read:user,repo,user:email,workflow...
2026-01-08 10:05:54.559 [info] Got 1 sessions for read:user,repo,user:email,workflow...
2026-01-08 10:38:59.188 [info] Getting sessions for read:user,repo,user:email,workflow...
2026-01-08 10:38:59.188 [info] Got 1 sessions for read:user,repo,user:email,workflow...
2026-01-08 10:48:05.745 [info] Reading sessions from keychain...
2026-01-08 10:48:05.745 [info] Getting sessions for all scopes...
2026-01-08 10:48:05.745 [info] Got stored sessions!
2026-01-08 10:48:05.745 [info] Got 2 verified sessions.
2026-01-08 10:48:05.745 [info] Got 2 sessions for ...
2026-01-08 10:48:05.745 [info] Getting sessions for all scopes...
2026-01-08 10:48:05.745 [info] Got 2 sessions for ...
2026-01-08 10:48:05.745 [info] Getting sessions for all scopes...
2026-01-08 10:48:05.745 [info] Got 2 sessions for ...
2026-01-08 10:48:05.745 [info] Getting sessions for all scopes...
2026-01-08 10:48:05.745 [info] Got 2 sessions for ...
2026-01-08 10:48:05.745 [info] Getting sessions for all scopes...
2026-01-08 10:48:05.745 [info] Got 2 sessions for ...
2026-01-08 10:48:05.745 [info] Getting sessions for all scopes...
2026-01-08 10:48:05.745 [info] Got 2 sessions for ...
2026-01-08 10:48:05.745 [info] Getting sessions for all scopes...
2026-01-08 10:48:05.745 [info] Got 2 sessions for ...
2026-01-08 10:48:05.745 [info] Getting sessions for all scopes...
2026-01-08 10:48:05.745 [info] Got 2 sessions for ...
2026-01-08 10:48:05.745 [info] Getting sessions for all scopes...
2026-01-08 10:48:05.745 [info] Got 2 sessions for ...
2026-01-08 10:48:05.745 [info] Getting sessions for all scopes...
2026-01-08 10:48:05.745 [info] Got 2 sessions for ...
2026-01-08 10:48:05.745 [info] Getting sessions for all scopes...
2026-01-08 10:48:05.745 [info] Got 2 sessions for ...
2026-01-08 10:48:05.745 [info] Getting sessions for all scopes...
2026-01-08 10:48:05.745 [info] Got 2 sessions for ...
2026-01-08 10:48:05.745 [info] Getting sessions for all scopes...
2026-01-08 10:48:05.745 [info] Got 2 sessions for ...
2026-01-08 10:48:05.745 [info] Getting sessions for all scopes...
2026-01-08 10:48:05.745 [info] Got 2 sessions for ...
2026-01-08 10:48:05.745 [info] Getting sessions for all scopes...
2026-01-08 10:48:05.745 [info] Got 2 sessions for ...
2026-01-08 10:48:05.745 [info] Getting sessions for all scopes...
2026-01-08 10:48:05.745 [info] Got 2 sessions for ...
2026-01-08 10:48:06.538 [info] Getting sessions for all scopes...
2026-01-08 10:48:06.539 [info] Got 2 sessions for ...
2026-01-08 10:48:08.946 [info] FetcherService: Electron fetch failed with status: 429 
2026-01-08 10:48:10.135 [info] FetcherService: Node fetch failed with status: 429 Too Many Requests
2026-01-08 10:48:10.663 [info] FetcherService: Node http/s failed with status: 429 Too Many Requests
