2026-01-02 04:54:32.681 [info] Reading sessions from keychain...
2026-01-02 04:54:32.681 [info] Getting sessions for all scopes...
2026-01-02 04:54:32.681 [info] Got stored sessions!
2026-01-02 04:54:32.681 [info] Got 2 verified sessions.
2026-01-02 04:54:32.681 [info] Got 2 sessions for ...
2026-01-02 04:54:32.681 [info] Getting sessions for all scopes...
2026-01-02 04:54:32.681 [info] Got 2 sessions for ...
2026-01-02 04:54:32.681 [info] Getting sessions for all scopes...
2026-01-02 04:54:32.681 [info] Got 2 sessions for ...
2026-01-02 04:54:32.681 [info] Getting sessions for all scopes...
2026-01-02 04:54:32.681 [info] Got 2 sessions for ...
2026-01-02 04:54:32.681 [info] Getting sessions for all scopes...
2026-01-02 04:54:32.681 [info] Got 2 sessions for ...
2026-01-02 04:54:32.681 [info] Getting sessions for all scopes...
2026-01-02 04:54:32.681 [info] Got 2 sessions for ...
2026-01-02 04:54:32.681 [info] Getting sessions for all scopes...
2026-01-02 04:54:32.681 [info] Got 2 sessions for ...
2026-01-02 04:54:32.681 [info] Getting sessions for all scopes...
2026-01-02 04:54:32.681 [info] Got 2 sessions for ...
2026-01-02 04:54:32.681 [info] Getting sessions for all scopes...
2026-01-02 04:54:32.681 [info] Got 2 sessions for ...
2026-01-02 04:54:32.681 [info] Getting sessions for all scopes...
2026-01-02 04:54:32.681 [info] Got 2 sessions for ...
2026-01-02 04:54:32.681 [info] Getting sessions for all scopes...
2026-01-02 04:54:32.681 [info] Got 2 sessions for ...
2026-01-02 04:54:32.681 [info] Getting sessions for all scopes...
2026-01-02 04:54:32.681 [info] Got 2 sessions for ...
2026-01-02 04:54:32.681 [info] Getting sessions for all scopes...
2026-01-02 04:54:32.681 [info] Got 2 sessions for ...
2026-01-02 04:54:32.681 [info] Getting sessions for all scopes...
2026-01-02 04:54:32.681 [info] Got 2 sessions for ...
2026-01-02 04:54:32.681 [info] Getting sessions for all scopes...
2026-01-02 04:54:32.681 [info] Got 2 sessions for ...
2026-01-02 04:54:32.681 [info] Getting sessions for all scopes...
2026-01-02 04:54:32.681 [info] Got 2 sessions for ...
2026-01-02 04:54:33.556 [info] FetcherService: Electron fetch failed with status: 429 
2026-01-02 04:54:34.102 [info] Getting sessions for all scopes...
2026-01-02 04:54:34.102 [info] Got 2 sessions for ...
2026-01-02 04:54:34.156 [info] FetcherService: Node fetch failed with status: 429 Too Many Requests
2026-01-02 04:54:34.496 [info] FetcherService: Node http/s failed with status: 429 Too Many Requests
