2025-12-21 12:39:20.417 [info] Reading sessions from keychain...
2025-12-21 12:39:20.417 [info] Getting sessions for all scopes...
2025-12-21 12:39:20.417 [info] Got stored sessions!
2025-12-21 12:39:20.417 [info] Got 2 verified sessions.
2025-12-21 12:39:20.417 [info] Got 2 sessions for ...
2025-12-21 12:39:20.417 [info] Getting sessions for all scopes...
2025-12-21 12:39:20.417 [info] Got 2 sessions for ...
2025-12-21 12:39:20.417 [info] Getting sessions for all scopes...
2025-12-21 12:39:20.417 [info] Got 2 sessions for ...
2025-12-21 12:39:20.417 [info] Getting sessions for all scopes...
2025-12-21 12:39:20.417 [info] Got 2 sessions for ...
2025-12-21 12:39:20.417 [info] Getting sessions for all scopes...
2025-12-21 12:39:20.417 [info] Got 2 sessions for ...
2025-12-21 12:39:20.417 [info] Getting sessions for all scopes...
2025-12-21 12:39:20.417 [info] Got 2 sessions for ...
2025-12-21 12:39:20.417 [info] Getting sessions for all scopes...
2025-12-21 12:39:20.417 [info] Got 2 sessions for ...
2025-12-21 12:39:20.417 [info] Getting sessions for all scopes...
2025-12-21 12:39:20.417 [info] Got 2 sessions for ...
2025-12-21 12:39:20.417 [info] Getting sessions for all scopes...
2025-12-21 12:39:20.417 [info] Got 2 sessions for ...
2025-12-21 12:39:20.417 [info] Getting sessions for all scopes...
2025-12-21 12:39:20.417 [info] Got 2 sessions for ...
2025-12-21 12:39:20.688 [info] Getting sessions for all scopes...
2025-12-21 12:39:20.688 [info] Got 2 sessions for ...
2025-12-21 12:39:20.717 [info] Getting sessions for all scopes...
2025-12-21 12:39:20.717 [info] Got 2 sessions for ...
2025-12-21 12:39:20.718 [info] Getting sessions for all scopes...
2025-12-21 12:39:20.718 [info] Got 2 sessions for ...
2025-12-21 12:39:20.718 [info] Getting sessions for all scopes...
2025-12-21 12:39:20.718 [info] Got 2 sessions for ...
2025-12-21 12:39:20.718 [info] Getting sessions for all scopes...
2025-12-21 12:39:20.718 [info] Got 2 sessions for ...
2025-12-21 12:39:20.719 [info] Getting sessions for all scopes...
2025-12-21 12:39:20.719 [info] Got 2 sessions for ...
2025-12-21 12:39:21.897 [info] FetcherService: Electron fetch failed with status: 429 
2025-12-21 12:39:22.626 [info] FetcherService: Node fetch failed with status: 429 Too Many Requests
2025-12-21 12:39:22.879 [info] Getting sessions for all scopes...
2025-12-21 12:39:22.879 [info] Got 2 sessions for ...
2025-12-21 12:39:22.955 [info] FetcherService: Node http/s failed with status: 429 Too Many Requests
2025-12-21 12:39:40.874 [info] Reading sessions from keychain...
2025-12-21 12:39:40.874 [info] Got stored sessions!
2025-12-21 12:39:40.874 [info] Got 2 verified sessions.
2025-12-21 12:39:40.874 [info] Getting sessions for all scopes...
2025-12-21 12:39:40.874 [info] Got 2 sessions for ...
2025-12-21 12:39:40.874 [info] Getting sessions for all scopes...
2025-12-21 12:39:40.874 [info] Got 2 sessions for ...
2025-12-21 12:39:40.874 [info] Getting sessions for all scopes...
2025-12-21 12:39:40.874 [info] Got 2 sessions for ...
2025-12-21 12:39:40.874 [info] Getting sessions for all scopes...
2025-12-21 12:39:40.874 [info] Got 2 sessions for ...
2025-12-21 12:39:40.898 [info] Getting sessions for all scopes...
2025-12-21 12:39:40.898 [info] Got 2 sessions for ...
2025-12-21 12:39:40.898 [info] Getting sessions for all scopes...
2025-12-21 12:39:40.898 [info] Got 2 sessions for ...
2025-12-21 12:39:40.898 [info] Getting sessions for all scopes...
2025-12-21 12:39:40.898 [info] Got 2 sessions for ...
2025-12-21 12:39:40.898 [info] Getting sessions for all scopes...
2025-12-21 12:39:40.898 [info] Got 2 sessions for ...
2025-12-21 12:39:40.899 [info] Getting sessions for all scopes...
2025-12-21 12:39:40.899 [info] Got 2 sessions for ...
2025-12-21 12:39:40.914 [info] Getting sessions for all scopes...
2025-12-21 12:39:40.914 [info] Got 2 sessions for ...
2025-12-21 12:39:40.917 [info] Getting sessions for all scopes...
2025-12-21 12:39:40.917 [info] Got 2 sessions for ...
2025-12-21 12:39:40.918 [info] Getting sessions for all scopes...
2025-12-21 12:39:40.918 [info] Got 2 sessions for ...
2025-12-21 12:39:40.919 [info] Getting sessions for all scopes...
2025-12-21 12:39:40.919 [info] Got 2 sessions for ...
2025-12-21 12:39:40.919 [info] Getting sessions for all scopes...
2025-12-21 12:39:40.919 [info] Got 2 sessions for ...
2025-12-21 12:39:40.920 [info] Getting sessions for all scopes...
2025-12-21 12:39:40.920 [info] Got 2 sessions for ...
2025-12-21 12:39:42.026 [info] FetcherService: Electron fetch failed with status: 429 
2025-12-21 12:39:42.038 [info] Getting sessions for all scopes...
2025-12-21 12:39:42.038 [info] Got 2 sessions for ...
2025-12-21 12:39:42.491 [info] FetcherService: Node fetch failed with status: 429 Too Many Requests
2025-12-21 12:39:42.832 [info] FetcherService: Node http/s failed with status: 429 Too Many Requests
2025-12-21 12:41:02.348 [info] Reading sessions from keychain...
2025-12-21 12:41:02.348 [info] Got stored sessions!
2025-12-21 12:41:02.348 [info] Got 2 verified sessions.
2025-12-21 12:41:02.348 [info] Getting sessions for all scopes...
2025-12-21 12:41:02.348 [info] Got 2 sessions for ...
2025-12-21 12:41:02.348 [info] Getting sessions for all scopes...
2025-12-21 12:41:02.348 [info] Got 2 sessions for ...
2025-12-21 12:41:02.348 [info] Getting sessions for all scopes...
2025-12-21 12:41:02.348 [info] Got 2 sessions for ...
2025-12-21 12:41:02.348 [info] Getting sessions for all scopes...
2025-12-21 12:41:02.348 [info] Got 2 sessions for ...
2025-12-21 12:41:02.348 [info] Getting sessions for all scopes...
2025-12-21 12:41:02.348 [info] Got 2 sessions for ...
2025-12-21 12:41:03.468 [info] FetcherService: Electron fetch failed with status: 429 
2025-12-21 12:41:03.872 [info] FetcherService: Node fetch failed with status: 429 Too Many Requests
2025-12-21 12:41:04.207 [info] FetcherService: Node http/s failed with status: 429 Too Many Requests
