2025-12-18 13:26:05.030 [info] Starting Python Locator /home/josie/.vscode/extensions/ms-python.python-2025.20.1-linux-x64/python-env-tools/bin/pet server
2025-12-18 13:26:05.498 [info] Discovered env: /home/josie/Documents/programming/python/ppcli/.venv/bin/python
2025-12-18 13:26:05.503 [info] Discovered env: /usr/bin/python
2025-12-18 13:26:05.503 [info] Discovered env: /bin/python
2025-12-18 13:26:05.504 [info] Env ("/sbin/python") in Path resolved as ResolvedPythonEnv { executable: "/sbin/python", prefix: "/usr", version: "3.13.7.final.0", is64_bit: true, symlinks: Some(["/sbin/python"]) } and reported as Some(GlobalPaths)
2025-12-18 13:26:05.504 [info] Discovered env: /sbin/python
2025-12-18 13:26:05.505 [info] Env ("/usr/sbin/python") in Path resolved as ResolvedPythonEnv { executable: "/usr/sbin/python", prefix: "/usr", version: "3.13.7.final.0", is64_bit: true, symlinks: Some(["/usr/sbin/python"]) } and reported as Some(GlobalPaths)
2025-12-18 13:26:05.505 [info] Discovered env: /usr/sbin/python
2025-12-18 13:26:05.506 [info] Env ("/sbin/python3") in Path resolved as ResolvedPythonEnv { executable: "/sbin/python3", prefix: "/usr", version: "3.13.7.final.0", is64_bit: true, symlinks: Some(["/sbin/python3"]) } and reported as Some(GlobalPaths)
2025-12-18 13:26:05.506 [info] Discovered env: /sbin/python3
2025-12-18 13:26:05.506 [info] Env ("/usr/sbin/python3") in Path resolved as ResolvedPythonEnv { executable: "/usr/sbin/python3", prefix: "/usr", version: "3.13.7.final.0", is64_bit: true, symlinks: Some(["/usr/sbin/python3"]) } and reported as Some(GlobalPaths)
2025-12-18 13:26:05.506 [info] Env ("/sbin/python3.13") in Path resolved as ResolvedPythonEnv { executable: "/sbin/python3.13", prefix: "/usr", version: "3.13.7.final.0", is64_bit: true, symlinks: Some(["/sbin/python3.13"]) } and reported as Some(GlobalPaths)
2025-12-18 13:26:05.507 [info] Discovered env: /sbin/python3.13
2025-12-18 13:26:05.507 [info] Discovered env: /usr/sbin/python3
2025-12-18 13:26:05.507 [info] Env ("/usr/sbin/python3.13") in Path resolved as ResolvedPythonEnv { executable: "/usr/sbin/python3.13", prefix: "/usr", version: "3.13.7.final.0", is64_bit: true, symlinks: Some(["/usr/sbin/python3.13"]) } and reported as Some(GlobalPaths)
2025-12-18 13:26:05.507 [info] Discovered env: /usr/sbin/python3.13
2025-12-18 13:26:05.508 [info] Locator Conda took 303.190016ms
2025-12-18 13:26:05.508 [info] Locator Homebrew took 2.491396ms
2025-12-18 13:26:05.508 [info] Locator LinuxGlobal took 353.105974ms
2025-12-18 13:26:05.508 [info] Locator PipEnv took 56.399µs
2025-12-18 13:26:05.508 [info] Locator Pixi took 26.429µs
2025-12-18 13:26:05.508 [info] Locator Poetry took 203.399µs
2025-12-18 13:26:05.508 [info] Locator PyEnv took 4.176733ms
2025-12-18 13:26:05.508 [info] Locator Uv took 44.965µs
2025-12-18 13:26:05.508 [info] Locator Venv took 20.271µs
2025-12-18 13:26:05.508 [info] Locator VirtualEnv took 32.783µs
2025-12-18 13:26:05.508 [info] Locator VirtualEnvWrapper took 31.923µs
2025-12-18 13:26:05.508 [info] Locator GlobalVirtualEnvs took 414.151µs
2025-12-18 13:26:05.508 [info] Locator Locators took 358.513936ms
2025-12-18 13:26:05.508 [info] Locator Path took 564.437453ms
2025-12-18 13:26:05.508 [info] Locator Workspaces took 117.159514ms
2025-12-18 13:26:05.508 [info] Refresh completed in 564ms
2025-12-18 13:26:05.510 [warning] Inaccurate Python Environment Info for => 
Environment (Venv)
   Executable  : /home/josie/Documents/programming/python/ppcli/.venv/bin/python
   Version     : 3.13.11
   Prefix      : /home/josie/Documents/programming/python/ppcli/.venv
   Symlinks    : "/home/josie/Documents/programming/python/ppcli/.venv/bin/python"
               : "/home/josie/Documents/programming/python/ppcli/.venv/bin/python3"
               : "/home/josie/Documents/programming/python/ppcli/.venv/bin/python3.13"
.
Resolved as => 
Environment (Venv)
   Executable  : /home/josie/Documents/programming/python/ppcli/.venv/bin/python
   Version     : 3.13.7.final.0
   Prefix      : /home/josie/Documents/programming/python/ppcli/.venv
   Architecture: x64
   Symlinks    : "/home/josie/Documents/programming/python/ppcli/.venv/bin/python"
               : "/home/josie/Documents/programming/python/ppcli/.venv/bin/python3"
               : "/home/josie/Documents/programming/python/ppcli/.venv/bin/python3.13"

Incorrect information => 
Environment Some(Venv) incorrectly identified
   Version is incorrect

2025-12-18 13:26:05.511 [info] Resolved Python Environment /home/josie/Documents/programming/python/ppcli/.venv/bin/python
