2026-01-02 04:13:26.758 [info] Extension host with pid 8646 started
2026-01-02 04:13:26.758 [info] Skipping acquiring lock for /home/josie/.config/Code/User/workspaceStorage/7a56e79319516cf37b872f21aeef0096.
2026-01-02 04:13:26.877 [info] ExtensionService#_doActivateExtension vscode.github-authentication, startup: false, activationEvent: 'onAuthenticationRequest:github'
2026-01-02 04:13:26.943 [info] ExtensionService#_doActivateExtension vscode.emmet, startup: false, activationEvent: 'onLanguage'
2026-01-02 04:13:27.018 [info] ExtensionService#_doActivateExtension Mesgegra.pico-8-toolkit, startup: false, activationEvent: 'onLanguage:pico-8-lua'
2026-01-02 04:13:27.101 [info] ExtensionService#_doActivateExtension PollywogGames.pico8-ls, startup: false, activationEvent: 'onLanguage:pico-8-lua'
2026-01-02 04:13:27.638 [info] ExtensionService#_doActivateExtension vscode.git-base, startup: true, activationEvent: '*', root cause: vscode.git
2026-01-02 04:13:27.813 [info] ExtensionService#_doActivateExtension vscode.git, startup: true, activationEvent: '*'
2026-01-02 04:13:27.936 [info] ExtensionService#_doActivateExtension vscode.github, startup: true, activationEvent: '*'
2026-01-02 04:13:28.340 [info] Eager extensions activated
2026-01-02 04:13:28.388 [info] ExtensionService#_doActivateExtension vscode.debug-auto-launch, startup: false, activationEvent: 'onStartupFinished'
2026-01-02 04:13:28.392 [info] ExtensionService#_doActivateExtension vscode.merge-conflict, startup: false, activationEvent: 'onStartupFinished'
2026-01-02 04:13:56.805 [info] Extension host terminating: renderer closed the MessagePort
2026-01-02 04:13:56.836 [info] Extension host with pid 8646 exiting with code 0
2026-01-02 04:13:58.956 [info] Extension host with pid 9177 started
2026-01-02 04:13:58.957 [info] Skipping acquiring lock for /home/josie/.config/Code/User/workspaceStorage/45ac6a147485a009a849c1c818a7c44e.
2026-01-02 04:13:59.110 [info] ExtensionService#_doActivateExtension vscode.github-authentication, startup: false, activationEvent: 'onAuthenticationRequest:github'
2026-01-02 04:13:59.228 [info] ExtensionService#_doActivateExtension vscode.git-base, startup: true, activationEvent: '*', root cause: vscode.git
2026-01-02 04:13:59.243 [info] ExtensionService#_doActivateExtension vscode.git, startup: true, activationEvent: '*'
2026-01-02 04:13:59.342 [info] ExtensionService#_doActivateExtension vscode.github, startup: true, activationEvent: '*'
2026-01-02 04:13:59.625 [info] Eager extensions activated
2026-01-02 04:13:59.629 [info] ExtensionService#_doActivateExtension vscode.debug-auto-launch, startup: false, activationEvent: 'onStartupFinished'
2026-01-02 04:13:59.640 [info] ExtensionService#_doActivateExtension vscode.merge-conflict, startup: false, activationEvent: 'onStartupFinished'
2026-01-02 04:14:04.208 [info] Extension host terminating: renderer closed the MessagePort
2026-01-02 04:14:04.235 [info] Extension host with pid 9177 exiting with code 0
2026-01-02 04:14:05.298 [info] Extension host with pid 9218 started
2026-01-02 04:14:05.298 [info] Skipping acquiring lock for /home/josie/.config/Code/User/workspaceStorage/45ac6a147485a009a849c1c818a7c44e.
2026-01-02 04:14:05.312 [info] ExtensionService#_doActivateExtension vscode.github-authentication, startup: false, activationEvent: 'onAuthenticationRequest:github'
2026-01-02 04:14:05.397 [info] ExtensionService#_doActivateExtension vscode.git-base, startup: true, activationEvent: '*', root cause: vscode.git
2026-01-02 04:14:05.412 [info] ExtensionService#_doActivateExtension vscode.git, startup: true, activationEvent: '*'
2026-01-02 04:14:05.479 [info] ExtensionService#_doActivateExtension vscode.github, startup: true, activationEvent: '*'
2026-01-02 04:14:05.654 [info] Eager extensions activated
2026-01-02 04:14:05.656 [info] ExtensionService#_doActivateExtension vscode.debug-auto-launch, startup: false, activationEvent: 'onStartupFinished'
2026-01-02 04:14:05.659 [info] ExtensionService#_doActivateExtension vscode.merge-conflict, startup: false, activationEvent: 'onStartupFinished'
2026-01-02 04:14:05.687 [info] ExtensionService#_doActivateExtension Catppuccin.catppuccin-vsc, startup: false, activationEvent: 'onStartupFinished'
2026-01-02 04:15:58.036 [info] ExtensionService#_doActivateExtension ms-python.python, startup: false, activationEvent: 'onCommand:python.createEnvironment'
2026-01-02 04:15:58.991 [info] ExtensionService#_doActivateExtension ms-python.vscode-pylance, startup: false, activationEvent: 'api', root cause: ms-python.python
2026-01-02 04:15:59.760 [info] ExtensionService#_doActivateExtension ms-python.vscode-python-envs, startup: false, activationEvent: 'api', root cause: ms-python.vscode-pylance
2026-01-02 04:16:03.340 [warning] DiagnosticCollection with name 'Pylance' does already exist.
2026-01-02 04:16:03.624 [warning] DiagnosticCollection with name 'Pylance' does already exist.
2026-01-02 04:16:19.252 [info] ExtensionService#_doActivateExtension vscode.emmet, startup: false, activationEvent: 'onLanguage'
2026-01-02 04:16:19.431 [info] ExtensionService#_doActivateExtension ms-python.debugpy, startup: false, activationEvent: 'onLanguage:python'
2026-01-02 04:17:01.576 [info] ExtensionService#_doActivateExtension vscode.terminal-suggest, startup: false, activationEvent: 'onTerminalShellIntegration:*'
2026-01-02 04:38:04.115 [info] ExtensionService#_doActivateExtension vscode.npm, startup: false, activationEvent: 'onTerminalQuickFixRequest:ms-vscode.npm-command'
