2026-01-02 04:13:27.494 [info] Reading sessions from keychain...
2026-01-02 04:13:27.494 [info] Getting sessions for all scopes...
2026-01-02 04:13:27.494 [info] Got stored sessions!
2026-01-02 04:13:27.494 [info] Got 2 verified sessions.
2026-01-02 04:13:27.494 [info] Got 2 sessions for ...
2026-01-02 04:13:27.494 [info] Getting sessions for all scopes...
2026-01-02 04:13:27.494 [info] Got 2 sessions for ...
2026-01-02 04:13:27.494 [info] Getting sessions for all scopes...
2026-01-02 04:13:27.494 [info] Got 2 sessions for ...
2026-01-02 04:13:27.494 [info] Getting sessions for all scopes...
2026-01-02 04:13:27.494 [info] Got 2 sessions for ...
2026-01-02 04:13:27.494 [info] Getting sessions for all scopes...
2026-01-02 04:13:27.494 [info] Got 2 sessions for ...
2026-01-02 04:13:27.495 [info] Getting sessions for all scopes...
2026-01-02 04:13:27.495 [info] Got 2 sessions for ...
2026-01-02 04:13:27.495 [info] Getting sessions for all scopes...
2026-01-02 04:13:27.495 [info] Got 2 sessions for ...
2026-01-02 04:13:27.495 [info] Getting sessions for all scopes...
2026-01-02 04:13:27.495 [info] Got 2 sessions for ...
2026-01-02 04:13:27.495 [info] Getting sessions for all scopes...
2026-01-02 04:13:27.495 [info] Got 2 sessions for ...
2026-01-02 04:13:27.495 [info] Getting sessions for all scopes...
2026-01-02 04:13:27.495 [info] Got 2 sessions for ...
2026-01-02 04:13:27.495 [info] Getting sessions for all scopes...
2026-01-02 04:13:27.495 [info] Got 2 sessions for ...
2026-01-02 04:13:27.495 [info] Getting sessions for all scopes...
2026-01-02 04:13:27.495 [info] Got 2 sessions for ...
2026-01-02 04:13:27.495 [info] Getting sessions for all scopes...
2026-01-02 04:13:27.495 [info] Got 2 sessions for ...
2026-01-02 04:13:27.496 [info] Getting sessions for all scopes...
2026-01-02 04:13:27.496 [info] Got 2 sessions for ...
2026-01-02 04:13:27.496 [info] Getting sessions for all scopes...
2026-01-02 04:13:27.496 [info] Got 2 sessions for ...
2026-01-02 04:13:27.496 [info] Getting sessions for all scopes...
2026-01-02 04:13:27.496 [info] Got 2 sessions for ...
2026-01-02 04:13:27.791 [info] Getting sessions for all scopes...
2026-01-02 04:13:27.791 [info] Got 2 sessions for ...
2026-01-02 04:13:28.857 [info] FetcherService: Electron fetch failed with status: 429 
2026-01-02 04:13:29.430 [info] FetcherService: Node fetch failed with status: 429 Too Many Requests
2026-01-02 04:13:29.910 [info] FetcherService: Node http/s failed with status: 429 Too Many Requests
2026-01-02 04:13:59.239 [info] Reading sessions from keychain...
2026-01-02 04:13:59.239 [info] Getting sessions for all scopes...
2026-01-02 04:13:59.240 [info] Got stored sessions!
2026-01-02 04:13:59.241 [info] Got 2 verified sessions.
2026-01-02 04:13:59.241 [info] Got 2 sessions for ...
2026-01-02 04:13:59.241 [info] Getting sessions for all scopes...
2026-01-02 04:13:59.241 [info] Got 2 sessions for ...
2026-01-02 04:13:59.241 [info] Getting sessions for all scopes...
2026-01-02 04:13:59.241 [info] Got 2 sessions for ...
2026-01-02 04:13:59.241 [info] Getting sessions for all scopes...
2026-01-02 04:13:59.241 [info] Got 2 sessions for ...
2026-01-02 04:13:59.241 [info] Getting sessions for all scopes...
2026-01-02 04:13:59.241 [info] Got 2 sessions for ...
2026-01-02 04:13:59.242 [info] Getting sessions for all scopes...
2026-01-02 04:13:59.242 [info] Got 2 sessions for ...
2026-01-02 04:13:59.242 [info] Getting sessions for all scopes...
2026-01-02 04:13:59.242 [info] Got 2 sessions for ...
2026-01-02 04:13:59.242 [info] Getting sessions for all scopes...
2026-01-02 04:13:59.242 [info] Got 2 sessions for ...
2026-01-02 04:13:59.242 [info] Getting sessions for all scopes...
2026-01-02 04:13:59.242 [info] Got 2 sessions for ...
2026-01-02 04:13:59.344 [info] Getting sessions for all scopes...
2026-01-02 04:13:59.344 [info] Got 2 sessions for ...
2026-01-02 04:13:59.351 [info] Getting sessions for all scopes...
2026-01-02 04:13:59.351 [info] Got 2 sessions for ...
2026-01-02 04:13:59.351 [info] Getting sessions for all scopes...
2026-01-02 04:13:59.351 [info] Got 2 sessions for ...
2026-01-02 04:13:59.362 [info] Getting sessions for all scopes...
2026-01-02 04:13:59.362 [info] Got 2 sessions for ...
2026-01-02 04:13:59.364 [info] Getting sessions for all scopes...
2026-01-02 04:13:59.364 [info] Got 2 sessions for ...
2026-01-02 04:13:59.365 [info] Getting sessions for all scopes...
2026-01-02 04:13:59.365 [info] Got 2 sessions for ...
2026-01-02 04:14:00.213 [info] Getting sessions for all scopes...
2026-01-02 04:14:00.213 [info] Got 2 sessions for ...
2026-01-02 04:14:00.519 [info] FetcherService: Electron fetch failed with status: 429 
2026-01-02 04:14:00.891 [info] FetcherService: Node fetch failed with status: 429 Too Many Requests
2026-01-02 04:14:01.224 [info] FetcherService: Node http/s failed with status: 429 Too Many Requests
2026-01-02 04:14:05.411 [info] Reading sessions from keychain...
2026-01-02 04:14:05.411 [info] Got stored sessions!
2026-01-02 04:14:05.411 [info] Got 2 verified sessions.
2026-01-02 04:14:05.411 [info] Getting sessions for all scopes...
2026-01-02 04:14:05.411 [info] Got 2 sessions for ...
2026-01-02 04:14:05.412 [info] Getting sessions for all scopes...
2026-01-02 04:14:05.412 [info] Got 2 sessions for ...
2026-01-02 04:14:05.412 [info] Getting sessions for all scopes...
2026-01-02 04:14:05.412 [info] Got 2 sessions for ...
2026-01-02 04:14:05.412 [info] Getting sessions for all scopes...
2026-01-02 04:14:05.412 [info] Got 2 sessions for ...
2026-01-02 04:14:05.412 [info] Getting sessions for all scopes...
2026-01-02 04:14:05.412 [info] Got 2 sessions for ...
2026-01-02 04:14:06.527 [info] FetcherService: Electron fetch failed with status: 429 
2026-01-02 04:14:06.942 [info] FetcherService: Node fetch failed with status: 429 Too Many Requests
2026-01-02 04:14:07.288 [info] FetcherService: Node http/s failed with status: 429 Too Many Requests
