2026-01-06 12:27:36.164 [info] [main] Log level: Info
2026-01-06 12:27:36.164 [info] [main] Validating found git in: "git"
2026-01-06 12:27:36.164 [info] [main] Using git "2.52.0" from "git"
2026-01-06 12:27:36.164 [info] [Model][doInitialScan] Initial repository scan started
2026-01-06 12:27:36.164 [info] > git rev-parse --show-toplevel [11ms]
2026-01-06 12:27:36.164 [info] fatal: not a git repository (or any parent up to mount point /)
Stopping at filesystem boundary (GIT_DISCOVERY_ACROSS_FILESYSTEM not set).
2026-01-06 12:27:36.164 [info] > git rev-parse --show-toplevel [73ms]
2026-01-06 12:27:36.164 [info] fatal: not a git repository (or any parent up to mount point /)
Stopping at filesystem boundary (GIT_DISCOVERY_ACROSS_FILESYSTEM not set).
2026-01-06 12:27:36.169 [info] > git rev-parse --show-toplevel [8ms]
2026-01-06 12:27:36.169 [info] fatal: not a git repository (or any parent up to mount point /)
Stopping at filesystem boundary (GIT_DISCOVERY_ACROSS_FILESYSTEM not set).
2026-01-06 12:27:36.175 [info] [Model][doInitialScan] Initial repository scan completed - repositories (0), closed repositories (0), parent repositories (0), unsafe repositories (0)
2026-01-06 12:27:36.297 [info] > git rev-parse --show-toplevel [3ms]
2026-01-06 12:27:36.297 [info] fatal: not a git repository (or any parent up to mount point /)
Stopping at filesystem boundary (GIT_DISCOVERY_ACROSS_FILESYSTEM not set).
2026-01-06 12:27:37.006 [info] > git rev-parse --show-toplevel [2ms]
2026-01-06 12:27:37.006 [info] fatal: not a git repository (or any parent up to mount point /)
Stopping at filesystem boundary (GIT_DISCOVERY_ACROSS_FILESYSTEM not set).
2026-01-06 12:27:37.131 [info] > git rev-parse --show-toplevel [4ms]
2026-01-06 12:27:37.132 [info] fatal: not a git repository (or any parent up to mount point /)
Stopping at filesystem boundary (GIT_DISCOVERY_ACROSS_FILESYSTEM not set).
2026-01-06 12:27:37.301 [info] > git rev-parse --show-toplevel [2ms]
2026-01-06 12:27:37.302 [info] fatal: not a git repository (or any parent up to mount point /)
Stopping at filesystem boundary (GIT_DISCOVERY_ACROSS_FILESYSTEM not set).
2026-01-06 12:28:54.988 [info] [main] Log level: Info
2026-01-06 12:28:54.989 [info] [main] Validating found git in: "git"
2026-01-06 12:28:54.989 [info] [main] Using git "2.52.0" from "git"
2026-01-06 12:28:54.989 [info] [Model][doInitialScan] Initial repository scan started
2026-01-06 12:28:54.989 [info] > git rev-parse --show-toplevel [27ms]
2026-01-06 12:28:54.989 [info] > git rev-parse --git-dir --git-common-dir --show-superproject-working-tree [15ms]
2026-01-06 12:28:54.989 [info] [Model][openRepository] Opened repository (path): /home/josie/Documents/programming/python/ppcli
2026-01-06 12:28:54.989 [info] [Model][openRepository] Opened repository (real path): /home/josie/Documents/programming/python/ppcli
2026-01-06 12:28:54.989 [info] [Model][openRepository] Opened repository (kind): repository
2026-01-06 12:28:54.989 [info] > git rev-parse --show-toplevel [56ms]
2026-01-06 12:28:54.989 [info] > git config --get commit.template [61ms]
2026-01-06 12:28:54.989 [info] > git rev-parse --show-toplevel [14ms]
2026-01-06 12:28:54.999 [info] > git for-each-ref --format=%(refname)%00%(upstream:short)%00%(objectname)%00%(upstream:track)%00%(upstream:remotename)%00%(upstream:remoteref) refs/heads/main refs/remotes/main [12ms]
2026-01-06 12:28:55.001 [info] > git rev-parse --show-toplevel [3ms]
2026-01-06 12:28:55.013 [info] > git rev-parse --show-toplevel [2ms]
2026-01-06 12:28:55.017 [info] [Model][doInitialScan] Initial repository scan completed - repositories (1), closed repositories (0), parent repositories (0), unsafe repositories (0)
2026-01-06 12:28:55.039 [info] > git status -z -uall [11ms]
2026-01-06 12:28:55.040 [info] > git for-each-ref --sort -committerdate --format %(refname)%00%(objectname)%00%(*objectname) [4ms]
2026-01-06 12:28:55.080 [info] > git for-each-ref --format=%(refname)%00%(upstream:short)%00%(objectname)%00%(upstream:track)%00%(upstream:remotename)%00%(upstream:remoteref) refs/heads/main refs/remotes/main [10ms]
2026-01-06 12:28:55.156 [info] > git config --get --local branch.main.vscode-merge-base [69ms]
2026-01-06 12:28:55.156 [warning] [Git][config] git config failed: Failed to execute git
2026-01-06 12:28:55.164 [info] > git config --get commit.template [84ms]
2026-01-06 12:28:55.177 [info] > git reflog main --grep-reflog=branch: Created from *. [14ms]
2026-01-06 12:28:55.351 [info] > git symbolic-ref --short refs/remotes/origin/HEAD [168ms]
2026-01-06 12:28:55.351 [info] fatal: ref refs/remotes/origin/HEAD is not a symbolic ref
2026-01-06 12:28:55.352 [warning] [Repository][getDefaultBranch] Failed to get default branch details: Failed to execute git.
2026-01-06 12:28:55.466 [info] > git merge-base refs/heads/main refs/remotes/origin/main [104ms]
2026-01-06 12:28:55.477 [info] > git for-each-ref --format=%(refname)%00%(upstream:short)%00%(objectname)%00%(upstream:track)%00%(upstream:remotename)%00%(upstream:remoteref) refs/heads/main refs/remotes/main [129ms]
2026-01-06 12:28:55.501 [info] > git check-ignore -v -z --stdin [17ms]
2026-01-06 12:28:55.502 [info] > git diff --name-status -z --diff-filter=ADMR --find-renames=50% b28ed62617516d3a5aa2420d7fc8cbb3bf406164...refs/remotes/origin/main -- [26ms]
2026-01-06 12:28:55.548 [info] > git status -z -uall [9ms]
2026-01-06 12:28:55.580 [info] > git show --textconv :main.py [21ms]
2026-01-06 12:28:55.583 [info] > git for-each-ref --sort -committerdate --format %(refname)%00%(objectname)%00%(*objectname) [36ms]
2026-01-06 12:28:55.601 [info] > git ls-files --stage -- main.py [24ms]
2026-01-06 12:28:55.620 [info] > git cat-file -s a8d9d2e48b5e3f898ded2e6b07f97075b5136e9c [12ms]
2026-01-06 12:28:55.786 [info] > git blame --root --incremental b28ed62617516d3a5aa2420d7fc8cbb3bf406164 -- main.py [3ms]
2026-01-06 12:32:43.749 [info] > git log --format=%H%n%aN%n%aE%n%at%n%ct%n%P%n%D%n%B -z --shortstat --diff-merges=first-parent -n50 --skip=0 --topo-order --decorate=full --stdin [17ms]
2026-01-06 12:32:44.889 [info] > git merge-base main origin/main [2ms]
2026-01-06 12:34:17.248 [info] > git config --get commit.template [6ms]
2026-01-06 12:34:17.248 [info] > git for-each-ref --format=%(refname)%00%(upstream:short)%00%(objectname)%00%(upstream:track)%00%(upstream:remotename)%00%(upstream:remoteref) refs/heads/main refs/remotes/main [2ms]
2026-01-06 12:34:17.262 [info] > git for-each-ref --sort -committerdate --format %(refname)%00%(objectname)%00%(*objectname) [2ms]
2026-01-06 12:34:17.264 [info] > git status -z -uall [10ms]
2026-01-06 12:34:23.047 [info] > git add -A -- . [3ms]
2026-01-06 12:34:23.596 [info] > git show --textconv :.git/COMMIT_EDITMSG [9ms]
2026-01-06 12:34:23.605 [info] > git hash-object -t tree /dev/null [2ms]
2026-01-06 12:34:23.605 [warning] [GitFileSystemProvider][readFile] File not found - git:/home/josie/Documents/programming/python/ppcli/.git/COMMIT_EDITMSG.git?%7B%22path%22%3A%22%2Fhome%2Fjosie%2FDocuments%2Fprogramming%2Fpython%2Fppcli%2F.git%2FCOMMIT_EDITMSG%22%2C%22ref%22%3A%22%22%7D
2026-01-06 12:34:23.605 [info] > git ls-files --stage -- .git/COMMIT_EDITMSG [10ms]
2026-01-06 12:34:23.606 [warning] [GitFileSystemProvider][stat] File not found - git:/home/josie/Documents/programming/python/ppcli/.git/COMMIT_EDITMSG.git?%7B%22path%22%3A%22%2Fhome%2Fjosie%2FDocuments%2Fprogramming%2Fpython%2Fppcli%2F.git%2FCOMMIT_EDITMSG%22%2C%22ref%22%3A%22%22%7D
2026-01-06 12:34:23.951 [info] > git check-ignore -v -z --stdin [2ms]
2026-01-06 12:34:26.483 [info] > git blame --root --incremental b28ed62617516d3a5aa2420d7fc8cbb3bf406164 -- .git/COMMIT_EDITMSG [11ms]
2026-01-06 12:34:26.483 [info] fatal: no such path .git/COMMIT_EDITMSG in b28ed62617516d3a5aa2420d7fc8cbb3bf406164
2026-01-06 12:34:34.643 [info] > git -c user.useConfigOnly=true commit --quiet [11591ms]
2026-01-06 12:34:34.644 [info] /bin/sh: warning: setlocale: LC_ALL: cannot change locale (en_US.UTF-8): No such file or directory
/bin/sh: warning: setlocale: LC_ALL: cannot change locale (en_US.UTF-8): No such file or directory
2026-01-06 12:34:34.660 [info] > git config --get commit.template [9ms]
2026-01-06 12:34:34.660 [info] > git for-each-ref --format=%(refname)%00%(upstream:short)%00%(objectname)%00%(upstream:track)%00%(upstream:remotename)%00%(upstream:remoteref) refs/heads/main refs/remotes/main [3ms]
2026-01-06 12:34:34.675 [info] > git status -z -uall [9ms]
2026-01-06 12:34:34.683 [info] > git for-each-ref --sort -committerdate --format %(refname)%00%(objectname)%00%(*objectname) [9ms]
2026-01-06 12:34:34.714 [info] > git merge-base refs/heads/main refs/remotes/origin/main [18ms]
2026-01-06 12:34:34.727 [info] > git diff --name-status -z --diff-filter=ADMR --find-renames=50% b28ed62617516d3a5aa2420d7fc8cbb3bf406164...refs/remotes/origin/main -- [3ms]
2026-01-06 12:34:34.839 [info] > git log --format=%H%n%aN%n%aE%n%at%n%ct%n%P%n%D%n%B -z --shortstat --diff-merges=first-parent -n50 --skip=0 --topo-order --decorate=full --stdin [6ms]
2026-01-06 12:34:34.891 [info] > git merge-base main origin/main [2ms]
2026-01-06 12:34:35.099 [info] > git show --textconv :main.py [21ms]
2026-01-06 12:34:35.103 [info] > git ls-files --stage -- main.py [6ms]
2026-01-06 12:34:35.114 [info] > git cat-file -s 1c01d72f45ac55974a83b8d1b189d40abd4e505e [2ms]
2026-01-06 12:34:35.245 [info] > git blame --root --incremental 73ac09142a18b5cc6b6c07fbb418de76632f4cad -- main.py [7ms]
2026-01-06 12:34:35.882 [info] > git ls-files --stage -- main.py [5ms]
2026-01-06 12:34:35.900 [info] > git cat-file -s 1c01d72f45ac55974a83b8d1b189d40abd4e505e [5ms]
2026-01-06 12:34:35.923 [info] > git show --textconv :main.py [5ms]
2026-01-06 12:34:36.327 [info] > git push origin main:main [1615ms]
2026-01-06 12:34:36.327 [info] /bin/sh: warning: setlocale: LC_ALL: cannot change locale (en_US.UTF-8): No such file or directory
/bin/sh: warning: setlocale: LC_ALL: cannot change locale (en_US.UTF-8): No such file or directory
To https://github.com/Josie5734/ppcli.git
   b28ed62..73ac091  main -> main
2026-01-06 12:34:36.362 [info] > git config --get commit.template [18ms]
2026-01-06 12:34:36.365 [info] > git for-each-ref --format=%(refname)%00%(upstream:short)%00%(objectname)%00%(upstream:track)%00%(upstream:remotename)%00%(upstream:remoteref) refs/heads/main refs/remotes/main [6ms]
2026-01-06 12:34:36.395 [info] > git status -z -uall [16ms]
2026-01-06 12:34:36.398 [info] > git for-each-ref --sort -committerdate --format %(refname)%00%(objectname)%00%(*objectname) [4ms]
2026-01-06 12:34:36.423 [info] > git merge-base refs/heads/main refs/remotes/origin/main [5ms]
2026-01-06 12:34:36.439 [info] > git diff --name-status -z --diff-filter=ADMR --find-renames=50% 73ac09142a18b5cc6b6c07fbb418de76632f4cad...refs/remotes/origin/main -- [9ms]
2026-01-06 12:34:36.451 [info] > git log --format=%H%n%aN%n%aE%n%at%n%ct%n%P%n%D%n%B -z --shortstat --diff-merges=first-parent -n50 --skip=0 --topo-order --decorate=full --stdin [14ms]
2026-01-06 12:34:36.456 [info] > git config --get commit.template [5ms]
2026-01-06 12:34:36.469 [info] > git for-each-ref --format=%(refname)%00%(upstream:short)%00%(objectname)%00%(upstream:track)%00%(upstream:remotename)%00%(upstream:remoteref) refs/heads/main refs/remotes/main [7ms]
2026-01-06 12:34:36.469 [info] > git merge-base main origin/main [1ms]
2026-01-06 12:34:36.484 [info] > git status -z -uall [6ms]
2026-01-06 12:34:36.486 [info] > git for-each-ref --sort -committerdate --format %(refname)%00%(objectname)%00%(*objectname) [2ms]
2026-01-06 12:34:53.611 [info] > git ls-files --stage -- main.py [3ms]
2026-01-06 12:34:53.617 [info] > git cat-file -s 1c01d72f45ac55974a83b8d1b189d40abd4e505e [2ms]
2026-01-06 12:34:53.625 [info] > git show --textconv :main.py [2ms]
2026-01-06 12:35:02.104 [info] > git config --get commit.template [3ms]
2026-01-06 12:35:02.119 [info] > git for-each-ref --format=%(refname)%00%(upstream:short)%00%(objectname)%00%(upstream:track)%00%(upstream:remotename)%00%(upstream:remoteref) refs/heads/main refs/remotes/main [5ms]
2026-01-06 12:35:02.141 [info] > git status -z -uall [15ms]
2026-01-06 12:35:02.144 [info] > git for-each-ref --sort -committerdate --format %(refname)%00%(objectname)%00%(*objectname) [10ms]
2026-01-06 12:35:02.202 [info] > git log --format=%H%n%aN%n%aE%n%at%n%ct%n%P%n%D%n%B -z --shortstat --diff-merges=first-parent -n50 --skip=0 --topo-order --decorate=full --stdin [4ms]
2026-01-06 12:35:02.219 [info] > git merge-base main origin/main [4ms]
2026-01-06 12:35:10.595 [info] > git config --get commit.template [2ms]
2026-01-06 12:35:10.603 [info] > git for-each-ref --format=%(refname)%00%(upstream:short)%00%(objectname)%00%(upstream:track)%00%(upstream:remotename)%00%(upstream:remoteref) refs/heads/main refs/remotes/main [2ms]
2026-01-06 12:35:10.624 [info] > git status -z -uall [10ms]
2026-01-06 12:35:10.625 [info] > git for-each-ref --sort -committerdate --format %(refname)%00%(objectname)%00%(*objectname) [3ms]
2026-01-06 12:35:10.648 [info] > git log --format=%H%n%aN%n%aE%n%at%n%ct%n%P%n%D%n%B -z --shortstat --diff-merges=first-parent -n50 --skip=0 --topo-order --decorate=full --stdin [7ms]
2026-01-06 12:35:10.674 [info] > git merge-base main origin/main [1ms]
2026-01-06 12:35:11.745 [info] > git ls-files --stage -- main.py [3ms]
2026-01-06 12:35:11.758 [info] > git cat-file -s 1c01d72f45ac55974a83b8d1b189d40abd4e505e [4ms]
2026-01-06 12:35:11.772 [info] > git show --textconv :main.py [3ms]
2026-01-06 12:35:15.869 [info] > git config --get commit.template [1ms]
2026-01-06 12:35:15.880 [info] > git for-each-ref --format=%(refname)%00%(upstream:short)%00%(objectname)%00%(upstream:track)%00%(upstream:remotename)%00%(upstream:remoteref) refs/heads/main refs/remotes/main [3ms]
2026-01-06 12:35:15.896 [info] > git status -z -uall [9ms]
2026-01-06 12:35:15.898 [info] > git for-each-ref --sort -committerdate --format %(refname)%00%(objectname)%00%(*objectname) [4ms]
2026-01-06 12:35:17.000 [info] > git ls-files --stage -- main.py [3ms]
2026-01-06 12:35:17.008 [info] > git cat-file -s 1c01d72f45ac55974a83b8d1b189d40abd4e505e [2ms]
2026-01-06 12:35:17.015 [info] > git show --textconv :main.py [2ms]
2026-01-06 12:46:50.859 [info] > git config --get commit.template [11ms]
2026-01-06 12:46:50.860 [info] > git for-each-ref --format=%(refname)%00%(upstream:short)%00%(objectname)%00%(upstream:track)%00%(upstream:remotename)%00%(upstream:remoteref) refs/heads/main refs/remotes/main [2ms]
2026-01-06 12:46:50.877 [info] > git status -z -uall [9ms]
2026-01-06 12:46:50.878 [info] > git for-each-ref --sort -committerdate --format %(refname)%00%(objectname)%00%(*objectname) [3ms]
2026-01-06 12:47:42.048 [info] > git config --get commit.template [4ms]
2026-01-06 12:47:42.058 [info] > git for-each-ref --format=%(refname)%00%(upstream:short)%00%(objectname)%00%(upstream:track)%00%(upstream:remotename)%00%(upstream:remoteref) refs/heads/main refs/remotes/main [3ms]
2026-01-06 12:47:42.069 [info] > git status -z -uall [6ms]
2026-01-06 12:47:42.070 [info] > git for-each-ref --sort -committerdate --format %(refname)%00%(objectname)%00%(*objectname) [2ms]
2026-01-06 12:47:46.112 [info] > git log --format=%H%n%aN%n%aE%n%at%n%ct%n%P%n%D%n%B -z --shortstat --diff-merges=first-parent -n50 --skip=0 --topo-order --decorate=full --stdin [3ms]
2026-01-06 12:47:46.159 [info] > git merge-base main origin/main [3ms]
2026-01-06 12:47:49.269 [info] > git add -A -- . [4ms]
2026-01-06 12:47:49.800 [info] > git show --textconv :.git/COMMIT_EDITMSG [19ms]
2026-01-06 12:47:49.802 [warning] [GitFileSystemProvider][readFile] File not found - git:/home/josie/Documents/programming/python/ppcli/.git/COMMIT_EDITMSG.git?%7B%22path%22%3A%22%2Fhome%2Fjosie%2FDocuments%2Fprogramming%2Fpython%2Fppcli%2F.git%2FCOMMIT_EDITMSG%22%2C%22ref%22%3A%22%22%7D
2026-01-06 12:47:49.804 [info] > git ls-files --stage -- .git/COMMIT_EDITMSG [6ms]
2026-01-06 12:47:49.808 [warning] [GitFileSystemProvider][stat] File not found - git:/home/josie/Documents/programming/python/ppcli/.git/COMMIT_EDITMSG.git?%7B%22path%22%3A%22%2Fhome%2Fjosie%2FDocuments%2Fprogramming%2Fpython%2Fppcli%2F.git%2FCOMMIT_EDITMSG%22%2C%22ref%22%3A%22%22%7D
2026-01-06 12:47:51.714 [info] > git blame --root --incremental 73ac09142a18b5cc6b6c07fbb418de76632f4cad -- .git/COMMIT_EDITMSG [2ms]
2026-01-06 12:47:51.715 [info] fatal: no such path .git/COMMIT_EDITMSG in 73ac09142a18b5cc6b6c07fbb418de76632f4cad
2026-01-06 12:48:02.774 [info] > git -c user.useConfigOnly=true commit --quiet [13499ms]
2026-01-06 12:48:02.774 [info] /bin/sh: warning: setlocale: LC_ALL: cannot change locale (en_US.UTF-8): No such file or directory
/bin/sh: warning: setlocale: LC_ALL: cannot change locale (en_US.UTF-8): No such file or directory
2026-01-06 12:48:02.790 [info] > git config --get commit.template [9ms]
2026-01-06 12:48:02.791 [info] > git for-each-ref --format=%(refname)%00%(upstream:short)%00%(objectname)%00%(upstream:track)%00%(upstream:remotename)%00%(upstream:remoteref) refs/heads/main refs/remotes/main [2ms]
2026-01-06 12:48:02.806 [info] > git status -z -uall [10ms]
2026-01-06 12:48:02.806 [info] > git for-each-ref --sort -committerdate --format %(refname)%00%(objectname)%00%(*objectname) [5ms]
2026-01-06 12:48:02.833 [info] > git merge-base refs/heads/main refs/remotes/origin/main [17ms]
2026-01-06 12:48:02.848 [info] > git diff --name-status -z --diff-filter=ADMR --find-renames=50% 73ac09142a18b5cc6b6c07fbb418de76632f4cad...refs/remotes/origin/main -- [3ms]
2026-01-06 12:48:02.946 [info] > git log --format=%H%n%aN%n%aE%n%at%n%ct%n%P%n%D%n%B -z --shortstat --diff-merges=first-parent -n50 --skip=0 --topo-order --decorate=full --stdin [5ms]
2026-01-06 12:48:03.015 [info] > git merge-base main origin/main [2ms]
2026-01-06 12:48:03.202 [info] > git show --textconv :main.py [10ms]
2026-01-06 12:48:03.204 [info] > git ls-files --stage -- main.py [3ms]
2026-01-06 12:48:03.213 [info] > git cat-file -s 5b94e71d16885df90824c5d1be3172195b48614b [3ms]
2026-01-06 12:48:03.262 [info] > git blame --root --incremental c3d4256e0ba0081e81c423207d56c89bbc8e028a -- main.py [3ms]
2026-01-06 12:48:04.354 [info] > git push origin main:main [1524ms]
2026-01-06 12:48:04.354 [info] /bin/sh: warning: setlocale: LC_ALL: cannot change locale (en_US.UTF-8): No such file or directory
/bin/sh: warning: setlocale: LC_ALL: cannot change locale (en_US.UTF-8): No such file or directory
To https://github.com/Josie5734/ppcli.git
   73ac091..c3d4256  main -> main
2026-01-06 12:48:04.374 [info] > git config --get commit.template [5ms]
2026-01-06 12:48:04.394 [info] > git for-each-ref --format=%(refname)%00%(upstream:short)%00%(objectname)%00%(upstream:track)%00%(upstream:remotename)%00%(upstream:remoteref) refs/heads/main refs/remotes/main [7ms]
2026-01-06 12:48:04.424 [info] > git status -z -uall [16ms]
2026-01-06 12:48:04.430 [info] > git for-each-ref --sort -committerdate --format %(refname)%00%(objectname)%00%(*objectname) [8ms]
2026-01-06 12:48:04.452 [info] > git merge-base refs/heads/main refs/remotes/origin/main [3ms]
2026-01-06 12:48:04.468 [info] > git diff --name-status -z --diff-filter=ADMR --find-renames=50% c3d4256e0ba0081e81c423207d56c89bbc8e028a...refs/remotes/origin/main -- [9ms]
2026-01-06 12:48:04.471 [info] > git log --format=%H%n%aN%n%aE%n%at%n%ct%n%P%n%D%n%B -z --shortstat --diff-merges=first-parent -n50 --skip=0 --topo-order --decorate=full --stdin [4ms]
2026-01-06 12:48:04.492 [info] > git config --get commit.template [7ms]
2026-01-06 12:48:04.499 [info] > git merge-base main origin/main [7ms]
2026-01-06 12:48:04.500 [info] > git for-each-ref --format=%(refname)%00%(upstream:short)%00%(objectname)%00%(upstream:track)%00%(upstream:remotename)%00%(upstream:remoteref) refs/heads/main refs/remotes/main [2ms]
2026-01-06 12:48:04.514 [info] > git status -z -uall [8ms]
2026-01-06 12:48:04.516 [info] > git for-each-ref --sort -committerdate --format %(refname)%00%(objectname)%00%(*objectname) [2ms]
2026-01-06 12:48:05.546 [info] > git ls-files --stage -- main.py [2ms]
2026-01-06 12:48:05.552 [info] > git cat-file -s 5b94e71d16885df90824c5d1be3172195b48614b [1ms]
2026-01-06 12:48:05.560 [info] > git show --textconv :main.py [1ms]
2026-01-06 12:53:18.701 [info] > git config --get commit.template [21ms]
2026-01-06 12:53:18.703 [info] > git for-each-ref --format=%(refname)%00%(upstream:short)%00%(objectname)%00%(upstream:track)%00%(upstream:remotename)%00%(upstream:remoteref) refs/heads/main refs/remotes/main [5ms]
2026-01-06 12:53:18.727 [info] > git status -z -uall [10ms]
2026-01-06 12:53:18.729 [info] > git for-each-ref --sort -committerdate --format %(refname)%00%(objectname)%00%(*objectname) [3ms]
2026-01-06 12:53:40.913 [info] > git config --get commit.template [14ms]
2026-01-06 12:53:40.916 [info] > git for-each-ref --format=%(refname)%00%(upstream:short)%00%(objectname)%00%(upstream:track)%00%(upstream:remotename)%00%(upstream:remoteref) refs/heads/main refs/remotes/main [5ms]
2026-01-06 12:53:40.942 [info] > git status -z -uall [13ms]
2026-01-06 12:53:40.943 [info] > git for-each-ref --sort -committerdate --format %(refname)%00%(objectname)%00%(*objectname) [4ms]
2026-01-06 12:53:51.068 [info] > git add -A -- . [5ms]
2026-01-06 12:53:51.627 [info] > git show --textconv :.git/COMMIT_EDITMSG [8ms]
2026-01-06 12:53:51.628 [warning] [GitFileSystemProvider][readFile] File not found - git:/home/josie/Documents/programming/python/ppcli/.git/COMMIT_EDITMSG.git?%7B%22path%22%3A%22%2Fhome%2Fjosie%2FDocuments%2Fprogramming%2Fpython%2Fppcli%2F.git%2FCOMMIT_EDITMSG%22%2C%22ref%22%3A%22%22%7D
2026-01-06 12:53:51.629 [info] > git ls-files --stage -- .git/COMMIT_EDITMSG [3ms]
2026-01-06 12:53:51.629 [warning] [GitFileSystemProvider][stat] File not found - git:/home/josie/Documents/programming/python/ppcli/.git/COMMIT_EDITMSG.git?%7B%22path%22%3A%22%2Fhome%2Fjosie%2FDocuments%2Fprogramming%2Fpython%2Fppcli%2F.git%2FCOMMIT_EDITMSG%22%2C%22ref%22%3A%22%22%7D
2026-01-06 12:53:53.914 [info] > git blame --root --incremental c3d4256e0ba0081e81c423207d56c89bbc8e028a -- .git/COMMIT_EDITMSG [5ms]
2026-01-06 12:53:53.914 [info] fatal: no such path .git/COMMIT_EDITMSG in c3d4256e0ba0081e81c423207d56c89bbc8e028a
2026-01-06 12:54:03.166 [info] > git -c user.useConfigOnly=true commit --quiet [12092ms]
2026-01-06 12:54:03.166 [info] /bin/sh: warning: setlocale: LC_ALL: cannot change locale (en_US.UTF-8): No such file or directory
/bin/sh: warning: setlocale: LC_ALL: cannot change locale (en_US.UTF-8): No such file or directory
2026-01-06 12:54:03.177 [info] > git config --get commit.template [5ms]
2026-01-06 12:54:03.179 [info] > git for-each-ref --format=%(refname)%00%(upstream:short)%00%(objectname)%00%(upstream:track)%00%(upstream:remotename)%00%(upstream:remoteref) refs/heads/main refs/remotes/main [2ms]
2026-01-06 12:54:03.195 [info] > git status -z -uall [10ms]
2026-01-06 12:54:03.196 [info] > git for-each-ref --sort -committerdate --format %(refname)%00%(objectname)%00%(*objectname) [4ms]
2026-01-06 12:54:03.224 [info] > git merge-base refs/heads/main refs/remotes/origin/main [18ms]
2026-01-06 12:54:03.243 [info] > git diff --name-status -z --diff-filter=ADMR --find-renames=50% c3d4256e0ba0081e81c423207d56c89bbc8e028a...refs/remotes/origin/main -- [7ms]
2026-01-06 12:54:03.352 [info] > git log --format=%H%n%aN%n%aE%n%at%n%ct%n%P%n%D%n%B -z --shortstat --diff-merges=first-parent -n50 --skip=0 --topo-order --decorate=full --stdin [8ms]
2026-01-06 12:54:03.442 [info] > git merge-base main origin/main [3ms]
2026-01-06 12:54:03.610 [info] > git show --textconv :main.py [7ms]
2026-01-06 12:54:03.611 [info] > git ls-files --stage -- main.py [1ms]
2026-01-06 12:54:03.620 [info] > git cat-file -s 4df5d11223d4f2da012f0d07226bbb85b3db39d5 [2ms]
2026-01-06 12:54:03.669 [info] > git blame --root --incremental ee9d54b7ccebac14c1c52afcbe994ac6cc77aef2 -- main.py [6ms]
2026-01-06 12:54:04.379 [info] > git ls-files --stage -- main.py [1ms]
2026-01-06 12:54:04.387 [info] > git cat-file -s 4df5d11223d4f2da012f0d07226bbb85b3db39d5 [2ms]
2026-01-06 12:54:04.396 [info] > git show --textconv :main.py [2ms]
2026-01-06 12:54:04.902 [info] > git push origin main:main [1685ms]
2026-01-06 12:54:04.902 [info] /bin/sh: warning: setlocale: LC_ALL: cannot change locale (en_US.UTF-8): No such file or directory
/bin/sh: warning: setlocale: LC_ALL: cannot change locale (en_US.UTF-8): No such file or directory
To https://github.com/Josie5734/ppcli.git
   c3d4256..ee9d54b  main -> main
2026-01-06 12:54:04.914 [info] > git config --get commit.template [6ms]
2026-01-06 12:54:04.916 [info] > git for-each-ref --format=%(refname)%00%(upstream:short)%00%(objectname)%00%(upstream:track)%00%(upstream:remotename)%00%(upstream:remoteref) refs/heads/main refs/remotes/main [2ms]
2026-01-06 12:54:04.929 [info] > git status -z -uall [7ms]
2026-01-06 12:54:04.930 [info] > git for-each-ref --sort -committerdate --format %(refname)%00%(objectname)%00%(*objectname) [2ms]
2026-01-06 12:54:04.945 [info] > git merge-base refs/heads/main refs/remotes/origin/main [2ms]
2026-01-06 12:54:04.955 [info] > git diff --name-status -z --diff-filter=ADMR --find-renames=50% ee9d54b7ccebac14c1c52afcbe994ac6cc77aef2...refs/remotes/origin/main -- [4ms]
2026-01-06 12:54:04.977 [info] > git log --format=%H%n%aN%n%aE%n%at%n%ct%n%P%n%D%n%B -z --shortstat --diff-merges=first-parent -n50 --skip=0 --topo-order --decorate=full --stdin [12ms]
2026-01-06 12:54:04.988 [info] > git config --get commit.template [11ms]
2026-01-06 12:54:04.998 [info] > git for-each-ref --format=%(refname)%00%(upstream:short)%00%(objectname)%00%(upstream:track)%00%(upstream:remotename)%00%(upstream:remoteref) refs/heads/main refs/remotes/main [2ms]
2026-01-06 12:54:05.015 [info] > git status -z -uall [7ms]
2026-01-06 12:54:05.023 [info] > git for-each-ref --sort -committerdate --format %(refname)%00%(objectname)%00%(*objectname) [9ms]
2026-01-06 12:54:05.029 [info] > git merge-base main origin/main [7ms]
2026-01-06 12:54:06.113 [info] > git ls-files --stage -- main.py [5ms]
2026-01-06 12:54:06.130 [info] > git cat-file -s 4df5d11223d4f2da012f0d07226bbb85b3db39d5 [5ms]
2026-01-06 12:54:06.153 [info] > git show --textconv :main.py [5ms]
2026-01-06 12:57:45.262 [info] > git show --textconv :create_db.py [17ms]
2026-01-06 12:57:45.265 [info] > git ls-files --stage -- create_db.py [5ms]
2026-01-06 12:57:45.275 [info] > git cat-file -s 6149b7dc7b4e98b6364c99750998fa4c33f0d972 [2ms]
2026-01-06 12:57:45.299 [info] > git blame --root --incremental ee9d54b7ccebac14c1c52afcbe994ac6cc77aef2 -- create_db.py [3ms]
2026-01-06 12:57:58.703 [info] > git ls-files --stage -- main.py [1ms]
2026-01-06 12:57:58.708 [info] > git show --textconv :main.py [14ms]
2026-01-06 12:57:58.709 [info] > git cat-file -s 4df5d11223d4f2da012f0d07226bbb85b3db39d5 [1ms]
2026-01-06 13:04:17.090 [info] > git config --get commit.template [16ms]
2026-01-06 13:04:17.094 [info] > git for-each-ref --format=%(refname)%00%(upstream:short)%00%(objectname)%00%(upstream:track)%00%(upstream:remotename)%00%(upstream:remoteref) refs/heads/main refs/remotes/main [5ms]
2026-01-06 13:04:17.126 [info] > git status -z -uall [17ms]
2026-01-06 13:04:17.131 [info] > git for-each-ref --sort -committerdate --format %(refname)%00%(objectname)%00%(*objectname) [7ms]
2026-01-06 13:06:13.285 [info] > git add -A -- . [6ms]
2026-01-06 13:06:13.299 [info] > git config --get commit.template [7ms]
2026-01-06 13:06:13.300 [info] > git for-each-ref --format=%(refname)%00%(upstream:short)%00%(objectname)%00%(upstream:track)%00%(upstream:remotename)%00%(upstream:remoteref) refs/heads/main refs/remotes/main [2ms]
2026-01-06 13:06:13.311 [info] > git status -z -uall [6ms]
2026-01-06 13:06:13.312 [info] > git for-each-ref --sort -committerdate --format %(refname)%00%(objectname)%00%(*objectname) [2ms]
2026-01-06 13:06:13.643 [info] > git show --textconv HEAD:main.py [8ms]
2026-01-06 13:06:13.646 [info] > git ls-tree -l HEAD -- main.py [3ms]
2026-01-06 13:06:14.044 [info] > git show --textconv :.git/COMMIT_EDITMSG [9ms]
2026-01-06 13:06:14.045 [warning] [GitFileSystemProvider][readFile] File not found - git:/home/josie/Documents/programming/python/ppcli/.git/COMMIT_EDITMSG.git?%7B%22path%22%3A%22%2Fhome%2Fjosie%2FDocuments%2Fprogramming%2Fpython%2Fppcli%2F.git%2FCOMMIT_EDITMSG%22%2C%22ref%22%3A%22%22%7D
2026-01-06 13:06:14.046 [info] > git ls-files --stage -- .git/COMMIT_EDITMSG [3ms]
2026-01-06 13:06:14.046 [warning] [GitFileSystemProvider][stat] File not found - git:/home/josie/Documents/programming/python/ppcli/.git/COMMIT_EDITMSG.git?%7B%22path%22%3A%22%2Fhome%2Fjosie%2FDocuments%2Fprogramming%2Fpython%2Fppcli%2F.git%2FCOMMIT_EDITMSG%22%2C%22ref%22%3A%22%22%7D
2026-01-06 13:06:15.404 [info] > git blame --root --incremental ee9d54b7ccebac14c1c52afcbe994ac6cc77aef2 -- .git/COMMIT_EDITMSG [9ms]
2026-01-06 13:06:15.404 [info] fatal: no such path .git/COMMIT_EDITMSG in ee9d54b7ccebac14c1c52afcbe994ac6cc77aef2
2026-01-06 13:06:31.741 [info] > git -c user.useConfigOnly=true commit --quiet [18417ms]
2026-01-06 13:06:31.741 [info] /bin/sh: warning: setlocale: LC_ALL: cannot change locale (en_US.UTF-8): No such file or directory
/bin/sh: warning: setlocale: LC_ALL: cannot change locale (en_US.UTF-8): No such file or directory
2026-01-06 13:06:31.758 [info] > git config --get commit.template [6ms]
2026-01-06 13:06:31.759 [info] > git for-each-ref --format=%(refname)%00%(upstream:short)%00%(objectname)%00%(upstream:track)%00%(upstream:remotename)%00%(upstream:remoteref) refs/heads/main refs/remotes/main [2ms]
2026-01-06 13:06:31.773 [info] > git status -z -uall [7ms]
2026-01-06 13:06:31.775 [info] > git for-each-ref --sort -committerdate --format %(refname)%00%(objectname)%00%(*objectname) [2ms]
2026-01-06 13:06:31.797 [info] > git merge-base refs/heads/main refs/remotes/origin/main [11ms]
2026-01-06 13:06:31.806 [info] > git diff --name-status -z --diff-filter=ADMR --find-renames=50% ee9d54b7ccebac14c1c52afcbe994ac6cc77aef2...refs/remotes/origin/main -- [1ms]
2026-01-06 13:06:31.988 [info] > git log --format=%H%n%aN%n%aE%n%at%n%ct%n%P%n%D%n%B -z --shortstat --diff-merges=first-parent -n50 --skip=0 --topo-order --decorate=full --stdin [13ms]
2026-01-06 13:06:32.034 [info] > git merge-base main origin/main [4ms]
2026-01-06 13:06:32.216 [info] > git show --textconv :main.py [10ms]
2026-01-06 13:06:32.217 [info] > git ls-files --stage -- main.py [2ms]
2026-01-06 13:06:32.227 [info] > git cat-file -s a4f3195554a39c28079d36f3301bee4190ecc1c1 [2ms]
2026-01-06 13:06:32.301 [info] > git blame --root --incremental f1f113a6cac196ef0c3cf7bf854ac7d725e3d5ab -- main.py [5ms]
2026-01-06 13:06:33.044 [info] > git ls-files --stage -- main.py [4ms]
2026-01-06 13:06:33.062 [info] > git cat-file -s a4f3195554a39c28079d36f3301bee4190ecc1c1 [4ms]
2026-01-06 13:06:33.087 [info] > git show --textconv :main.py [8ms]
2026-01-06 13:06:33.373 [info] > git push origin main:main [1577ms]
2026-01-06 13:06:33.373 [info] /bin/sh: warning: setlocale: LC_ALL: cannot change locale (en_US.UTF-8): No such file or directory
/bin/sh: warning: setlocale: LC_ALL: cannot change locale (en_US.UTF-8): No such file or directory
To https://github.com/Josie5734/ppcli.git
   ee9d54b..f1f113a  main -> main
2026-01-06 13:06:33.407 [info] > git config --get commit.template [17ms]
2026-01-06 13:06:33.410 [info] > git for-each-ref --format=%(refname)%00%(upstream:short)%00%(objectname)%00%(upstream:track)%00%(upstream:remotename)%00%(upstream:remoteref) refs/heads/main refs/remotes/main [4ms]
2026-01-06 13:06:33.429 [info] > git status -z -uall [9ms]
2026-01-06 13:06:33.432 [info] > git for-each-ref --sort -committerdate --format %(refname)%00%(objectname)%00%(*objectname) [3ms]
2026-01-06 13:06:33.451 [info] > git merge-base refs/heads/main refs/remotes/origin/main [3ms]
2026-01-06 13:06:33.462 [info] > git diff --name-status -z --diff-filter=ADMR --find-renames=50% f1f113a6cac196ef0c3cf7bf854ac7d725e3d5ab...refs/remotes/origin/main -- [3ms]
2026-01-06 13:06:33.482 [info] > git config --get commit.template [2ms]
2026-01-06 13:06:33.482 [info] > git log --format=%H%n%aN%n%aE%n%at%n%ct%n%P%n%D%n%B -z --shortstat --diff-merges=first-parent -n50 --skip=0 --topo-order --decorate=full --stdin [13ms]
2026-01-06 13:06:33.501 [info] > git for-each-ref --format=%(refname)%00%(upstream:short)%00%(objectname)%00%(upstream:track)%00%(upstream:remotename)%00%(upstream:remoteref) refs/heads/main refs/remotes/main [7ms]
2026-01-06 13:06:33.513 [info] > git status -z -uall [6ms]
2026-01-06 13:06:33.513 [info] > git merge-base main origin/main [13ms]
2026-01-06 13:06:33.515 [info] > git for-each-ref --sort -committerdate --format %(refname)%00%(objectname)%00%(*objectname) [2ms]
2026-01-06 13:06:34.552 [info] > git ls-files --stage -- main.py [3ms]
2026-01-06 13:06:34.559 [info] > git cat-file -s a4f3195554a39c28079d36f3301bee4190ecc1c1 [1ms]
2026-01-06 13:06:34.567 [info] > git show --textconv :main.py [2ms]
2026-01-06 13:07:27.245 [info] > git show --textconv :edit_db.py [19ms]
2026-01-06 13:07:27.250 [info] > git ls-files --stage -- edit_db.py [7ms]
2026-01-06 13:07:27.261 [info] > git cat-file -s 716d0e3657be2aaf86a699eabf2fb1548c06e243 [3ms]
2026-01-06 13:07:27.277 [info] > git blame --root --incremental f1f113a6cac196ef0c3cf7bf854ac7d725e3d5ab -- edit_db.py [2ms]
2026-01-06 13:07:37.474 [info] > git show --textconv :main.py [14ms]
2026-01-06 13:07:37.476 [info] > git ls-files --stage -- main.py [3ms]
2026-01-06 13:07:37.486 [info] > git cat-file -s a4f3195554a39c28079d36f3301bee4190ecc1c1 [2ms]
2026-01-06 13:09:58.529 [info] > git config --get commit.template [3ms]
2026-01-06 13:09:58.539 [info] > git for-each-ref --format=%(refname)%00%(upstream:short)%00%(objectname)%00%(upstream:track)%00%(upstream:remotename)%00%(upstream:remoteref) refs/heads/main refs/remotes/main [3ms]
2026-01-06 13:09:58.554 [info] > git status -z -uall [7ms]
2026-01-06 13:09:58.555 [info] > git for-each-ref --sort -committerdate --format %(refname)%00%(objectname)%00%(*objectname) [2ms]
2026-01-06 13:15:29.920 [info] > git show --textconv :edit_db.py [17ms]
2026-01-06 13:15:29.923 [info] > git ls-files --stage -- edit_db.py [5ms]
2026-01-06 13:15:29.932 [info] > git cat-file -s 716d0e3657be2aaf86a699eabf2fb1548c06e243 [2ms]
2026-01-06 13:15:47.838 [info] > git show --textconv :database.py [7ms]
2026-01-06 13:15:47.838 [warning] [GitFileSystemProvider][readFile] File not found - git:/home/josie/Documents/programming/python/ppcli/database.py.git?%7B%22path%22%3A%22%2Fhome%2Fjosie%2FDocuments%2Fprogramming%2Fpython%2Fppcli%2Fdatabase.py%22%2C%22ref%22%3A%22%22%7D
2026-01-06 13:15:47.839 [info] > git ls-files --stage -- database.py [2ms]
2026-01-06 13:15:47.840 [warning] [GitFileSystemProvider][stat] File not found - git:/home/josie/Documents/programming/python/ppcli/database.py.git?%7B%22path%22%3A%22%2Fhome%2Fjosie%2FDocuments%2Fprogramming%2Fpython%2Fppcli%2Fdatabase.py%22%2C%22ref%22%3A%22%22%7D
2026-01-06 13:15:47.863 [info] > git blame --root --incremental f1f113a6cac196ef0c3cf7bf854ac7d725e3d5ab -- database.py [3ms]
2026-01-06 13:15:47.863 [info] fatal: no such path database.py in f1f113a6cac196ef0c3cf7bf854ac7d725e3d5ab
2026-01-06 13:15:48.101 [info] > git check-ignore -v -z --stdin [1ms]
2026-01-06 13:15:48.696 [info] > git config --get commit.template [5ms]
2026-01-06 13:15:48.705 [info] > git for-each-ref --format=%(refname)%00%(upstream:short)%00%(objectname)%00%(upstream:track)%00%(upstream:remotename)%00%(upstream:remoteref) refs/heads/main refs/remotes/main [10ms]
2026-01-06 13:15:48.716 [info] > git status -z -uall [6ms]
2026-01-06 13:15:48.717 [info] > git for-each-ref --sort -committerdate --format %(refname)%00%(objectname)%00%(*objectname) [2ms]
2026-01-06 13:16:19.340 [info] > git show --textconv :create_db.py [16ms]
2026-01-06 13:16:19.343 [info] > git ls-files --stage -- create_db.py [5ms]
2026-01-06 13:16:19.356 [info] > git cat-file -s 6149b7dc7b4e98b6364c99750998fa4c33f0d972 [2ms]
2026-01-06 13:16:19.389 [info] > git blame --root --incremental f1f113a6cac196ef0c3cf7bf854ac7d725e3d5ab -- create_db.py [12ms]
2026-01-06 13:17:52.736 [info] > git config --get commit.template [8ms]
2026-01-06 13:17:52.737 [info] > git for-each-ref --format=%(refname)%00%(upstream:short)%00%(objectname)%00%(upstream:track)%00%(upstream:remotename)%00%(upstream:remoteref) refs/heads/main refs/remotes/main [2ms]
2026-01-06 13:17:52.748 [info] > git status -z -uall [7ms]
2026-01-06 13:17:52.749 [info] > git for-each-ref --sort -committerdate --format %(refname)%00%(objectname)%00%(*objectname) [2ms]
2026-01-06 13:17:53.981 [info] > git ls-files --stage -- main.py [2ms]
2026-01-06 13:17:53.990 [info] > git show --textconv :main.py [21ms]
2026-01-06 13:17:53.991 [info] > git cat-file -s a4f3195554a39c28079d36f3301bee4190ecc1c1 [2ms]
2026-01-06 13:18:08.862 [info] > git show --textconv :main.py [17ms]
2026-01-06 13:18:08.867 [info] > git ls-files --stage -- main.py [10ms]
2026-01-06 13:18:08.878 [info] > git cat-file -s a4f3195554a39c28079d36f3301bee4190ecc1c1 [2ms]
2026-01-06 13:18:29.421 [info] > git config --get commit.template [6ms]
2026-01-06 13:18:29.423 [info] > git for-each-ref --format=%(refname)%00%(upstream:short)%00%(objectname)%00%(upstream:track)%00%(upstream:remotename)%00%(upstream:remoteref) refs/heads/main refs/remotes/main [3ms]
2026-01-06 13:18:29.435 [info] > git status -z -uall [6ms]
2026-01-06 13:18:29.436 [info] > git for-each-ref --sort -committerdate --format %(refname)%00%(objectname)%00%(*objectname) [2ms]
2026-01-06 13:18:30.413 [info] > git show --textconv :main.py [18ms]
2026-01-06 13:18:30.415 [info] > git ls-files --stage -- main.py [7ms]
2026-01-06 13:18:30.425 [info] > git cat-file -s a4f3195554a39c28079d36f3301bee4190ecc1c1 [2ms]
2026-01-06 13:18:51.335 [info] > git config --get commit.template [10ms]
2026-01-06 13:18:51.337 [info] > git for-each-ref --format=%(refname)%00%(upstream:short)%00%(objectname)%00%(upstream:track)%00%(upstream:remotename)%00%(upstream:remoteref) refs/heads/main refs/remotes/main [3ms]
2026-01-06 13:18:51.349 [info] > git status -z -uall [7ms]
2026-01-06 13:18:51.350 [info] > git for-each-ref --sort -committerdate --format %(refname)%00%(objectname)%00%(*objectname) [2ms]
2026-01-06 13:19:04.448 [info] > git config --get commit.template [15ms]
2026-01-06 13:19:04.452 [info] > git for-each-ref --format=%(refname)%00%(upstream:short)%00%(objectname)%00%(upstream:track)%00%(upstream:remotename)%00%(upstream:remoteref) refs/heads/main refs/remotes/main [5ms]
2026-01-06 13:19:04.480 [info] > git status -z -uall [15ms]
2026-01-06 13:19:04.484 [info] > git for-each-ref --sort -committerdate --format %(refname)%00%(objectname)%00%(*objectname) [6ms]
2026-01-06 13:19:56.402 [info] > git show --textconv :main.py [8ms]
2026-01-06 13:19:56.406 [info] > git ls-files --stage -- main.py [5ms]
2026-01-06 13:19:56.413 [info] > git cat-file -s a4f3195554a39c28079d36f3301bee4190ecc1c1 [2ms]
2026-01-06 13:20:34.998 [info] > git show --textconv :main.py [13ms]
2026-01-06 13:20:35.000 [info] > git ls-files --stage -- main.py [3ms]
2026-01-06 13:20:35.006 [info] > git cat-file -s a4f3195554a39c28079d36f3301bee4190ecc1c1 [2ms]
2026-01-06 13:21:37.301 [info] > git config --get commit.template [14ms]
2026-01-06 13:21:37.304 [info] > git for-each-ref --format=%(refname)%00%(upstream:short)%00%(objectname)%00%(upstream:track)%00%(upstream:remotename)%00%(upstream:remoteref) refs/heads/main refs/remotes/main [5ms]
2026-01-06 13:21:37.331 [info] > git status -z -uall [13ms]
2026-01-06 13:21:37.335 [info] > git for-each-ref --sort -committerdate --format %(refname)%00%(objectname)%00%(*objectname) [5ms]
2026-01-06 13:22:07.722 [info] > git show --textconv :create_db.py [6ms]
2026-01-06 13:22:07.725 [info] > git ls-files --stage -- create_db.py [3ms]
2026-01-06 13:22:07.732 [info] > git cat-file -s 6149b7dc7b4e98b6364c99750998fa4c33f0d972 [3ms]
2026-01-06 13:22:54.335 [info] > git config --get commit.template [7ms]
2026-01-06 13:22:54.336 [info] > git for-each-ref --format=%(refname)%00%(upstream:short)%00%(objectname)%00%(upstream:track)%00%(upstream:remotename)%00%(upstream:remoteref) refs/heads/main refs/remotes/main [2ms]
2026-01-06 13:22:54.348 [info] > git status -z -uall [5ms]
2026-01-06 13:22:54.349 [info] > git for-each-ref --sort -committerdate --format %(refname)%00%(objectname)%00%(*objectname) [2ms]
2026-01-06 13:22:56.065 [info] > git show --textconv :create_db.py [6ms]
2026-01-06 13:22:56.066 [info] > git ls-files --stage -- create_db.py [2ms]
2026-01-06 13:22:56.072 [info] > git cat-file -s 6149b7dc7b4e98b6364c99750998fa4c33f0d972 [2ms]
2026-01-06 13:22:57.597 [info] > git show --textconv :main.py [17ms]
2026-01-06 13:22:57.599 [info] > git ls-files --stage -- main.py [3ms]
2026-01-06 13:22:57.608 [info] > git cat-file -s a4f3195554a39c28079d36f3301bee4190ecc1c1 [2ms]
2026-01-06 13:22:59.368 [info] > git config --get commit.template [7ms]
2026-01-06 13:22:59.369 [info] > git for-each-ref --format=%(refname)%00%(upstream:short)%00%(objectname)%00%(upstream:track)%00%(upstream:remotename)%00%(upstream:remoteref) refs/heads/main refs/remotes/main [2ms]
2026-01-06 13:22:59.381 [info] > git status -z -uall [6ms]
2026-01-06 13:22:59.385 [info] > git for-each-ref --sort -committerdate --format %(refname)%00%(objectname)%00%(*objectname) [4ms]
2026-01-06 13:23:28.292 [info] > git config --get commit.template [17ms]
2026-01-06 13:23:28.295 [info] > git for-each-ref --format=%(refname)%00%(upstream:short)%00%(objectname)%00%(upstream:track)%00%(upstream:remotename)%00%(upstream:remoteref) refs/heads/main refs/remotes/main [5ms]
2026-01-06 13:23:28.321 [info] > git status -z -uall [14ms]
2026-01-06 13:23:28.324 [info] > git for-each-ref --sort -committerdate --format %(refname)%00%(objectname)%00%(*objectname) [4ms]
2026-01-06 13:23:37.340 [info] > git show --textconv :dummydata/dummydata.py [8ms]
2026-01-06 13:23:37.342 [info] > git ls-files --stage -- dummydata/dummydata.py [3ms]
2026-01-06 13:23:37.359 [info] > git cat-file -s 54179055b8d57facdfa7ca2c6b31f34177480b76 [10ms]
2026-01-06 13:23:37.391 [info] > git blame --root --incremental f1f113a6cac196ef0c3cf7bf854ac7d725e3d5ab -- dummydata/dummydata.py [2ms]
2026-01-06 13:23:37.810 [info] > git check-ignore -v -z --stdin [4ms]
2026-01-06 13:24:08.581 [info] > git config --get commit.template [14ms]
2026-01-06 13:24:08.584 [info] > git for-each-ref --format=%(refname)%00%(upstream:short)%00%(objectname)%00%(upstream:track)%00%(upstream:remotename)%00%(upstream:remoteref) refs/heads/main refs/remotes/main [4ms]
2026-01-06 13:24:08.601 [info] > git status -z -uall [8ms]
2026-01-06 13:24:08.602 [info] > git for-each-ref --sort -committerdate --format %(refname)%00%(objectname)%00%(*objectname) [2ms]
2026-01-06 13:24:23.717 [info] > git config --get commit.template [12ms]
2026-01-06 13:24:23.719 [info] > git for-each-ref --format=%(refname)%00%(upstream:short)%00%(objectname)%00%(upstream:track)%00%(upstream:remotename)%00%(upstream:remoteref) refs/heads/main refs/remotes/main [3ms]
2026-01-06 13:24:23.734 [info] > git status -z -uall [7ms]
2026-01-06 13:24:23.735 [info] > git for-each-ref --sort -committerdate --format %(refname)%00%(objectname)%00%(*objectname) [2ms]
2026-01-06 13:24:37.570 [info] > git config --get commit.template [15ms]
2026-01-06 13:24:37.573 [info] > git for-each-ref --format=%(refname)%00%(upstream:short)%00%(objectname)%00%(upstream:track)%00%(upstream:remotename)%00%(upstream:remoteref) refs/heads/main refs/remotes/main [5ms]
2026-01-06 13:24:37.597 [info] > git status -z -uall [10ms]
2026-01-06 13:24:37.598 [info] > git for-each-ref --sort -committerdate --format %(refname)%00%(objectname)%00%(*objectname) [2ms]
2026-01-06 13:24:43.626 [info] > git config --get commit.template [6ms]
2026-01-06 13:24:43.626 [info] > git for-each-ref --format=%(refname)%00%(upstream:short)%00%(objectname)%00%(upstream:track)%00%(upstream:remotename)%00%(upstream:remoteref) refs/heads/main refs/remotes/main [1ms]
2026-01-06 13:24:43.638 [info] > git status -z -uall [7ms]
2026-01-06 13:24:43.640 [info] > git for-each-ref --sort -committerdate --format %(refname)%00%(objectname)%00%(*objectname) [2ms]
2026-01-06 13:24:58.234 [info] > git config --get commit.template [6ms]
2026-01-06 13:24:58.235 [info] > git for-each-ref --format=%(refname)%00%(upstream:short)%00%(objectname)%00%(upstream:track)%00%(upstream:remotename)%00%(upstream:remoteref) refs/heads/main refs/remotes/main [2ms]
2026-01-06 13:24:58.247 [info] > git status -z -uall [6ms]
2026-01-06 13:24:58.248 [info] > git for-each-ref --sort -committerdate --format %(refname)%00%(objectname)%00%(*objectname) [2ms]
2026-01-06 13:25:01.524 [info] > git show --textconv :main.py [14ms]
2026-01-06 13:25:01.528 [info] > git ls-files --stage -- main.py [5ms]
2026-01-06 13:25:01.540 [info] > git cat-file -s a4f3195554a39c28079d36f3301bee4190ecc1c1 [3ms]
2026-01-06 13:25:05.227 [info] > git show --textconv :create_db.py [17ms]
2026-01-06 13:25:05.233 [info] > git ls-files --stage -- create_db.py [7ms]
2026-01-06 13:25:05.250 [info] > git cat-file -s 6149b7dc7b4e98b6364c99750998fa4c33f0d972 [6ms]
2026-01-06 13:25:10.640 [info] > git show --textconv :main.py [27ms]
2026-01-06 13:25:10.644 [info] > git ls-files --stage -- main.py [23ms]
2026-01-06 13:25:10.652 [info] > git cat-file -s a4f3195554a39c28079d36f3301bee4190ecc1c1 [2ms]
2026-01-06 13:25:11.392 [info] > git config --get commit.template [10ms]
2026-01-06 13:25:11.394 [info] > git for-each-ref --format=%(refname)%00%(upstream:short)%00%(objectname)%00%(upstream:track)%00%(upstream:remotename)%00%(upstream:remoteref) refs/heads/main refs/remotes/main [3ms]
2026-01-06 13:25:11.406 [info] > git status -z -uall [7ms]
2026-01-06 13:25:11.407 [info] > git for-each-ref --sort -committerdate --format %(refname)%00%(objectname)%00%(*objectname) [2ms]
2026-01-06 13:25:52.822 [info] > git show --textconv :db_functions.py [17ms]
2026-01-06 13:25:52.822 [warning] [GitFileSystemProvider][readFile] File not found - git:/home/josie/Documents/programming/python/ppcli/db_functions.py.git?%7B%22path%22%3A%22%2Fhome%2Fjosie%2FDocuments%2Fprogramming%2Fpython%2Fppcli%2Fdb_functions.py%22%2C%22ref%22%3A%22%22%7D
2026-01-06 13:25:52.828 [info] > git ls-files --stage -- db_functions.py [7ms]
2026-01-06 13:25:52.831 [warning] [GitFileSystemProvider][stat] File not found - git:/home/josie/Documents/programming/python/ppcli/db_functions.py.git?%7B%22path%22%3A%22%2Fhome%2Fjosie%2FDocuments%2Fprogramming%2Fpython%2Fppcli%2Fdb_functions.py%22%2C%22ref%22%3A%22%22%7D
2026-01-06 13:25:52.860 [info] > git blame --root --incremental f1f113a6cac196ef0c3cf7bf854ac7d725e3d5ab -- db_functions.py [5ms]
2026-01-06 13:25:52.860 [info] fatal: no such path db_functions.py in f1f113a6cac196ef0c3cf7bf854ac7d725e3d5ab
2026-01-06 13:25:52.875 [info] > git check-ignore -v -z --stdin [2ms]
2026-01-06 13:25:53.379 [info] > git config --get commit.template [6ms]
2026-01-06 13:25:53.380 [info] > git for-each-ref --format=%(refname)%00%(upstream:short)%00%(objectname)%00%(upstream:track)%00%(upstream:remotename)%00%(upstream:remoteref) refs/heads/main refs/remotes/main [2ms]
2026-01-06 13:25:53.391 [info] > git status -z -uall [5ms]
2026-01-06 13:25:53.393 [info] > git for-each-ref --sort -committerdate --format %(refname)%00%(objectname)%00%(*objectname) [2ms]
2026-01-06 13:25:56.208 [info] > git show --textconv :main.py [18ms]
2026-01-06 13:25:56.211 [info] > git ls-files --stage -- main.py [4ms]
2026-01-06 13:25:56.222 [info] > git cat-file -s a4f3195554a39c28079d36f3301bee4190ecc1c1 [3ms]
2026-01-06 13:26:13.183 [info] > git config --get commit.template [6ms]
2026-01-06 13:26:13.183 [info] > git for-each-ref --format=%(refname)%00%(upstream:short)%00%(objectname)%00%(upstream:track)%00%(upstream:remotename)%00%(upstream:remoteref) refs/heads/main refs/remotes/main [1ms]
2026-01-06 13:26:13.194 [info] > git status -z -uall [6ms]
2026-01-06 13:26:13.195 [info] > git for-each-ref --sort -committerdate --format %(refname)%00%(objectname)%00%(*objectname) [2ms]
2026-01-06 13:27:25.197 [info] > git config --get commit.template [11ms]
2026-01-06 13:27:25.199 [info] > git for-each-ref --format=%(refname)%00%(upstream:short)%00%(objectname)%00%(upstream:track)%00%(upstream:remotename)%00%(upstream:remoteref) refs/heads/main refs/remotes/main [3ms]
2026-01-06 13:27:25.211 [info] > git status -z -uall [6ms]
2026-01-06 13:27:25.212 [info] > git for-each-ref --sort -committerdate --format %(refname)%00%(objectname)%00%(*objectname) [2ms]
2026-01-06 13:27:29.763 [info] > git log --format=%H%n%aN%n%aE%n%at%n%ct%n%P%n%D%n%B -z --shortstat --diff-merges=first-parent -n50 --skip=0 --topo-order --decorate=full --stdin [13ms]
2026-01-06 13:27:29.814 [info] > git merge-base main origin/main [2ms]
2026-01-06 13:27:33.854 [info] > git add -A -- . [5ms]
2026-01-06 13:27:34.408 [info] > git show --textconv :.git/COMMIT_EDITMSG [17ms]
2026-01-06 13:27:34.410 [warning] [GitFileSystemProvider][readFile] File not found - git:/home/josie/Documents/programming/python/ppcli/.git/COMMIT_EDITMSG.git?%7B%22path%22%3A%22%2Fhome%2Fjosie%2FDocuments%2Fprogramming%2Fpython%2Fppcli%2F.git%2FCOMMIT_EDITMSG%22%2C%22ref%22%3A%22%22%7D
2026-01-06 13:27:34.414 [info] > git ls-files --stage -- .git/COMMIT_EDITMSG [8ms]
2026-01-06 13:27:34.416 [warning] [GitFileSystemProvider][stat] File not found - git:/home/josie/Documents/programming/python/ppcli/.git/COMMIT_EDITMSG.git?%7B%22path%22%3A%22%2Fhome%2Fjosie%2FDocuments%2Fprogramming%2Fpython%2Fppcli%2F.git%2FCOMMIT_EDITMSG%22%2C%22ref%22%3A%22%22%7D
2026-01-06 13:27:41.301 [info] > git blame --root --incremental f1f113a6cac196ef0c3cf7bf854ac7d725e3d5ab -- .git/COMMIT_EDITMSG [6ms]
2026-01-06 13:27:41.301 [info] fatal: no such path .git/COMMIT_EDITMSG in f1f113a6cac196ef0c3cf7bf854ac7d725e3d5ab
2026-01-06 13:28:01.122 [info] > git -c user.useConfigOnly=true commit --quiet [27262ms]
2026-01-06 13:28:01.122 [info] /bin/sh: warning: setlocale: LC_ALL: cannot change locale (en_US.UTF-8): No such file or directory
/bin/sh: warning: setlocale: LC_ALL: cannot change locale (en_US.UTF-8): No such file or directory
2026-01-06 13:28:01.138 [info] > git config --get commit.template [7ms]
2026-01-06 13:28:01.139 [info] > git for-each-ref --format=%(refname)%00%(upstream:short)%00%(objectname)%00%(upstream:track)%00%(upstream:remotename)%00%(upstream:remoteref) refs/heads/main refs/remotes/main [2ms]
2026-01-06 13:28:01.153 [info] > git status -z -uall [7ms]
2026-01-06 13:28:01.156 [info] > git for-each-ref --sort -committerdate --format %(refname)%00%(objectname)%00%(*objectname) [5ms]
2026-01-06 13:28:01.184 [info] > git merge-base refs/heads/main refs/remotes/origin/main [16ms]
2026-01-06 13:28:01.194 [info] > git diff --name-status -z --diff-filter=ADMR --find-renames=50% f1f113a6cac196ef0c3cf7bf854ac7d725e3d5ab...refs/remotes/origin/main -- [3ms]
2026-01-06 13:28:01.269 [info] > git log --format=%H%n%aN%n%aE%n%at%n%ct%n%P%n%D%n%B -z --shortstat --diff-merges=first-parent -n50 --skip=0 --topo-order --decorate=full --stdin [7ms]
2026-01-06 13:28:01.336 [info] > git merge-base main origin/main [2ms]
2026-01-06 13:28:01.550 [info] > git show --textconv :main.py [7ms]
2026-01-06 13:28:01.552 [info] > git ls-files --stage -- main.py [2ms]
2026-01-06 13:28:01.561 [info] > git cat-file -s d23a8e072cdd8cae6a7b033b5a59d569239f3615 [4ms]
2026-01-06 13:28:01.636 [info] > git blame --root --incremental a89fa68dec35ef58b23114a3e7772c93f1a54bf7 -- main.py [3ms]
2026-01-06 13:28:02.922 [info] > git push origin main:main [1742ms]
2026-01-06 13:28:02.922 [info] /bin/sh: warning: setlocale: LC_ALL: cannot change locale (en_US.UTF-8): No such file or directory
/bin/sh: warning: setlocale: LC_ALL: cannot change locale (en_US.UTF-8): No such file or directory
To https://github.com/Josie5734/ppcli.git
   f1f113a..a89fa68  main -> main
2026-01-06 13:28:02.948 [info] > git config --get commit.template [12ms]
2026-01-06 13:28:02.950 [info] > git for-each-ref --format=%(refname)%00%(upstream:short)%00%(objectname)%00%(upstream:track)%00%(upstream:remotename)%00%(upstream:remoteref) refs/heads/main refs/remotes/main [4ms]
2026-01-06 13:28:02.967 [info] > git status -z -uall [9ms]
2026-01-06 13:28:02.968 [info] > git for-each-ref --sort -committerdate --format %(refname)%00%(objectname)%00%(*objectname) [2ms]
2026-01-06 13:28:02.984 [info] > git merge-base refs/heads/main refs/remotes/origin/main [3ms]
2026-01-06 13:28:02.999 [info] > git diff --name-status -z --diff-filter=ADMR --find-renames=50% a89fa68dec35ef58b23114a3e7772c93f1a54bf7...refs/remotes/origin/main -- [8ms]
2026-01-06 13:28:03.012 [info] > git log --format=%H%n%aN%n%aE%n%at%n%ct%n%P%n%D%n%B -z --shortstat --diff-merges=first-parent -n50 --skip=0 --topo-order --decorate=full --stdin [14ms]
2026-01-06 13:28:03.020 [info] > git config --get commit.template [10ms]
2026-01-06 13:28:03.033 [info] > git for-each-ref --format=%(refname)%00%(upstream:short)%00%(objectname)%00%(upstream:track)%00%(upstream:remotename)%00%(upstream:remoteref) refs/heads/main refs/remotes/main [8ms]
2026-01-06 13:28:03.044 [info] > git merge-base main origin/main [12ms]
2026-01-06 13:28:03.045 [info] > git status -z -uall [6ms]
2026-01-06 13:28:03.046 [info] > git for-each-ref --sort -committerdate --format %(refname)%00%(objectname)%00%(*objectname) [2ms]
2026-01-06 13:28:04.124 [info] > git ls-files --stage -- main.py [3ms]
2026-01-06 13:28:04.133 [info] > git cat-file -s d23a8e072cdd8cae6a7b033b5a59d569239f3615 [2ms]
2026-01-06 13:28:04.147 [info] > git show --textconv :main.py [3ms]
